[0.142s] DEBUG:colcon:Command line arguments: ['/usr/bin/colcon', 'build', '--symlink-install']
[0.142s] DEBUG:colcon:Parsed command line arguments: Namespace(log_base=None, log_level=None, verb_name='build', build_base='build', install_base='install', merge_install=False, symlink_install=True, test_result_base=None, continue_on_error=False, executor='parallel', parallel_workers=8, event_handlers=None, ignore_user_meta=False, metas=['./colcon.meta'], base_paths=['.'], packages_ignore=None, packages_ignore_regex=None, paths=None, packages_up_to=None, packages_up_to_regex=None, packages_above=None, packages_above_and_dependencies=None, packages_above_depth=None, packages_select_by_dep=None, packages_skip_by_dep=None, packages_skip_up_to=None, packages_select_build_failed=False, packages_skip_build_finished=False, packages_select_test_failures=False, packages_skip_test_passed=False, packages_select=None, packages_skip=None, packages_select_regex=None, packages_skip_regex=None, packages_start=None, packages_end=None, allow_overriding=[], cmake_args=None, cmake_target=None, cmake_target_skip_unavailable=False, cmake_clean_cache=False, cmake_clean_first=False, cmake_force_configure=False, ament_cmake_args=None, catkin_cmake_args=None, catkin_skip_building_tests=False, mixin_files=None, mixin=None, verb_parser=<colcon_mixin.mixin.mixin_argument.MixinArgumentDecorator object at 0x73676f43c500>, verb_extension=<colcon_core.verb.build.BuildVerb object at 0x73676f5c49b0>, main=<bound method BuildVerb.main of <colcon_core.verb.build.BuildVerb object at 0x73676f5c49b0>>, mixin_verb=('build',))
[0.200s] Level 1:colcon.colcon_core.package_discovery:discover_packages(colcon_meta) check parameters
[0.200s] Level 1:colcon.colcon_core.package_discovery:discover_packages(recursive) check parameters
[0.201s] Level 1:colcon.colcon_core.package_discovery:discover_packages(ignore) check parameters
[0.201s] Level 1:colcon.colcon_core.package_discovery:discover_packages(path) check parameters
[0.201s] Level 1:colcon.colcon_core.package_discovery:discover_packages(colcon_meta) discover
[0.201s] Level 1:colcon.colcon_core.package_discovery:discover_packages(recursive) discover
[0.201s] INFO:colcon.colcon_core.package_discovery:Crawling recursively for packages in '/home/achy/ros2/ros2_arm'
[0.201s] Level 1:colcon.colcon_core.package_identification:_identify(.) by extensions ['ignore', 'ignore_ament_install']
[0.201s] Level 1:colcon.colcon_core.package_identification:_identify(.) by extension 'ignore'
[0.201s] Level 1:colcon.colcon_core.package_identification:_identify(.) by extension 'ignore_ament_install'
[0.201s] Level 1:colcon.colcon_core.package_identification:_identify(.) by extensions ['colcon_pkg']
[0.201s] Level 1:colcon.colcon_core.package_identification:_identify(.) by extension 'colcon_pkg'
[0.201s] Level 1:colcon.colcon_core.package_identification:_identify(.) by extensions ['colcon_meta']
[0.202s] Level 1:colcon.colcon_core.package_identification:_identify(.) by extension 'colcon_meta'
[0.202s] Level 1:colcon.colcon_core.package_identification:_identify(.) by extensions ['ros']
[0.202s] Level 1:colcon.colcon_core.package_identification:_identify(.) by extension 'ros'
[0.231s] Level 1:colcon.colcon_core.package_identification:_identify(.) by extensions ['cmake', 'python']
[0.231s] Level 1:colcon.colcon_core.package_identification:_identify(.) by extension 'cmake'
[0.231s] Level 1:colcon.colcon_core.package_identification:_identify(.) by extension 'python'
[0.231s] Level 1:colcon.colcon_core.package_identification:_identify(.) by extensions ['python_setup_py']
[0.231s] Level 1:colcon.colcon_core.package_identification:_identify(.) by extension 'python_setup_py'
[0.231s] Level 1:colcon.colcon_core.package_identification:_identify(build) by extensions ['ignore', 'ignore_ament_install']
[0.231s] Level 1:colcon.colcon_core.package_identification:_identify(build) by extension 'ignore'
[0.231s] Level 1:colcon.colcon_core.package_identification:_identify(build) ignored
[0.232s] Level 1:colcon.colcon_core.package_identification:_identify(install) by extensions ['ignore', 'ignore_ament_install']
[0.232s] Level 1:colcon.colcon_core.package_identification:_identify(install) by extension 'ignore'
[0.232s] Level 1:colcon.colcon_core.package_identification:_identify(install) ignored
[0.232s] Level 1:colcon.colcon_core.package_identification:_identify(log) by extensions ['ignore', 'ignore_ament_install']
[0.232s] Level 1:colcon.colcon_core.package_identification:_identify(log) by extension 'ignore'
[0.232s] Level 1:colcon.colcon_core.package_identification:_identify(log) ignored
[0.232s] Level 1:colcon.colcon_core.package_identification:_identify(src) by extensions ['ignore', 'ignore_ament_install']
[0.232s] Level 1:colcon.colcon_core.package_identification:_identify(src) by extension 'ignore'
[0.232s] Level 1:colcon.colcon_core.package_identification:_identify(src) by extension 'ignore_ament_install'
[0.233s] Level 1:colcon.colcon_core.package_identification:_identify(src) by extensions ['colcon_pkg']
[0.233s] Level 1:colcon.colcon_core.package_identification:_identify(src) by extension 'colcon_pkg'
[0.233s] Level 1:colcon.colcon_core.package_identification:_identify(src) by extensions ['colcon_meta']
[0.233s] Level 1:colcon.colcon_core.package_identification:_identify(src) by extension 'colcon_meta'
[0.233s] Level 1:colcon.colcon_core.package_identification:_identify(src) by extensions ['ros']
[0.233s] Level 1:colcon.colcon_core.package_identification:_identify(src) by extension 'ros'
[0.233s] Level 1:colcon.colcon_core.package_identification:_identify(src) by extensions ['cmake', 'python']
[0.233s] Level 1:colcon.colcon_core.package_identification:_identify(src) by extension 'cmake'
[0.233s] Level 1:colcon.colcon_core.package_identification:_identify(src) by extension 'python'
[0.233s] Level 1:colcon.colcon_core.package_identification:_identify(src) by extensions ['python_setup_py']
[0.233s] Level 1:colcon.colcon_core.package_identification:_identify(src) by extension 'python_setup_py'
[0.234s] Level 1:colcon.colcon_core.package_identification:_identify(src/robotic_arm) by extensions ['ignore', 'ignore_ament_install']
[0.234s] Level 1:colcon.colcon_core.package_identification:_identify(src/robotic_arm) by extension 'ignore'
[0.234s] Level 1:colcon.colcon_core.package_identification:_identify(src/robotic_arm) by extension 'ignore_ament_install'
[0.234s] Level 1:colcon.colcon_core.package_identification:_identify(src/robotic_arm) by extensions ['colcon_pkg']
[0.234s] Level 1:colcon.colcon_core.package_identification:_identify(src/robotic_arm) by extension 'colcon_pkg'
[0.234s] Level 1:colcon.colcon_core.package_identification:_identify(src/robotic_arm) by extensions ['colcon_meta']
[0.234s] Level 1:colcon.colcon_core.package_identification:_identify(src/robotic_arm) by extension 'colcon_meta'
[0.234s] Level 1:colcon.colcon_core.package_identification:_identify(src/robotic_arm) by extensions ['ros']
[0.234s] Level 1:colcon.colcon_core.package_identification:_identify(src/robotic_arm) by extension 'ros'
[0.234s] Level 1:colcon.colcon_core.package_identification:_identify(src/robotic_arm) by extensions ['cmake', 'python']
[0.234s] Level 1:colcon.colcon_core.package_identification:_identify(src/robotic_arm) by extension 'cmake'
[0.235s] Level 1:colcon.colcon_core.package_identification:_identify(src/robotic_arm) by extension 'python'
[0.235s] Level 1:colcon.colcon_core.package_identification:_identify(src/robotic_arm) by extensions ['python_setup_py']
[0.235s] Level 1:colcon.colcon_core.package_identification:_identify(src/robotic_arm) by extension 'python_setup_py'
[0.235s] Level 1:colcon.colcon_core.package_identification:_identify(src/robotic_arm/robotic_arm) by extensions ['ignore', 'ignore_ament_install']
[0.235s] Level 1:colcon.colcon_core.package_identification:_identify(src/robotic_arm/robotic_arm) by extension 'ignore'
[0.235s] Level 1:colcon.colcon_core.package_identification:_identify(src/robotic_arm/robotic_arm) by extension 'ignore_ament_install'
[0.235s] Level 1:colcon.colcon_core.package_identification:_identify(src/robotic_arm/robotic_arm) by extensions ['colcon_pkg']
[0.235s] Level 1:colcon.colcon_core.package_identification:_identify(src/robotic_arm/robotic_arm) by extension 'colcon_pkg'
[0.235s] Level 1:colcon.colcon_core.package_identification:_identify(src/robotic_arm/robotic_arm) by extensions ['colcon_meta']
[0.235s] Level 1:colcon.colcon_core.package_identification:_identify(src/robotic_arm/robotic_arm) by extension 'colcon_meta'
[0.235s] Level 1:colcon.colcon_core.package_identification:_identify(src/robotic_arm/robotic_arm) by extensions ['ros']
[0.235s] Level 1:colcon.colcon_core.package_identification:_identify(src/robotic_arm/robotic_arm) by extension 'ros'
[0.238s] DEBUG:colcon.colcon_core.package_identification:Package 'src/robotic_arm/robotic_arm' with type 'ros.ament_cmake' and name 'robotic_arm'
[0.238s] Level 1:colcon.colcon_core.package_identification:_identify(src/robotic_arm/robotic_arm_bringup) by extensions ['ignore', 'ignore_ament_install']
[0.238s] Level 1:colcon.colcon_core.package_identification:_identify(src/robotic_arm/robotic_arm_bringup) by extension 'ignore'
[0.238s] Level 1:colcon.colcon_core.package_identification:_identify(src/robotic_arm/robotic_arm_bringup) by extension 'ignore_ament_install'
[0.239s] Level 1:colcon.colcon_core.package_identification:_identify(src/robotic_arm/robotic_arm_bringup) by extensions ['colcon_pkg']
[0.239s] Level 1:colcon.colcon_core.package_identification:_identify(src/robotic_arm/robotic_arm_bringup) by extension 'colcon_pkg'
[0.239s] Level 1:colcon.colcon_core.package_identification:_identify(src/robotic_arm/robotic_arm_bringup) by extensions ['colcon_meta']
[0.239s] Level 1:colcon.colcon_core.package_identification:_identify(src/robotic_arm/robotic_arm_bringup) by extension 'colcon_meta'
[0.239s] Level 1:colcon.colcon_core.package_identification:_identify(src/robotic_arm/robotic_arm_bringup) by extensions ['ros']
[0.239s] Level 1:colcon.colcon_core.package_identification:_identify(src/robotic_arm/robotic_arm_bringup) by extension 'ros'
[0.239s] DEBUG:colcon.colcon_core.package_identification:Package 'src/robotic_arm/robotic_arm_bringup' with type 'ros.ament_cmake' and name 'robotic_arm_bringup'
[0.240s] Level 1:colcon.colcon_core.package_identification:_identify(src/robotic_arm/robotic_arm_description) by extensions ['ignore', 'ignore_ament_install']
[0.240s] Level 1:colcon.colcon_core.package_identification:_identify(src/robotic_arm/robotic_arm_description) by extension 'ignore'
[0.240s] Level 1:colcon.colcon_core.package_identification:_identify(src/robotic_arm/robotic_arm_description) by extension 'ignore_ament_install'
[0.240s] Level 1:colcon.colcon_core.package_identification:_identify(src/robotic_arm/robotic_arm_description) by extensions ['colcon_pkg']
[0.240s] Level 1:colcon.colcon_core.package_identification:_identify(src/robotic_arm/robotic_arm_description) by extension 'colcon_pkg'
[0.240s] Level 1:colcon.colcon_core.package_identification:_identify(src/robotic_arm/robotic_arm_description) by extensions ['colcon_meta']
[0.240s] Level 1:colcon.colcon_core.package_identification:_identify(src/robotic_arm/robotic_arm_description) by extension 'colcon_meta'
[0.240s] Level 1:colcon.colcon_core.package_identification:_identify(src/robotic_arm/robotic_arm_description) by extensions ['ros']
[0.240s] Level 1:colcon.colcon_core.package_identification:_identify(src/robotic_arm/robotic_arm_description) by extension 'ros'
[0.241s] DEBUG:colcon.colcon_core.package_identification:Package 'src/robotic_arm/robotic_arm_description' with type 'ros.ament_cmake' and name 'robotic_arm_description'
[0.241s] Level 1:colcon.colcon_core.package_identification:_identify(src/robotic_arm/robotic_arm_gazebo) by extensions ['ignore', 'ignore_ament_install']
[0.241s] Level 1:colcon.colcon_core.package_identification:_identify(src/robotic_arm/robotic_arm_gazebo) by extension 'ignore'
[0.241s] Level 1:colcon.colcon_core.package_identification:_identify(src/robotic_arm/robotic_arm_gazebo) by extension 'ignore_ament_install'
[0.241s] Level 1:colcon.colcon_core.package_identification:_identify(src/robotic_arm/robotic_arm_gazebo) by extensions ['colcon_pkg']
[0.241s] Level 1:colcon.colcon_core.package_identification:_identify(src/robotic_arm/robotic_arm_gazebo) by extension 'colcon_pkg'
[0.241s] Level 1:colcon.colcon_core.package_identification:_identify(src/robotic_arm/robotic_arm_gazebo) by extensions ['colcon_meta']
[0.241s] Level 1:colcon.colcon_core.package_identification:_identify(src/robotic_arm/robotic_arm_gazebo) by extension 'colcon_meta'
[0.241s] Level 1:colcon.colcon_core.package_identification:_identify(src/robotic_arm/robotic_arm_gazebo) by extensions ['ros']
[0.242s] Level 1:colcon.colcon_core.package_identification:_identify(src/robotic_arm/robotic_arm_gazebo) by extension 'ros'
[0.243s] DEBUG:colcon.colcon_core.package_identification:Package 'src/robotic_arm/robotic_arm_gazebo' with type 'ros.ament_cmake' and name 'robotic_arm_gazebo'
[0.243s] Level 1:colcon.colcon_core.package_identification:_identify(src/robotic_arm/robotic_arm_moveit_config) by extensions ['ignore', 'ignore_ament_install']
[0.243s] Level 1:colcon.colcon_core.package_identification:_identify(src/robotic_arm/robotic_arm_moveit_config) by extension 'ignore'
[0.243s] Level 1:colcon.colcon_core.package_identification:_identify(src/robotic_arm/robotic_arm_moveit_config) by extension 'ignore_ament_install'
[0.243s] Level 1:colcon.colcon_core.package_identification:_identify(src/robotic_arm/robotic_arm_moveit_config) by extensions ['colcon_pkg']
[0.243s] Level 1:colcon.colcon_core.package_identification:_identify(src/robotic_arm/robotic_arm_moveit_config) by extension 'colcon_pkg'
[0.243s] Level 1:colcon.colcon_core.package_identification:_identify(src/robotic_arm/robotic_arm_moveit_config) by extensions ['colcon_meta']
[0.243s] Level 1:colcon.colcon_core.package_identification:_identify(src/robotic_arm/robotic_arm_moveit_config) by extension 'colcon_meta'
[0.243s] Level 1:colcon.colcon_core.package_identification:_identify(src/robotic_arm/robotic_arm_moveit_config) by extensions ['ros']
[0.244s] Level 1:colcon.colcon_core.package_identification:_identify(src/robotic_arm/robotic_arm_moveit_config) by extension 'ros'
[0.244s] DEBUG:colcon.colcon_core.package_identification:Package 'src/robotic_arm/robotic_arm_moveit_config' with type 'ros.ament_cmake' and name 'robotic_arm_moveit_config'
[0.244s] Level 1:colcon.colcon_core.package_identification:_identify(src/robotic_arm/robotic_arm_sys_test) by extensions ['ignore', 'ignore_ament_install']
[0.244s] Level 1:colcon.colcon_core.package_identification:_identify(src/robotic_arm/robotic_arm_sys_test) by extension 'ignore'
[0.244s] Level 1:colcon.colcon_core.package_identification:_identify(src/robotic_arm/robotic_arm_sys_test) by extension 'ignore_ament_install'
[0.244s] Level 1:colcon.colcon_core.package_identification:_identify(src/robotic_arm/robotic_arm_sys_test) by extensions ['colcon_pkg']
[0.245s] Level 1:colcon.colcon_core.package_identification:_identify(src/robotic_arm/robotic_arm_sys_test) by extension 'colcon_pkg'
[0.245s] Level 1:colcon.colcon_core.package_identification:_identify(src/robotic_arm/robotic_arm_sys_test) by extensions ['colcon_meta']
[0.245s] Level 1:colcon.colcon_core.package_identification:_identify(src/robotic_arm/robotic_arm_sys_test) by extension 'colcon_meta'
[0.245s] Level 1:colcon.colcon_core.package_identification:_identify(src/robotic_arm/robotic_arm_sys_test) by extensions ['ros']
[0.245s] Level 1:colcon.colcon_core.package_identification:_identify(src/robotic_arm/robotic_arm_sys_test) by extension 'ros'
[0.245s] DEBUG:colcon.colcon_core.package_identification:Package 'src/robotic_arm/robotic_arm_sys_test' with type 'ros.ament_cmake' and name 'robotic_arm_sys_test'
[0.245s] Level 1:colcon.colcon_core.package_discovery:discover_packages(recursive) using defaults
[0.245s] Level 1:colcon.colcon_core.package_discovery:discover_packages(ignore) discover
[0.246s] Level 1:colcon.colcon_core.package_discovery:discover_packages(ignore) using defaults
[0.246s] Level 1:colcon.colcon_core.package_discovery:discover_packages(path) discover
[0.246s] Level 1:colcon.colcon_core.package_discovery:discover_packages(path) using defaults
[0.265s] Level 1:colcon.colcon_core.package_discovery:discover_packages(prefix_path) check parameters
[0.266s] Level 1:colcon.colcon_core.package_discovery:discover_packages(prefix_path) discover
[0.269s] DEBUG:colcon.colcon_installed_package_information.package_discovery:Found 6 installed packages in /home/achy/ros2/ros2_arm/install
[0.273s] DEBUG:colcon.colcon_installed_package_information.package_discovery:Found 451 installed packages in /opt/ros/jazzy
[0.275s] Level 1:colcon.colcon_core.package_discovery:discover_packages(prefix_path) using defaults
[0.350s] Level 5:colcon.colcon_core.verb:set package 'robotic_arm_bringup' build argument 'cmake_args' from command line to 'None'
[0.351s] Level 5:colcon.colcon_core.verb:set package 'robotic_arm_bringup' build argument 'cmake_target' from command line to 'None'
[0.351s] Level 5:colcon.colcon_core.verb:set package 'robotic_arm_bringup' build argument 'cmake_target_skip_unavailable' from command line to 'False'
[0.351s] Level 5:colcon.colcon_core.verb:set package 'robotic_arm_bringup' build argument 'cmake_clean_cache' from command line to 'False'
[0.351s] Level 5:colcon.colcon_core.verb:set package 'robotic_arm_bringup' build argument 'cmake_clean_first' from command line to 'False'
[0.351s] Level 5:colcon.colcon_core.verb:set package 'robotic_arm_bringup' build argument 'cmake_force_configure' from command line to 'False'
[0.351s] Level 5:colcon.colcon_core.verb:set package 'robotic_arm_bringup' build argument 'ament_cmake_args' from command line to 'None'
[0.351s] Level 5:colcon.colcon_core.verb:set package 'robotic_arm_bringup' build argument 'catkin_cmake_args' from command line to 'None'
[0.351s] Level 5:colcon.colcon_core.verb:set package 'robotic_arm_bringup' build argument 'catkin_skip_building_tests' from command line to 'False'
[0.351s] DEBUG:colcon.colcon_core.verb:Building package 'robotic_arm_bringup' with the following arguments: {'ament_cmake_args': None, 'build_base': '/home/achy/ros2/ros2_arm/build/robotic_arm_bringup', 'catkin_cmake_args': None, 'catkin_skip_building_tests': False, 'cmake_args': None, 'cmake_clean_cache': False, 'cmake_clean_first': False, 'cmake_force_configure': False, 'cmake_target': None, 'cmake_target_skip_unavailable': False, 'install_base': '/home/achy/ros2/ros2_arm/install/robotic_arm_bringup', 'merge_install': False, 'path': '/home/achy/ros2/ros2_arm/src/robotic_arm/robotic_arm_bringup', 'symlink_install': True, 'test_result_base': None}
[0.351s] Level 5:colcon.colcon_core.verb:set package 'robotic_arm_description' build argument 'cmake_args' from command line to 'None'
[0.351s] Level 5:colcon.colcon_core.verb:set package 'robotic_arm_description' build argument 'cmake_target' from command line to 'None'
[0.351s] Level 5:colcon.colcon_core.verb:set package 'robotic_arm_description' build argument 'cmake_target_skip_unavailable' from command line to 'False'
[0.351s] Level 5:colcon.colcon_core.verb:set package 'robotic_arm_description' build argument 'cmake_clean_cache' from command line to 'False'
[0.351s] Level 5:colcon.colcon_core.verb:set package 'robotic_arm_description' build argument 'cmake_clean_first' from command line to 'False'
[0.352s] Level 5:colcon.colcon_core.verb:set package 'robotic_arm_description' build argument 'cmake_force_configure' from command line to 'False'
[0.352s] Level 5:colcon.colcon_core.verb:set package 'robotic_arm_description' build argument 'ament_cmake_args' from command line to 'None'
[0.352s] Level 5:colcon.colcon_core.verb:set package 'robotic_arm_description' build argument 'catkin_cmake_args' from command line to 'None'
[0.352s] Level 5:colcon.colcon_core.verb:set package 'robotic_arm_description' build argument 'catkin_skip_building_tests' from command line to 'False'
[0.352s] DEBUG:colcon.colcon_core.verb:Building package 'robotic_arm_description' with the following arguments: {'ament_cmake_args': None, 'build_base': '/home/achy/ros2/ros2_arm/build/robotic_arm_description', 'catkin_cmake_args': None, 'catkin_skip_building_tests': False, 'cmake_args': None, 'cmake_clean_cache': False, 'cmake_clean_first': False, 'cmake_force_configure': False, 'cmake_target': None, 'cmake_target_skip_unavailable': False, 'install_base': '/home/achy/ros2/ros2_arm/install/robotic_arm_description', 'merge_install': False, 'path': '/home/achy/ros2/ros2_arm/src/robotic_arm/robotic_arm_description', 'symlink_install': True, 'test_result_base': None}
[0.352s] Level 5:colcon.colcon_core.verb:set package 'robotic_arm_gazebo' build argument 'cmake_args' from command line to 'None'
[0.352s] Level 5:colcon.colcon_core.verb:set package 'robotic_arm_gazebo' build argument 'cmake_target' from command line to 'None'
[0.352s] Level 5:colcon.colcon_core.verb:set package 'robotic_arm_gazebo' build argument 'cmake_target_skip_unavailable' from command line to 'False'
[0.352s] Level 5:colcon.colcon_core.verb:set package 'robotic_arm_gazebo' build argument 'cmake_clean_cache' from command line to 'False'
[0.352s] Level 5:colcon.colcon_core.verb:set package 'robotic_arm_gazebo' build argument 'cmake_clean_first' from command line to 'False'
[0.352s] Level 5:colcon.colcon_core.verb:set package 'robotic_arm_gazebo' build argument 'cmake_force_configure' from command line to 'False'
[0.352s] Level 5:colcon.colcon_core.verb:set package 'robotic_arm_gazebo' build argument 'ament_cmake_args' from command line to 'None'
[0.352s] Level 5:colcon.colcon_core.verb:set package 'robotic_arm_gazebo' build argument 'catkin_cmake_args' from command line to 'None'
[0.352s] Level 5:colcon.colcon_core.verb:set package 'robotic_arm_gazebo' build argument 'catkin_skip_building_tests' from command line to 'False'
[0.352s] DEBUG:colcon.colcon_core.verb:Building package 'robotic_arm_gazebo' with the following arguments: {'ament_cmake_args': None, 'build_base': '/home/achy/ros2/ros2_arm/build/robotic_arm_gazebo', 'catkin_cmake_args': None, 'catkin_skip_building_tests': False, 'cmake_args': None, 'cmake_clean_cache': False, 'cmake_clean_first': False, 'cmake_force_configure': False, 'cmake_target': None, 'cmake_target_skip_unavailable': False, 'install_base': '/home/achy/ros2/ros2_arm/install/robotic_arm_gazebo', 'merge_install': False, 'path': '/home/achy/ros2/ros2_arm/src/robotic_arm/robotic_arm_gazebo', 'symlink_install': True, 'test_result_base': None}
[0.353s] Level 5:colcon.colcon_core.verb:set package 'robotic_arm_moveit_config' build argument 'cmake_args' from command line to 'None'
[0.353s] Level 5:colcon.colcon_core.verb:set package 'robotic_arm_moveit_config' build argument 'cmake_target' from command line to 'None'
[0.353s] Level 5:colcon.colcon_core.verb:set package 'robotic_arm_moveit_config' build argument 'cmake_target_skip_unavailable' from command line to 'False'
[0.353s] Level 5:colcon.colcon_core.verb:set package 'robotic_arm_moveit_config' build argument 'cmake_clean_cache' from command line to 'False'
[0.353s] Level 5:colcon.colcon_core.verb:set package 'robotic_arm_moveit_config' build argument 'cmake_clean_first' from command line to 'False'
[0.353s] Level 5:colcon.colcon_core.verb:set package 'robotic_arm_moveit_config' build argument 'cmake_force_configure' from command line to 'False'
[0.353s] Level 5:colcon.colcon_core.verb:set package 'robotic_arm_moveit_config' build argument 'ament_cmake_args' from command line to 'None'
[0.353s] Level 5:colcon.colcon_core.verb:set package 'robotic_arm_moveit_config' build argument 'catkin_cmake_args' from command line to 'None'
[0.353s] Level 5:colcon.colcon_core.verb:set package 'robotic_arm_moveit_config' build argument 'catkin_skip_building_tests' from command line to 'False'
[0.353s] DEBUG:colcon.colcon_core.verb:Building package 'robotic_arm_moveit_config' with the following arguments: {'ament_cmake_args': None, 'build_base': '/home/achy/ros2/ros2_arm/build/robotic_arm_moveit_config', 'catkin_cmake_args': None, 'catkin_skip_building_tests': False, 'cmake_args': None, 'cmake_clean_cache': False, 'cmake_clean_first': False, 'cmake_force_configure': False, 'cmake_target': None, 'cmake_target_skip_unavailable': False, 'install_base': '/home/achy/ros2/ros2_arm/install/robotic_arm_moveit_config', 'merge_install': False, 'path': '/home/achy/ros2/ros2_arm/src/robotic_arm/robotic_arm_moveit_config', 'symlink_install': True, 'test_result_base': None}
[0.353s] Level 5:colcon.colcon_core.verb:set package 'robotic_arm_sys_test' build argument 'cmake_args' from command line to 'None'
[0.353s] Level 5:colcon.colcon_core.verb:set package 'robotic_arm_sys_test' build argument 'cmake_target' from command line to 'None'
[0.353s] Level 5:colcon.colcon_core.verb:set package 'robotic_arm_sys_test' build argument 'cmake_target_skip_unavailable' from command line to 'False'
[0.353s] Level 5:colcon.colcon_core.verb:set package 'robotic_arm_sys_test' build argument 'cmake_clean_cache' from command line to 'False'
[0.354s] Level 5:colcon.colcon_core.verb:set package 'robotic_arm_sys_test' build argument 'cmake_clean_first' from command line to 'False'
[0.354s] Level 5:colcon.colcon_core.verb:set package 'robotic_arm_sys_test' build argument 'cmake_force_configure' from command line to 'False'
[0.354s] Level 5:colcon.colcon_core.verb:set package 'robotic_arm_sys_test' build argument 'ament_cmake_args' from command line to 'None'
[0.354s] Level 5:colcon.colcon_core.verb:set package 'robotic_arm_sys_test' build argument 'catkin_cmake_args' from command line to 'None'
[0.354s] Level 5:colcon.colcon_core.verb:set package 'robotic_arm_sys_test' build argument 'catkin_skip_building_tests' from command line to 'False'
[0.354s] DEBUG:colcon.colcon_core.verb:Building package 'robotic_arm_sys_test' with the following arguments: {'ament_cmake_args': None, 'build_base': '/home/achy/ros2/ros2_arm/build/robotic_arm_sys_test', 'catkin_cmake_args': None, 'catkin_skip_building_tests': False, 'cmake_args': None, 'cmake_clean_cache': False, 'cmake_clean_first': False, 'cmake_force_configure': False, 'cmake_target': None, 'cmake_target_skip_unavailable': False, 'install_base': '/home/achy/ros2/ros2_arm/install/robotic_arm_sys_test', 'merge_install': False, 'path': '/home/achy/ros2/ros2_arm/src/robotic_arm/robotic_arm_sys_test', 'symlink_install': True, 'test_result_base': None}
[0.354s] Level 5:colcon.colcon_core.verb:set package 'robotic_arm' build argument 'cmake_args' from command line to 'None'
[0.354s] Level 5:colcon.colcon_core.verb:set package 'robotic_arm' build argument 'cmake_target' from command line to 'None'
[0.354s] Level 5:colcon.colcon_core.verb:set package 'robotic_arm' build argument 'cmake_target_skip_unavailable' from command line to 'False'
[0.354s] Level 5:colcon.colcon_core.verb:set package 'robotic_arm' build argument 'cmake_clean_cache' from command line to 'False'
[0.355s] Level 5:colcon.colcon_core.verb:set package 'robotic_arm' build argument 'cmake_clean_first' from command line to 'False'
[0.355s] Level 5:colcon.colcon_core.verb:set package 'robotic_arm' build argument 'cmake_force_configure' from command line to 'False'
[0.355s] Level 5:colcon.colcon_core.verb:set package 'robotic_arm' build argument 'ament_cmake_args' from command line to 'None'
[0.355s] Level 5:colcon.colcon_core.verb:set package 'robotic_arm' build argument 'catkin_cmake_args' from command line to 'None'
[0.355s] Level 5:colcon.colcon_core.verb:set package 'robotic_arm' build argument 'catkin_skip_building_tests' from command line to 'False'
[0.355s] DEBUG:colcon.colcon_core.verb:Building package 'robotic_arm' with the following arguments: {'ament_cmake_args': None, 'build_base': '/home/achy/ros2/ros2_arm/build/robotic_arm', 'catkin_cmake_args': None, 'catkin_skip_building_tests': False, 'cmake_args': None, 'cmake_clean_cache': False, 'cmake_clean_first': False, 'cmake_force_configure': False, 'cmake_target': None, 'cmake_target_skip_unavailable': False, 'install_base': '/home/achy/ros2/ros2_arm/install/robotic_arm', 'merge_install': False, 'path': '/home/achy/ros2/ros2_arm/src/robotic_arm/robotic_arm', 'symlink_install': True, 'test_result_base': None}
[0.355s] INFO:colcon.colcon_core.executor:Executing jobs using 'parallel' executor
[0.356s] DEBUG:colcon.colcon_parallel_executor.executor.parallel:run_until_complete
[0.357s] INFO:colcon.colcon_ros.task.ament_cmake.build:Building ROS package in '/home/achy/ros2/ros2_arm/src/robotic_arm/robotic_arm_bringup' with build type 'ament_cmake'
[0.357s] INFO:colcon.colcon_cmake.task.cmake.build:Building CMake package in '/home/achy/ros2/ros2_arm/src/robotic_arm/robotic_arm_bringup'
[0.361s] INFO:colcon.colcon_core.plugin_system:Skipping extension 'colcon_core.shell.bat': Not used on non-Windows systems
[0.361s] INFO:colcon.colcon_core.shell:Skip shell extension 'powershell' for command environment: Not usable outside of PowerShell
[0.361s] DEBUG:colcon.colcon_core.shell:Skip shell extension 'dsv' for command environment
[0.370s] INFO:colcon.colcon_ros.task.ament_cmake.build:Building ROS package in '/home/achy/ros2/ros2_arm/src/robotic_arm/robotic_arm_description' with build type 'ament_cmake'
[0.370s] INFO:colcon.colcon_cmake.task.cmake.build:Building CMake package in '/home/achy/ros2/ros2_arm/src/robotic_arm/robotic_arm_description'
[0.370s] INFO:colcon.colcon_core.shell:Skip shell extension 'powershell' for command environment: Not usable outside of PowerShell
[0.370s] DEBUG:colcon.colcon_core.shell:Skip shell extension 'dsv' for command environment
[0.380s] INFO:colcon.colcon_ros.task.ament_cmake.build:Building ROS package in '/home/achy/ros2/ros2_arm/src/robotic_arm/robotic_arm_gazebo' with build type 'ament_cmake'
[0.381s] INFO:colcon.colcon_cmake.task.cmake.build:Building CMake package in '/home/achy/ros2/ros2_arm/src/robotic_arm/robotic_arm_gazebo'
[0.381s] INFO:colcon.colcon_core.shell:Skip shell extension 'powershell' for command environment: Not usable outside of PowerShell
[0.381s] DEBUG:colcon.colcon_core.shell:Skip shell extension 'dsv' for command environment
[0.390s] INFO:colcon.colcon_ros.task.ament_cmake.build:Building ROS package in '/home/achy/ros2/ros2_arm/src/robotic_arm/robotic_arm_moveit_config' with build type 'ament_cmake'
[0.391s] INFO:colcon.colcon_cmake.task.cmake.build:Building CMake package in '/home/achy/ros2/ros2_arm/src/robotic_arm/robotic_arm_moveit_config'
[0.391s] INFO:colcon.colcon_core.shell:Skip shell extension 'powershell' for command environment: Not usable outside of PowerShell
[0.391s] DEBUG:colcon.colcon_core.shell:Skip shell extension 'dsv' for command environment
[0.404s] INFO:colcon.colcon_ros.task.ament_cmake.build:Building ROS package in '/home/achy/ros2/ros2_arm/src/robotic_arm/robotic_arm_sys_test' with build type 'ament_cmake'
[0.405s] INFO:colcon.colcon_cmake.task.cmake.build:Building CMake package in '/home/achy/ros2/ros2_arm/src/robotic_arm/robotic_arm_sys_test'
[0.405s] INFO:colcon.colcon_core.shell:Skip shell extension 'powershell' for command environment: Not usable outside of PowerShell
[0.405s] DEBUG:colcon.colcon_core.shell:Skip shell extension 'dsv' for command environment
[0.420s] DEBUG:colcon.colcon_core.event_handler.log_command:Invoking command in '/home/achy/ros2/ros2_arm/build/robotic_arm_bringup': CMAKE_PREFIX_PATH=${CMAKE_PREFIX_PATH}:/opt/ros/jazzy DEBUGINFOD_URLS=https://debuginfod.ubuntu.com /usr/bin/cmake --build /home/achy/ros2/ros2_arm/build/robotic_arm_bringup -- -j8 -l8
[0.431s] DEBUG:colcon.colcon_core.event_handler.log_command:Invoking command in '/home/achy/ros2/ros2_arm/build/robotic_arm_description': CMAKE_PREFIX_PATH=${CMAKE_PREFIX_PATH}:/opt/ros/jazzy DEBUGINFOD_URLS=https://debuginfod.ubuntu.com /usr/bin/cmake --build /home/achy/ros2/ros2_arm/build/robotic_arm_description -- -j8 -l8
[0.435s] DEBUG:colcon.colcon_core.event_handler.log_command:Invoking command in '/home/achy/ros2/ros2_arm/build/robotic_arm_gazebo': CMAKE_PREFIX_PATH=${CMAKE_PREFIX_PATH}:/opt/ros/jazzy DEBUGINFOD_URLS=https://debuginfod.ubuntu.com /usr/bin/cmake --build /home/achy/ros2/ros2_arm/build/robotic_arm_gazebo -- -j8 -l8
[0.448s] DEBUG:colcon.colcon_core.event_handler.log_command:Invoking command in '/home/achy/ros2/ros2_arm/build/robotic_arm_moveit_config': CMAKE_PREFIX_PATH=${CMAKE_PREFIX_PATH}:/opt/ros/jazzy DEBUGINFOD_URLS=https://debuginfod.ubuntu.com /usr/bin/cmake --build /home/achy/ros2/ros2_arm/build/robotic_arm_moveit_config -- -j8 -l8
[0.469s] DEBUG:colcon.colcon_core.event_handler.log_command:Invoking command in '/home/achy/ros2/ros2_arm/build/robotic_arm_sys_test': CMAKE_PREFIX_PATH=${CMAKE_PREFIX_PATH}:/opt/ros/jazzy DEBUGINFOD_URLS=https://debuginfod.ubuntu.com /usr/bin/cmake --build /home/achy/ros2/ros2_arm/build/robotic_arm_sys_test -- -j8 -l8
[0.571s] DEBUG:colcon.colcon_core.event_handler.log_command:Invoked command in '/home/achy/ros2/ros2_arm/build/robotic_arm_bringup' returned '0': CMAKE_PREFIX_PATH=${CMAKE_PREFIX_PATH}:/opt/ros/jazzy DEBUGINFOD_URLS=https://debuginfod.ubuntu.com /usr/bin/cmake --build /home/achy/ros2/ros2_arm/build/robotic_arm_bringup -- -j8 -l8
[0.599s] DEBUG:colcon.colcon_core.event_handler.log_command:Invoking command in '/home/achy/ros2/ros2_arm/build/robotic_arm_bringup': CMAKE_PREFIX_PATH=${CMAKE_PREFIX_PATH}:/opt/ros/jazzy DEBUGINFOD_URLS=https://debuginfod.ubuntu.com /usr/bin/cmake --install /home/achy/ros2/ros2_arm/build/robotic_arm_bringup
[0.603s] DEBUG:colcon.colcon_core.event_handler.log_command:Invoked command in '/home/achy/ros2/ros2_arm/build/robotic_arm_gazebo' returned '0': CMAKE_PREFIX_PATH=${CMAKE_PREFIX_PATH}:/opt/ros/jazzy DEBUGINFOD_URLS=https://debuginfod.ubuntu.com /usr/bin/cmake --build /home/achy/ros2/ros2_arm/build/robotic_arm_gazebo -- -j8 -l8
[0.606s] DEBUG:colcon.colcon_core.event_handler.log_command:Invoking command in '/home/achy/ros2/ros2_arm/build/robotic_arm_gazebo': CMAKE_PREFIX_PATH=${CMAKE_PREFIX_PATH}:/opt/ros/jazzy DEBUGINFOD_URLS=https://debuginfod.ubuntu.com /usr/bin/cmake --install /home/achy/ros2/ros2_arm/build/robotic_arm_gazebo
[0.608s] DEBUG:colcon.colcon_core.event_handler.log_command:Invoked command in '/home/achy/ros2/ros2_arm/build/robotic_arm_moveit_config' returned '0': CMAKE_PREFIX_PATH=${CMAKE_PREFIX_PATH}:/opt/ros/jazzy DEBUGINFOD_URLS=https://debuginfod.ubuntu.com /usr/bin/cmake --build /home/achy/ros2/ros2_arm/build/robotic_arm_moveit_config -- -j8 -l8
[0.611s] DEBUG:colcon.colcon_core.event_handler.log_command:Invoking command in '/home/achy/ros2/ros2_arm/build/robotic_arm_moveit_config': CMAKE_PREFIX_PATH=${CMAKE_PREFIX_PATH}:/opt/ros/jazzy DEBUGINFOD_URLS=https://debuginfod.ubuntu.com /usr/bin/cmake --install /home/achy/ros2/ros2_arm/build/robotic_arm_moveit_config
[0.616s] DEBUG:colcon.colcon_core.event_handler.log_command:Invoked command in '/home/achy/ros2/ros2_arm/build/robotic_arm_sys_test' returned '0': CMAKE_PREFIX_PATH=${CMAKE_PREFIX_PATH}:/opt/ros/jazzy DEBUGINFOD_URLS=https://debuginfod.ubuntu.com /usr/bin/cmake --build /home/achy/ros2/ros2_arm/build/robotic_arm_sys_test -- -j8 -l8
[0.617s] DEBUG:colcon.colcon_core.event_handler.log_command:Invoking command in '/home/achy/ros2/ros2_arm/build/robotic_arm_sys_test': CMAKE_PREFIX_PATH=${CMAKE_PREFIX_PATH}:/opt/ros/jazzy DEBUGINFOD_URLS=https://debuginfod.ubuntu.com /usr/bin/cmake --install /home/achy/ros2/ros2_arm/build/robotic_arm_sys_test
[0.729s] Level 1:colcon.colcon_core.environment:create_environment_scripts_only(robotic_arm_bringup)
[0.768s] Level 1:colcon.colcon_core.environment:checking '/home/achy/ros2/ros2_arm/install/robotic_arm_bringup' for CMake module files
[0.772s] Level 1:colcon.colcon_core.environment:checking '/home/achy/ros2/ros2_arm/install/robotic_arm_bringup' for CMake config files
[0.791s] Level 1:colcon.colcon_core.shell:create_environment_hook('robotic_arm_bringup', 'cmake_prefix_path')
[0.809s] INFO:colcon.colcon_core.shell:Creating environment hook '/home/achy/ros2/ros2_arm/install/robotic_arm_bringup/share/robotic_arm_bringup/hook/cmake_prefix_path.ps1'
[0.811s] INFO:colcon.colcon_core.shell:Creating environment descriptor '/home/achy/ros2/ros2_arm/install/robotic_arm_bringup/share/robotic_arm_bringup/hook/cmake_prefix_path.dsv'
[0.815s] INFO:colcon.colcon_core.shell:Creating environment hook '/home/achy/ros2/ros2_arm/install/robotic_arm_bringup/share/robotic_arm_bringup/hook/cmake_prefix_path.sh'
[0.824s] Level 1:colcon.colcon_core.environment:checking '/home/achy/ros2/ros2_arm/install/robotic_arm_bringup/bin'
[0.824s] Level 1:colcon.colcon_core.environment:checking '/home/achy/ros2/ros2_arm/install/robotic_arm_bringup/lib/pkgconfig/robotic_arm_bringup.pc'
[0.824s] Level 1:colcon.colcon_core.environment:checking '/home/achy/ros2/ros2_arm/install/robotic_arm_bringup/lib/python3.12/site-packages'
[0.824s] Level 1:colcon.colcon_core.environment:checking '/home/achy/ros2/ros2_arm/install/robotic_arm_bringup/bin'
[0.825s] INFO:colcon.colcon_core.shell:Creating package script '/home/achy/ros2/ros2_arm/install/robotic_arm_bringup/share/robotic_arm_bringup/package.ps1'
[0.827s] DEBUG:colcon.colcon_core.event_handler.log_command:Invoked command in '/home/achy/ros2/ros2_arm/build/robotic_arm_bringup' returned '0': CMAKE_PREFIX_PATH=${CMAKE_PREFIX_PATH}:/opt/ros/jazzy DEBUGINFOD_URLS=https://debuginfod.ubuntu.com /usr/bin/cmake --install /home/achy/ros2/ros2_arm/build/robotic_arm_bringup
[0.828s] INFO:colcon.colcon_core.shell:Creating package descriptor '/home/achy/ros2/ros2_arm/install/robotic_arm_bringup/share/robotic_arm_bringup/package.dsv'
[0.838s] INFO:colcon.colcon_core.shell:Creating package script '/home/achy/ros2/ros2_arm/install/robotic_arm_bringup/share/robotic_arm_bringup/package.sh'
[0.840s] INFO:colcon.colcon_core.shell:Creating package script '/home/achy/ros2/ros2_arm/install/robotic_arm_bringup/share/robotic_arm_bringup/package.bash'
[0.857s] INFO:colcon.colcon_core.shell:Creating package script '/home/achy/ros2/ros2_arm/install/robotic_arm_bringup/share/robotic_arm_bringup/package.zsh'
[0.859s] Level 1:colcon.colcon_core.environment:create_file_with_runtime_dependencies(/home/achy/ros2/ros2_arm/install/robotic_arm_bringup/share/colcon-core/packages/robotic_arm_bringup)
[0.863s] Level 1:colcon.colcon_core.environment:create_environment_scripts_only(robotic_arm_bringup)
[0.863s] Level 1:colcon.colcon_core.environment:checking '/home/achy/ros2/ros2_arm/install/robotic_arm_bringup' for CMake module files
[0.869s] Level 1:colcon.colcon_core.environment:checking '/home/achy/ros2/ros2_arm/install/robotic_arm_bringup' for CMake config files
[0.872s] Level 1:colcon.colcon_core.shell:create_environment_hook('robotic_arm_bringup', 'cmake_prefix_path')
[0.872s] INFO:colcon.colcon_core.shell:Creating environment hook '/home/achy/ros2/ros2_arm/install/robotic_arm_bringup/share/robotic_arm_bringup/hook/cmake_prefix_path.ps1'
[0.880s] INFO:colcon.colcon_core.shell:Creating environment descriptor '/home/achy/ros2/ros2_arm/install/robotic_arm_bringup/share/robotic_arm_bringup/hook/cmake_prefix_path.dsv'
[0.884s] INFO:colcon.colcon_core.shell:Creating environment hook '/home/achy/ros2/ros2_arm/install/robotic_arm_bringup/share/robotic_arm_bringup/hook/cmake_prefix_path.sh'
[0.893s] Level 1:colcon.colcon_core.environment:checking '/home/achy/ros2/ros2_arm/install/robotic_arm_bringup/bin'
[0.893s] Level 1:colcon.colcon_core.environment:checking '/home/achy/ros2/ros2_arm/install/robotic_arm_bringup/lib/pkgconfig/robotic_arm_bringup.pc'
[0.894s] Level 1:colcon.colcon_core.environment:checking '/home/achy/ros2/ros2_arm/install/robotic_arm_bringup/lib/python3.12/site-packages'
[0.894s] Level 1:colcon.colcon_core.environment:checking '/home/achy/ros2/ros2_arm/install/robotic_arm_bringup/bin'
[0.894s] INFO:colcon.colcon_core.shell:Creating package script '/home/achy/ros2/ros2_arm/install/robotic_arm_bringup/share/robotic_arm_bringup/package.ps1'
[0.895s] INFO:colcon.colcon_core.shell:Creating package descriptor '/home/achy/ros2/ros2_arm/install/robotic_arm_bringup/share/robotic_arm_bringup/package.dsv'
[0.896s] INFO:colcon.colcon_core.shell:Creating package script '/home/achy/ros2/ros2_arm/install/robotic_arm_bringup/share/robotic_arm_bringup/package.sh'
[0.913s] INFO:colcon.colcon_core.shell:Creating package script '/home/achy/ros2/ros2_arm/install/robotic_arm_bringup/share/robotic_arm_bringup/package.bash'
[0.915s] INFO:colcon.colcon_core.shell:Creating package script '/home/achy/ros2/ros2_arm/install/robotic_arm_bringup/share/robotic_arm_bringup/package.zsh'
[0.918s] Level 1:colcon.colcon_core.environment:create_file_with_runtime_dependencies(/home/achy/ros2/ros2_arm/install/robotic_arm_bringup/share/colcon-core/packages/robotic_arm_bringup)
[0.924s] Level 1:colcon.colcon_core.environment:create_environment_scripts_only(robotic_arm_moveit_config)
[0.925s] Level 1:colcon.colcon_core.environment:checking '/home/achy/ros2/ros2_arm/install/robotic_arm_moveit_config' for CMake module files
[0.929s] Level 1:colcon.colcon_core.environment:checking '/home/achy/ros2/ros2_arm/install/robotic_arm_moveit_config' for CMake config files
[0.930s] Level 1:colcon.colcon_core.shell:create_environment_hook('robotic_arm_moveit_config', 'cmake_prefix_path')
[0.930s] INFO:colcon.colcon_core.shell:Creating environment hook '/home/achy/ros2/ros2_arm/install/robotic_arm_moveit_config/share/robotic_arm_moveit_config/hook/cmake_prefix_path.ps1'
[0.937s] INFO:colcon.colcon_core.shell:Creating environment descriptor '/home/achy/ros2/ros2_arm/install/robotic_arm_moveit_config/share/robotic_arm_moveit_config/hook/cmake_prefix_path.dsv'
[0.939s] INFO:colcon.colcon_core.shell:Creating environment hook '/home/achy/ros2/ros2_arm/install/robotic_arm_moveit_config/share/robotic_arm_moveit_config/hook/cmake_prefix_path.sh'
[0.947s] Level 1:colcon.colcon_core.environment:checking '/home/achy/ros2/ros2_arm/install/robotic_arm_moveit_config/bin'
[0.947s] Level 1:colcon.colcon_core.environment:checking '/home/achy/ros2/ros2_arm/install/robotic_arm_moveit_config/lib/pkgconfig/robotic_arm_moveit_config.pc'
[0.947s] Level 1:colcon.colcon_core.environment:checking '/home/achy/ros2/ros2_arm/install/robotic_arm_moveit_config/lib/python3.12/site-packages'
[0.947s] Level 1:colcon.colcon_core.environment:checking '/home/achy/ros2/ros2_arm/install/robotic_arm_moveit_config/bin'
[0.948s] INFO:colcon.colcon_core.shell:Creating package script '/home/achy/ros2/ros2_arm/install/robotic_arm_moveit_config/share/robotic_arm_moveit_config/package.ps1'
[0.950s] INFO:colcon.colcon_core.shell:Creating package descriptor '/home/achy/ros2/ros2_arm/install/robotic_arm_moveit_config/share/robotic_arm_moveit_config/package.dsv'
[0.953s] INFO:colcon.colcon_core.shell:Creating package script '/home/achy/ros2/ros2_arm/install/robotic_arm_moveit_config/share/robotic_arm_moveit_config/package.sh'
[0.955s] INFO:colcon.colcon_core.shell:Creating package script '/home/achy/ros2/ros2_arm/install/robotic_arm_moveit_config/share/robotic_arm_moveit_config/package.bash'
[0.956s] INFO:colcon.colcon_core.shell:Creating package script '/home/achy/ros2/ros2_arm/install/robotic_arm_moveit_config/share/robotic_arm_moveit_config/package.zsh'
[0.958s] Level 1:colcon.colcon_core.environment:create_file_with_runtime_dependencies(/home/achy/ros2/ros2_arm/install/robotic_arm_moveit_config/share/colcon-core/packages/robotic_arm_moveit_config)
[0.960s] Level 1:colcon.colcon_core.environment:create_environment_scripts_only(robotic_arm_moveit_config)
[0.960s] Level 1:colcon.colcon_core.environment:checking '/home/achy/ros2/ros2_arm/install/robotic_arm_moveit_config' for CMake module files
[0.963s] Level 1:colcon.colcon_core.environment:checking '/home/achy/ros2/ros2_arm/install/robotic_arm_moveit_config' for CMake config files
[0.968s] Level 1:colcon.colcon_core.shell:create_environment_hook('robotic_arm_moveit_config', 'cmake_prefix_path')
[0.969s] INFO:colcon.colcon_core.shell:Creating environment hook '/home/achy/ros2/ros2_arm/install/robotic_arm_moveit_config/share/robotic_arm_moveit_config/hook/cmake_prefix_path.ps1'
[0.974s] INFO:colcon.colcon_core.shell:Creating environment descriptor '/home/achy/ros2/ros2_arm/install/robotic_arm_moveit_config/share/robotic_arm_moveit_config/hook/cmake_prefix_path.dsv'
[0.979s] INFO:colcon.colcon_core.shell:Creating environment hook '/home/achy/ros2/ros2_arm/install/robotic_arm_moveit_config/share/robotic_arm_moveit_config/hook/cmake_prefix_path.sh'
[0.981s] Level 1:colcon.colcon_core.environment:checking '/home/achy/ros2/ros2_arm/install/robotic_arm_moveit_config/bin'
[0.981s] Level 1:colcon.colcon_core.environment:checking '/home/achy/ros2/ros2_arm/install/robotic_arm_moveit_config/lib/pkgconfig/robotic_arm_moveit_config.pc'
[0.981s] Level 1:colcon.colcon_core.environment:checking '/home/achy/ros2/ros2_arm/install/robotic_arm_moveit_config/lib/python3.12/site-packages'
[0.981s] Level 1:colcon.colcon_core.environment:checking '/home/achy/ros2/ros2_arm/install/robotic_arm_moveit_config/bin'
[0.982s] INFO:colcon.colcon_core.shell:Creating package script '/home/achy/ros2/ros2_arm/install/robotic_arm_moveit_config/share/robotic_arm_moveit_config/package.ps1'
[0.988s] INFO:colcon.colcon_core.shell:Creating package descriptor '/home/achy/ros2/ros2_arm/install/robotic_arm_moveit_config/share/robotic_arm_moveit_config/package.dsv'
[0.992s] INFO:colcon.colcon_core.shell:Creating package script '/home/achy/ros2/ros2_arm/install/robotic_arm_moveit_config/share/robotic_arm_moveit_config/package.sh'
[0.993s] INFO:colcon.colcon_core.shell:Creating package script '/home/achy/ros2/ros2_arm/install/robotic_arm_moveit_config/share/robotic_arm_moveit_config/package.bash'
[1.002s] INFO:colcon.colcon_core.shell:Creating package script '/home/achy/ros2/ros2_arm/install/robotic_arm_moveit_config/share/robotic_arm_moveit_config/package.zsh'
[1.004s] Level 1:colcon.colcon_core.environment:create_file_with_runtime_dependencies(/home/achy/ros2/ros2_arm/install/robotic_arm_moveit_config/share/colcon-core/packages/robotic_arm_moveit_config)
[1.007s] Level 1:colcon.colcon_core.environment:create_environment_scripts_only(robotic_arm_sys_test)
[1.008s] Level 1:colcon.colcon_core.environment:checking '/home/achy/ros2/ros2_arm/install/robotic_arm_sys_test' for CMake module files
[1.009s] Level 1:colcon.colcon_core.environment:checking '/home/achy/ros2/ros2_arm/install/robotic_arm_sys_test' for CMake config files
[1.010s] Level 1:colcon.colcon_core.shell:create_environment_hook('robotic_arm_sys_test', 'cmake_prefix_path')
[1.010s] INFO:colcon.colcon_core.shell:Creating environment hook '/home/achy/ros2/ros2_arm/install/robotic_arm_sys_test/share/robotic_arm_sys_test/hook/cmake_prefix_path.ps1'
[1.012s] INFO:colcon.colcon_core.shell:Creating environment descriptor '/home/achy/ros2/ros2_arm/install/robotic_arm_sys_test/share/robotic_arm_sys_test/hook/cmake_prefix_path.dsv'
[1.013s] INFO:colcon.colcon_core.shell:Creating environment hook '/home/achy/ros2/ros2_arm/install/robotic_arm_sys_test/share/robotic_arm_sys_test/hook/cmake_prefix_path.sh'
[1.015s] Level 1:colcon.colcon_core.environment:checking '/home/achy/ros2/ros2_arm/install/robotic_arm_sys_test/bin'
[1.015s] Level 1:colcon.colcon_core.environment:checking '/home/achy/ros2/ros2_arm/install/robotic_arm_sys_test/lib/pkgconfig/robotic_arm_sys_test.pc'
[1.015s] Level 1:colcon.colcon_core.environment:checking '/home/achy/ros2/ros2_arm/install/robotic_arm_sys_test/lib/python3.12/site-packages'
[1.015s] Level 1:colcon.colcon_core.environment:checking '/home/achy/ros2/ros2_arm/install/robotic_arm_sys_test/bin'
[1.016s] INFO:colcon.colcon_core.shell:Creating package script '/home/achy/ros2/ros2_arm/install/robotic_arm_sys_test/share/robotic_arm_sys_test/package.ps1'
[1.017s] INFO:colcon.colcon_core.shell:Creating package descriptor '/home/achy/ros2/ros2_arm/install/robotic_arm_sys_test/share/robotic_arm_sys_test/package.dsv'
[1.018s] INFO:colcon.colcon_core.shell:Creating package script '/home/achy/ros2/ros2_arm/install/robotic_arm_sys_test/share/robotic_arm_sys_test/package.sh'
[1.019s] INFO:colcon.colcon_core.shell:Creating package script '/home/achy/ros2/ros2_arm/install/robotic_arm_sys_test/share/robotic_arm_sys_test/package.bash'
[1.021s] INFO:colcon.colcon_core.shell:Creating package script '/home/achy/ros2/ros2_arm/install/robotic_arm_sys_test/share/robotic_arm_sys_test/package.zsh'
[1.028s] Level 1:colcon.colcon_core.environment:create_file_with_runtime_dependencies(/home/achy/ros2/ros2_arm/install/robotic_arm_sys_test/share/colcon-core/packages/robotic_arm_sys_test)
[1.039s] Level 1:colcon.colcon_core.environment:create_environment_scripts_only(robotic_arm_sys_test)
[1.039s] Level 1:colcon.colcon_core.environment:checking '/home/achy/ros2/ros2_arm/install/robotic_arm_sys_test' for CMake module files
[1.045s] Level 1:colcon.colcon_core.environment:checking '/home/achy/ros2/ros2_arm/install/robotic_arm_sys_test' for CMake config files
[1.052s] Level 1:colcon.colcon_core.shell:create_environment_hook('robotic_arm_sys_test', 'cmake_prefix_path')
[1.052s] INFO:colcon.colcon_core.shell:Creating environment hook '/home/achy/ros2/ros2_arm/install/robotic_arm_sys_test/share/robotic_arm_sys_test/hook/cmake_prefix_path.ps1'
[1.054s] INFO:colcon.colcon_core.shell:Creating environment descriptor '/home/achy/ros2/ros2_arm/install/robotic_arm_sys_test/share/robotic_arm_sys_test/hook/cmake_prefix_path.dsv'
[1.055s] INFO:colcon.colcon_core.shell:Creating environment hook '/home/achy/ros2/ros2_arm/install/robotic_arm_sys_test/share/robotic_arm_sys_test/hook/cmake_prefix_path.sh'
[1.058s] Level 1:colcon.colcon_core.environment:checking '/home/achy/ros2/ros2_arm/install/robotic_arm_sys_test/bin'
[1.058s] Level 1:colcon.colcon_core.environment:checking '/home/achy/ros2/ros2_arm/install/robotic_arm_sys_test/lib/pkgconfig/robotic_arm_sys_test.pc'
[1.058s] Level 1:colcon.colcon_core.environment:checking '/home/achy/ros2/ros2_arm/install/robotic_arm_sys_test/lib/python3.12/site-packages'
[1.058s] Level 1:colcon.colcon_core.environment:checking '/home/achy/ros2/ros2_arm/install/robotic_arm_sys_test/bin'
[1.059s] INFO:colcon.colcon_core.shell:Creating package script '/home/achy/ros2/ros2_arm/install/robotic_arm_sys_test/share/robotic_arm_sys_test/package.ps1'
[1.060s] INFO:colcon.colcon_core.shell:Creating package descriptor '/home/achy/ros2/ros2_arm/install/robotic_arm_sys_test/share/robotic_arm_sys_test/package.dsv'
[1.061s] INFO:colcon.colcon_core.shell:Creating package script '/home/achy/ros2/ros2_arm/install/robotic_arm_sys_test/share/robotic_arm_sys_test/package.sh'
[1.062s] INFO:colcon.colcon_core.shell:Creating package script '/home/achy/ros2/ros2_arm/install/robotic_arm_sys_test/share/robotic_arm_sys_test/package.bash'
[1.065s] INFO:colcon.colcon_core.shell:Creating package script '/home/achy/ros2/ros2_arm/install/robotic_arm_sys_test/share/robotic_arm_sys_test/package.zsh'
[1.067s] Level 1:colcon.colcon_core.environment:create_file_with_runtime_dependencies(/home/achy/ros2/ros2_arm/install/robotic_arm_sys_test/share/colcon-core/packages/robotic_arm_sys_test)
[1.070s] Level 1:colcon.colcon_core.environment:create_environment_scripts_only(robotic_arm_gazebo)
[1.070s] Level 1:colcon.colcon_core.environment:checking '/home/achy/ros2/ros2_arm/install/robotic_arm_gazebo' for CMake module files
[1.074s] Level 1:colcon.colcon_core.environment:checking '/home/achy/ros2/ros2_arm/install/robotic_arm_gazebo' for CMake config files
[1.116s] DEBUG:colcon.colcon_core.event_handler.log_command:Invoked command in '/home/achy/ros2/ros2_arm/build/robotic_arm_moveit_config' returned '0': CMAKE_PREFIX_PATH=${CMAKE_PREFIX_PATH}:/opt/ros/jazzy DEBUGINFOD_URLS=https://debuginfod.ubuntu.com /usr/bin/cmake --install /home/achy/ros2/ros2_arm/build/robotic_arm_moveit_config
[1.122s] DEBUG:colcon.colcon_core.event_handler.log_command:Invoked command in '/home/achy/ros2/ros2_arm/build/robotic_arm_sys_test' returned '0': CMAKE_PREFIX_PATH=${CMAKE_PREFIX_PATH}:/opt/ros/jazzy DEBUGINFOD_URLS=https://debuginfod.ubuntu.com /usr/bin/cmake --install /home/achy/ros2/ros2_arm/build/robotic_arm_sys_test
[1.124s] DEBUG:colcon.colcon_core.event_handler.log_command:Invoked command in '/home/achy/ros2/ros2_arm/build/robotic_arm_gazebo' returned '0': CMAKE_PREFIX_PATH=${CMAKE_PREFIX_PATH}:/opt/ros/jazzy DEBUGINFOD_URLS=https://debuginfod.ubuntu.com /usr/bin/cmake --install /home/achy/ros2/ros2_arm/build/robotic_arm_gazebo
[1.145s] Level 1:colcon.colcon_core.shell:create_environment_hook('robotic_arm_gazebo', 'cmake_prefix_path')
[1.145s] INFO:colcon.colcon_core.shell:Creating environment hook '/home/achy/ros2/ros2_arm/install/robotic_arm_gazebo/share/robotic_arm_gazebo/hook/cmake_prefix_path.ps1'
[1.149s] INFO:colcon.colcon_core.shell:Creating environment descriptor '/home/achy/ros2/ros2_arm/install/robotic_arm_gazebo/share/robotic_arm_gazebo/hook/cmake_prefix_path.dsv'
[1.152s] INFO:colcon.colcon_core.shell:Creating environment hook '/home/achy/ros2/ros2_arm/install/robotic_arm_gazebo/share/robotic_arm_gazebo/hook/cmake_prefix_path.sh'
[1.153s] Level 1:colcon.colcon_core.environment:checking '/home/achy/ros2/ros2_arm/install/robotic_arm_gazebo/bin'
[1.154s] Level 1:colcon.colcon_core.environment:checking '/home/achy/ros2/ros2_arm/install/robotic_arm_gazebo/lib/pkgconfig/robotic_arm_gazebo.pc'
[1.154s] Level 1:colcon.colcon_core.environment:checking '/home/achy/ros2/ros2_arm/install/robotic_arm_gazebo/lib/python3.12/site-packages'
[1.154s] Level 1:colcon.colcon_core.environment:checking '/home/achy/ros2/ros2_arm/install/robotic_arm_gazebo/bin'
[1.154s] INFO:colcon.colcon_core.shell:Creating package script '/home/achy/ros2/ros2_arm/install/robotic_arm_gazebo/share/robotic_arm_gazebo/package.ps1'
[1.156s] INFO:colcon.colcon_core.shell:Creating package descriptor '/home/achy/ros2/ros2_arm/install/robotic_arm_gazebo/share/robotic_arm_gazebo/package.dsv'
[1.156s] INFO:colcon.colcon_core.shell:Creating package script '/home/achy/ros2/ros2_arm/install/robotic_arm_gazebo/share/robotic_arm_gazebo/package.sh'
[1.157s] INFO:colcon.colcon_core.shell:Creating package script '/home/achy/ros2/ros2_arm/install/robotic_arm_gazebo/share/robotic_arm_gazebo/package.bash'
[1.158s] INFO:colcon.colcon_core.shell:Creating package script '/home/achy/ros2/ros2_arm/install/robotic_arm_gazebo/share/robotic_arm_gazebo/package.zsh'
[1.159s] Level 1:colcon.colcon_core.environment:create_file_with_runtime_dependencies(/home/achy/ros2/ros2_arm/install/robotic_arm_gazebo/share/colcon-core/packages/robotic_arm_gazebo)
[1.164s] Level 1:colcon.colcon_core.environment:create_environment_scripts_only(robotic_arm_gazebo)
[1.164s] Level 1:colcon.colcon_core.environment:checking '/home/achy/ros2/ros2_arm/install/robotic_arm_gazebo' for CMake module files
[1.165s] Level 1:colcon.colcon_core.environment:checking '/home/achy/ros2/ros2_arm/install/robotic_arm_gazebo' for CMake config files
[1.191s] Level 1:colcon.colcon_core.shell:create_environment_hook('robotic_arm_gazebo', 'cmake_prefix_path')
[1.192s] INFO:colcon.colcon_core.shell:Creating environment hook '/home/achy/ros2/ros2_arm/install/robotic_arm_gazebo/share/robotic_arm_gazebo/hook/cmake_prefix_path.ps1'
[1.193s] INFO:colcon.colcon_core.shell:Creating environment descriptor '/home/achy/ros2/ros2_arm/install/robotic_arm_gazebo/share/robotic_arm_gazebo/hook/cmake_prefix_path.dsv'
[1.194s] INFO:colcon.colcon_core.shell:Creating environment hook '/home/achy/ros2/ros2_arm/install/robotic_arm_gazebo/share/robotic_arm_gazebo/hook/cmake_prefix_path.sh'
[1.195s] Level 1:colcon.colcon_core.environment:checking '/home/achy/ros2/ros2_arm/install/robotic_arm_gazebo/bin'
[1.195s] Level 1:colcon.colcon_core.environment:checking '/home/achy/ros2/ros2_arm/install/robotic_arm_gazebo/lib/pkgconfig/robotic_arm_gazebo.pc'
[1.195s] Level 1:colcon.colcon_core.environment:checking '/home/achy/ros2/ros2_arm/install/robotic_arm_gazebo/lib/python3.12/site-packages'
[1.195s] Level 1:colcon.colcon_core.environment:checking '/home/achy/ros2/ros2_arm/install/robotic_arm_gazebo/bin'
[1.196s] INFO:colcon.colcon_core.shell:Creating package script '/home/achy/ros2/ros2_arm/install/robotic_arm_gazebo/share/robotic_arm_gazebo/package.ps1'
[1.196s] INFO:colcon.colcon_core.shell:Creating package descriptor '/home/achy/ros2/ros2_arm/install/robotic_arm_gazebo/share/robotic_arm_gazebo/package.dsv'
[1.197s] INFO:colcon.colcon_core.shell:Creating package script '/home/achy/ros2/ros2_arm/install/robotic_arm_gazebo/share/robotic_arm_gazebo/package.sh'
[1.198s] INFO:colcon.colcon_core.shell:Creating package script '/home/achy/ros2/ros2_arm/install/robotic_arm_gazebo/share/robotic_arm_gazebo/package.bash'
[1.199s] INFO:colcon.colcon_core.shell:Creating package script '/home/achy/ros2/ros2_arm/install/robotic_arm_gazebo/share/robotic_arm_gazebo/package.zsh'
[1.199s] Level 1:colcon.colcon_core.environment:create_file_with_runtime_dependencies(/home/achy/ros2/ros2_arm/install/robotic_arm_gazebo/share/colcon-core/packages/robotic_arm_gazebo)
[1.248s] DEBUG:colcon.colcon_core.event_handler.log_command:Invoked command in '/home/achy/ros2/ros2_arm/build/robotic_arm_description' returned '0': CMAKE_PREFIX_PATH=${CMAKE_PREFIX_PATH}:/opt/ros/jazzy DEBUGINFOD_URLS=https://debuginfod.ubuntu.com /usr/bin/cmake --build /home/achy/ros2/ros2_arm/build/robotic_arm_description -- -j8 -l8
[1.252s] DEBUG:colcon.colcon_core.event_handler.log_command:Invoking command in '/home/achy/ros2/ros2_arm/build/robotic_arm_description': CMAKE_PREFIX_PATH=${CMAKE_PREFIX_PATH}:/opt/ros/jazzy DEBUGINFOD_URLS=https://debuginfod.ubuntu.com /usr/bin/cmake --install /home/achy/ros2/ros2_arm/build/robotic_arm_description
[1.327s] Level 1:colcon.colcon_core.environment:create_environment_scripts_only(robotic_arm_description)
[1.327s] Level 1:colcon.colcon_core.environment:checking '/home/achy/ros2/ros2_arm/install/robotic_arm_description' for CMake module files
[1.330s] Level 1:colcon.colcon_core.environment:checking '/home/achy/ros2/ros2_arm/install/robotic_arm_description' for CMake config files
[1.333s] Level 1:colcon.colcon_core.shell:create_environment_hook('robotic_arm_description', 'cmake_prefix_path')
[1.333s] INFO:colcon.colcon_core.shell:Creating environment hook '/home/achy/ros2/ros2_arm/install/robotic_arm_description/share/robotic_arm_description/hook/cmake_prefix_path.ps1'
[1.335s] DEBUG:colcon.colcon_core.event_handler.log_command:Invoked command in '/home/achy/ros2/ros2_arm/build/robotic_arm_description' returned '1': CMAKE_PREFIX_PATH=${CMAKE_PREFIX_PATH}:/opt/ros/jazzy DEBUGINFOD_URLS=https://debuginfod.ubuntu.com /usr/bin/cmake --install /home/achy/ros2/ros2_arm/build/robotic_arm_description
[1.336s] INFO:colcon.colcon_core.shell:Creating environment descriptor '/home/achy/ros2/ros2_arm/install/robotic_arm_description/share/robotic_arm_description/hook/cmake_prefix_path.dsv'
[1.336s] INFO:colcon.colcon_core.shell:Creating environment hook '/home/achy/ros2/ros2_arm/install/robotic_arm_description/share/robotic_arm_description/hook/cmake_prefix_path.sh'
[1.337s] Level 1:colcon.colcon_core.environment:checking '/home/achy/ros2/ros2_arm/install/robotic_arm_description/bin'
[1.337s] Level 1:colcon.colcon_core.environment:checking '/home/achy/ros2/ros2_arm/install/robotic_arm_description/lib/pkgconfig/robotic_arm_description.pc'
[1.337s] Level 1:colcon.colcon_core.environment:checking '/home/achy/ros2/ros2_arm/install/robotic_arm_description/lib/python3.12/site-packages'
[1.338s] Level 1:colcon.colcon_core.environment:checking '/home/achy/ros2/ros2_arm/install/robotic_arm_description/bin'
[1.338s] INFO:colcon.colcon_core.shell:Creating package script '/home/achy/ros2/ros2_arm/install/robotic_arm_description/share/robotic_arm_description/package.ps1'
[1.338s] INFO:colcon.colcon_core.shell:Creating package descriptor '/home/achy/ros2/ros2_arm/install/robotic_arm_description/share/robotic_arm_description/package.dsv'
[1.339s] INFO:colcon.colcon_core.shell:Creating package script '/home/achy/ros2/ros2_arm/install/robotic_arm_description/share/robotic_arm_description/package.sh'
[1.340s] INFO:colcon.colcon_core.shell:Creating package script '/home/achy/ros2/ros2_arm/install/robotic_arm_description/share/robotic_arm_description/package.bash'
[1.340s] INFO:colcon.colcon_core.shell:Creating package script '/home/achy/ros2/ros2_arm/install/robotic_arm_description/share/robotic_arm_description/package.zsh'
[1.341s] Level 1:colcon.colcon_core.environment:create_file_with_runtime_dependencies(/home/achy/ros2/ros2_arm/install/robotic_arm_description/share/colcon-core/packages/robotic_arm_description)
[1.352s] DEBUG:colcon.colcon_parallel_executor.executor.parallel:closing loop
[1.352s] DEBUG:colcon.colcon_parallel_executor.executor.parallel:loop closed
[1.353s] DEBUG:colcon.colcon_parallel_executor.executor.parallel:run_until_complete finished with '1'
[1.353s] DEBUG:colcon.colcon_core.event_reactor:joining thread
[1.372s] INFO:colcon.colcon_core.plugin_system:Skipping extension 'colcon_notification.desktop_notification.terminal_notifier': Not used on non-Darwin systems
[1.372s] INFO:colcon.colcon_core.plugin_system:Skipping extension 'colcon_notification.desktop_notification.win32': Not used on non-Windows systems
[1.372s] INFO:colcon.colcon_notification.desktop_notification:Sending desktop notification using 'notify2'
[1.397s] DEBUG:colcon.colcon_core.event_reactor:joined thread
[1.397s] INFO:colcon.colcon_core.shell:Creating prefix script '/home/achy/ros2/ros2_arm/install/local_setup.ps1'
[1.398s] INFO:colcon.colcon_core.shell:Creating prefix util module '/home/achy/ros2/ros2_arm/install/_local_setup_util_ps1.py'
[1.400s] INFO:colcon.colcon_core.shell:Creating prefix chain script '/home/achy/ros2/ros2_arm/install/setup.ps1'
[1.402s] INFO:colcon.colcon_core.shell:Creating prefix script '/home/achy/ros2/ros2_arm/install/local_setup.sh'
[1.402s] INFO:colcon.colcon_core.shell:Creating prefix util module '/home/achy/ros2/ros2_arm/install/_local_setup_util_sh.py'
[1.403s] INFO:colcon.colcon_core.shell:Creating prefix chain script '/home/achy/ros2/ros2_arm/install/setup.sh'
[1.406s] INFO:colcon.colcon_core.shell:Creating prefix script '/home/achy/ros2/ros2_arm/install/local_setup.bash'
[1.406s] INFO:colcon.colcon_core.shell:Creating prefix chain script '/home/achy/ros2/ros2_arm/install/setup.bash'
[1.408s] INFO:colcon.colcon_core.shell:Creating prefix script '/home/achy/ros2/ros2_arm/install/local_setup.zsh'
[1.409s] INFO:colcon.colcon_core.shell:Creating prefix chain script '/home/achy/ros2/ros2_arm/install/setup.zsh'
