[0.096s] DEBUG:colcon:Command line arguments: ['/usr/bin/colcon', 'build', '--symlink-install']
[0.096s] DEBUG:colcon:Parsed command line arguments: Namespace(log_base=None, log_level=None, verb_name='build', build_base='build', install_base='install', merge_install=False, symlink_install=True, test_result_base=None, continue_on_error=False, executor='parallel', parallel_workers=8, event_handlers=None, ignore_user_meta=False, metas=['./colcon.meta'], base_paths=['.'], packages_ignore=None, packages_ignore_regex=None, paths=None, packages_up_to=None, packages_up_to_regex=None, packages_above=None, packages_above_and_dependencies=None, packages_above_depth=None, packages_select_by_dep=None, packages_skip_by_dep=None, packages_skip_up_to=None, packages_select_build_failed=False, packages_skip_build_finished=False, packages_select_test_failures=False, packages_skip_test_passed=False, packages_select=None, packages_skip=None, packages_select_regex=None, packages_skip_regex=None, packages_start=None, packages_end=None, allow_overriding=[], cmake_args=None, cmake_target=None, cmake_target_skip_unavailable=False, cmake_clean_cache=False, cmake_clean_first=False, cmake_force_configure=False, ament_cmake_args=None, catkin_cmake_args=None, catkin_skip_building_tests=False, mixin_files=None, mixin=None, verb_parser=<colcon_mixin.mixin.mixin_argument.MixinArgumentDecorator object at 0x7cb375254aa0>, verb_extension=<colcon_core.verb.build.BuildVerb object at 0x7cb375254680>, main=<bound method BuildVerb.main of <colcon_core.verb.build.BuildVerb object at 0x7cb375254680>>, mixin_verb=('build',))
[0.128s] Level 1:colcon.colcon_core.package_discovery:discover_packages(colcon_meta) check parameters
[0.128s] Level 1:colcon.colcon_core.package_discovery:discover_packages(recursive) check parameters
[0.128s] Level 1:colcon.colcon_core.package_discovery:discover_packages(ignore) check parameters
[0.128s] Level 1:colcon.colcon_core.package_discovery:discover_packages(path) check parameters
[0.129s] Level 1:colcon.colcon_core.package_discovery:discover_packages(colcon_meta) discover
[0.129s] Level 1:colcon.colcon_core.package_discovery:discover_packages(recursive) discover
[0.129s] INFO:colcon.colcon_core.package_discovery:Crawling recursively for packages in '/home/achy/ros2/ros2_arm'
[0.129s] Level 1:colcon.colcon_core.package_identification:_identify(.) by extensions ['ignore', 'ignore_ament_install']
[0.129s] Level 1:colcon.colcon_core.package_identification:_identify(.) by extension 'ignore'
[0.129s] Level 1:colcon.colcon_core.package_identification:_identify(.) by extension 'ignore_ament_install'
[0.129s] Level 1:colcon.colcon_core.package_identification:_identify(.) by extensions ['colcon_pkg']
[0.129s] Level 1:colcon.colcon_core.package_identification:_identify(.) by extension 'colcon_pkg'
[0.129s] Level 1:colcon.colcon_core.package_identification:_identify(.) by extensions ['colcon_meta']
[0.129s] Level 1:colcon.colcon_core.package_identification:_identify(.) by extension 'colcon_meta'
[0.129s] Level 1:colcon.colcon_core.package_identification:_identify(.) by extensions ['ros']
[0.129s] Level 1:colcon.colcon_core.package_identification:_identify(.) by extension 'ros'
[0.153s] Level 1:colcon.colcon_core.package_identification:_identify(.) by extensions ['cmake', 'python']
[0.153s] Level 1:colcon.colcon_core.package_identification:_identify(.) by extension 'cmake'
[0.153s] Level 1:colcon.colcon_core.package_identification:_identify(.) by extension 'python'
[0.153s] Level 1:colcon.colcon_core.package_identification:_identify(.) by extensions ['python_setup_py']
[0.153s] Level 1:colcon.colcon_core.package_identification:_identify(.) by extension 'python_setup_py'
[0.153s] Level 1:colcon.colcon_core.package_identification:_identify(build) by extensions ['ignore', 'ignore_ament_install']
[0.153s] Level 1:colcon.colcon_core.package_identification:_identify(build) by extension 'ignore'
[0.153s] Level 1:colcon.colcon_core.package_identification:_identify(build) ignored
[0.153s] Level 1:colcon.colcon_core.package_identification:_identify(install) by extensions ['ignore', 'ignore_ament_install']
[0.153s] Level 1:colcon.colcon_core.package_identification:_identify(install) by extension 'ignore'
[0.153s] Level 1:colcon.colcon_core.package_identification:_identify(install) ignored
[0.153s] Level 1:colcon.colcon_core.package_identification:_identify(log) by extensions ['ignore', 'ignore_ament_install']
[0.154s] Level 1:colcon.colcon_core.package_identification:_identify(log) by extension 'ignore'
[0.154s] Level 1:colcon.colcon_core.package_identification:_identify(log) ignored
[0.154s] Level 1:colcon.colcon_core.package_identification:_identify(src) by extensions ['ignore', 'ignore_ament_install']
[0.154s] Level 1:colcon.colcon_core.package_identification:_identify(src) by extension 'ignore'
[0.154s] Level 1:colcon.colcon_core.package_identification:_identify(src) by extension 'ignore_ament_install'
[0.154s] Level 1:colcon.colcon_core.package_identification:_identify(src) by extensions ['colcon_pkg']
[0.154s] Level 1:colcon.colcon_core.package_identification:_identify(src) by extension 'colcon_pkg'
[0.154s] Level 1:colcon.colcon_core.package_identification:_identify(src) by extensions ['colcon_meta']
[0.154s] Level 1:colcon.colcon_core.package_identification:_identify(src) by extension 'colcon_meta'
[0.154s] Level 1:colcon.colcon_core.package_identification:_identify(src) by extensions ['ros']
[0.154s] Level 1:colcon.colcon_core.package_identification:_identify(src) by extension 'ros'
[0.154s] Level 1:colcon.colcon_core.package_identification:_identify(src) by extensions ['cmake', 'python']
[0.154s] Level 1:colcon.colcon_core.package_identification:_identify(src) by extension 'cmake'
[0.154s] Level 1:colcon.colcon_core.package_identification:_identify(src) by extension 'python'
[0.154s] Level 1:colcon.colcon_core.package_identification:_identify(src) by extensions ['python_setup_py']
[0.154s] Level 1:colcon.colcon_core.package_identification:_identify(src) by extension 'python_setup_py'
[0.154s] Level 1:colcon.colcon_core.package_identification:_identify(src/robotic_arm) by extensions ['ignore', 'ignore_ament_install']
[0.154s] Level 1:colcon.colcon_core.package_identification:_identify(src/robotic_arm) by extension 'ignore'
[0.154s] Level 1:colcon.colcon_core.package_identification:_identify(src/robotic_arm) by extension 'ignore_ament_install'
[0.155s] Level 1:colcon.colcon_core.package_identification:_identify(src/robotic_arm) by extensions ['colcon_pkg']
[0.155s] Level 1:colcon.colcon_core.package_identification:_identify(src/robotic_arm) by extension 'colcon_pkg'
[0.155s] Level 1:colcon.colcon_core.package_identification:_identify(src/robotic_arm) by extensions ['colcon_meta']
[0.155s] Level 1:colcon.colcon_core.package_identification:_identify(src/robotic_arm) by extension 'colcon_meta'
[0.155s] Level 1:colcon.colcon_core.package_identification:_identify(src/robotic_arm) by extensions ['ros']
[0.155s] Level 1:colcon.colcon_core.package_identification:_identify(src/robotic_arm) by extension 'ros'
[0.155s] Level 1:colcon.colcon_core.package_identification:_identify(src/robotic_arm) by extensions ['cmake', 'python']
[0.155s] Level 1:colcon.colcon_core.package_identification:_identify(src/robotic_arm) by extension 'cmake'
[0.155s] Level 1:colcon.colcon_core.package_identification:_identify(src/robotic_arm) by extension 'python'
[0.155s] Level 1:colcon.colcon_core.package_identification:_identify(src/robotic_arm) by extensions ['python_setup_py']
[0.155s] Level 1:colcon.colcon_core.package_identification:_identify(src/robotic_arm) by extension 'python_setup_py'
[0.155s] Level 1:colcon.colcon_core.package_identification:_identify(src/robotic_arm/robotic_arm) by extensions ['ignore', 'ignore_ament_install']
[0.155s] Level 1:colcon.colcon_core.package_identification:_identify(src/robotic_arm/robotic_arm) by extension 'ignore'
[0.155s] Level 1:colcon.colcon_core.package_identification:_identify(src/robotic_arm/robotic_arm) by extension 'ignore_ament_install'
[0.155s] Level 1:colcon.colcon_core.package_identification:_identify(src/robotic_arm/robotic_arm) by extensions ['colcon_pkg']
[0.155s] Level 1:colcon.colcon_core.package_identification:_identify(src/robotic_arm/robotic_arm) by extension 'colcon_pkg'
[0.155s] Level 1:colcon.colcon_core.package_identification:_identify(src/robotic_arm/robotic_arm) by extensions ['colcon_meta']
[0.155s] Level 1:colcon.colcon_core.package_identification:_identify(src/robotic_arm/robotic_arm) by extension 'colcon_meta'
[0.155s] Level 1:colcon.colcon_core.package_identification:_identify(src/robotic_arm/robotic_arm) by extensions ['ros']
[0.156s] Level 1:colcon.colcon_core.package_identification:_identify(src/robotic_arm/robotic_arm) by extension 'ros'
[0.157s] DEBUG:colcon.colcon_core.package_identification:Package 'src/robotic_arm/robotic_arm' with type 'ros.ament_cmake' and name 'robotic_arm'
[0.158s] Level 1:colcon.colcon_core.package_identification:_identify(src/robotic_arm/robotic_arm_bringup) by extensions ['ignore', 'ignore_ament_install']
[0.158s] Level 1:colcon.colcon_core.package_identification:_identify(src/robotic_arm/robotic_arm_bringup) by extension 'ignore'
[0.158s] Level 1:colcon.colcon_core.package_identification:_identify(src/robotic_arm/robotic_arm_bringup) by extension 'ignore_ament_install'
[0.158s] Level 1:colcon.colcon_core.package_identification:_identify(src/robotic_arm/robotic_arm_bringup) by extensions ['colcon_pkg']
[0.158s] Level 1:colcon.colcon_core.package_identification:_identify(src/robotic_arm/robotic_arm_bringup) by extension 'colcon_pkg'
[0.158s] Level 1:colcon.colcon_core.package_identification:_identify(src/robotic_arm/robotic_arm_bringup) by extensions ['colcon_meta']
[0.158s] Level 1:colcon.colcon_core.package_identification:_identify(src/robotic_arm/robotic_arm_bringup) by extension 'colcon_meta'
[0.158s] Level 1:colcon.colcon_core.package_identification:_identify(src/robotic_arm/robotic_arm_bringup) by extensions ['ros']
[0.158s] Level 1:colcon.colcon_core.package_identification:_identify(src/robotic_arm/robotic_arm_bringup) by extension 'ros'
[0.158s] DEBUG:colcon.colcon_core.package_identification:Package 'src/robotic_arm/robotic_arm_bringup' with type 'ros.ament_cmake' and name 'robotic_arm_bringup'
[0.159s] Level 1:colcon.colcon_core.package_identification:_identify(src/robotic_arm/robotic_arm_description) by extensions ['ignore', 'ignore_ament_install']
[0.159s] Level 1:colcon.colcon_core.package_identification:_identify(src/robotic_arm/robotic_arm_description) by extension 'ignore'
[0.159s] Level 1:colcon.colcon_core.package_identification:_identify(src/robotic_arm/robotic_arm_description) by extension 'ignore_ament_install'
[0.159s] Level 1:colcon.colcon_core.package_identification:_identify(src/robotic_arm/robotic_arm_description) by extensions ['colcon_pkg']
[0.159s] Level 1:colcon.colcon_core.package_identification:_identify(src/robotic_arm/robotic_arm_description) by extension 'colcon_pkg'
[0.159s] Level 1:colcon.colcon_core.package_identification:_identify(src/robotic_arm/robotic_arm_description) by extensions ['colcon_meta']
[0.159s] Level 1:colcon.colcon_core.package_identification:_identify(src/robotic_arm/robotic_arm_description) by extension 'colcon_meta'
[0.159s] Level 1:colcon.colcon_core.package_identification:_identify(src/robotic_arm/robotic_arm_description) by extensions ['ros']
[0.159s] Level 1:colcon.colcon_core.package_identification:_identify(src/robotic_arm/robotic_arm_description) by extension 'ros'
[0.159s] DEBUG:colcon.colcon_core.package_identification:Package 'src/robotic_arm/robotic_arm_description' with type 'ros.ament_cmake' and name 'robotic_arm_description'
[0.159s] Level 1:colcon.colcon_core.package_identification:_identify(src/robotic_arm/robotic_arm_gazebo) by extensions ['ignore', 'ignore_ament_install']
[0.160s] Level 1:colcon.colcon_core.package_identification:_identify(src/robotic_arm/robotic_arm_gazebo) by extension 'ignore'
[0.160s] Level 1:colcon.colcon_core.package_identification:_identify(src/robotic_arm/robotic_arm_gazebo) by extension 'ignore_ament_install'
[0.160s] Level 1:colcon.colcon_core.package_identification:_identify(src/robotic_arm/robotic_arm_gazebo) by extensions ['colcon_pkg']
[0.160s] Level 1:colcon.colcon_core.package_identification:_identify(src/robotic_arm/robotic_arm_gazebo) by extension 'colcon_pkg'
[0.160s] Level 1:colcon.colcon_core.package_identification:_identify(src/robotic_arm/robotic_arm_gazebo) by extensions ['colcon_meta']
[0.160s] Level 1:colcon.colcon_core.package_identification:_identify(src/robotic_arm/robotic_arm_gazebo) by extension 'colcon_meta'
[0.160s] Level 1:colcon.colcon_core.package_identification:_identify(src/robotic_arm/robotic_arm_gazebo) by extensions ['ros']
[0.160s] Level 1:colcon.colcon_core.package_identification:_identify(src/robotic_arm/robotic_arm_gazebo) by extension 'ros'
[0.161s] DEBUG:colcon.colcon_core.package_identification:Package 'src/robotic_arm/robotic_arm_gazebo' with type 'ros.ament_cmake' and name 'robotic_arm_gazebo'
[0.161s] Level 1:colcon.colcon_core.package_identification:_identify(src/robotic_arm/robotic_arm_moveit_config) by extensions ['ignore', 'ignore_ament_install']
[0.161s] Level 1:colcon.colcon_core.package_identification:_identify(src/robotic_arm/robotic_arm_moveit_config) by extension 'ignore'
[0.161s] Level 1:colcon.colcon_core.package_identification:_identify(src/robotic_arm/robotic_arm_moveit_config) by extension 'ignore_ament_install'
[0.161s] Level 1:colcon.colcon_core.package_identification:_identify(src/robotic_arm/robotic_arm_moveit_config) by extensions ['colcon_pkg']
[0.161s] Level 1:colcon.colcon_core.package_identification:_identify(src/robotic_arm/robotic_arm_moveit_config) by extension 'colcon_pkg'
[0.162s] Level 1:colcon.colcon_core.package_identification:_identify(src/robotic_arm/robotic_arm_moveit_config) by extensions ['colcon_meta']
[0.162s] Level 1:colcon.colcon_core.package_identification:_identify(src/robotic_arm/robotic_arm_moveit_config) by extension 'colcon_meta'
[0.162s] Level 1:colcon.colcon_core.package_identification:_identify(src/robotic_arm/robotic_arm_moveit_config) by extensions ['ros']
[0.162s] Level 1:colcon.colcon_core.package_identification:_identify(src/robotic_arm/robotic_arm_moveit_config) by extension 'ros'
[0.162s] DEBUG:colcon.colcon_core.package_identification:Package 'src/robotic_arm/robotic_arm_moveit_config' with type 'ros.ament_cmake' and name 'robotic_arm_moveit_config'
[0.162s] Level 1:colcon.colcon_core.package_identification:_identify(src/robotic_arm/robotic_arm_sys_test) by extensions ['ignore', 'ignore_ament_install']
[0.162s] Level 1:colcon.colcon_core.package_identification:_identify(src/robotic_arm/robotic_arm_sys_test) by extension 'ignore'
[0.162s] Level 1:colcon.colcon_core.package_identification:_identify(src/robotic_arm/robotic_arm_sys_test) by extension 'ignore_ament_install'
[0.162s] Level 1:colcon.colcon_core.package_identification:_identify(src/robotic_arm/robotic_arm_sys_test) by extensions ['colcon_pkg']
[0.162s] Level 1:colcon.colcon_core.package_identification:_identify(src/robotic_arm/robotic_arm_sys_test) by extension 'colcon_pkg'
[0.162s] Level 1:colcon.colcon_core.package_identification:_identify(src/robotic_arm/robotic_arm_sys_test) by extensions ['colcon_meta']
[0.162s] Level 1:colcon.colcon_core.package_identification:_identify(src/robotic_arm/robotic_arm_sys_test) by extension 'colcon_meta'
[0.163s] Level 1:colcon.colcon_core.package_identification:_identify(src/robotic_arm/robotic_arm_sys_test) by extensions ['ros']
[0.163s] Level 1:colcon.colcon_core.package_identification:_identify(src/robotic_arm/robotic_arm_sys_test) by extension 'ros'
[0.163s] DEBUG:colcon.colcon_core.package_identification:Package 'src/robotic_arm/robotic_arm_sys_test' with type 'ros.ament_cmake' and name 'robotic_arm_sys_test'
[0.163s] Level 1:colcon.colcon_core.package_discovery:discover_packages(recursive) using defaults
[0.163s] Level 1:colcon.colcon_core.package_discovery:discover_packages(ignore) discover
[0.163s] Level 1:colcon.colcon_core.package_discovery:discover_packages(ignore) using defaults
[0.163s] Level 1:colcon.colcon_core.package_discovery:discover_packages(path) discover
[0.163s] Level 1:colcon.colcon_core.package_discovery:discover_packages(path) using defaults
[0.178s] Level 1:colcon.colcon_core.package_discovery:discover_packages(prefix_path) check parameters
[0.179s] Level 1:colcon.colcon_core.package_discovery:discover_packages(prefix_path) discover
[0.180s] DEBUG:colcon.colcon_installed_package_information.package_discovery:Found 6 installed packages in /home/achy/ros2/ros2_arm/install
[0.182s] DEBUG:colcon.colcon_installed_package_information.package_discovery:Found 457 installed packages in /opt/ros/jazzy
[0.183s] Level 1:colcon.colcon_core.package_discovery:discover_packages(prefix_path) using defaults
[0.225s] Level 5:colcon.colcon_core.verb:set package 'robotic_arm_bringup' build argument 'cmake_args' from command line to 'None'
[0.225s] Level 5:colcon.colcon_core.verb:set package 'robotic_arm_bringup' build argument 'cmake_target' from command line to 'None'
[0.225s] Level 5:colcon.colcon_core.verb:set package 'robotic_arm_bringup' build argument 'cmake_target_skip_unavailable' from command line to 'False'
[0.225s] Level 5:colcon.colcon_core.verb:set package 'robotic_arm_bringup' build argument 'cmake_clean_cache' from command line to 'False'
[0.225s] Level 5:colcon.colcon_core.verb:set package 'robotic_arm_bringup' build argument 'cmake_clean_first' from command line to 'False'
[0.225s] Level 5:colcon.colcon_core.verb:set package 'robotic_arm_bringup' build argument 'cmake_force_configure' from command line to 'False'
[0.225s] Level 5:colcon.colcon_core.verb:set package 'robotic_arm_bringup' build argument 'ament_cmake_args' from command line to 'None'
[0.225s] Level 5:colcon.colcon_core.verb:set package 'robotic_arm_bringup' build argument 'catkin_cmake_args' from command line to 'None'
[0.225s] Level 5:colcon.colcon_core.verb:set package 'robotic_arm_bringup' build argument 'catkin_skip_building_tests' from command line to 'False'
[0.225s] DEBUG:colcon.colcon_core.verb:Building package 'robotic_arm_bringup' with the following arguments: {'ament_cmake_args': None, 'build_base': '/home/achy/ros2/ros2_arm/build/robotic_arm_bringup', 'catkin_cmake_args': None, 'catkin_skip_building_tests': False, 'cmake_args': None, 'cmake_clean_cache': False, 'cmake_clean_first': False, 'cmake_force_configure': False, 'cmake_target': None, 'cmake_target_skip_unavailable': False, 'install_base': '/home/achy/ros2/ros2_arm/install/robotic_arm_bringup', 'merge_install': False, 'path': '/home/achy/ros2/ros2_arm/src/robotic_arm/robotic_arm_bringup', 'symlink_install': True, 'test_result_base': None}
[0.226s] Level 5:colcon.colcon_core.verb:set package 'robotic_arm_description' build argument 'cmake_args' from command line to 'None'
[0.226s] Level 5:colcon.colcon_core.verb:set package 'robotic_arm_description' build argument 'cmake_target' from command line to 'None'
[0.226s] Level 5:colcon.colcon_core.verb:set package 'robotic_arm_description' build argument 'cmake_target_skip_unavailable' from command line to 'False'
[0.226s] Level 5:colcon.colcon_core.verb:set package 'robotic_arm_description' build argument 'cmake_clean_cache' from command line to 'False'
[0.226s] Level 5:colcon.colcon_core.verb:set package 'robotic_arm_description' build argument 'cmake_clean_first' from command line to 'False'
[0.226s] Level 5:colcon.colcon_core.verb:set package 'robotic_arm_description' build argument 'cmake_force_configure' from command line to 'False'
[0.226s] Level 5:colcon.colcon_core.verb:set package 'robotic_arm_description' build argument 'ament_cmake_args' from command line to 'None'
[0.226s] Level 5:colcon.colcon_core.verb:set package 'robotic_arm_description' build argument 'catkin_cmake_args' from command line to 'None'
[0.226s] Level 5:colcon.colcon_core.verb:set package 'robotic_arm_description' build argument 'catkin_skip_building_tests' from command line to 'False'
[0.226s] DEBUG:colcon.colcon_core.verb:Building package 'robotic_arm_description' with the following arguments: {'ament_cmake_args': None, 'build_base': '/home/achy/ros2/ros2_arm/build/robotic_arm_description', 'catkin_cmake_args': None, 'catkin_skip_building_tests': False, 'cmake_args': None, 'cmake_clean_cache': False, 'cmake_clean_first': False, 'cmake_force_configure': False, 'cmake_target': None, 'cmake_target_skip_unavailable': False, 'install_base': '/home/achy/ros2/ros2_arm/install/robotic_arm_description', 'merge_install': False, 'path': '/home/achy/ros2/ros2_arm/src/robotic_arm/robotic_arm_description', 'symlink_install': True, 'test_result_base': None}
[0.226s] Level 5:colcon.colcon_core.verb:set package 'robotic_arm_gazebo' build argument 'cmake_args' from command line to 'None'
[0.226s] Level 5:colcon.colcon_core.verb:set package 'robotic_arm_gazebo' build argument 'cmake_target' from command line to 'None'
[0.226s] Level 5:colcon.colcon_core.verb:set package 'robotic_arm_gazebo' build argument 'cmake_target_skip_unavailable' from command line to 'False'
[0.226s] Level 5:colcon.colcon_core.verb:set package 'robotic_arm_gazebo' build argument 'cmake_clean_cache' from command line to 'False'
[0.226s] Level 5:colcon.colcon_core.verb:set package 'robotic_arm_gazebo' build argument 'cmake_clean_first' from command line to 'False'
[0.226s] Level 5:colcon.colcon_core.verb:set package 'robotic_arm_gazebo' build argument 'cmake_force_configure' from command line to 'False'
[0.226s] Level 5:colcon.colcon_core.verb:set package 'robotic_arm_gazebo' build argument 'ament_cmake_args' from command line to 'None'
[0.226s] Level 5:colcon.colcon_core.verb:set package 'robotic_arm_gazebo' build argument 'catkin_cmake_args' from command line to 'None'
[0.226s] Level 5:colcon.colcon_core.verb:set package 'robotic_arm_gazebo' build argument 'catkin_skip_building_tests' from command line to 'False'
[0.226s] DEBUG:colcon.colcon_core.verb:Building package 'robotic_arm_gazebo' with the following arguments: {'ament_cmake_args': None, 'build_base': '/home/achy/ros2/ros2_arm/build/robotic_arm_gazebo', 'catkin_cmake_args': None, 'catkin_skip_building_tests': False, 'cmake_args': None, 'cmake_clean_cache': False, 'cmake_clean_first': False, 'cmake_force_configure': False, 'cmake_target': None, 'cmake_target_skip_unavailable': False, 'install_base': '/home/achy/ros2/ros2_arm/install/robotic_arm_gazebo', 'merge_install': False, 'path': '/home/achy/ros2/ros2_arm/src/robotic_arm/robotic_arm_gazebo', 'symlink_install': True, 'test_result_base': None}
[0.226s] Level 5:colcon.colcon_core.verb:set package 'robotic_arm_moveit_config' build argument 'cmake_args' from command line to 'None'
[0.226s] Level 5:colcon.colcon_core.verb:set package 'robotic_arm_moveit_config' build argument 'cmake_target' from command line to 'None'
[0.226s] Level 5:colcon.colcon_core.verb:set package 'robotic_arm_moveit_config' build argument 'cmake_target_skip_unavailable' from command line to 'False'
[0.226s] Level 5:colcon.colcon_core.verb:set package 'robotic_arm_moveit_config' build argument 'cmake_clean_cache' from command line to 'False'
[0.226s] Level 5:colcon.colcon_core.verb:set package 'robotic_arm_moveit_config' build argument 'cmake_clean_first' from command line to 'False'
[0.226s] Level 5:colcon.colcon_core.verb:set package 'robotic_arm_moveit_config' build argument 'cmake_force_configure' from command line to 'False'
[0.226s] Level 5:colcon.colcon_core.verb:set package 'robotic_arm_moveit_config' build argument 'ament_cmake_args' from command line to 'None'
[0.226s] Level 5:colcon.colcon_core.verb:set package 'robotic_arm_moveit_config' build argument 'catkin_cmake_args' from command line to 'None'
[0.226s] Level 5:colcon.colcon_core.verb:set package 'robotic_arm_moveit_config' build argument 'catkin_skip_building_tests' from command line to 'False'
[0.226s] DEBUG:colcon.colcon_core.verb:Building package 'robotic_arm_moveit_config' with the following arguments: {'ament_cmake_args': None, 'build_base': '/home/achy/ros2/ros2_arm/build/robotic_arm_moveit_config', 'catkin_cmake_args': None, 'catkin_skip_building_tests': False, 'cmake_args': None, 'cmake_clean_cache': False, 'cmake_clean_first': False, 'cmake_force_configure': False, 'cmake_target': None, 'cmake_target_skip_unavailable': False, 'install_base': '/home/achy/ros2/ros2_arm/install/robotic_arm_moveit_config', 'merge_install': False, 'path': '/home/achy/ros2/ros2_arm/src/robotic_arm/robotic_arm_moveit_config', 'symlink_install': True, 'test_result_base': None}
[0.227s] Level 5:colcon.colcon_core.verb:set package 'robotic_arm_sys_test' build argument 'cmake_args' from command line to 'None'
[0.227s] Level 5:colcon.colcon_core.verb:set package 'robotic_arm_sys_test' build argument 'cmake_target' from command line to 'None'
[0.227s] Level 5:colcon.colcon_core.verb:set package 'robotic_arm_sys_test' build argument 'cmake_target_skip_unavailable' from command line to 'False'
[0.227s] Level 5:colcon.colcon_core.verb:set package 'robotic_arm_sys_test' build argument 'cmake_clean_cache' from command line to 'False'
[0.227s] Level 5:colcon.colcon_core.verb:set package 'robotic_arm_sys_test' build argument 'cmake_clean_first' from command line to 'False'
[0.227s] Level 5:colcon.colcon_core.verb:set package 'robotic_arm_sys_test' build argument 'cmake_force_configure' from command line to 'False'
[0.227s] Level 5:colcon.colcon_core.verb:set package 'robotic_arm_sys_test' build argument 'ament_cmake_args' from command line to 'None'
[0.227s] Level 5:colcon.colcon_core.verb:set package 'robotic_arm_sys_test' build argument 'catkin_cmake_args' from command line to 'None'
[0.227s] Level 5:colcon.colcon_core.verb:set package 'robotic_arm_sys_test' build argument 'catkin_skip_building_tests' from command line to 'False'
[0.227s] DEBUG:colcon.colcon_core.verb:Building package 'robotic_arm_sys_test' with the following arguments: {'ament_cmake_args': None, 'build_base': '/home/achy/ros2/ros2_arm/build/robotic_arm_sys_test', 'catkin_cmake_args': None, 'catkin_skip_building_tests': False, 'cmake_args': None, 'cmake_clean_cache': False, 'cmake_clean_first': False, 'cmake_force_configure': False, 'cmake_target': None, 'cmake_target_skip_unavailable': False, 'install_base': '/home/achy/ros2/ros2_arm/install/robotic_arm_sys_test', 'merge_install': False, 'path': '/home/achy/ros2/ros2_arm/src/robotic_arm/robotic_arm_sys_test', 'symlink_install': True, 'test_result_base': None}
[0.227s] Level 5:colcon.colcon_core.verb:set package 'robotic_arm' build argument 'cmake_args' from command line to 'None'
[0.227s] Level 5:colcon.colcon_core.verb:set package 'robotic_arm' build argument 'cmake_target' from command line to 'None'
[0.227s] Level 5:colcon.colcon_core.verb:set package 'robotic_arm' build argument 'cmake_target_skip_unavailable' from command line to 'False'
[0.227s] Level 5:colcon.colcon_core.verb:set package 'robotic_arm' build argument 'cmake_clean_cache' from command line to 'False'
[0.227s] Level 5:colcon.colcon_core.verb:set package 'robotic_arm' build argument 'cmake_clean_first' from command line to 'False'
[0.227s] Level 5:colcon.colcon_core.verb:set package 'robotic_arm' build argument 'cmake_force_configure' from command line to 'False'
[0.227s] Level 5:colcon.colcon_core.verb:set package 'robotic_arm' build argument 'ament_cmake_args' from command line to 'None'
[0.227s] Level 5:colcon.colcon_core.verb:set package 'robotic_arm' build argument 'catkin_cmake_args' from command line to 'None'
[0.228s] Level 5:colcon.colcon_core.verb:set package 'robotic_arm' build argument 'catkin_skip_building_tests' from command line to 'False'
[0.228s] DEBUG:colcon.colcon_core.verb:Building package 'robotic_arm' with the following arguments: {'ament_cmake_args': None, 'build_base': '/home/achy/ros2/ros2_arm/build/robotic_arm', 'catkin_cmake_args': None, 'catkin_skip_building_tests': False, 'cmake_args': None, 'cmake_clean_cache': False, 'cmake_clean_first': False, 'cmake_force_configure': False, 'cmake_target': None, 'cmake_target_skip_unavailable': False, 'install_base': '/home/achy/ros2/ros2_arm/install/robotic_arm', 'merge_install': False, 'path': '/home/achy/ros2/ros2_arm/src/robotic_arm/robotic_arm', 'symlink_install': True, 'test_result_base': None}
[0.228s] INFO:colcon.colcon_core.executor:Executing jobs using 'parallel' executor
[0.228s] DEBUG:colcon.colcon_parallel_executor.executor.parallel:run_until_complete
[0.229s] INFO:colcon.colcon_ros.task.ament_cmake.build:Building ROS package in '/home/achy/ros2/ros2_arm/src/robotic_arm/robotic_arm_bringup' with build type 'ament_cmake'
[0.229s] INFO:colcon.colcon_cmake.task.cmake.build:Building CMake package in '/home/achy/ros2/ros2_arm/src/robotic_arm/robotic_arm_bringup'
[0.231s] INFO:colcon.colcon_core.plugin_system:Skipping extension 'colcon_core.shell.bat': Not used on non-Windows systems
[0.231s] INFO:colcon.colcon_core.shell:Skip shell extension 'powershell' for command environment: Not usable outside of PowerShell
[0.231s] DEBUG:colcon.colcon_core.shell:Skip shell extension 'dsv' for command environment
[0.235s] INFO:colcon.colcon_ros.task.ament_cmake.build:Building ROS package in '/home/achy/ros2/ros2_arm/src/robotic_arm/robotic_arm_description' with build type 'ament_cmake'
[0.235s] INFO:colcon.colcon_cmake.task.cmake.build:Building CMake package in '/home/achy/ros2/ros2_arm/src/robotic_arm/robotic_arm_description'
[0.235s] INFO:colcon.colcon_core.shell:Skip shell extension 'powershell' for command environment: Not usable outside of PowerShell
[0.235s] DEBUG:colcon.colcon_core.shell:Skip shell extension 'dsv' for command environment
[0.239s] INFO:colcon.colcon_ros.task.ament_cmake.build:Building ROS package in '/home/achy/ros2/ros2_arm/src/robotic_arm/robotic_arm_gazebo' with build type 'ament_cmake'
[0.239s] INFO:colcon.colcon_cmake.task.cmake.build:Building CMake package in '/home/achy/ros2/ros2_arm/src/robotic_arm/robotic_arm_gazebo'
[0.239s] INFO:colcon.colcon_core.shell:Skip shell extension 'powershell' for command environment: Not usable outside of PowerShell
[0.239s] DEBUG:colcon.colcon_core.shell:Skip shell extension 'dsv' for command environment
[0.243s] INFO:colcon.colcon_ros.task.ament_cmake.build:Building ROS package in '/home/achy/ros2/ros2_arm/src/robotic_arm/robotic_arm_moveit_config' with build type 'ament_cmake'
[0.244s] INFO:colcon.colcon_cmake.task.cmake.build:Building CMake package in '/home/achy/ros2/ros2_arm/src/robotic_arm/robotic_arm_moveit_config'
[0.244s] INFO:colcon.colcon_core.shell:Skip shell extension 'powershell' for command environment: Not usable outside of PowerShell
[0.244s] DEBUG:colcon.colcon_core.shell:Skip shell extension 'dsv' for command environment
[0.248s] INFO:colcon.colcon_ros.task.ament_cmake.build:Building ROS package in '/home/achy/ros2/ros2_arm/src/robotic_arm/robotic_arm_sys_test' with build type 'ament_cmake'
[0.248s] INFO:colcon.colcon_cmake.task.cmake.build:Building CMake package in '/home/achy/ros2/ros2_arm/src/robotic_arm/robotic_arm_sys_test'
[0.249s] INFO:colcon.colcon_core.shell:Skip shell extension 'powershell' for command environment: Not usable outside of PowerShell
[0.249s] DEBUG:colcon.colcon_core.shell:Skip shell extension 'dsv' for command environment
[0.257s] DEBUG:colcon.colcon_core.event_handler.log_command:Invoking command in '/home/achy/ros2/ros2_arm/build/robotic_arm_bringup': CMAKE_PREFIX_PATH=${CMAKE_PREFIX_PATH}:/opt/ros/jazzy DEBUGINFOD_URLS=https://debuginfod.ubuntu.com /usr/bin/cmake --build /home/achy/ros2/ros2_arm/build/robotic_arm_bringup -- -j8 -l8
[0.260s] DEBUG:colcon.colcon_core.event_handler.log_command:Invoking command in '/home/achy/ros2/ros2_arm/build/robotic_arm_description': CMAKE_PREFIX_PATH=${CMAKE_PREFIX_PATH}:/opt/ros/jazzy DEBUGINFOD_URLS=https://debuginfod.ubuntu.com /usr/bin/cmake --build /home/achy/ros2/ros2_arm/build/robotic_arm_description -- -j8 -l8
[0.263s] DEBUG:colcon.colcon_core.event_handler.log_command:Invoking command in '/home/achy/ros2/ros2_arm/build/robotic_arm_gazebo': CMAKE_PREFIX_PATH=${CMAKE_PREFIX_PATH}:/opt/ros/jazzy DEBUGINFOD_URLS=https://debuginfod.ubuntu.com /usr/bin/cmake --build /home/achy/ros2/ros2_arm/build/robotic_arm_gazebo -- -j8 -l8
[0.266s] DEBUG:colcon.colcon_core.event_handler.log_command:Invoking command in '/home/achy/ros2/ros2_arm/build/robotic_arm_moveit_config': CMAKE_PREFIX_PATH=${CMAKE_PREFIX_PATH}:/opt/ros/jazzy DEBUGINFOD_URLS=https://debuginfod.ubuntu.com /usr/bin/cmake --build /home/achy/ros2/ros2_arm/build/robotic_arm_moveit_config -- -j8 -l8
[0.274s] DEBUG:colcon.colcon_core.event_handler.log_command:Invoking command in '/home/achy/ros2/ros2_arm/build/robotic_arm_sys_test': CMAKE_PREFIX_PATH=${CMAKE_PREFIX_PATH}:/opt/ros/jazzy DEBUGINFOD_URLS=https://debuginfod.ubuntu.com /usr/bin/cmake --build /home/achy/ros2/ros2_arm/build/robotic_arm_sys_test -- -j8 -l8
[0.305s] DEBUG:colcon.colcon_core.event_handler.log_command:Invoked command in '/home/achy/ros2/ros2_arm/build/robotic_arm_bringup' returned '0': CMAKE_PREFIX_PATH=${CMAKE_PREFIX_PATH}:/opt/ros/jazzy DEBUGINFOD_URLS=https://debuginfod.ubuntu.com /usr/bin/cmake --build /home/achy/ros2/ros2_arm/build/robotic_arm_bringup -- -j8 -l8
[0.316s] DEBUG:colcon.colcon_core.event_handler.log_command:Invoking command in '/home/achy/ros2/ros2_arm/build/robotic_arm_bringup': CMAKE_PREFIX_PATH=${CMAKE_PREFIX_PATH}:/opt/ros/jazzy DEBUGINFOD_URLS=https://debuginfod.ubuntu.com /usr/bin/cmake --install /home/achy/ros2/ros2_arm/build/robotic_arm_bringup
[0.319s] DEBUG:colcon.colcon_core.event_handler.log_command:Invoked command in '/home/achy/ros2/ros2_arm/build/robotic_arm_description' returned '0': CMAKE_PREFIX_PATH=${CMAKE_PREFIX_PATH}:/opt/ros/jazzy DEBUGINFOD_URLS=https://debuginfod.ubuntu.com /usr/bin/cmake --build /home/achy/ros2/ros2_arm/build/robotic_arm_description -- -j8 -l8
[0.320s] DEBUG:colcon.colcon_core.event_handler.log_command:Invoking command in '/home/achy/ros2/ros2_arm/build/robotic_arm_description': CMAKE_PREFIX_PATH=${CMAKE_PREFIX_PATH}:/opt/ros/jazzy DEBUGINFOD_URLS=https://debuginfod.ubuntu.com /usr/bin/cmake --install /home/achy/ros2/ros2_arm/build/robotic_arm_description
[0.323s] DEBUG:colcon.colcon_core.event_handler.log_command:Invoked command in '/home/achy/ros2/ros2_arm/build/robotic_arm_moveit_config' returned '0': CMAKE_PREFIX_PATH=${CMAKE_PREFIX_PATH}:/opt/ros/jazzy DEBUGINFOD_URLS=https://debuginfod.ubuntu.com /usr/bin/cmake --build /home/achy/ros2/ros2_arm/build/robotic_arm_moveit_config -- -j8 -l8
[0.324s] DEBUG:colcon.colcon_core.event_handler.log_command:Invoking command in '/home/achy/ros2/ros2_arm/build/robotic_arm_moveit_config': CMAKE_PREFIX_PATH=${CMAKE_PREFIX_PATH}:/opt/ros/jazzy DEBUGINFOD_URLS=https://debuginfod.ubuntu.com /usr/bin/cmake --install /home/achy/ros2/ros2_arm/build/robotic_arm_moveit_config
[0.324s] DEBUG:colcon.colcon_core.event_handler.log_command:Invoked command in '/home/achy/ros2/ros2_arm/build/robotic_arm_gazebo' returned '0': CMAKE_PREFIX_PATH=${CMAKE_PREFIX_PATH}:/opt/ros/jazzy DEBUGINFOD_URLS=https://debuginfod.ubuntu.com /usr/bin/cmake --build /home/achy/ros2/ros2_arm/build/robotic_arm_gazebo -- -j8 -l8
[0.327s] DEBUG:colcon.colcon_core.event_handler.log_command:Invoking command in '/home/achy/ros2/ros2_arm/build/robotic_arm_gazebo': CMAKE_PREFIX_PATH=${CMAKE_PREFIX_PATH}:/opt/ros/jazzy DEBUGINFOD_URLS=https://debuginfod.ubuntu.com /usr/bin/cmake --install /home/achy/ros2/ros2_arm/build/robotic_arm_gazebo
[0.345s] Level 1:colcon.colcon_core.environment:create_environment_scripts_only(robotic_arm_bringup)
[0.349s] DEBUG:colcon.colcon_core.event_handler.log_command:Invoked command in '/home/achy/ros2/ros2_arm/build/robotic_arm_bringup' returned '0': CMAKE_PREFIX_PATH=${CMAKE_PREFIX_PATH}:/opt/ros/jazzy DEBUGINFOD_URLS=https://debuginfod.ubuntu.com /usr/bin/cmake --install /home/achy/ros2/ros2_arm/build/robotic_arm_bringup
[0.359s] Level 1:colcon.colcon_core.environment:checking '/home/achy/ros2/ros2_arm/install/robotic_arm_bringup' for CMake module files
[0.363s] Level 1:colcon.colcon_core.environment:checking '/home/achy/ros2/ros2_arm/install/robotic_arm_bringup' for CMake config files
[0.367s] Level 1:colcon.colcon_core.shell:create_environment_hook('robotic_arm_bringup', 'cmake_prefix_path')
[0.380s] INFO:colcon.colcon_core.shell:Creating environment hook '/home/achy/ros2/ros2_arm/install/robotic_arm_bringup/share/robotic_arm_bringup/hook/cmake_prefix_path.ps1'
[0.383s] INFO:colcon.colcon_core.shell:Creating environment descriptor '/home/achy/ros2/ros2_arm/install/robotic_arm_bringup/share/robotic_arm_bringup/hook/cmake_prefix_path.dsv'
[0.386s] INFO:colcon.colcon_core.shell:Creating environment hook '/home/achy/ros2/ros2_arm/install/robotic_arm_bringup/share/robotic_arm_bringup/hook/cmake_prefix_path.sh'
[0.389s] Level 1:colcon.colcon_core.environment:checking '/home/achy/ros2/ros2_arm/install/robotic_arm_bringup/bin'
[0.390s] Level 1:colcon.colcon_core.environment:checking '/home/achy/ros2/ros2_arm/install/robotic_arm_bringup/lib/pkgconfig/robotic_arm_bringup.pc'
[0.390s] Level 1:colcon.colcon_core.environment:checking '/home/achy/ros2/ros2_arm/install/robotic_arm_bringup/lib/python3.12/site-packages'
[0.391s] Level 1:colcon.colcon_core.environment:checking '/home/achy/ros2/ros2_arm/install/robotic_arm_bringup/bin'
[0.391s] INFO:colcon.colcon_core.shell:Creating package script '/home/achy/ros2/ros2_arm/install/robotic_arm_bringup/share/robotic_arm_bringup/package.ps1'
[0.393s] INFO:colcon.colcon_core.shell:Creating package descriptor '/home/achy/ros2/ros2_arm/install/robotic_arm_bringup/share/robotic_arm_bringup/package.dsv'
[0.395s] INFO:colcon.colcon_core.shell:Creating package script '/home/achy/ros2/ros2_arm/install/robotic_arm_bringup/share/robotic_arm_bringup/package.sh'
[0.398s] INFO:colcon.colcon_core.shell:Creating package script '/home/achy/ros2/ros2_arm/install/robotic_arm_bringup/share/robotic_arm_bringup/package.bash'
[0.400s] INFO:colcon.colcon_core.shell:Creating package script '/home/achy/ros2/ros2_arm/install/robotic_arm_bringup/share/robotic_arm_bringup/package.zsh'
[0.402s] Level 1:colcon.colcon_core.environment:create_file_with_runtime_dependencies(/home/achy/ros2/ros2_arm/install/robotic_arm_bringup/share/colcon-core/packages/robotic_arm_bringup)
[0.404s] Level 1:colcon.colcon_core.environment:create_environment_scripts_only(robotic_arm_bringup)
[0.405s] Level 1:colcon.colcon_core.environment:checking '/home/achy/ros2/ros2_arm/install/robotic_arm_bringup' for CMake module files
[0.408s] Level 1:colcon.colcon_core.environment:checking '/home/achy/ros2/ros2_arm/install/robotic_arm_bringup' for CMake config files
[0.413s] Level 1:colcon.colcon_core.shell:create_environment_hook('robotic_arm_bringup', 'cmake_prefix_path')
[0.413s] INFO:colcon.colcon_core.shell:Creating environment hook '/home/achy/ros2/ros2_arm/install/robotic_arm_bringup/share/robotic_arm_bringup/hook/cmake_prefix_path.ps1'
[0.416s] INFO:colcon.colcon_core.shell:Creating environment descriptor '/home/achy/ros2/ros2_arm/install/robotic_arm_bringup/share/robotic_arm_bringup/hook/cmake_prefix_path.dsv'
[0.417s] INFO:colcon.colcon_core.shell:Creating environment hook '/home/achy/ros2/ros2_arm/install/robotic_arm_bringup/share/robotic_arm_bringup/hook/cmake_prefix_path.sh'
[0.419s] Level 1:colcon.colcon_core.environment:checking '/home/achy/ros2/ros2_arm/install/robotic_arm_bringup/bin'
[0.419s] Level 1:colcon.colcon_core.environment:checking '/home/achy/ros2/ros2_arm/install/robotic_arm_bringup/lib/pkgconfig/robotic_arm_bringup.pc'
[0.420s] Level 1:colcon.colcon_core.environment:checking '/home/achy/ros2/ros2_arm/install/robotic_arm_bringup/lib/python3.12/site-packages'
[0.420s] Level 1:colcon.colcon_core.environment:checking '/home/achy/ros2/ros2_arm/install/robotic_arm_bringup/bin'
[0.420s] INFO:colcon.colcon_core.shell:Creating package script '/home/achy/ros2/ros2_arm/install/robotic_arm_bringup/share/robotic_arm_bringup/package.ps1'
[0.422s] INFO:colcon.colcon_core.shell:Creating package descriptor '/home/achy/ros2/ros2_arm/install/robotic_arm_bringup/share/robotic_arm_bringup/package.dsv'
[0.424s] INFO:colcon.colcon_core.shell:Creating package script '/home/achy/ros2/ros2_arm/install/robotic_arm_bringup/share/robotic_arm_bringup/package.sh'
[0.425s] INFO:colcon.colcon_core.shell:Creating package script '/home/achy/ros2/ros2_arm/install/robotic_arm_bringup/share/robotic_arm_bringup/package.bash'
[0.426s] INFO:colcon.colcon_core.shell:Creating package script '/home/achy/ros2/ros2_arm/install/robotic_arm_bringup/share/robotic_arm_bringup/package.zsh'
[0.427s] Level 1:colcon.colcon_core.environment:create_file_with_runtime_dependencies(/home/achy/ros2/ros2_arm/install/robotic_arm_bringup/share/colcon-core/packages/robotic_arm_bringup)
[0.432s] Level 1:colcon.colcon_core.environment:create_environment_scripts_only(robotic_arm_moveit_config)
[0.432s] Level 1:colcon.colcon_core.environment:checking '/home/achy/ros2/ros2_arm/install/robotic_arm_moveit_config' for CMake module files
[0.434s] Level 1:colcon.colcon_core.environment:checking '/home/achy/ros2/ros2_arm/install/robotic_arm_moveit_config' for CMake config files
[0.436s] Level 1:colcon.colcon_core.shell:create_environment_hook('robotic_arm_moveit_config', 'cmake_prefix_path')
[0.436s] INFO:colcon.colcon_core.shell:Creating environment hook '/home/achy/ros2/ros2_arm/install/robotic_arm_moveit_config/share/robotic_arm_moveit_config/hook/cmake_prefix_path.ps1'
[0.438s] INFO:colcon.colcon_core.shell:Creating environment descriptor '/home/achy/ros2/ros2_arm/install/robotic_arm_moveit_config/share/robotic_arm_moveit_config/hook/cmake_prefix_path.dsv'
[0.439s] INFO:colcon.colcon_core.shell:Creating environment hook '/home/achy/ros2/ros2_arm/install/robotic_arm_moveit_config/share/robotic_arm_moveit_config/hook/cmake_prefix_path.sh'
[0.440s] Level 1:colcon.colcon_core.environment:checking '/home/achy/ros2/ros2_arm/install/robotic_arm_moveit_config/bin'
[0.440s] Level 1:colcon.colcon_core.environment:checking '/home/achy/ros2/ros2_arm/install/robotic_arm_moveit_config/lib/pkgconfig/robotic_arm_moveit_config.pc'
[0.441s] Level 1:colcon.colcon_core.environment:checking '/home/achy/ros2/ros2_arm/install/robotic_arm_moveit_config/lib/python3.12/site-packages'
[0.441s] Level 1:colcon.colcon_core.environment:checking '/home/achy/ros2/ros2_arm/install/robotic_arm_moveit_config/bin'
[0.441s] INFO:colcon.colcon_core.shell:Creating package script '/home/achy/ros2/ros2_arm/install/robotic_arm_moveit_config/share/robotic_arm_moveit_config/package.ps1'
[0.443s] INFO:colcon.colcon_core.shell:Creating package descriptor '/home/achy/ros2/ros2_arm/install/robotic_arm_moveit_config/share/robotic_arm_moveit_config/package.dsv'
[0.444s] INFO:colcon.colcon_core.shell:Creating package script '/home/achy/ros2/ros2_arm/install/robotic_arm_moveit_config/share/robotic_arm_moveit_config/package.sh'
[0.445s] INFO:colcon.colcon_core.shell:Creating package script '/home/achy/ros2/ros2_arm/install/robotic_arm_moveit_config/share/robotic_arm_moveit_config/package.bash'
[0.447s] INFO:colcon.colcon_core.shell:Creating package script '/home/achy/ros2/ros2_arm/install/robotic_arm_moveit_config/share/robotic_arm_moveit_config/package.zsh'
[0.449s] Level 1:colcon.colcon_core.environment:create_file_with_runtime_dependencies(/home/achy/ros2/ros2_arm/install/robotic_arm_moveit_config/share/colcon-core/packages/robotic_arm_moveit_config)
[0.450s] Level 1:colcon.colcon_core.environment:create_environment_scripts_only(robotic_arm_moveit_config)
[0.450s] Level 1:colcon.colcon_core.environment:checking '/home/achy/ros2/ros2_arm/install/robotic_arm_moveit_config' for CMake module files
[0.452s] Level 1:colcon.colcon_core.environment:checking '/home/achy/ros2/ros2_arm/install/robotic_arm_moveit_config' for CMake config files
[0.454s] Level 1:colcon.colcon_core.shell:create_environment_hook('robotic_arm_moveit_config', 'cmake_prefix_path')
[0.454s] INFO:colcon.colcon_core.shell:Creating environment hook '/home/achy/ros2/ros2_arm/install/robotic_arm_moveit_config/share/robotic_arm_moveit_config/hook/cmake_prefix_path.ps1'
[0.455s] INFO:colcon.colcon_core.shell:Creating environment descriptor '/home/achy/ros2/ros2_arm/install/robotic_arm_moveit_config/share/robotic_arm_moveit_config/hook/cmake_prefix_path.dsv'
[0.456s] INFO:colcon.colcon_core.shell:Creating environment hook '/home/achy/ros2/ros2_arm/install/robotic_arm_moveit_config/share/robotic_arm_moveit_config/hook/cmake_prefix_path.sh'
[0.457s] Level 1:colcon.colcon_core.environment:checking '/home/achy/ros2/ros2_arm/install/robotic_arm_moveit_config/bin'
[0.457s] Level 1:colcon.colcon_core.environment:checking '/home/achy/ros2/ros2_arm/install/robotic_arm_moveit_config/lib/pkgconfig/robotic_arm_moveit_config.pc'
[0.458s] Level 1:colcon.colcon_core.environment:checking '/home/achy/ros2/ros2_arm/install/robotic_arm_moveit_config/lib/python3.12/site-packages'
[0.458s] Level 1:colcon.colcon_core.environment:checking '/home/achy/ros2/ros2_arm/install/robotic_arm_moveit_config/bin'
[0.458s] INFO:colcon.colcon_core.shell:Creating package script '/home/achy/ros2/ros2_arm/install/robotic_arm_moveit_config/share/robotic_arm_moveit_config/package.ps1'
[0.460s] INFO:colcon.colcon_core.shell:Creating package descriptor '/home/achy/ros2/ros2_arm/install/robotic_arm_moveit_config/share/robotic_arm_moveit_config/package.dsv'
[0.461s] INFO:colcon.colcon_core.shell:Creating package script '/home/achy/ros2/ros2_arm/install/robotic_arm_moveit_config/share/robotic_arm_moveit_config/package.sh'
[0.462s] INFO:colcon.colcon_core.shell:Creating package script '/home/achy/ros2/ros2_arm/install/robotic_arm_moveit_config/share/robotic_arm_moveit_config/package.bash'
[0.463s] INFO:colcon.colcon_core.shell:Creating package script '/home/achy/ros2/ros2_arm/install/robotic_arm_moveit_config/share/robotic_arm_moveit_config/package.zsh'
[0.463s] Level 1:colcon.colcon_core.environment:create_file_with_runtime_dependencies(/home/achy/ros2/ros2_arm/install/robotic_arm_moveit_config/share/colcon-core/packages/robotic_arm_moveit_config)
[0.464s] Level 1:colcon.colcon_core.environment:create_environment_scripts_only(robotic_arm_description)
[0.464s] Level 1:colcon.colcon_core.environment:checking '/home/achy/ros2/ros2_arm/install/robotic_arm_description' for CMake module files
[0.466s] Level 1:colcon.colcon_core.environment:checking '/home/achy/ros2/ros2_arm/install/robotic_arm_description' for CMake config files
[0.468s] Level 1:colcon.colcon_core.shell:create_environment_hook('robotic_arm_description', 'cmake_prefix_path')
[0.468s] INFO:colcon.colcon_core.shell:Creating environment hook '/home/achy/ros2/ros2_arm/install/robotic_arm_description/share/robotic_arm_description/hook/cmake_prefix_path.ps1'
[0.469s] INFO:colcon.colcon_core.shell:Creating environment descriptor '/home/achy/ros2/ros2_arm/install/robotic_arm_description/share/robotic_arm_description/hook/cmake_prefix_path.dsv'
[0.471s] INFO:colcon.colcon_core.shell:Creating environment hook '/home/achy/ros2/ros2_arm/install/robotic_arm_description/share/robotic_arm_description/hook/cmake_prefix_path.sh'
[0.472s] Level 1:colcon.colcon_core.environment:checking '/home/achy/ros2/ros2_arm/install/robotic_arm_description/bin'
[0.472s] Level 1:colcon.colcon_core.environment:checking '/home/achy/ros2/ros2_arm/install/robotic_arm_description/lib/pkgconfig/robotic_arm_description.pc'
[0.472s] Level 1:colcon.colcon_core.environment:checking '/home/achy/ros2/ros2_arm/install/robotic_arm_description/lib/python3.12/site-packages'
[0.473s] Level 1:colcon.colcon_core.environment:checking '/home/achy/ros2/ros2_arm/install/robotic_arm_description/bin'
[0.473s] INFO:colcon.colcon_core.shell:Creating package script '/home/achy/ros2/ros2_arm/install/robotic_arm_description/share/robotic_arm_description/package.ps1'
[0.474s] INFO:colcon.colcon_core.shell:Creating package descriptor '/home/achy/ros2/ros2_arm/install/robotic_arm_description/share/robotic_arm_description/package.dsv'
[0.475s] INFO:colcon.colcon_core.shell:Creating package script '/home/achy/ros2/ros2_arm/install/robotic_arm_description/share/robotic_arm_description/package.sh'
[0.476s] INFO:colcon.colcon_core.shell:Creating package script '/home/achy/ros2/ros2_arm/install/robotic_arm_description/share/robotic_arm_description/package.bash'
[0.477s] INFO:colcon.colcon_core.shell:Creating package script '/home/achy/ros2/ros2_arm/install/robotic_arm_description/share/robotic_arm_description/package.zsh'
[0.478s] Level 1:colcon.colcon_core.environment:create_file_with_runtime_dependencies(/home/achy/ros2/ros2_arm/install/robotic_arm_description/share/colcon-core/packages/robotic_arm_description)
[0.479s] Level 1:colcon.colcon_core.environment:create_environment_scripts_only(robotic_arm_description)
[0.479s] Level 1:colcon.colcon_core.environment:checking '/home/achy/ros2/ros2_arm/install/robotic_arm_description' for CMake module files
[0.481s] Level 1:colcon.colcon_core.environment:checking '/home/achy/ros2/ros2_arm/install/robotic_arm_description' for CMake config files
[0.484s] Level 1:colcon.colcon_core.shell:create_environment_hook('robotic_arm_description', 'cmake_prefix_path')
[0.484s] INFO:colcon.colcon_core.shell:Creating environment hook '/home/achy/ros2/ros2_arm/install/robotic_arm_description/share/robotic_arm_description/hook/cmake_prefix_path.ps1'
[0.486s] INFO:colcon.colcon_core.shell:Creating environment descriptor '/home/achy/ros2/ros2_arm/install/robotic_arm_description/share/robotic_arm_description/hook/cmake_prefix_path.dsv'
[0.488s] INFO:colcon.colcon_core.shell:Creating environment hook '/home/achy/ros2/ros2_arm/install/robotic_arm_description/share/robotic_arm_description/hook/cmake_prefix_path.sh'
[0.489s] Level 1:colcon.colcon_core.environment:checking '/home/achy/ros2/ros2_arm/install/robotic_arm_description/bin'
[0.489s] Level 1:colcon.colcon_core.environment:checking '/home/achy/ros2/ros2_arm/install/robotic_arm_description/lib/pkgconfig/robotic_arm_description.pc'
[0.490s] Level 1:colcon.colcon_core.environment:checking '/home/achy/ros2/ros2_arm/install/robotic_arm_description/lib/python3.12/site-packages'
[0.490s] Level 1:colcon.colcon_core.environment:checking '/home/achy/ros2/ros2_arm/install/robotic_arm_description/bin'
[0.490s] INFO:colcon.colcon_core.shell:Creating package script '/home/achy/ros2/ros2_arm/install/robotic_arm_description/share/robotic_arm_description/package.ps1'
[0.492s] INFO:colcon.colcon_core.shell:Creating package descriptor '/home/achy/ros2/ros2_arm/install/robotic_arm_description/share/robotic_arm_description/package.dsv'
[0.493s] INFO:colcon.colcon_core.shell:Creating package script '/home/achy/ros2/ros2_arm/install/robotic_arm_description/share/robotic_arm_description/package.sh'
[0.494s] INFO:colcon.colcon_core.shell:Creating package script '/home/achy/ros2/ros2_arm/install/robotic_arm_description/share/robotic_arm_description/package.bash'
[0.495s] INFO:colcon.colcon_core.shell:Creating package script '/home/achy/ros2/ros2_arm/install/robotic_arm_description/share/robotic_arm_description/package.zsh'
[0.496s] Level 1:colcon.colcon_core.environment:create_file_with_runtime_dependencies(/home/achy/ros2/ros2_arm/install/robotic_arm_description/share/colcon-core/packages/robotic_arm_description)
[0.500s] Level 1:colcon.colcon_core.environment:create_environment_scripts_only(robotic_arm_gazebo)
[0.500s] Level 1:colcon.colcon_core.environment:checking '/home/achy/ros2/ros2_arm/install/robotic_arm_gazebo' for CMake module files
[0.501s] Level 1:colcon.colcon_core.environment:checking '/home/achy/ros2/ros2_arm/install/robotic_arm_gazebo' for CMake config files
[0.527s] DEBUG:colcon.colcon_core.event_handler.log_command:Invoked command in '/home/achy/ros2/ros2_arm/build/robotic_arm_moveit_config' returned '0': CMAKE_PREFIX_PATH=${CMAKE_PREFIX_PATH}:/opt/ros/jazzy DEBUGINFOD_URLS=https://debuginfod.ubuntu.com /usr/bin/cmake --install /home/achy/ros2/ros2_arm/build/robotic_arm_moveit_config
[0.528s] DEBUG:colcon.colcon_core.event_handler.log_command:Invoked command in '/home/achy/ros2/ros2_arm/build/robotic_arm_description' returned '0': CMAKE_PREFIX_PATH=${CMAKE_PREFIX_PATH}:/opt/ros/jazzy DEBUGINFOD_URLS=https://debuginfod.ubuntu.com /usr/bin/cmake --install /home/achy/ros2/ros2_arm/build/robotic_arm_description
[0.529s] DEBUG:colcon.colcon_core.event_handler.log_command:Invoked command in '/home/achy/ros2/ros2_arm/build/robotic_arm_sys_test' returned '0': CMAKE_PREFIX_PATH=${CMAKE_PREFIX_PATH}:/opt/ros/jazzy DEBUGINFOD_URLS=https://debuginfod.ubuntu.com /usr/bin/cmake --build /home/achy/ros2/ros2_arm/build/robotic_arm_sys_test -- -j8 -l8
[0.530s] DEBUG:colcon.colcon_core.event_handler.log_command:Invoking command in '/home/achy/ros2/ros2_arm/build/robotic_arm_sys_test': CMAKE_PREFIX_PATH=${CMAKE_PREFIX_PATH}:/opt/ros/jazzy DEBUGINFOD_URLS=https://debuginfod.ubuntu.com /usr/bin/cmake --install /home/achy/ros2/ros2_arm/build/robotic_arm_sys_test
[0.530s] DEBUG:colcon.colcon_core.event_handler.log_command:Invoked command in '/home/achy/ros2/ros2_arm/build/robotic_arm_gazebo' returned '0': CMAKE_PREFIX_PATH=${CMAKE_PREFIX_PATH}:/opt/ros/jazzy DEBUGINFOD_URLS=https://debuginfod.ubuntu.com /usr/bin/cmake --install /home/achy/ros2/ros2_arm/build/robotic_arm_gazebo
[0.542s] Level 1:colcon.colcon_core.shell:create_environment_hook('robotic_arm_gazebo', 'cmake_prefix_path')
[0.543s] INFO:colcon.colcon_core.shell:Creating environment hook '/home/achy/ros2/ros2_arm/install/robotic_arm_gazebo/share/robotic_arm_gazebo/hook/cmake_prefix_path.ps1'
[0.544s] INFO:colcon.colcon_core.shell:Creating environment descriptor '/home/achy/ros2/ros2_arm/install/robotic_arm_gazebo/share/robotic_arm_gazebo/hook/cmake_prefix_path.dsv'
[0.544s] INFO:colcon.colcon_core.shell:Creating environment hook '/home/achy/ros2/ros2_arm/install/robotic_arm_gazebo/share/robotic_arm_gazebo/hook/cmake_prefix_path.sh'
[0.545s] Level 1:colcon.colcon_core.environment:checking '/home/achy/ros2/ros2_arm/install/robotic_arm_gazebo/bin'
[0.545s] Level 1:colcon.colcon_core.environment:checking '/home/achy/ros2/ros2_arm/install/robotic_arm_gazebo/lib/pkgconfig/robotic_arm_gazebo.pc'
[0.545s] Level 1:colcon.colcon_core.environment:checking '/home/achy/ros2/ros2_arm/install/robotic_arm_gazebo/lib/python3.12/site-packages'
[0.546s] Level 1:colcon.colcon_core.environment:checking '/home/achy/ros2/ros2_arm/install/robotic_arm_gazebo/bin'
[0.546s] INFO:colcon.colcon_core.shell:Creating package script '/home/achy/ros2/ros2_arm/install/robotic_arm_gazebo/share/robotic_arm_gazebo/package.ps1'
[0.547s] INFO:colcon.colcon_core.shell:Creating package descriptor '/home/achy/ros2/ros2_arm/install/robotic_arm_gazebo/share/robotic_arm_gazebo/package.dsv'
[0.547s] INFO:colcon.colcon_core.shell:Creating package script '/home/achy/ros2/ros2_arm/install/robotic_arm_gazebo/share/robotic_arm_gazebo/package.sh'
[0.548s] INFO:colcon.colcon_core.shell:Creating package script '/home/achy/ros2/ros2_arm/install/robotic_arm_gazebo/share/robotic_arm_gazebo/package.bash'
[0.548s] INFO:colcon.colcon_core.shell:Creating package script '/home/achy/ros2/ros2_arm/install/robotic_arm_gazebo/share/robotic_arm_gazebo/package.zsh'
[0.549s] Level 1:colcon.colcon_core.environment:create_file_with_runtime_dependencies(/home/achy/ros2/ros2_arm/install/robotic_arm_gazebo/share/colcon-core/packages/robotic_arm_gazebo)
[0.550s] Level 1:colcon.colcon_core.environment:create_environment_scripts_only(robotic_arm_gazebo)
[0.550s] Level 1:colcon.colcon_core.environment:checking '/home/achy/ros2/ros2_arm/install/robotic_arm_gazebo' for CMake module files
[0.550s] Level 1:colcon.colcon_core.environment:checking '/home/achy/ros2/ros2_arm/install/robotic_arm_gazebo' for CMake config files
[0.556s] Level 1:colcon.colcon_core.shell:create_environment_hook('robotic_arm_gazebo', 'cmake_prefix_path')
[0.557s] INFO:colcon.colcon_core.shell:Creating environment hook '/home/achy/ros2/ros2_arm/install/robotic_arm_gazebo/share/robotic_arm_gazebo/hook/cmake_prefix_path.ps1'
[0.558s] INFO:colcon.colcon_core.shell:Creating environment descriptor '/home/achy/ros2/ros2_arm/install/robotic_arm_gazebo/share/robotic_arm_gazebo/hook/cmake_prefix_path.dsv'
[0.558s] INFO:colcon.colcon_core.shell:Creating environment hook '/home/achy/ros2/ros2_arm/install/robotic_arm_gazebo/share/robotic_arm_gazebo/hook/cmake_prefix_path.sh'
[0.559s] Level 1:colcon.colcon_core.environment:checking '/home/achy/ros2/ros2_arm/install/robotic_arm_gazebo/bin'
[0.559s] Level 1:colcon.colcon_core.environment:checking '/home/achy/ros2/ros2_arm/install/robotic_arm_gazebo/lib/pkgconfig/robotic_arm_gazebo.pc'
[0.559s] Level 1:colcon.colcon_core.environment:checking '/home/achy/ros2/ros2_arm/install/robotic_arm_gazebo/lib/python3.12/site-packages'
[0.560s] Level 1:colcon.colcon_core.environment:checking '/home/achy/ros2/ros2_arm/install/robotic_arm_gazebo/bin'
[0.560s] INFO:colcon.colcon_core.shell:Creating package script '/home/achy/ros2/ros2_arm/install/robotic_arm_gazebo/share/robotic_arm_gazebo/package.ps1'
[0.561s] INFO:colcon.colcon_core.shell:Creating package descriptor '/home/achy/ros2/ros2_arm/install/robotic_arm_gazebo/share/robotic_arm_gazebo/package.dsv'
[0.561s] INFO:colcon.colcon_core.shell:Creating package script '/home/achy/ros2/ros2_arm/install/robotic_arm_gazebo/share/robotic_arm_gazebo/package.sh'
[0.562s] INFO:colcon.colcon_core.shell:Creating package script '/home/achy/ros2/ros2_arm/install/robotic_arm_gazebo/share/robotic_arm_gazebo/package.bash'
[0.563s] INFO:colcon.colcon_core.shell:Creating package script '/home/achy/ros2/ros2_arm/install/robotic_arm_gazebo/share/robotic_arm_gazebo/package.zsh'
[0.563s] Level 1:colcon.colcon_core.environment:create_file_with_runtime_dependencies(/home/achy/ros2/ros2_arm/install/robotic_arm_gazebo/share/colcon-core/packages/robotic_arm_gazebo)
[0.565s] Level 1:colcon.colcon_core.environment:create_environment_scripts_only(robotic_arm_sys_test)
[0.565s] Level 1:colcon.colcon_core.environment:checking '/home/achy/ros2/ros2_arm/install/robotic_arm_sys_test' for CMake module files
[0.566s] DEBUG:colcon.colcon_core.event_handler.log_command:Invoked command in '/home/achy/ros2/ros2_arm/build/robotic_arm_sys_test' returned '0': CMAKE_PREFIX_PATH=${CMAKE_PREFIX_PATH}:/opt/ros/jazzy DEBUGINFOD_URLS=https://debuginfod.ubuntu.com /usr/bin/cmake --install /home/achy/ros2/ros2_arm/build/robotic_arm_sys_test
[0.566s] Level 1:colcon.colcon_core.environment:checking '/home/achy/ros2/ros2_arm/install/robotic_arm_sys_test' for CMake config files
[0.566s] Level 1:colcon.colcon_core.shell:create_environment_hook('robotic_arm_sys_test', 'cmake_prefix_path')
[0.566s] INFO:colcon.colcon_core.shell:Creating environment hook '/home/achy/ros2/ros2_arm/install/robotic_arm_sys_test/share/robotic_arm_sys_test/hook/cmake_prefix_path.ps1'
[0.567s] INFO:colcon.colcon_core.shell:Creating environment descriptor '/home/achy/ros2/ros2_arm/install/robotic_arm_sys_test/share/robotic_arm_sys_test/hook/cmake_prefix_path.dsv'
[0.567s] INFO:colcon.colcon_core.shell:Creating environment hook '/home/achy/ros2/ros2_arm/install/robotic_arm_sys_test/share/robotic_arm_sys_test/hook/cmake_prefix_path.sh'
[0.568s] Level 1:colcon.colcon_core.environment:checking '/home/achy/ros2/ros2_arm/install/robotic_arm_sys_test/lib'
[0.568s] Level 1:colcon.colcon_core.environment:checking '/home/achy/ros2/ros2_arm/install/robotic_arm_sys_test/bin'
[0.569s] Level 1:colcon.colcon_core.environment:checking '/home/achy/ros2/ros2_arm/install/robotic_arm_sys_test/lib/pkgconfig/robotic_arm_sys_test.pc'
[0.569s] Level 1:colcon.colcon_core.environment:checking '/home/achy/ros2/ros2_arm/install/robotic_arm_sys_test/lib/python3.12/site-packages'
[0.569s] Level 1:colcon.colcon_core.environment:checking '/home/achy/ros2/ros2_arm/install/robotic_arm_sys_test/bin'
[0.569s] INFO:colcon.colcon_core.shell:Creating package script '/home/achy/ros2/ros2_arm/install/robotic_arm_sys_test/share/robotic_arm_sys_test/package.ps1'
[0.570s] INFO:colcon.colcon_core.shell:Creating package descriptor '/home/achy/ros2/ros2_arm/install/robotic_arm_sys_test/share/robotic_arm_sys_test/package.dsv'
[0.570s] INFO:colcon.colcon_core.shell:Creating package script '/home/achy/ros2/ros2_arm/install/robotic_arm_sys_test/share/robotic_arm_sys_test/package.sh'
[0.571s] INFO:colcon.colcon_core.shell:Creating package script '/home/achy/ros2/ros2_arm/install/robotic_arm_sys_test/share/robotic_arm_sys_test/package.bash'
[0.571s] INFO:colcon.colcon_core.shell:Creating package script '/home/achy/ros2/ros2_arm/install/robotic_arm_sys_test/share/robotic_arm_sys_test/package.zsh'
[0.571s] Level 1:colcon.colcon_core.environment:create_file_with_runtime_dependencies(/home/achy/ros2/ros2_arm/install/robotic_arm_sys_test/share/colcon-core/packages/robotic_arm_sys_test)
[0.572s] Level 1:colcon.colcon_core.environment:create_environment_scripts_only(robotic_arm_sys_test)
[0.572s] Level 1:colcon.colcon_core.environment:checking '/home/achy/ros2/ros2_arm/install/robotic_arm_sys_test' for CMake module files
[0.572s] Level 1:colcon.colcon_core.environment:checking '/home/achy/ros2/ros2_arm/install/robotic_arm_sys_test' for CMake config files
[0.573s] Level 1:colcon.colcon_core.shell:create_environment_hook('robotic_arm_sys_test', 'cmake_prefix_path')
[0.573s] INFO:colcon.colcon_core.shell:Creating environment hook '/home/achy/ros2/ros2_arm/install/robotic_arm_sys_test/share/robotic_arm_sys_test/hook/cmake_prefix_path.ps1'
[0.573s] INFO:colcon.colcon_core.shell:Creating environment descriptor '/home/achy/ros2/ros2_arm/install/robotic_arm_sys_test/share/robotic_arm_sys_test/hook/cmake_prefix_path.dsv'
[0.574s] INFO:colcon.colcon_core.shell:Creating environment hook '/home/achy/ros2/ros2_arm/install/robotic_arm_sys_test/share/robotic_arm_sys_test/hook/cmake_prefix_path.sh'
[0.574s] Level 1:colcon.colcon_core.environment:checking '/home/achy/ros2/ros2_arm/install/robotic_arm_sys_test/lib'
[0.574s] Level 1:colcon.colcon_core.environment:checking '/home/achy/ros2/ros2_arm/install/robotic_arm_sys_test/bin'
[0.574s] Level 1:colcon.colcon_core.environment:checking '/home/achy/ros2/ros2_arm/install/robotic_arm_sys_test/lib/pkgconfig/robotic_arm_sys_test.pc'
[0.575s] Level 1:colcon.colcon_core.environment:checking '/home/achy/ros2/ros2_arm/install/robotic_arm_sys_test/lib/python3.12/site-packages'
[0.575s] Level 1:colcon.colcon_core.environment:checking '/home/achy/ros2/ros2_arm/install/robotic_arm_sys_test/bin'
[0.575s] INFO:colcon.colcon_core.shell:Creating package script '/home/achy/ros2/ros2_arm/install/robotic_arm_sys_test/share/robotic_arm_sys_test/package.ps1'
[0.576s] INFO:colcon.colcon_core.shell:Creating package descriptor '/home/achy/ros2/ros2_arm/install/robotic_arm_sys_test/share/robotic_arm_sys_test/package.dsv'
[0.576s] INFO:colcon.colcon_core.shell:Creating package script '/home/achy/ros2/ros2_arm/install/robotic_arm_sys_test/share/robotic_arm_sys_test/package.sh'
[0.577s] INFO:colcon.colcon_core.shell:Creating package script '/home/achy/ros2/ros2_arm/install/robotic_arm_sys_test/share/robotic_arm_sys_test/package.bash'
[0.577s] INFO:colcon.colcon_core.shell:Creating package script '/home/achy/ros2/ros2_arm/install/robotic_arm_sys_test/share/robotic_arm_sys_test/package.zsh'
[0.578s] Level 1:colcon.colcon_core.environment:create_file_with_runtime_dependencies(/home/achy/ros2/ros2_arm/install/robotic_arm_sys_test/share/colcon-core/packages/robotic_arm_sys_test)
[0.578s] INFO:colcon.colcon_ros.task.ament_cmake.build:Building ROS package in '/home/achy/ros2/ros2_arm/src/robotic_arm/robotic_arm' with build type 'ament_cmake'
[0.578s] INFO:colcon.colcon_cmake.task.cmake.build:Building CMake package in '/home/achy/ros2/ros2_arm/src/robotic_arm/robotic_arm'
[0.578s] INFO:colcon.colcon_core.shell:Skip shell extension 'powershell' for command environment: Not usable outside of PowerShell
[0.579s] DEBUG:colcon.colcon_core.shell:Skip shell extension 'dsv' for command environment
[0.593s] DEBUG:colcon.colcon_core.event_handler.log_command:Invoking command in '/home/achy/ros2/ros2_arm/build/robotic_arm': CMAKE_PREFIX_PATH=/home/achy/ros2/ros2_arm/install/robotic_arm_sys_test:/home/achy/ros2/ros2_arm/install/robotic_arm_moveit_config:/home/achy/ros2/ros2_arm/install/robotic_arm_gazebo:/home/achy/ros2/ros2_arm/install/robotic_arm_description:/home/achy/ros2/ros2_arm/install/robotic_arm_bringup:/home/achy/ros2/ros2_arm/install/robotic_arm:/opt/ros/jazzy/opt/gz_sim_vendor:/opt/ros/jazzy/opt/gz_sensors_vendor:/opt/ros/jazzy/opt/gz_physics_vendor:/opt/ros/jazzy/opt/sdformat_vendor:/opt/ros/jazzy/opt/gz_gui_vendor:/opt/ros/jazzy/opt/gz_transport_vendor:/opt/ros/jazzy/opt/gz_rendering_vendor:/opt/ros/jazzy/opt/gz_plugin_vendor:/opt/ros/jazzy/opt/gz_fuel_tools_vendor:/opt/ros/jazzy/opt/gz_msgs_vendor:/opt/ros/jazzy/opt/gz_common_vendor:/opt/ros/jazzy/opt/gz_math_vendor:/opt/ros/jazzy/opt/gz_utils_vendor:/opt/ros/jazzy/opt/gz_tools_vendor:/opt/ros/jazzy/opt/gz_ogre_next_vendor:/opt/ros/jazzy/opt/gz_dartsim_vendor:/opt/ros/jazzy/opt/gz_cmake_vendor:/opt/ros/jazzy DEBUGINFOD_URLS=https://debuginfod.ubuntu.com /usr/bin/cmake --build /home/achy/ros2/ros2_arm/build/robotic_arm -- -j8 -l8
[0.628s] DEBUG:colcon.colcon_core.event_handler.log_command:Invoked command in '/home/achy/ros2/ros2_arm/build/robotic_arm' returned '0': CMAKE_PREFIX_PATH=/home/achy/ros2/ros2_arm/install/robotic_arm_sys_test:/home/achy/ros2/ros2_arm/install/robotic_arm_moveit_config:/home/achy/ros2/ros2_arm/install/robotic_arm_gazebo:/home/achy/ros2/ros2_arm/install/robotic_arm_description:/home/achy/ros2/ros2_arm/install/robotic_arm_bringup:/home/achy/ros2/ros2_arm/install/robotic_arm:/opt/ros/jazzy/opt/gz_sim_vendor:/opt/ros/jazzy/opt/gz_sensors_vendor:/opt/ros/jazzy/opt/gz_physics_vendor:/opt/ros/jazzy/opt/sdformat_vendor:/opt/ros/jazzy/opt/gz_gui_vendor:/opt/ros/jazzy/opt/gz_transport_vendor:/opt/ros/jazzy/opt/gz_rendering_vendor:/opt/ros/jazzy/opt/gz_plugin_vendor:/opt/ros/jazzy/opt/gz_fuel_tools_vendor:/opt/ros/jazzy/opt/gz_msgs_vendor:/opt/ros/jazzy/opt/gz_common_vendor:/opt/ros/jazzy/opt/gz_math_vendor:/opt/ros/jazzy/opt/gz_utils_vendor:/opt/ros/jazzy/opt/gz_tools_vendor:/opt/ros/jazzy/opt/gz_ogre_next_vendor:/opt/ros/jazzy/opt/gz_dartsim_vendor:/opt/ros/jazzy/opt/gz_cmake_vendor:/opt/ros/jazzy DEBUGINFOD_URLS=https://debuginfod.ubuntu.com /usr/bin/cmake --build /home/achy/ros2/ros2_arm/build/robotic_arm -- -j8 -l8
[0.630s] DEBUG:colcon.colcon_core.event_handler.log_command:Invoking command in '/home/achy/ros2/ros2_arm/build/robotic_arm': CMAKE_PREFIX_PATH=/home/achy/ros2/ros2_arm/install/robotic_arm_sys_test:/home/achy/ros2/ros2_arm/install/robotic_arm_moveit_config:/home/achy/ros2/ros2_arm/install/robotic_arm_gazebo:/home/achy/ros2/ros2_arm/install/robotic_arm_description:/home/achy/ros2/ros2_arm/install/robotic_arm_bringup:/home/achy/ros2/ros2_arm/install/robotic_arm:/opt/ros/jazzy/opt/gz_sim_vendor:/opt/ros/jazzy/opt/gz_sensors_vendor:/opt/ros/jazzy/opt/gz_physics_vendor:/opt/ros/jazzy/opt/sdformat_vendor:/opt/ros/jazzy/opt/gz_gui_vendor:/opt/ros/jazzy/opt/gz_transport_vendor:/opt/ros/jazzy/opt/gz_rendering_vendor:/opt/ros/jazzy/opt/gz_plugin_vendor:/opt/ros/jazzy/opt/gz_fuel_tools_vendor:/opt/ros/jazzy/opt/gz_msgs_vendor:/opt/ros/jazzy/opt/gz_common_vendor:/opt/ros/jazzy/opt/gz_math_vendor:/opt/ros/jazzy/opt/gz_utils_vendor:/opt/ros/jazzy/opt/gz_tools_vendor:/opt/ros/jazzy/opt/gz_ogre_next_vendor:/opt/ros/jazzy/opt/gz_dartsim_vendor:/opt/ros/jazzy/opt/gz_cmake_vendor:/opt/ros/jazzy DEBUGINFOD_URLS=https://debuginfod.ubuntu.com /usr/bin/cmake --install /home/achy/ros2/ros2_arm/build/robotic_arm
[0.651s] Level 1:colcon.colcon_core.environment:create_environment_scripts_only(robotic_arm)
[0.652s] Level 1:colcon.colcon_core.environment:checking '/home/achy/ros2/ros2_arm/install/robotic_arm' for CMake module files
[0.652s] DEBUG:colcon.colcon_core.event_handler.log_command:Invoked command in '/home/achy/ros2/ros2_arm/build/robotic_arm' returned '0': CMAKE_PREFIX_PATH=/home/achy/ros2/ros2_arm/install/robotic_arm_sys_test:/home/achy/ros2/ros2_arm/install/robotic_arm_moveit_config:/home/achy/ros2/ros2_arm/install/robotic_arm_gazebo:/home/achy/ros2/ros2_arm/install/robotic_arm_description:/home/achy/ros2/ros2_arm/install/robotic_arm_bringup:/home/achy/ros2/ros2_arm/install/robotic_arm:/opt/ros/jazzy/opt/gz_sim_vendor:/opt/ros/jazzy/opt/gz_sensors_vendor:/opt/ros/jazzy/opt/gz_physics_vendor:/opt/ros/jazzy/opt/sdformat_vendor:/opt/ros/jazzy/opt/gz_gui_vendor:/opt/ros/jazzy/opt/gz_transport_vendor:/opt/ros/jazzy/opt/gz_rendering_vendor:/opt/ros/jazzy/opt/gz_plugin_vendor:/opt/ros/jazzy/opt/gz_fuel_tools_vendor:/opt/ros/jazzy/opt/gz_msgs_vendor:/opt/ros/jazzy/opt/gz_common_vendor:/opt/ros/jazzy/opt/gz_math_vendor:/opt/ros/jazzy/opt/gz_utils_vendor:/opt/ros/jazzy/opt/gz_tools_vendor:/opt/ros/jazzy/opt/gz_ogre_next_vendor:/opt/ros/jazzy/opt/gz_dartsim_vendor:/opt/ros/jazzy/opt/gz_cmake_vendor:/opt/ros/jazzy DEBUGINFOD_URLS=https://debuginfod.ubuntu.com /usr/bin/cmake --install /home/achy/ros2/ros2_arm/build/robotic_arm
[0.653s] Level 1:colcon.colcon_core.environment:checking '/home/achy/ros2/ros2_arm/install/robotic_arm' for CMake config files
[0.653s] Level 1:colcon.colcon_core.shell:create_environment_hook('robotic_arm', 'cmake_prefix_path')
[0.653s] INFO:colcon.colcon_core.shell:Creating environment hook '/home/achy/ros2/ros2_arm/install/robotic_arm/share/robotic_arm/hook/cmake_prefix_path.ps1'
[0.654s] INFO:colcon.colcon_core.shell:Creating environment descriptor '/home/achy/ros2/ros2_arm/install/robotic_arm/share/robotic_arm/hook/cmake_prefix_path.dsv'
[0.654s] INFO:colcon.colcon_core.shell:Creating environment hook '/home/achy/ros2/ros2_arm/install/robotic_arm/share/robotic_arm/hook/cmake_prefix_path.sh'
[0.655s] Level 1:colcon.colcon_core.environment:checking '/home/achy/ros2/ros2_arm/install/robotic_arm/bin'
[0.655s] Level 1:colcon.colcon_core.environment:checking '/home/achy/ros2/ros2_arm/install/robotic_arm/lib/pkgconfig/robotic_arm.pc'
[0.655s] Level 1:colcon.colcon_core.environment:checking '/home/achy/ros2/ros2_arm/install/robotic_arm/lib/python3.12/site-packages'
[0.655s] Level 1:colcon.colcon_core.environment:checking '/home/achy/ros2/ros2_arm/install/robotic_arm/bin'
[0.656s] INFO:colcon.colcon_core.shell:Creating package script '/home/achy/ros2/ros2_arm/install/robotic_arm/share/robotic_arm/package.ps1'
[0.656s] INFO:colcon.colcon_core.shell:Creating package descriptor '/home/achy/ros2/ros2_arm/install/robotic_arm/share/robotic_arm/package.dsv'
[0.656s] INFO:colcon.colcon_core.shell:Creating package script '/home/achy/ros2/ros2_arm/install/robotic_arm/share/robotic_arm/package.sh'
[0.657s] INFO:colcon.colcon_core.shell:Creating package script '/home/achy/ros2/ros2_arm/install/robotic_arm/share/robotic_arm/package.bash'
[0.657s] INFO:colcon.colcon_core.shell:Creating package script '/home/achy/ros2/ros2_arm/install/robotic_arm/share/robotic_arm/package.zsh'
[0.658s] Level 1:colcon.colcon_core.environment:create_file_with_runtime_dependencies(/home/achy/ros2/ros2_arm/install/robotic_arm/share/colcon-core/packages/robotic_arm)
[0.658s] Level 1:colcon.colcon_core.environment:create_environment_scripts_only(robotic_arm)
[0.658s] Level 1:colcon.colcon_core.environment:checking '/home/achy/ros2/ros2_arm/install/robotic_arm' for CMake module files
[0.659s] Level 1:colcon.colcon_core.environment:checking '/home/achy/ros2/ros2_arm/install/robotic_arm' for CMake config files
[0.659s] Level 1:colcon.colcon_core.shell:create_environment_hook('robotic_arm', 'cmake_prefix_path')
[0.659s] INFO:colcon.colcon_core.shell:Creating environment hook '/home/achy/ros2/ros2_arm/install/robotic_arm/share/robotic_arm/hook/cmake_prefix_path.ps1'
[0.660s] INFO:colcon.colcon_core.shell:Creating environment descriptor '/home/achy/ros2/ros2_arm/install/robotic_arm/share/robotic_arm/hook/cmake_prefix_path.dsv'
[0.660s] INFO:colcon.colcon_core.shell:Creating environment hook '/home/achy/ros2/ros2_arm/install/robotic_arm/share/robotic_arm/hook/cmake_prefix_path.sh'
[0.661s] Level 1:colcon.colcon_core.environment:checking '/home/achy/ros2/ros2_arm/install/robotic_arm/bin'
[0.661s] Level 1:colcon.colcon_core.environment:checking '/home/achy/ros2/ros2_arm/install/robotic_arm/lib/pkgconfig/robotic_arm.pc'
[0.661s] Level 1:colcon.colcon_core.environment:checking '/home/achy/ros2/ros2_arm/install/robotic_arm/lib/python3.12/site-packages'
[0.661s] Level 1:colcon.colcon_core.environment:checking '/home/achy/ros2/ros2_arm/install/robotic_arm/bin'
[0.661s] INFO:colcon.colcon_core.shell:Creating package script '/home/achy/ros2/ros2_arm/install/robotic_arm/share/robotic_arm/package.ps1'
[0.662s] INFO:colcon.colcon_core.shell:Creating package descriptor '/home/achy/ros2/ros2_arm/install/robotic_arm/share/robotic_arm/package.dsv'
[0.663s] INFO:colcon.colcon_core.shell:Creating package script '/home/achy/ros2/ros2_arm/install/robotic_arm/share/robotic_arm/package.sh'
[0.663s] INFO:colcon.colcon_core.shell:Creating package script '/home/achy/ros2/ros2_arm/install/robotic_arm/share/robotic_arm/package.bash'
[0.663s] INFO:colcon.colcon_core.shell:Creating package script '/home/achy/ros2/ros2_arm/install/robotic_arm/share/robotic_arm/package.zsh'
[0.664s] Level 1:colcon.colcon_core.environment:create_file_with_runtime_dependencies(/home/achy/ros2/ros2_arm/install/robotic_arm/share/colcon-core/packages/robotic_arm)
[0.664s] DEBUG:colcon.colcon_parallel_executor.executor.parallel:closing loop
[0.665s] DEBUG:colcon.colcon_parallel_executor.executor.parallel:loop closed
[0.665s] DEBUG:colcon.colcon_parallel_executor.executor.parallel:run_until_complete finished with '0'
[0.666s] DEBUG:colcon.colcon_core.event_reactor:joining thread
[0.671s] INFO:colcon.colcon_core.plugin_system:Skipping extension 'colcon_notification.desktop_notification.terminal_notifier': Not used on non-Darwin systems
[0.671s] INFO:colcon.colcon_core.plugin_system:Skipping extension 'colcon_notification.desktop_notification.win32': Not used on non-Windows systems
[0.671s] INFO:colcon.colcon_notification.desktop_notification:Sending desktop notification using 'notify2'
[0.695s] DEBUG:colcon.colcon_core.event_reactor:joined thread
[0.695s] INFO:colcon.colcon_core.shell:Creating prefix script '/home/achy/ros2/ros2_arm/install/local_setup.ps1'
[0.697s] INFO:colcon.colcon_core.shell:Creating prefix util module '/home/achy/ros2/ros2_arm/install/_local_setup_util_ps1.py'
[0.698s] INFO:colcon.colcon_core.shell:Creating prefix chain script '/home/achy/ros2/ros2_arm/install/setup.ps1'
[0.699s] INFO:colcon.colcon_core.shell:Creating prefix script '/home/achy/ros2/ros2_arm/install/local_setup.sh'
[0.700s] INFO:colcon.colcon_core.shell:Creating prefix util module '/home/achy/ros2/ros2_arm/install/_local_setup_util_sh.py'
[0.700s] INFO:colcon.colcon_core.shell:Creating prefix chain script '/home/achy/ros2/ros2_arm/install/setup.sh'
[0.702s] INFO:colcon.colcon_core.shell:Creating prefix script '/home/achy/ros2/ros2_arm/install/local_setup.bash'
[0.702s] INFO:colcon.colcon_core.shell:Creating prefix chain script '/home/achy/ros2/ros2_arm/install/setup.bash'
[0.703s] INFO:colcon.colcon_core.shell:Creating prefix script '/home/achy/ros2/ros2_arm/install/local_setup.zsh'
[0.704s] INFO:colcon.colcon_core.shell:Creating prefix chain script '/home/achy/ros2/ros2_arm/install/setup.zsh'
