[0.053s] Invoking command in '/home/achy/ros2/ros2_arm/build/robotic_arm_moveit_config': CMAKE_PREFIX_PATH=${CMAKE_PREFIX_PATH}:/opt/ros/jazzy DEBUGINFOD_URLS=https://debuginfod.ubuntu.com /usr/bin/cmake --build /home/achy/ros2/ros2_arm/build/robotic_arm_moveit_config -- -j8 -l8
[0.244s] Invoked command in '/home/achy/ros2/ros2_arm/build/robotic_arm_moveit_config' returned '0': CMAKE_PREFIX_PATH=${CMAKE_PREFIX_PATH}:/opt/ros/jazzy DEBUGINFOD_URLS=https://debuginfod.ubuntu.com /usr/bin/cmake --build /home/achy/ros2/ros2_arm/build/robotic_arm_moveit_config -- -j8 -l8
[0.245s] Invoking command in '/home/achy/ros2/ros2_arm/build/robotic_arm_moveit_config': CMAKE_PREFIX_PATH=${CMAKE_PREFIX_PATH}:/opt/ros/jazzy DEBUGINFOD_URLS=https://debuginfod.ubuntu.com /usr/bin/cmake --install /home/achy/ros2/ros2_arm/build/robotic_arm_moveit_config
[0.266s] -- Install configuration: ""
[0.267s] -- Execute custom install script
[0.271s] -- Up-to-date symlink: /home/achy/ros2/ros2_arm/install/robotic_arm_moveit_config/share/robotic_arm_moveit_config/config/robotic_arm_280/ros2_controllers.yaml
[0.273s] -- Up-to-date symlink: /home/achy/ros2/ros2_arm/install/robotic_arm_moveit_config/share/robotic_arm_moveit_config/config/robotic_arm_280/ros2_controllers_template.yaml
[0.273s] -- Up-to-date symlink: /home/achy/ros2/ros2_arm/install/robotic_arm_moveit_config/share/robotic_arm_moveit_config/launch/load_ros2_controllers.launch.py
[0.274s] -- Up-to-date symlink: /home/achy/ros2/ros2_arm/install/robotic_arm_moveit_config/share/ament_index/resource_index/package_run_dependencies/robotic_arm_moveit_config
[0.274s] -- Up-to-date symlink: /home/achy/ros2/ros2_arm/install/robotic_arm_moveit_config/share/ament_index/resource_index/parent_prefix_path/robotic_arm_moveit_config
[0.274s] -- Up-to-date symlink: /home/achy/ros2/ros2_arm/install/robotic_arm_moveit_config/share/robotic_arm_moveit_config/environment/ament_prefix_path.sh
[0.274s] -- Up-to-date symlink: /home/achy/ros2/ros2_arm/install/robotic_arm_moveit_config/share/robotic_arm_moveit_config/environment/ament_prefix_path.dsv
[0.274s] -- Up-to-date symlink: /home/achy/ros2/ros2_arm/install/robotic_arm_moveit_config/share/robotic_arm_moveit_config/environment/path.sh
[0.276s] -- Up-to-date symlink: /home/achy/ros2/ros2_arm/install/robotic_arm_moveit_config/share/robotic_arm_moveit_config/environment/path.dsv
[0.276s] -- Up-to-date symlink: /home/achy/ros2/ros2_arm/install/robotic_arm_moveit_config/share/robotic_arm_moveit_config/local_setup.bash
[0.277s] -- Up-to-date symlink: /home/achy/ros2/ros2_arm/install/robotic_arm_moveit_config/share/robotic_arm_moveit_config/local_setup.sh
[0.277s] -- Up-to-date symlink: /home/achy/ros2/ros2_arm/install/robotic_arm_moveit_config/share/robotic_arm_moveit_config/local_setup.zsh
[0.277s] -- Up-to-date symlink: /home/achy/ros2/ros2_arm/install/robotic_arm_moveit_config/share/robotic_arm_moveit_config/local_setup.dsv
[0.278s] -- Symlinking: /home/achy/ros2/ros2_arm/install/robotic_arm_moveit_config/share/robotic_arm_moveit_config/package.dsv
[0.307s] -- Up-to-date symlink: /home/achy/ros2/ros2_arm/install/robotic_arm_moveit_config/share/ament_index/resource_index/packages/robotic_arm_moveit_config
[0.312s] -- Up-to-date symlink: /home/achy/ros2/ros2_arm/install/robotic_arm_moveit_config/share/robotic_arm_moveit_config/cmake/robotic_arm_moveit_configConfig.cmake
[0.313s] -- Up-to-date symlink: /home/achy/ros2/ros2_arm/install/robotic_arm_moveit_config/share/robotic_arm_moveit_config/cmake/robotic_arm_moveit_configConfig-version.cmake
[0.313s] -- Up-to-date symlink: /home/achy/ros2/ros2_arm/install/robotic_arm_moveit_config/share/robotic_arm_moveit_config/package.xml
[0.710s] Invoked command in '/home/achy/ros2/ros2_arm/build/robotic_arm_moveit_config' returned '0': CMAKE_PREFIX_PATH=${CMAKE_PREFIX_PATH}:/opt/ros/jazzy DEBUGINFOD_URLS=https://debuginfod.ubuntu.com /usr/bin/cmake --install /home/achy/ros2/ros2_arm/build/robotic_arm_moveit_config
