[0.027s] Invoking command in '/home/achy/ros2/ros2_arm/build/robotic_arm_bringup': CMAKE_PREFIX_PATH=${CMAKE_PREFIX_PATH}:/opt/ros/jazzy DEBUGINFOD_URLS=https://debuginfod.ubuntu.com /usr/bin/cmake /home/achy/ros2/ros2_arm/src/robotic_arm/robotic_arm_bringup -DCMAKE_INSTALL_PREFIX=/home/achy/ros2/ros2_arm/install/robotic_arm_bringup
[0.047s] -- Found ament_cmake: 2.5.6 (/opt/ros/jazzy/share/ament_cmake/cmake)
[0.257s] -- Override CMake install command with custom implementation using symlinks instead of copying resources
[0.267s] -- Found ament_lint_auto: 0.17.5 (/opt/ros/jazzy/share/ament_lint_auto/cmake)
[0.372s] -- Added test 'lint_cmake' to check CMake code style
[0.374s] -- Added test 'xmllint' to check XML markup files
[0.377s] -- Configuring done (0.3s)
[0.384s] -- Generating done (0.0s)
[0.386s] -- Build files have been written to: /home/achy/ros2/ros2_arm/build/robotic_arm_bringup
[0.391s] Invoked command in '/home/achy/ros2/ros2_arm/build/robotic_arm_bringup' returned '0': CMAKE_PREFIX_PATH=${CMAKE_PREFIX_PATH}:/opt/ros/jazzy DEBUGINFOD_URLS=https://debuginfod.ubuntu.com /usr/bin/cmake /home/achy/ros2/ros2_arm/src/robotic_arm/robotic_arm_bringup -DCMAKE_INSTALL_PREFIX=/home/achy/ros2/ros2_arm/install/robotic_arm_bringup
[0.394s] Invoking command in '/home/achy/ros2/ros2_arm/build/robotic_arm_bringup': CMAKE_PREFIX_PATH=${CMAKE_PREFIX_PATH}:/opt/ros/jazzy DEBUGINFOD_URLS=https://debuginfod.ubuntu.com /usr/bin/cmake --build /home/achy/ros2/ros2_arm/build/robotic_arm_bringup -- -j8 -l8
[0.453s] Invoked command in '/home/achy/ros2/ros2_arm/build/robotic_arm_bringup' returned '0': CMAKE_PREFIX_PATH=${CMAKE_PREFIX_PATH}:/opt/ros/jazzy DEBUGINFOD_URLS=https://debuginfod.ubuntu.com /usr/bin/cmake --build /home/achy/ros2/ros2_arm/build/robotic_arm_bringup -- -j8 -l8
[0.454s] Invoking command in '/home/achy/ros2/ros2_arm/build/robotic_arm_bringup': CMAKE_PREFIX_PATH=${CMAKE_PREFIX_PATH}:/opt/ros/jazzy DEBUGINFOD_URLS=https://debuginfod.ubuntu.com /usr/bin/cmake --install /home/achy/ros2/ros2_arm/build/robotic_arm_bringup
[0.466s] -- Install configuration: ""
[0.467s] -- Execute custom install script
[0.467s] -- Up-to-date symlink: /home/achy/ros2/ros2_arm/install/robotic_arm_bringup/share/robotic_arm_bringup/scripts/robotic_arm_280_gazebo.sh
[0.468s] -- Up-to-date symlink: /home/achy/ros2/ros2_arm/install/robotic_arm_bringup/share/ament_index/resource_index/package_run_dependencies/robotic_arm_bringup
[0.469s] -- Up-to-date symlink: /home/achy/ros2/ros2_arm/install/robotic_arm_bringup/share/ament_index/resource_index/parent_prefix_path/robotic_arm_bringup
[0.469s] -- Up-to-date symlink: /home/achy/ros2/ros2_arm/install/robotic_arm_bringup/share/robotic_arm_bringup/environment/ament_prefix_path.sh
[0.470s] -- Up-to-date symlink: /home/achy/ros2/ros2_arm/install/robotic_arm_bringup/share/robotic_arm_bringup/environment/ament_prefix_path.dsv
[0.474s] -- Up-to-date symlink: /home/achy/ros2/ros2_arm/install/robotic_arm_bringup/share/robotic_arm_bringup/environment/path.sh
[0.475s] -- Up-to-date symlink: /home/achy/ros2/ros2_arm/install/robotic_arm_bringup/share/robotic_arm_bringup/environment/path.dsv
[0.475s] -- Up-to-date symlink: /home/achy/ros2/ros2_arm/install/robotic_arm_bringup/share/robotic_arm_bringup/local_setup.bash
[0.475s] -- Up-to-date symlink: /home/achy/ros2/ros2_arm/install/robotic_arm_bringup/share/robotic_arm_bringup/local_setup.sh
[0.475s] -- Up-to-date symlink: /home/achy/ros2/ros2_arm/install/robotic_arm_bringup/share/robotic_arm_bringup/local_setup.zsh
[0.475s] -- Up-to-date symlink: /home/achy/ros2/ros2_arm/install/robotic_arm_bringup/share/robotic_arm_bringup/local_setup.dsv
[0.475s] -- Symlinking: /home/achy/ros2/ros2_arm/install/robotic_arm_bringup/share/robotic_arm_bringup/package.dsv
[0.477s] -- Up-to-date symlink: /home/achy/ros2/ros2_arm/install/robotic_arm_bringup/share/ament_index/resource_index/packages/robotic_arm_bringup
[0.477s] -- Up-to-date symlink: /home/achy/ros2/ros2_arm/install/robotic_arm_bringup/share/robotic_arm_bringup/cmake/robotic_arm_bringupConfig.cmake
[0.477s] -- Up-to-date symlink: /home/achy/ros2/ros2_arm/install/robotic_arm_bringup/share/robotic_arm_bringup/cmake/robotic_arm_bringupConfig-version.cmake
[0.477s] -- Up-to-date symlink: /home/achy/ros2/ros2_arm/install/robotic_arm_bringup/share/robotic_arm_bringup/package.xml
[0.479s] Invoked command in '/home/achy/ros2/ros2_arm/build/robotic_arm_bringup' returned '0': CMAKE_PREFIX_PATH=${CMAKE_PREFIX_PATH}:/opt/ros/jazzy DEBUGINFOD_URLS=https://debuginfod.ubuntu.com /usr/bin/cmake --install /home/achy/ros2/ros2_arm/build/robotic_arm_bringup
