[0.023s] Invoking command in '/home/achy/ros2/ros2_arm/build/robotic_arm_description': CMAKE_PREFIX_PATH=${CMAKE_PREFIX_PATH}:/opt/ros/jazzy DEBUGINFOD_URLS=https://debuginfod.ubuntu.com /usr/bin/cmake /home/achy/ros2/ros2_arm/src/robotic_arm/robotic_arm_description -DCMAKE_INSTALL_PREFIX=/home/achy/ros2/ros2_arm/install/robotic_arm_description
[0.041s] -- Found ament_cmake: 2.5.6 (/opt/ros/jazzy/share/ament_cmake/cmake)
[0.250s] -- Override CMake install command with custom implementation using symlinks instead of copying resources
[0.258s] -- Found ament_lint_auto: 0.17.5 (/opt/ros/jazzy/share/ament_lint_auto/cmake)
[0.378s] -- Added test 'flake8' to check Python code syntax and style conventions
[0.378s] -- Configured 'flake8' exclude dirs and/or files: 
[0.378s] -- Added test 'lint_cmake' to check CMake code style
[0.378s] -- Added test 'pep257' to check Python code against some of the docstring style conventions in PEP 257
[0.383s] -- Added test 'xmllint' to check XML markup files
[0.383s] -- Configuring done (0.3s)
[0.388s] -- Generating done (0.0s)
[0.389s] -- Build files have been written to: /home/achy/ros2/ros2_arm/build/robotic_arm_description
[0.392s] Invoked command in '/home/achy/ros2/ros2_arm/build/robotic_arm_description' returned '0': CMAKE_PREFIX_PATH=${CMAKE_PREFIX_PATH}:/opt/ros/jazzy DEBUGINFOD_URLS=https://debuginfod.ubuntu.com /usr/bin/cmake /home/achy/ros2/ros2_arm/src/robotic_arm/robotic_arm_description -DCMAKE_INSTALL_PREFIX=/home/achy/ros2/ros2_arm/install/robotic_arm_description
[0.393s] Invoking command in '/home/achy/ros2/ros2_arm/build/robotic_arm_description': CMAKE_PREFIX_PATH=${CMAKE_PREFIX_PATH}:/opt/ros/jazzy DEBUGINFOD_URLS=https://debuginfod.ubuntu.com /usr/bin/cmake --build /home/achy/ros2/ros2_arm/build/robotic_arm_description -- -j8 -l8
[0.435s] Invoked command in '/home/achy/ros2/ros2_arm/build/robotic_arm_description' returned '0': CMAKE_PREFIX_PATH=${CMAKE_PREFIX_PATH}:/opt/ros/jazzy DEBUGINFOD_URLS=https://debuginfod.ubuntu.com /usr/bin/cmake --build /home/achy/ros2/ros2_arm/build/robotic_arm_description -- -j8 -l8
[0.445s] Invoking command in '/home/achy/ros2/ros2_arm/build/robotic_arm_description': CMAKE_PREFIX_PATH=${CMAKE_PREFIX_PATH}:/opt/ros/jazzy DEBUGINFOD_URLS=https://debuginfod.ubuntu.com /usr/bin/cmake --install /home/achy/ros2/ros2_arm/build/robotic_arm_description
[0.457s] -- Install configuration: ""
[0.457s] -- Execute custom install script
[0.458s] -- Up-to-date symlink: /home/achy/ros2/ros2_arm/install/robotic_arm_description/share/robotic_arm_description/launch/robot_state_publisher.launch.py
[0.458s] -- Up-to-date symlink: /home/achy/ros2/ros2_arm/install/robotic_arm_description/share/robotic_arm_description/urdf/control/gazebo_sim_ros2_control.urdf.xacro
[0.458s] -- Up-to-date symlink: /home/achy/ros2/ros2_arm/install/robotic_arm_description/share/robotic_arm_description/urdf/control/robotic_arm_280_ros2_control.urdf.xacro
[0.459s] -- Up-to-date symlink: /home/achy/ros2/ros2_arm/install/robotic_arm_description/share/robotic_arm_description/urdf/mech/adaptive_gripper.urdf.xacro
[0.459s] -- Up-to-date symlink: /home/achy/ros2/ros2_arm/install/robotic_arm_description/share/robotic_arm_description/urdf/mech/g_shape_base_v2_0.urdf.xacro
[0.459s] -- Up-to-date symlink: /home/achy/ros2/ros2_arm/install/robotic_arm_description/share/robotic_arm_description/urdf/mech/robotic_arm_280_arm.urdf.xacro
[0.459s] -- Up-to-date symlink: /home/achy/ros2/ros2_arm/install/robotic_arm_description/share/robotic_arm_description/urdf/robots/robotic_arm_280.urdf.xacro
[0.459s] -- Up-to-date symlink: /home/achy/ros2/ros2_arm/install/robotic_arm_description/share/robotic_arm_description/urdf/sensors/intel_rgbd_cam_d435.urdf.xacro
[0.460s] -- Up-to-date symlink: /home/achy/ros2/ros2_arm/install/robotic_arm_description/share/robotic_arm_description/meshes/adaptive_gripper/visual/gripper_base.dae
[0.460s] -- Up-to-date symlink: /home/achy/ros2/ros2_arm/install/robotic_arm_description/share/robotic_arm_description/meshes/adaptive_gripper/visual/gripper_left1.dae
[0.461s] -- Up-to-date symlink: /home/achy/ros2/ros2_arm/install/robotic_arm_description/share/robotic_arm_description/meshes/adaptive_gripper/visual/gripper_left2.dae
[0.461s] -- Up-to-date symlink: /home/achy/ros2/ros2_arm/install/robotic_arm_description/share/robotic_arm_description/meshes/adaptive_gripper/visual/gripper_left3.dae
[0.461s] -- Up-to-date symlink: /home/achy/ros2/ros2_arm/install/robotic_arm_description/share/robotic_arm_description/meshes/adaptive_gripper/visual/gripper_right1.dae
[0.461s] -- Up-to-date symlink: /home/achy/ros2/ros2_arm/install/robotic_arm_description/share/robotic_arm_description/meshes/adaptive_gripper/visual/gripper_right2.dae
[0.461s] -- Up-to-date symlink: /home/achy/ros2/ros2_arm/install/robotic_arm_description/share/robotic_arm_description/meshes/adaptive_gripper/visual/gripper_right3.dae
[0.461s] -- Up-to-date symlink: /home/achy/ros2/ros2_arm/install/robotic_arm_description/share/robotic_arm_description/meshes/d435/visual/d435.stl
[0.462s] -- Up-to-date symlink: /home/achy/ros2/ros2_arm/install/robotic_arm_description/share/robotic_arm_description/meshes/g_shape_base_v2_0/visual/base_link.dae
[0.463s] -- Up-to-date symlink: /home/achy/ros2/ros2_arm/install/robotic_arm_description/share/robotic_arm_description/meshes/robotic_arm_280/visual/link1.dae
[0.463s] -- Up-to-date symlink: /home/achy/ros2/ros2_arm/install/robotic_arm_description/share/robotic_arm_description/meshes/robotic_arm_280/visual/link1.png
[0.463s] -- Up-to-date symlink: /home/achy/ros2/ros2_arm/install/robotic_arm_description/share/robotic_arm_description/meshes/robotic_arm_280/visual/link2.dae
[0.464s] -- Up-to-date symlink: /home/achy/ros2/ros2_arm/install/robotic_arm_description/share/robotic_arm_description/meshes/robotic_arm_280/visual/link2.png
[0.464s] -- Up-to-date symlink: /home/achy/ros2/ros2_arm/install/robotic_arm_description/share/robotic_arm_description/meshes/robotic_arm_280/visual/link3.dae
[0.464s] -- Up-to-date symlink: /home/achy/ros2/ros2_arm/install/robotic_arm_description/share/robotic_arm_description/meshes/robotic_arm_280/visual/link3.png
[0.464s] -- Up-to-date symlink: /home/achy/ros2/ros2_arm/install/robotic_arm_description/share/robotic_arm_description/meshes/robotic_arm_280/visual/link4.dae
[0.467s] -- Up-to-date symlink: /home/achy/ros2/ros2_arm/install/robotic_arm_description/share/robotic_arm_description/meshes/robotic_arm_280/visual/link4.png
[0.467s] -- Up-to-date symlink: /home/achy/ros2/ros2_arm/install/robotic_arm_description/share/robotic_arm_description/meshes/robotic_arm_280/visual/link5.dae
[0.467s] -- Up-to-date symlink: /home/achy/ros2/ros2_arm/install/robotic_arm_description/share/robotic_arm_description/meshes/robotic_arm_280/visual/link5.png
[0.467s] -- Up-to-date symlink: /home/achy/ros2/ros2_arm/install/robotic_arm_description/share/robotic_arm_description/meshes/robotic_arm_280/visual/link6.dae
[0.467s] -- Up-to-date symlink: /home/achy/ros2/ros2_arm/install/robotic_arm_description/share/robotic_arm_description/meshes/robotic_arm_280/visual/link6.png
[0.468s] -- Up-to-date symlink: /home/achy/ros2/ros2_arm/install/robotic_arm_description/share/robotic_arm_description/meshes/robotic_arm_280/visual/link7.dae
[0.468s] -- Up-to-date symlink: /home/achy/ros2/ros2_arm/install/robotic_arm_description/share/robotic_arm_description/meshes/robotic_arm_280/visual/link7.png
[0.468s] -- Up-to-date symlink: /home/achy/ros2/ros2_arm/install/robotic_arm_description/share/robotic_arm_description/meshes/robotic_arm_280/visual/suit_env.dae
[0.468s] -- Up-to-date symlink: /home/achy/ros2/ros2_arm/install/robotic_arm_description/share/robotic_arm_description/rviz/robot_arm.rviz
[0.468s] -- Up-to-date symlink: /home/achy/ros2/ros2_arm/install/robotic_arm_description/share/ament_index/resource_index/package_run_dependencies/robotic_arm_description
[0.468s] -- Up-to-date symlink: /home/achy/ros2/ros2_arm/install/robotic_arm_description/share/ament_index/resource_index/parent_prefix_path/robotic_arm_description
[0.468s] -- Up-to-date symlink: /home/achy/ros2/ros2_arm/install/robotic_arm_description/share/robotic_arm_description/environment/ament_prefix_path.sh
[0.468s] -- Up-to-date symlink: /home/achy/ros2/ros2_arm/install/robotic_arm_description/share/robotic_arm_description/environment/ament_prefix_path.dsv
[0.468s] -- Up-to-date symlink: /home/achy/ros2/ros2_arm/install/robotic_arm_description/share/robotic_arm_description/environment/path.sh
[0.468s] -- Up-to-date symlink: /home/achy/ros2/ros2_arm/install/robotic_arm_description/share/robotic_arm_description/environment/path.dsv
[0.468s] -- Up-to-date symlink: /home/achy/ros2/ros2_arm/install/robotic_arm_description/share/robotic_arm_description/local_setup.bash
[0.468s] -- Up-to-date symlink: /home/achy/ros2/ros2_arm/install/robotic_arm_description/share/robotic_arm_description/local_setup.sh
[0.468s] -- Up-to-date symlink: /home/achy/ros2/ros2_arm/install/robotic_arm_description/share/robotic_arm_description/local_setup.zsh
[0.468s] -- Up-to-date symlink: /home/achy/ros2/ros2_arm/install/robotic_arm_description/share/robotic_arm_description/local_setup.dsv
[0.468s] -- Symlinking: /home/achy/ros2/ros2_arm/install/robotic_arm_description/share/robotic_arm_description/package.dsv
[0.477s] -- Up-to-date symlink: /home/achy/ros2/ros2_arm/install/robotic_arm_description/share/ament_index/resource_index/packages/robotic_arm_description
[0.481s] -- Up-to-date symlink: /home/achy/ros2/ros2_arm/install/robotic_arm_description/share/robotic_arm_description/cmake/robotic_arm_descriptionConfig.cmake
[0.482s] -- Up-to-date symlink: /home/achy/ros2/ros2_arm/install/robotic_arm_description/share/robotic_arm_description/cmake/robotic_arm_descriptionConfig-version.cmake
[0.483s] -- Up-to-date symlink: /home/achy/ros2/ros2_arm/install/robotic_arm_description/share/robotic_arm_description/package.xml
[0.517s] Invoked command in '/home/achy/ros2/ros2_arm/build/robotic_arm_description' returned '0': CMAKE_PREFIX_PATH=${CMAKE_PREFIX_PATH}:/opt/ros/jazzy DEBUGINFOD_URLS=https://debuginfod.ubuntu.com /usr/bin/cmake --install /home/achy/ros2/ros2_arm/build/robotic_arm_description
