[0.054s] Invoking command in '/home/achy/ros2/ros2_arm/build/robotic_arm_gazebo': CMAKE_PREFIX_PATH=${CMAKE_PREFIX_PATH}:/opt/ros/jazzy DEBUGINFOD_URLS=https://debuginfod.ubuntu.com /usr/bin/cmake --build /home/achy/ros2/ros2_arm/build/robotic_arm_gazebo -- -j8 -l8
[0.142s] -- Found ament_cmake: 2.5.4 (/opt/ros/jazzy/share/ament_cmake/cmake)
[0.545s] -- Override CMake install command with custom implementation using symlinks instead of copying resources
[0.558s] -- Found rclcpp: 28.1.9 (/opt/ros/jazzy/share/rclcpp/cmake)
[0.606s] -- Found rosidl_generator_c: 4.6.5 (/opt/ros/jazzy/share/rosidl_generator_c/cmake)
[0.622s] -- Found rosidl_generator_cpp: 4.6.5 (/opt/ros/jazzy/share/rosidl_generator_cpp/cmake)
[0.644s] -- Using all available rosidl_typesupport_c: rosidl_typesupport_fastrtps_c;rosidl_typesupport_introspection_c
[0.665s] -- Using all available rosidl_typesupport_cpp: rosidl_typesupport_fastrtps_cpp;rosidl_typesupport_introspection_cpp
[0.764s] -- Found rmw_implementation_cmake: 7.3.2 (/opt/ros/jazzy/share/rmw_implementation_cmake/cmake)
[0.766s] -- Found rmw_fastrtps_cpp: 8.4.2 (/opt/ros/jazzy/share/rmw_fastrtps_cpp/cmake)
[0.885s] -- Using RMW implementation 'rmw_fastrtps_cpp' as default
[0.978s] -- Found controller_manager: 4.29.0 (/opt/ros/jazzy/share/controller_manager/cmake)
[1.339s] -- Found gripper_controllers: 4.32.0 (/opt/ros/jazzy/share/gripper_controllers/cmake)
[1.376s] -- Found eigen3_cmake_module: 0.3.0 (/opt/ros/jazzy/share/eigen3_cmake_module/cmake)
[1.377s] -- Ensuring Eigen3 include directory is part of orocos-kdl CMake target
[1.472s] -- Found ros2_control: 4.38.0 (/opt/ros/jazzy/share/ros2_control/cmake)
[1.472s] -- Found ros2_controllers: 4.33.0 (/opt/ros/jazzy/share/ros2_controllers/cmake)
[1.472s] -- Found xacro: 2.0.13 (/opt/ros/jazzy/share/xacro/cmake)
[1.474s] -- Found ament_lint_auto: 0.17.2 (/opt/ros/jazzy/share/ament_lint_auto/cmake)
[1.787s] -- Added test 'flake8' to check Python code syntax and style conventions
[1.788s] -- Configured 'flake8' exclude dirs and/or files: 
[1.839s] -- Added test 'lint_cmake' to check CMake code style
[1.859s] -- Added test 'pep257' to check Python code against some of the docstring style conventions in PEP 257
[2.048s] -- Added test 'xmllint' to check XML markup files
[2.050s] -- Configuring done (1.9s)
[2.070s] -- Generating done (0.0s)
[2.074s] -- Build files have been written to: /home/achy/ros2/ros2_arm/build/robotic_arm_gazebo
[2.142s] Invoked command in '/home/achy/ros2/ros2_arm/build/robotic_arm_gazebo' returned '0': CMAKE_PREFIX_PATH=${CMAKE_PREFIX_PATH}:/opt/ros/jazzy DEBUGINFOD_URLS=https://debuginfod.ubuntu.com /usr/bin/cmake --build /home/achy/ros2/ros2_arm/build/robotic_arm_gazebo -- -j8 -l8
[2.144s] Invoking command in '/home/achy/ros2/ros2_arm/build/robotic_arm_gazebo': CMAKE_PREFIX_PATH=${CMAKE_PREFIX_PATH}:/opt/ros/jazzy DEBUGINFOD_URLS=https://debuginfod.ubuntu.com /usr/bin/cmake --install /home/achy/ros2/ros2_arm/build/robotic_arm_gazebo
[2.162s] -- Install configuration: ""
[2.163s] -- Execute custom install script
[2.163s] -- Symlinking: /home/achy/ros2/ros2_arm/install/robotic_arm_gazebo/share/robotic_arm_gazebo/config/ros_gz_bridge.yaml
[2.184s] -- Symlinking: /home/achy/ros2/ros2_arm/install/robotic_arm_gazebo/share/robotic_arm_gazebo/launch/robotic_arm.gazebo.launch.py
[2.234s] -- Symlinking: /home/achy/ros2/ros2_arm/install/robotic_arm_gazebo/share/robotic_arm_gazebo/models/aws_robomaker_residential_AirconditionerA_01/materials/textures/aws_AirconditionerA_01.png
[2.255s] -- Symlinking: /home/achy/ros2/ros2_arm/install/robotic_arm_gazebo/share/robotic_arm_gazebo/models/aws_robomaker_residential_AirconditionerA_01/meshes/aws_AirconditionerA_01_collision.DAE
[2.275s] -- Symlinking: /home/achy/ros2/ros2_arm/install/robotic_arm_gazebo/share/robotic_arm_gazebo/models/aws_robomaker_residential_AirconditionerA_01/meshes/aws_AirconditionerA_01_visual.DAE
[2.296s] -- Symlinking: /home/achy/ros2/ros2_arm/install/robotic_arm_gazebo/share/robotic_arm_gazebo/models/aws_robomaker_residential_AirconditionerA_01/model.config
[2.325s] -- Symlinking: /home/achy/ros2/ros2_arm/install/robotic_arm_gazebo/share/robotic_arm_gazebo/models/aws_robomaker_residential_AirconditionerA_01/model.sdf
[2.348s] -- Symlinking: /home/achy/ros2/ros2_arm/install/robotic_arm_gazebo/share/robotic_arm_gazebo/models/aws_robomaker_residential_AirconditionerB_01/materials/textures/aws_AirconditionerB_01.png
[2.368s] -- Symlinking: /home/achy/ros2/ros2_arm/install/robotic_arm_gazebo/share/robotic_arm_gazebo/models/aws_robomaker_residential_AirconditionerB_01/meshes/aws_AirconditionerB_01_collision.DAE
[2.387s] -- Symlinking: /home/achy/ros2/ros2_arm/install/robotic_arm_gazebo/share/robotic_arm_gazebo/models/aws_robomaker_residential_AirconditionerB_01/meshes/aws_AirconditionerB_01_visual.DAE
[2.412s] -- Symlinking: /home/achy/ros2/ros2_arm/install/robotic_arm_gazebo/share/robotic_arm_gazebo/models/aws_robomaker_residential_AirconditionerB_01/model.config
[2.432s] -- Symlinking: /home/achy/ros2/ros2_arm/install/robotic_arm_gazebo/share/robotic_arm_gazebo/models/aws_robomaker_residential_AirconditionerB_01/model.sdf
[2.451s] -- Symlinking: /home/achy/ros2/ros2_arm/install/robotic_arm_gazebo/share/robotic_arm_gazebo/models/aws_robomaker_residential_BalconyTable_01/materials/textures/aws_BalconyTable_01.png
[2.470s] -- Symlinking: /home/achy/ros2/ros2_arm/install/robotic_arm_gazebo/share/robotic_arm_gazebo/models/aws_robomaker_residential_BalconyTable_01/meshes/aws_BalconyTable_01_collision.DAE
[2.489s] -- Symlinking: /home/achy/ros2/ros2_arm/install/robotic_arm_gazebo/share/robotic_arm_gazebo/models/aws_robomaker_residential_BalconyTable_01/meshes/aws_BalconyTable_01_visual.DAE
[2.515s] -- Symlinking: /home/achy/ros2/ros2_arm/install/robotic_arm_gazebo/share/robotic_arm_gazebo/models/aws_robomaker_residential_BalconyTable_01/model.config
[2.534s] -- Symlinking: /home/achy/ros2/ros2_arm/install/robotic_arm_gazebo/share/robotic_arm_gazebo/models/aws_robomaker_residential_BalconyTable_01/model.sdf
[2.565s] -- Symlinking: /home/achy/ros2/ros2_arm/install/robotic_arm_gazebo/share/robotic_arm_gazebo/models/aws_robomaker_residential_Ball_01/materials/textures/aws_Ball_01.png
[2.587s] -- Symlinking: /home/achy/ros2/ros2_arm/install/robotic_arm_gazebo/share/robotic_arm_gazebo/models/aws_robomaker_residential_Ball_01/meshes/aws_Ball_01_collision.DAE
[2.609s] -- Symlinking: /home/achy/ros2/ros2_arm/install/robotic_arm_gazebo/share/robotic_arm_gazebo/models/aws_robomaker_residential_Ball_01/meshes/aws_Ball_01_visual.DAE
[2.634s] -- Symlinking: /home/achy/ros2/ros2_arm/install/robotic_arm_gazebo/share/robotic_arm_gazebo/models/aws_robomaker_residential_Ball_01/model.config
[2.655s] -- Symlinking: /home/achy/ros2/ros2_arm/install/robotic_arm_gazebo/share/robotic_arm_gazebo/models/aws_robomaker_residential_Ball_01/model.sdf
[2.674s] -- Symlinking: /home/achy/ros2/ros2_arm/install/robotic_arm_gazebo/share/robotic_arm_gazebo/models/aws_robomaker_residential_Bed_01/materials/textures/aws_BedA_01.png
[2.694s] -- Symlinking: /home/achy/ros2/ros2_arm/install/robotic_arm_gazebo/share/robotic_arm_gazebo/models/aws_robomaker_residential_Bed_01/materials/textures/aws_BedB_01.png
[2.724s] -- Symlinking: /home/achy/ros2/ros2_arm/install/robotic_arm_gazebo/share/robotic_arm_gazebo/models/aws_robomaker_residential_Bed_01/materials/textures/aws_BedC_01.png
[2.744s] -- Symlinking: /home/achy/ros2/ros2_arm/install/robotic_arm_gazebo/share/robotic_arm_gazebo/models/aws_robomaker_residential_Bed_01/materials/textures/aws_Bed_01.png
[2.763s] -- Symlinking: /home/achy/ros2/ros2_arm/install/robotic_arm_gazebo/share/robotic_arm_gazebo/models/aws_robomaker_residential_Bed_01/meshes/aws_Bed_01_collision.DAE
[2.782s] -- Symlinking: /home/achy/ros2/ros2_arm/install/robotic_arm_gazebo/share/robotic_arm_gazebo/models/aws_robomaker_residential_Bed_01/meshes/aws_Bed_01_visual.DAE
[2.802s] -- Symlinking: /home/achy/ros2/ros2_arm/install/robotic_arm_gazebo/share/robotic_arm_gazebo/models/aws_robomaker_residential_Bed_01/model.config
[2.824s] -- Symlinking: /home/achy/ros2/ros2_arm/install/robotic_arm_gazebo/share/robotic_arm_gazebo/models/aws_robomaker_residential_Bed_01/model.sdf
[2.846s] -- Symlinking: /home/achy/ros2/ros2_arm/install/robotic_arm_gazebo/share/robotic_arm_gazebo/models/aws_robomaker_residential_Board_01/materials/textures/aws_Board_01.png
[2.865s] -- Symlinking: /home/achy/ros2/ros2_arm/install/robotic_arm_gazebo/share/robotic_arm_gazebo/models/aws_robomaker_residential_Board_01/meshes/aws_Board_01_collision.DAE
[2.885s] -- Symlinking: /home/achy/ros2/ros2_arm/install/robotic_arm_gazebo/share/robotic_arm_gazebo/models/aws_robomaker_residential_Board_01/meshes/aws_Board_01_visual.DAE
[2.906s] -- Symlinking: /home/achy/ros2/ros2_arm/install/robotic_arm_gazebo/share/robotic_arm_gazebo/models/aws_robomaker_residential_Board_01/model.config
[2.929s] -- Symlinking: /home/achy/ros2/ros2_arm/install/robotic_arm_gazebo/share/robotic_arm_gazebo/models/aws_robomaker_residential_Board_01/model.sdf
[2.949s] -- Symlinking: /home/achy/ros2/ros2_arm/install/robotic_arm_gazebo/share/robotic_arm_gazebo/models/aws_robomaker_residential_Carpet_01/materials/textures/aws_Carpet_01.png
[2.972s] -- Symlinking: /home/achy/ros2/ros2_arm/install/robotic_arm_gazebo/share/robotic_arm_gazebo/models/aws_robomaker_residential_Carpet_01/meshes/aws_Carpet_01_collision.DAE
[2.991s] -- Symlinking: /home/achy/ros2/ros2_arm/install/robotic_arm_gazebo/share/robotic_arm_gazebo/models/aws_robomaker_residential_Carpet_01/meshes/aws_Carpet_01_visual.DAE
[3.017s] -- Symlinking: /home/achy/ros2/ros2_arm/install/robotic_arm_gazebo/share/robotic_arm_gazebo/models/aws_robomaker_residential_Carpet_01/model.config
[3.038s] -- Symlinking: /home/achy/ros2/ros2_arm/install/robotic_arm_gazebo/share/robotic_arm_gazebo/models/aws_robomaker_residential_Carpet_01/model.sdf
[3.058s] -- Symlinking: /home/achy/ros2/ros2_arm/install/robotic_arm_gazebo/share/robotic_arm_gazebo/models/aws_robomaker_residential_ChairA_01/materials/textures/aws_ChairA_01.png
[3.077s] -- Symlinking: /home/achy/ros2/ros2_arm/install/robotic_arm_gazebo/share/robotic_arm_gazebo/models/aws_robomaker_residential_ChairA_01/meshes/aws_ChairA_01_collision.DAE
[3.097s] -- Symlinking: /home/achy/ros2/ros2_arm/install/robotic_arm_gazebo/share/robotic_arm_gazebo/models/aws_robomaker_residential_ChairA_01/meshes/aws_ChairA_01_visual.DAE
[3.118s] -- Symlinking: /home/achy/ros2/ros2_arm/install/robotic_arm_gazebo/share/robotic_arm_gazebo/models/aws_robomaker_residential_ChairA_01/model.config
[3.153s] -- Symlinking: /home/achy/ros2/ros2_arm/install/robotic_arm_gazebo/share/robotic_arm_gazebo/models/aws_robomaker_residential_ChairA_01/model.sdf
[3.174s] -- Symlinking: /home/achy/ros2/ros2_arm/install/robotic_arm_gazebo/share/robotic_arm_gazebo/models/aws_robomaker_residential_ChairD_01/materials/textures/aws_ChairD_01.png
[3.194s] -- Symlinking: /home/achy/ros2/ros2_arm/install/robotic_arm_gazebo/share/robotic_arm_gazebo/models/aws_robomaker_residential_ChairD_01/meshes/aws_ChairD_01_collision.DAE
[3.217s] -- Symlinking: /home/achy/ros2/ros2_arm/install/robotic_arm_gazebo/share/robotic_arm_gazebo/models/aws_robomaker_residential_ChairD_01/meshes/aws_ChairD_01_visual.DAE
[3.239s] -- Symlinking: /home/achy/ros2/ros2_arm/install/robotic_arm_gazebo/share/robotic_arm_gazebo/models/aws_robomaker_residential_ChairD_01/model.config
[3.260s] -- Symlinking: /home/achy/ros2/ros2_arm/install/robotic_arm_gazebo/share/robotic_arm_gazebo/models/aws_robomaker_residential_ChairD_01/model.sdf
[3.282s] -- Symlinking: /home/achy/ros2/ros2_arm/install/robotic_arm_gazebo/share/robotic_arm_gazebo/models/aws_robomaker_residential_Chandelier_01/materials/textures/aws_Chandelier_01.png
[3.303s] -- Symlinking: /home/achy/ros2/ros2_arm/install/robotic_arm_gazebo/share/robotic_arm_gazebo/models/aws_robomaker_residential_Chandelier_01/meshes/aws_Chandelier_01.DAE
[3.324s] -- Symlinking: /home/achy/ros2/ros2_arm/install/robotic_arm_gazebo/share/robotic_arm_gazebo/models/aws_robomaker_residential_Chandelier_01/meshes/aws_Chandelier_01_collision.DAE
[3.346s] -- Symlinking: /home/achy/ros2/ros2_arm/install/robotic_arm_gazebo/share/robotic_arm_gazebo/models/aws_robomaker_residential_Chandelier_01/meshes/aws_Chandelier_01_visual.DAE
[3.367s] -- Symlinking: /home/achy/ros2/ros2_arm/install/robotic_arm_gazebo/share/robotic_arm_gazebo/models/aws_robomaker_residential_Chandelier_01/model.config
[3.385s] -- Symlinking: /home/achy/ros2/ros2_arm/install/robotic_arm_gazebo/share/robotic_arm_gazebo/models/aws_robomaker_residential_Chandelier_01/model.sdf
[3.406s] -- Symlinking: /home/achy/ros2/ros2_arm/install/robotic_arm_gazebo/share/robotic_arm_gazebo/models/aws_robomaker_residential_CoffeeTable_01/materials/textures/aws_CoffeeTable_01.png
[3.428s] -- Symlinking: /home/achy/ros2/ros2_arm/install/robotic_arm_gazebo/share/robotic_arm_gazebo/models/aws_robomaker_residential_CoffeeTable_01/meshes/aws_CoffeeTable_01_collision.DAE
[3.450s] -- Symlinking: /home/achy/ros2/ros2_arm/install/robotic_arm_gazebo/share/robotic_arm_gazebo/models/aws_robomaker_residential_CoffeeTable_01/meshes/aws_CoffeeTable_01_visual.DAE
[3.471s] -- Symlinking: /home/achy/ros2/ros2_arm/install/robotic_arm_gazebo/share/robotic_arm_gazebo/models/aws_robomaker_residential_CoffeeTable_01/model.config
[3.489s] -- Symlinking: /home/achy/ros2/ros2_arm/install/robotic_arm_gazebo/share/robotic_arm_gazebo/models/aws_robomaker_residential_CoffeeTable_01/model.sdf
[3.512s] -- Symlinking: /home/achy/ros2/ros2_arm/install/robotic_arm_gazebo/share/robotic_arm_gazebo/models/aws_robomaker_residential_CookingBench_01/materials/textures/aws_CookingBench_01.png
[3.535s] -- Symlinking: /home/achy/ros2/ros2_arm/install/robotic_arm_gazebo/share/robotic_arm_gazebo/models/aws_robomaker_residential_CookingBench_01/meshes/aws_CookingBench_01.DAE
[3.558s] -- Symlinking: /home/achy/ros2/ros2_arm/install/robotic_arm_gazebo/share/robotic_arm_gazebo/models/aws_robomaker_residential_CookingBench_01/meshes/aws_CookingBench_01_collision.DAE
[3.578s] -- Symlinking: /home/achy/ros2/ros2_arm/install/robotic_arm_gazebo/share/robotic_arm_gazebo/models/aws_robomaker_residential_CookingBench_01/meshes/aws_CookingBench_01_visual.DAE
[3.598s] -- Symlinking: /home/achy/ros2/ros2_arm/install/robotic_arm_gazebo/share/robotic_arm_gazebo/models/aws_robomaker_residential_CookingBench_01/model.config
[3.628s] -- Symlinking: /home/achy/ros2/ros2_arm/install/robotic_arm_gazebo/share/robotic_arm_gazebo/models/aws_robomaker_residential_CookingBench_01/model.sdf
[3.650s] -- Symlinking: /home/achy/ros2/ros2_arm/install/robotic_arm_gazebo/share/robotic_arm_gazebo/models/aws_robomaker_residential_Curtain_01/materials/textures/aws_Curtain_01.png
[3.670s] -- Symlinking: /home/achy/ros2/ros2_arm/install/robotic_arm_gazebo/share/robotic_arm_gazebo/models/aws_robomaker_residential_Curtain_01/meshes/aws_Curtain_01_collision.DAE
[3.690s] -- Symlinking: /home/achy/ros2/ros2_arm/install/robotic_arm_gazebo/share/robotic_arm_gazebo/models/aws_robomaker_residential_Curtain_01/meshes/aws_Curtain_01_visual.DAE
[3.712s] -- Symlinking: /home/achy/ros2/ros2_arm/install/robotic_arm_gazebo/share/robotic_arm_gazebo/models/aws_robomaker_residential_Curtain_01/model.config
[3.736s] -- Symlinking: /home/achy/ros2/ros2_arm/install/robotic_arm_gazebo/share/robotic_arm_gazebo/models/aws_robomaker_residential_Curtain_01/model.sdf
[3.760s] -- Symlinking: /home/achy/ros2/ros2_arm/install/robotic_arm_gazebo/share/robotic_arm_gazebo/models/aws_robomaker_residential_DeskPortraitA_01/materials/textures/DeskPortraitA_01.jpg
[3.780s] -- Symlinking: /home/achy/ros2/ros2_arm/install/robotic_arm_gazebo/share/robotic_arm_gazebo/models/aws_robomaker_residential_DeskPortraitA_01/materials/textures/aws_DeskPortraitA_01.png
[3.801s] -- Symlinking: /home/achy/ros2/ros2_arm/install/robotic_arm_gazebo/share/robotic_arm_gazebo/models/aws_robomaker_residential_DeskPortraitA_01/materials/textures/aws_DeskPortraitA_02.png
[3.833s] -- Symlinking: /home/achy/ros2/ros2_arm/install/robotic_arm_gazebo/share/robotic_arm_gazebo/models/aws_robomaker_residential_DeskPortraitA_01/meshes/aws_DeskPortraitA_01_collision.DAE
[3.854s] -- Symlinking: /home/achy/ros2/ros2_arm/install/robotic_arm_gazebo/share/robotic_arm_gazebo/models/aws_robomaker_residential_DeskPortraitA_01/meshes/aws_DeskPortraitA_01_visual.DAE
[3.874s] -- Symlinking: /home/achy/ros2/ros2_arm/install/robotic_arm_gazebo/share/robotic_arm_gazebo/models/aws_robomaker_residential_DeskPortraitA_01/model.config
[3.895s] -- Symlinking: /home/achy/ros2/ros2_arm/install/robotic_arm_gazebo/share/robotic_arm_gazebo/models/aws_robomaker_residential_DeskPortraitA_01/model.sdf
[3.919s] -- Symlinking: /home/achy/ros2/ros2_arm/install/robotic_arm_gazebo/share/robotic_arm_gazebo/models/aws_robomaker_residential_DeskPortraitA_02/materials/textures/DeskPortraitA_02.jpg
[3.942s] -- Symlinking: /home/achy/ros2/ros2_arm/install/robotic_arm_gazebo/share/robotic_arm_gazebo/models/aws_robomaker_residential_DeskPortraitA_02/materials/textures/aws_DeskPortraitA_01.png
[3.963s] -- Symlinking: /home/achy/ros2/ros2_arm/install/robotic_arm_gazebo/share/robotic_arm_gazebo/models/aws_robomaker_residential_DeskPortraitA_02/materials/textures/aws_DeskPortraitA_02.png
[3.984s] -- Symlinking: /home/achy/ros2/ros2_arm/install/robotic_arm_gazebo/share/robotic_arm_gazebo/models/aws_robomaker_residential_DeskPortraitA_02/meshes/aws_DeskPortraitA_01_collision.DAE
[4.004s] -- Symlinking: /home/achy/ros2/ros2_arm/install/robotic_arm_gazebo/share/robotic_arm_gazebo/models/aws_robomaker_residential_DeskPortraitA_02/meshes/aws_DeskPortraitA_01_visual.DAE
[4.027s] -- Symlinking: /home/achy/ros2/ros2_arm/install/robotic_arm_gazebo/share/robotic_arm_gazebo/models/aws_robomaker_residential_DeskPortraitA_02/model.config
[4.055s] -- Symlinking: /home/achy/ros2/ros2_arm/install/robotic_arm_gazebo/share/robotic_arm_gazebo/models/aws_robomaker_residential_DeskPortraitA_02/model.sdf
[4.077s] -- Symlinking: /home/achy/ros2/ros2_arm/install/robotic_arm_gazebo/share/robotic_arm_gazebo/models/aws_robomaker_residential_DeskPortraitB_01/materials/textures/DeskPortraitB_01.jpg
[4.095s] -- Symlinking: /home/achy/ros2/ros2_arm/install/robotic_arm_gazebo/share/robotic_arm_gazebo/models/aws_robomaker_residential_DeskPortraitB_01/materials/textures/aws_DeskPortraitB_01.png
[4.119s] -- Symlinking: /home/achy/ros2/ros2_arm/install/robotic_arm_gazebo/share/robotic_arm_gazebo/models/aws_robomaker_residential_DeskPortraitB_01/materials/textures/aws_DeskPortraitB_02.png
[4.141s] -- Symlinking: /home/achy/ros2/ros2_arm/install/robotic_arm_gazebo/share/robotic_arm_gazebo/models/aws_robomaker_residential_DeskPortraitB_01/meshes/aws_DeskPortraitB_01_collision.DAE
[4.161s] -- Symlinking: /home/achy/ros2/ros2_arm/install/robotic_arm_gazebo/share/robotic_arm_gazebo/models/aws_robomaker_residential_DeskPortraitB_01/meshes/aws_DeskPortraitB_01_visual.DAE
[4.181s] -- Symlinking: /home/achy/ros2/ros2_arm/install/robotic_arm_gazebo/share/robotic_arm_gazebo/models/aws_robomaker_residential_DeskPortraitB_01/model.config
[4.202s] -- Symlinking: /home/achy/ros2/ros2_arm/install/robotic_arm_gazebo/share/robotic_arm_gazebo/models/aws_robomaker_residential_DeskPortraitB_01/model.sdf
[4.224s] -- Symlinking: /home/achy/ros2/ros2_arm/install/robotic_arm_gazebo/share/robotic_arm_gazebo/models/aws_robomaker_residential_DeskPortraitB_02/materials/textures/DeskPortraitB_02.jpg
[4.244s] -- Symlinking: /home/achy/ros2/ros2_arm/install/robotic_arm_gazebo/share/robotic_arm_gazebo/models/aws_robomaker_residential_DeskPortraitB_02/materials/textures/aws_DeskPortraitB_01.png
[4.265s] -- Symlinking: /home/achy/ros2/ros2_arm/install/robotic_arm_gazebo/share/robotic_arm_gazebo/models/aws_robomaker_residential_DeskPortraitB_02/materials/textures/aws_DeskPortraitB_02.png
[4.285s] -- Symlinking: /home/achy/ros2/ros2_arm/install/robotic_arm_gazebo/share/robotic_arm_gazebo/models/aws_robomaker_residential_DeskPortraitB_02/meshes/aws_DeskPortraitB_01_collision.DAE
[4.306s] -- Symlinking: /home/achy/ros2/ros2_arm/install/robotic_arm_gazebo/share/robotic_arm_gazebo/models/aws_robomaker_residential_DeskPortraitB_02/meshes/aws_DeskPortraitB_01_visual.DAE
[4.341s] -- Symlinking: /home/achy/ros2/ros2_arm/install/robotic_arm_gazebo/share/robotic_arm_gazebo/models/aws_robomaker_residential_DeskPortraitB_02/model.config
[4.365s] -- Symlinking: /home/achy/ros2/ros2_arm/install/robotic_arm_gazebo/share/robotic_arm_gazebo/models/aws_robomaker_residential_DeskPortraitB_02/model.sdf
[4.386s] -- Symlinking: /home/achy/ros2/ros2_arm/install/robotic_arm_gazebo/share/robotic_arm_gazebo/models/aws_robomaker_residential_DeskPortraitC_01/materials/textures/DeskPortraitC_01.jpg
[4.407s] -- Symlinking: /home/achy/ros2/ros2_arm/install/robotic_arm_gazebo/share/robotic_arm_gazebo/models/aws_robomaker_residential_DeskPortraitC_01/materials/textures/aws_DeskPortraitC_01.png
[4.430s] -- Symlinking: /home/achy/ros2/ros2_arm/install/robotic_arm_gazebo/share/robotic_arm_gazebo/models/aws_robomaker_residential_DeskPortraitC_01/materials/textures/aws_DeskPortraitC_02.png
[4.450s] -- Symlinking: /home/achy/ros2/ros2_arm/install/robotic_arm_gazebo/share/robotic_arm_gazebo/models/aws_robomaker_residential_DeskPortraitC_01/meshes/aws_DeskPortraitC_01_collision.DAE
[4.469s] -- Symlinking: /home/achy/ros2/ros2_arm/install/robotic_arm_gazebo/share/robotic_arm_gazebo/models/aws_robomaker_residential_DeskPortraitC_01/meshes/aws_DeskPortraitC_01_visual.DAE
[4.488s] -- Symlinking: /home/achy/ros2/ros2_arm/install/robotic_arm_gazebo/share/robotic_arm_gazebo/models/aws_robomaker_residential_DeskPortraitC_01/model.config
[4.509s] -- Symlinking: /home/achy/ros2/ros2_arm/install/robotic_arm_gazebo/share/robotic_arm_gazebo/models/aws_robomaker_residential_DeskPortraitC_01/model.sdf
[4.532s] -- Symlinking: /home/achy/ros2/ros2_arm/install/robotic_arm_gazebo/share/robotic_arm_gazebo/models/aws_robomaker_residential_DeskPortraitC_02/materials/textures/DeskPortraitC_02.jpg
[4.552s] -- Symlinking: /home/achy/ros2/ros2_arm/install/robotic_arm_gazebo/share/robotic_arm_gazebo/models/aws_robomaker_residential_DeskPortraitC_02/materials/textures/aws_DeskPortraitC_01.png
[4.574s] -- Symlinking: /home/achy/ros2/ros2_arm/install/robotic_arm_gazebo/share/robotic_arm_gazebo/models/aws_robomaker_residential_DeskPortraitC_02/materials/textures/aws_DeskPortraitC_02.png
[4.594s] -- Symlinking: /home/achy/ros2/ros2_arm/install/robotic_arm_gazebo/share/robotic_arm_gazebo/models/aws_robomaker_residential_DeskPortraitC_02/meshes/aws_DeskPortraitC_01_collision.DAE
[4.619s] -- Symlinking: /home/achy/ros2/ros2_arm/install/robotic_arm_gazebo/share/robotic_arm_gazebo/models/aws_robomaker_residential_DeskPortraitC_02/meshes/aws_DeskPortraitC_01_visual.DAE
[4.640s] -- Symlinking: /home/achy/ros2/ros2_arm/install/robotic_arm_gazebo/share/robotic_arm_gazebo/models/aws_robomaker_residential_DeskPortraitC_02/model.config
[4.661s] -- Symlinking: /home/achy/ros2/ros2_arm/install/robotic_arm_gazebo/share/robotic_arm_gazebo/models/aws_robomaker_residential_DeskPortraitC_02/model.sdf
[4.681s] -- Symlinking: /home/achy/ros2/ros2_arm/install/robotic_arm_gazebo/share/robotic_arm_gazebo/models/aws_robomaker_residential_DeskPortraitD_01/materials/textures/DeskPortraitD_01.jpg
[4.703s] -- Symlinking: /home/achy/ros2/ros2_arm/install/robotic_arm_gazebo/share/robotic_arm_gazebo/models/aws_robomaker_residential_DeskPortraitD_01/materials/textures/aws_DeskPortraitD_01.png
[4.728s] -- Symlinking: /home/achy/ros2/ros2_arm/install/robotic_arm_gazebo/share/robotic_arm_gazebo/models/aws_robomaker_residential_DeskPortraitD_01/materials/textures/aws_DeskPortraitD_02.png
[4.750s] -- Symlinking: /home/achy/ros2/ros2_arm/install/robotic_arm_gazebo/share/robotic_arm_gazebo/models/aws_robomaker_residential_DeskPortraitD_01/meshes/aws_DeskPortraitD_01_collision.DAE
[4.771s] -- Symlinking: /home/achy/ros2/ros2_arm/install/robotic_arm_gazebo/share/robotic_arm_gazebo/models/aws_robomaker_residential_DeskPortraitD_01/meshes/aws_DeskPortraitD_01_visual.DAE
[4.791s] -- Symlinking: /home/achy/ros2/ros2_arm/install/robotic_arm_gazebo/share/robotic_arm_gazebo/models/aws_robomaker_residential_DeskPortraitD_01/model.config
[4.812s] -- Symlinking: /home/achy/ros2/ros2_arm/install/robotic_arm_gazebo/share/robotic_arm_gazebo/models/aws_robomaker_residential_DeskPortraitD_01/model.sdf
[4.836s] -- Symlinking: /home/achy/ros2/ros2_arm/install/robotic_arm_gazebo/share/robotic_arm_gazebo/models/aws_robomaker_residential_DeskPortraitD_02/materials/textures/DeskPortraitD_02.jpg
[4.855s] -- Symlinking: /home/achy/ros2/ros2_arm/install/robotic_arm_gazebo/share/robotic_arm_gazebo/models/aws_robomaker_residential_DeskPortraitD_02/materials/textures/aws_DeskPortraitD_01.png
[4.874s] -- Symlinking: /home/achy/ros2/ros2_arm/install/robotic_arm_gazebo/share/robotic_arm_gazebo/models/aws_robomaker_residential_DeskPortraitD_02/materials/textures/aws_DeskPortraitD_02.png
[4.893s] -- Symlinking: /home/achy/ros2/ros2_arm/install/robotic_arm_gazebo/share/robotic_arm_gazebo/models/aws_robomaker_residential_DeskPortraitD_02/meshes/aws_DeskPortraitD_01_collision.DAE
[4.917s] -- Symlinking: /home/achy/ros2/ros2_arm/install/robotic_arm_gazebo/share/robotic_arm_gazebo/models/aws_robomaker_residential_DeskPortraitD_02/meshes/aws_DeskPortraitD_01_visual.DAE
[4.947s] -- Symlinking: /home/achy/ros2/ros2_arm/install/robotic_arm_gazebo/share/robotic_arm_gazebo/models/aws_robomaker_residential_DeskPortraitD_02/model.config
[4.971s] -- Symlinking: /home/achy/ros2/ros2_arm/install/robotic_arm_gazebo/share/robotic_arm_gazebo/models/aws_robomaker_residential_DeskPortraitD_02/model.sdf
[4.991s] -- Symlinking: /home/achy/ros2/ros2_arm/install/robotic_arm_gazebo/share/robotic_arm_gazebo/models/aws_robomaker_residential_DeskPortraitD_03/materials/textures/DeskPortraitD_03.jpg
[5.013s] -- Symlinking: /home/achy/ros2/ros2_arm/install/robotic_arm_gazebo/share/robotic_arm_gazebo/models/aws_robomaker_residential_DeskPortraitD_03/materials/textures/aws_DeskPortraitD_01.png
[5.037s] -- Symlinking: /home/achy/ros2/ros2_arm/install/robotic_arm_gazebo/share/robotic_arm_gazebo/models/aws_robomaker_residential_DeskPortraitD_03/materials/textures/aws_DeskPortraitD_02.png
[5.059s] -- Symlinking: /home/achy/ros2/ros2_arm/install/robotic_arm_gazebo/share/robotic_arm_gazebo/models/aws_robomaker_residential_DeskPortraitD_03/meshes/aws_DeskPortraitD_01_collision.DAE
[5.083s] -- Symlinking: /home/achy/ros2/ros2_arm/install/robotic_arm_gazebo/share/robotic_arm_gazebo/models/aws_robomaker_residential_DeskPortraitD_03/meshes/aws_DeskPortraitD_01_visual.DAE
[5.102s] -- Symlinking: /home/achy/ros2/ros2_arm/install/robotic_arm_gazebo/share/robotic_arm_gazebo/models/aws_robomaker_residential_DeskPortraitD_03/model.config
[5.125s] -- Symlinking: /home/achy/ros2/ros2_arm/install/robotic_arm_gazebo/share/robotic_arm_gazebo/models/aws_robomaker_residential_DeskPortraitD_03/model.sdf
[5.146s] -- Symlinking: /home/achy/ros2/ros2_arm/install/robotic_arm_gazebo/share/robotic_arm_gazebo/models/aws_robomaker_residential_DeskPortraitD_04/materials/textures/DeskPortraitD_04.jpg
[5.166s] -- Symlinking: /home/achy/ros2/ros2_arm/install/robotic_arm_gazebo/share/robotic_arm_gazebo/models/aws_robomaker_residential_DeskPortraitD_04/materials/textures/aws_DeskPortraitD_01.png
[5.186s] -- Symlinking: /home/achy/ros2/ros2_arm/install/robotic_arm_gazebo/share/robotic_arm_gazebo/models/aws_robomaker_residential_DeskPortraitD_04/materials/textures/aws_DeskPortraitD_02.png
[5.208s] -- Symlinking: /home/achy/ros2/ros2_arm/install/robotic_arm_gazebo/share/robotic_arm_gazebo/models/aws_robomaker_residential_DeskPortraitD_04/meshes/aws_DeskPortraitD_01_collision.DAE
[5.230s] -- Symlinking: /home/achy/ros2/ros2_arm/install/robotic_arm_gazebo/share/robotic_arm_gazebo/models/aws_robomaker_residential_DeskPortraitD_04/meshes/aws_DeskPortraitD_01_visual.DAE
[5.251s] -- Symlinking: /home/achy/ros2/ros2_arm/install/robotic_arm_gazebo/share/robotic_arm_gazebo/models/aws_robomaker_residential_DeskPortraitD_04/model.config
[5.270s] -- Symlinking: /home/achy/ros2/ros2_arm/install/robotic_arm_gazebo/share/robotic_arm_gazebo/models/aws_robomaker_residential_DeskPortraitD_04/model.sdf
[5.291s] -- Symlinking: /home/achy/ros2/ros2_arm/install/robotic_arm_gazebo/share/robotic_arm_gazebo/models/aws_robomaker_residential_Door_01/materials/textures/aws_Door_01.png
[5.314s] -- Symlinking: /home/achy/ros2/ros2_arm/install/robotic_arm_gazebo/share/robotic_arm_gazebo/models/aws_robomaker_residential_Door_01/meshes/aws_Door_01_collision.DAE
[5.337s] -- Symlinking: /home/achy/ros2/ros2_arm/install/robotic_arm_gazebo/share/robotic_arm_gazebo/models/aws_robomaker_residential_Door_01/meshes/aws_Door_01_visual.DAE
[5.357s] -- Symlinking: /home/achy/ros2/ros2_arm/install/robotic_arm_gazebo/share/robotic_arm_gazebo/models/aws_robomaker_residential_Door_01/model.config
[5.377s] -- Symlinking: /home/achy/ros2/ros2_arm/install/robotic_arm_gazebo/share/robotic_arm_gazebo/models/aws_robomaker_residential_Door_01/model.sdf
[5.399s] -- Symlinking: /home/achy/ros2/ros2_arm/install/robotic_arm_gazebo/share/robotic_arm_gazebo/models/aws_robomaker_residential_Dumbbell_01/materials/textures/aws_Dumbbell_01.png
[5.426s] -- Symlinking: /home/achy/ros2/ros2_arm/install/robotic_arm_gazebo/share/robotic_arm_gazebo/models/aws_robomaker_residential_Dumbbell_01/meshes/aws_Dumbbell_01_collision.DAE
[5.452s] -- Symlinking: /home/achy/ros2/ros2_arm/install/robotic_arm_gazebo/share/robotic_arm_gazebo/models/aws_robomaker_residential_Dumbbell_01/meshes/aws_Dumbbell_01_visual.DAE
[5.472s] -- Symlinking: /home/achy/ros2/ros2_arm/install/robotic_arm_gazebo/share/robotic_arm_gazebo/models/aws_robomaker_residential_Dumbbell_01/model.config
[5.491s] -- Symlinking: /home/achy/ros2/ros2_arm/install/robotic_arm_gazebo/share/robotic_arm_gazebo/models/aws_robomaker_residential_Dumbbell_01/model.sdf
[5.512s] -- Symlinking: /home/achy/ros2/ros2_arm/install/robotic_arm_gazebo/share/robotic_arm_gazebo/models/aws_robomaker_residential_FitnessEquipment_01/materials/textures/aws_FitnessEquipment_01.png
[5.536s] -- Symlinking: /home/achy/ros2/ros2_arm/install/robotic_arm_gazebo/share/robotic_arm_gazebo/models/aws_robomaker_residential_FitnessEquipment_01/meshes/aws_FitnessEquipment_01_collision.DAE
[5.564s] -- Symlinking: /home/achy/ros2/ros2_arm/install/robotic_arm_gazebo/share/robotic_arm_gazebo/models/aws_robomaker_residential_FitnessEquipment_01/meshes/aws_FitnessEquipment_01_visual.DAE
[5.589s] -- Symlinking: /home/achy/ros2/ros2_arm/install/robotic_arm_gazebo/share/robotic_arm_gazebo/models/aws_robomaker_residential_FitnessEquipment_01/model.config
[5.609s] -- Symlinking: /home/achy/ros2/ros2_arm/install/robotic_arm_gazebo/share/robotic_arm_gazebo/models/aws_robomaker_residential_FitnessEquipment_01/model.sdf
[5.631s] -- Symlinking: /home/achy/ros2/ros2_arm/install/robotic_arm_gazebo/share/robotic_arm_gazebo/models/aws_robomaker_residential_FloorB_01/materials/textures/aws_FloorB_01.png
[5.654s] -- Symlinking: /home/achy/ros2/ros2_arm/install/robotic_arm_gazebo/share/robotic_arm_gazebo/models/aws_robomaker_residential_FloorB_01/meshes/aws_FloorB_01_collision.DAE
[5.673s] -- Symlinking: /home/achy/ros2/ros2_arm/install/robotic_arm_gazebo/share/robotic_arm_gazebo/models/aws_robomaker_residential_FloorB_01/meshes/aws_FloorB_01_visual.DAE
[5.693s] -- Symlinking: /home/achy/ros2/ros2_arm/install/robotic_arm_gazebo/share/robotic_arm_gazebo/models/aws_robomaker_residential_FloorB_01/model.config
[5.716s] -- Symlinking: /home/achy/ros2/ros2_arm/install/robotic_arm_gazebo/share/robotic_arm_gazebo/models/aws_robomaker_residential_FloorB_01/model.sdf
[5.737s] -- Symlinking: /home/achy/ros2/ros2_arm/install/robotic_arm_gazebo/share/robotic_arm_gazebo/models/aws_robomaker_residential_FoldingDoor_01/materials/textures/aws_FoldingDoor_01.png
[5.758s] -- Symlinking: /home/achy/ros2/ros2_arm/install/robotic_arm_gazebo/share/robotic_arm_gazebo/models/aws_robomaker_residential_FoldingDoor_01/meshes/aws_FoldingDoor_01_collision.DAE
[5.780s] -- Symlinking: /home/achy/ros2/ros2_arm/install/robotic_arm_gazebo/share/robotic_arm_gazebo/models/aws_robomaker_residential_FoldingDoor_01/meshes/aws_FoldingDoor_01_visual.DAE
[5.800s] -- Symlinking: /home/achy/ros2/ros2_arm/install/robotic_arm_gazebo/share/robotic_arm_gazebo/models/aws_robomaker_residential_FoldingDoor_01/model.config
[5.824s] -- Symlinking: /home/achy/ros2/ros2_arm/install/robotic_arm_gazebo/share/robotic_arm_gazebo/models/aws_robomaker_residential_FoldingDoor_01/model.sdf
[5.844s] -- Symlinking: /home/achy/ros2/ros2_arm/install/robotic_arm_gazebo/share/robotic_arm_gazebo/models/aws_robomaker_residential_FoldingDoor_02/materials/textures/aws_FoldingDoor_02.png
[5.866s] -- Symlinking: /home/achy/ros2/ros2_arm/install/robotic_arm_gazebo/share/robotic_arm_gazebo/models/aws_robomaker_residential_FoldingDoor_02/meshes/aws_FoldingDoor_02_collision.DAE
[5.886s] -- Symlinking: /home/achy/ros2/ros2_arm/install/robotic_arm_gazebo/share/robotic_arm_gazebo/models/aws_robomaker_residential_FoldingDoor_02/meshes/aws_FoldingDoor_02_visual.DAE
[5.906s] -- Symlinking: /home/achy/ros2/ros2_arm/install/robotic_arm_gazebo/share/robotic_arm_gazebo/models/aws_robomaker_residential_FoldingDoor_02/model.config
[5.933s] -- Symlinking: /home/achy/ros2/ros2_arm/install/robotic_arm_gazebo/share/robotic_arm_gazebo/models/aws_robomaker_residential_FoldingDoor_02/model.sdf
[5.950s] -- Symlinking: /home/achy/ros2/ros2_arm/install/robotic_arm_gazebo/share/robotic_arm_gazebo/models/aws_robomaker_residential_Handle_01/materials/textures/aws_Handle_01.png
[5.970s] -- Symlinking: /home/achy/ros2/ros2_arm/install/robotic_arm_gazebo/share/robotic_arm_gazebo/models/aws_robomaker_residential_Handle_01/meshes/aws_Handle_01_collision.DAE
[5.989s] -- Symlinking: /home/achy/ros2/ros2_arm/install/robotic_arm_gazebo/share/robotic_arm_gazebo/models/aws_robomaker_residential_Handle_01/meshes/aws_Handle_01_visual.DAE
[6.009s] -- Symlinking: /home/achy/ros2/ros2_arm/install/robotic_arm_gazebo/share/robotic_arm_gazebo/models/aws_robomaker_residential_Handle_01/model.config
[6.031s] -- Symlinking: /home/achy/ros2/ros2_arm/install/robotic_arm_gazebo/share/robotic_arm_gazebo/models/aws_robomaker_residential_Handle_01/model.sdf
[6.051s] -- Symlinking: /home/achy/ros2/ros2_arm/install/robotic_arm_gazebo/share/robotic_arm_gazebo/models/aws_robomaker_residential_HouseWallB_01/materials/textures/aws_HouseWallB_01.png
[6.071s] -- Symlinking: /home/achy/ros2/ros2_arm/install/robotic_arm_gazebo/share/robotic_arm_gazebo/models/aws_robomaker_residential_HouseWallB_01/meshes/aws_HouseWallB_01_collision.DAE
[6.095s] -- Symlinking: /home/achy/ros2/ros2_arm/install/robotic_arm_gazebo/share/robotic_arm_gazebo/models/aws_robomaker_residential_HouseWallB_01/meshes/aws_HouseWallB_01_visual.DAE
[6.116s] -- Symlinking: /home/achy/ros2/ros2_arm/install/robotic_arm_gazebo/share/robotic_arm_gazebo/models/aws_robomaker_residential_HouseWallB_01/model.config
[6.140s] -- Symlinking: /home/achy/ros2/ros2_arm/install/robotic_arm_gazebo/share/robotic_arm_gazebo/models/aws_robomaker_residential_HouseWallB_01/model.sdf
[6.170s] -- Symlinking: /home/achy/ros2/ros2_arm/install/robotic_arm_gazebo/share/robotic_arm_gazebo/models/aws_robomaker_residential_KitchenCabinet_01/materials/textures/aws_KitchenCabinet_01.png
[6.190s] -- Symlinking: /home/achy/ros2/ros2_arm/install/robotic_arm_gazebo/share/robotic_arm_gazebo/models/aws_robomaker_residential_KitchenCabinet_01/meshes/aws_KitchenCabinet_01_collision.DAE
[6.212s] -- Symlinking: /home/achy/ros2/ros2_arm/install/robotic_arm_gazebo/share/robotic_arm_gazebo/models/aws_robomaker_residential_KitchenCabinet_01/meshes/aws_KitchenCabinet_01_visual.DAE
[6.235s] -- Symlinking: /home/achy/ros2/ros2_arm/install/robotic_arm_gazebo/share/robotic_arm_gazebo/models/aws_robomaker_residential_KitchenCabinet_01/model.config
[6.255s] -- Symlinking: /home/achy/ros2/ros2_arm/install/robotic_arm_gazebo/share/robotic_arm_gazebo/models/aws_robomaker_residential_KitchenCabinet_01/model.sdf
[6.275s] -- Symlinking: /home/achy/ros2/ros2_arm/install/robotic_arm_gazebo/share/robotic_arm_gazebo/models/aws_robomaker_residential_KitchenTable_01/materials/textures/aws_KitchenTable_01.png
[6.296s] -- Symlinking: /home/achy/ros2/ros2_arm/install/robotic_arm_gazebo/share/robotic_arm_gazebo/models/aws_robomaker_residential_KitchenTable_01/meshes/aws_KitchenTable_01_collision.DAE
[6.316s] -- Symlinking: /home/achy/ros2/ros2_arm/install/robotic_arm_gazebo/share/robotic_arm_gazebo/models/aws_robomaker_residential_KitchenTable_01/meshes/aws_KitchenTable_01_visual.DAE
[6.340s] -- Symlinking: /home/achy/ros2/ros2_arm/install/robotic_arm_gazebo/share/robotic_arm_gazebo/models/aws_robomaker_residential_KitchenTable_01/model.config
[6.360s] -- Symlinking: /home/achy/ros2/ros2_arm/install/robotic_arm_gazebo/share/robotic_arm_gazebo/models/aws_robomaker_residential_KitchenTable_01/model.sdf
[6.379s] -- Symlinking: /home/achy/ros2/ros2_arm/install/robotic_arm_gazebo/share/robotic_arm_gazebo/models/aws_robomaker_residential_KitchenUtensils_01/materials/textures/aws_KitchenUtensils_01.png
[6.399s] -- Symlinking: /home/achy/ros2/ros2_arm/install/robotic_arm_gazebo/share/robotic_arm_gazebo/models/aws_robomaker_residential_KitchenUtensils_01/meshes/aws_KitchenUtensils_01_collision.DAE
[6.421s] -- Symlinking: /home/achy/ros2/ros2_arm/install/robotic_arm_gazebo/share/robotic_arm_gazebo/models/aws_robomaker_residential_KitchenUtensils_01/meshes/aws_KitchenUtensils_01_visual.DAE
[6.452s] -- Symlinking: /home/achy/ros2/ros2_arm/install/robotic_arm_gazebo/share/robotic_arm_gazebo/models/aws_robomaker_residential_KitchenUtensils_01/model.config
[6.473s] -- Symlinking: /home/achy/ros2/ros2_arm/install/robotic_arm_gazebo/share/robotic_arm_gazebo/models/aws_robomaker_residential_KitchenUtensils_01/model.sdf
[6.493s] -- Symlinking: /home/achy/ros2/ros2_arm/install/robotic_arm_gazebo/share/robotic_arm_gazebo/models/aws_robomaker_residential_LightC_01/materials/textures/aws_LightC_01.png
[6.514s] -- Symlinking: /home/achy/ros2/ros2_arm/install/robotic_arm_gazebo/share/robotic_arm_gazebo/models/aws_robomaker_residential_LightC_01/meshes/aws_LightC_01_collision.DAE
[6.535s] -- Symlinking: /home/achy/ros2/ros2_arm/install/robotic_arm_gazebo/share/robotic_arm_gazebo/models/aws_robomaker_residential_LightC_01/meshes/aws_LightC_01_visual.DAE
[6.555s] -- Symlinking: /home/achy/ros2/ros2_arm/install/robotic_arm_gazebo/share/robotic_arm_gazebo/models/aws_robomaker_residential_LightC_01/model.config
[6.576s] -- Symlinking: /home/achy/ros2/ros2_arm/install/robotic_arm_gazebo/share/robotic_arm_gazebo/models/aws_robomaker_residential_LightC_01/model.sdf
[6.601s] -- Symlinking: /home/achy/ros2/ros2_arm/install/robotic_arm_gazebo/share/robotic_arm_gazebo/models/aws_robomaker_residential_NightStand_01/materials/textures/aws_NightStand_01.png
[6.624s] -- Symlinking: /home/achy/ros2/ros2_arm/install/robotic_arm_gazebo/share/robotic_arm_gazebo/models/aws_robomaker_residential_NightStand_01/meshes/aws_NightStand_01_collision.DAE
[6.648s] -- Symlinking: /home/achy/ros2/ros2_arm/install/robotic_arm_gazebo/share/robotic_arm_gazebo/models/aws_robomaker_residential_NightStand_01/meshes/aws_NightStand_01_visual.DAE
[6.669s] -- Symlinking: /home/achy/ros2/ros2_arm/install/robotic_arm_gazebo/share/robotic_arm_gazebo/models/aws_robomaker_residential_NightStand_01/model.config
[6.689s] -- Symlinking: /home/achy/ros2/ros2_arm/install/robotic_arm_gazebo/share/robotic_arm_gazebo/models/aws_robomaker_residential_NightStand_01/model.sdf
[6.709s] -- Symlinking: /home/achy/ros2/ros2_arm/install/robotic_arm_gazebo/share/robotic_arm_gazebo/models/aws_robomaker_residential_Pillow_01/materials/textures/aws_Pillow_01.png
[6.733s] -- Symlinking: /home/achy/ros2/ros2_arm/install/robotic_arm_gazebo/share/robotic_arm_gazebo/models/aws_robomaker_residential_Pillow_01/meshes/aws_Pillow_01_collision.DAE
[6.756s] -- Symlinking: /home/achy/ros2/ros2_arm/install/robotic_arm_gazebo/share/robotic_arm_gazebo/models/aws_robomaker_residential_Pillow_01/meshes/aws_Pillow_01_visual.DAE
[6.777s] -- Symlinking: /home/achy/ros2/ros2_arm/install/robotic_arm_gazebo/share/robotic_arm_gazebo/models/aws_robomaker_residential_Pillow_01/model.config
[6.798s] -- Symlinking: /home/achy/ros2/ros2_arm/install/robotic_arm_gazebo/share/robotic_arm_gazebo/models/aws_robomaker_residential_Pillow_01/model.sdf
[6.818s] -- Symlinking: /home/achy/ros2/ros2_arm/install/robotic_arm_gazebo/share/robotic_arm_gazebo/models/aws_robomaker_residential_PortraitA_01/materials/textures/PortraitA_01.jpg
[6.844s] -- Symlinking: /home/achy/ros2/ros2_arm/install/robotic_arm_gazebo/share/robotic_arm_gazebo/models/aws_robomaker_residential_PortraitA_01/materials/textures/aws_PortraitA_01.png
[6.864s] -- Symlinking: /home/achy/ros2/ros2_arm/install/robotic_arm_gazebo/share/robotic_arm_gazebo/models/aws_robomaker_residential_PortraitA_01/materials/textures/aws_PortraitA_02.png
[6.884s] -- Symlinking: /home/achy/ros2/ros2_arm/install/robotic_arm_gazebo/share/robotic_arm_gazebo/models/aws_robomaker_residential_PortraitA_01/meshes/aws_PortraitA_01_collision.DAE
[6.906s] -- Symlinking: /home/achy/ros2/ros2_arm/install/robotic_arm_gazebo/share/robotic_arm_gazebo/models/aws_robomaker_residential_PortraitA_01/meshes/aws_PortraitA_01_visual.DAE
[6.933s] -- Symlinking: /home/achy/ros2/ros2_arm/install/robotic_arm_gazebo/share/robotic_arm_gazebo/models/aws_robomaker_residential_PortraitA_01/model.config
[6.961s] -- Symlinking: /home/achy/ros2/ros2_arm/install/robotic_arm_gazebo/share/robotic_arm_gazebo/models/aws_robomaker_residential_PortraitA_01/model.sdf
[6.981s] -- Symlinking: /home/achy/ros2/ros2_arm/install/robotic_arm_gazebo/share/robotic_arm_gazebo/models/aws_robomaker_residential_PortraitA_02/materials/textures/PortraitA_02.jpg
[7.003s] -- Symlinking: /home/achy/ros2/ros2_arm/install/robotic_arm_gazebo/share/robotic_arm_gazebo/models/aws_robomaker_residential_PortraitA_02/materials/textures/aws_PortraitA_01.png
[7.027s] -- Symlinking: /home/achy/ros2/ros2_arm/install/robotic_arm_gazebo/share/robotic_arm_gazebo/models/aws_robomaker_residential_PortraitA_02/materials/textures/aws_PortraitA_02.png
[7.050s] -- Symlinking: /home/achy/ros2/ros2_arm/install/robotic_arm_gazebo/share/robotic_arm_gazebo/models/aws_robomaker_residential_PortraitA_02/meshes/aws_PortraitA_01_collision.DAE
[7.071s] -- Symlinking: /home/achy/ros2/ros2_arm/install/robotic_arm_gazebo/share/robotic_arm_gazebo/models/aws_robomaker_residential_PortraitA_02/meshes/aws_PortraitA_01_visual.DAE
[7.093s] -- Symlinking: /home/achy/ros2/ros2_arm/install/robotic_arm_gazebo/share/robotic_arm_gazebo/models/aws_robomaker_residential_PortraitA_02/model.config
[7.117s] -- Symlinking: /home/achy/ros2/ros2_arm/install/robotic_arm_gazebo/share/robotic_arm_gazebo/models/aws_robomaker_residential_PortraitA_02/model.sdf
[7.140s] -- Symlinking: /home/achy/ros2/ros2_arm/install/robotic_arm_gazebo/share/robotic_arm_gazebo/models/aws_robomaker_residential_PortraitB_01/materials/textures/PortraitB_01.jpg
[7.160s] -- Symlinking: /home/achy/ros2/ros2_arm/install/robotic_arm_gazebo/share/robotic_arm_gazebo/models/aws_robomaker_residential_PortraitB_01/materials/textures/aws_PortraitB_01.png
[7.180s] -- Symlinking: /home/achy/ros2/ros2_arm/install/robotic_arm_gazebo/share/robotic_arm_gazebo/models/aws_robomaker_residential_PortraitB_01/materials/textures/aws_PortraitB_02.png
[7.201s] -- Symlinking: /home/achy/ros2/ros2_arm/install/robotic_arm_gazebo/share/robotic_arm_gazebo/models/aws_robomaker_residential_PortraitB_01/meshes/aws_PortraitB_01_collision.DAE
[7.223s] -- Symlinking: /home/achy/ros2/ros2_arm/install/robotic_arm_gazebo/share/robotic_arm_gazebo/models/aws_robomaker_residential_PortraitB_01/meshes/aws_PortraitB_01_visual.DAE
[7.248s] -- Symlinking: /home/achy/ros2/ros2_arm/install/robotic_arm_gazebo/share/robotic_arm_gazebo/models/aws_robomaker_residential_PortraitB_01/model.config
[7.269s] -- Symlinking: /home/achy/ros2/ros2_arm/install/robotic_arm_gazebo/share/robotic_arm_gazebo/models/aws_robomaker_residential_PortraitB_01/model.sdf
[7.290s] -- Symlinking: /home/achy/ros2/ros2_arm/install/robotic_arm_gazebo/share/robotic_arm_gazebo/models/aws_robomaker_residential_PortraitB_02/materials/textures/PortraitB_02.jpg
[7.310s] -- Symlinking: /home/achy/ros2/ros2_arm/install/robotic_arm_gazebo/share/robotic_arm_gazebo/models/aws_robomaker_residential_PortraitB_02/materials/textures/aws_PortraitB_01.png
[7.333s] -- Symlinking: /home/achy/ros2/ros2_arm/install/robotic_arm_gazebo/share/robotic_arm_gazebo/models/aws_robomaker_residential_PortraitB_02/materials/textures/aws_PortraitB_02.png
[7.356s] -- Symlinking: /home/achy/ros2/ros2_arm/install/robotic_arm_gazebo/share/robotic_arm_gazebo/models/aws_robomaker_residential_PortraitB_02/meshes/aws_PortraitB_01_collision.DAE
[7.386s] -- Symlinking: /home/achy/ros2/ros2_arm/install/robotic_arm_gazebo/share/robotic_arm_gazebo/models/aws_robomaker_residential_PortraitB_02/meshes/aws_PortraitB_01_visual.DAE
[7.405s] -- Symlinking: /home/achy/ros2/ros2_arm/install/robotic_arm_gazebo/share/robotic_arm_gazebo/models/aws_robomaker_residential_PortraitB_02/model.config
[7.436s] -- Symlinking: /home/achy/ros2/ros2_arm/install/robotic_arm_gazebo/share/robotic_arm_gazebo/models/aws_robomaker_residential_PortraitB_02/model.sdf
[7.450s] -- Symlinking: /home/achy/ros2/ros2_arm/install/robotic_arm_gazebo/share/robotic_arm_gazebo/models/aws_robomaker_residential_PortraitB_03/materials/textures/PortraitB_03.jpg
[7.470s] -- Symlinking: /home/achy/ros2/ros2_arm/install/robotic_arm_gazebo/share/robotic_arm_gazebo/models/aws_robomaker_residential_PortraitB_03/materials/textures/aws_PortraitB_01.png
[7.490s] -- Symlinking: /home/achy/ros2/ros2_arm/install/robotic_arm_gazebo/share/robotic_arm_gazebo/models/aws_robomaker_residential_PortraitB_03/materials/textures/aws_PortraitB_02.png
[7.509s] -- Symlinking: /home/achy/ros2/ros2_arm/install/robotic_arm_gazebo/share/robotic_arm_gazebo/models/aws_robomaker_residential_PortraitB_03/meshes/aws_PortraitB_01_collision.DAE
[7.532s] -- Symlinking: /home/achy/ros2/ros2_arm/install/robotic_arm_gazebo/share/robotic_arm_gazebo/models/aws_robomaker_residential_PortraitB_03/meshes/aws_PortraitB_01_visual.DAE
[7.553s] -- Symlinking: /home/achy/ros2/ros2_arm/install/robotic_arm_gazebo/share/robotic_arm_gazebo/models/aws_robomaker_residential_PortraitB_03/model.config
[7.573s] -- Symlinking: /home/achy/ros2/ros2_arm/install/robotic_arm_gazebo/share/robotic_arm_gazebo/models/aws_robomaker_residential_PortraitB_03/model.sdf
[7.593s] -- Symlinking: /home/achy/ros2/ros2_arm/install/robotic_arm_gazebo/share/robotic_arm_gazebo/models/aws_robomaker_residential_PortraitC_01/materials/textures/PortraitC_01.jpg
[7.617s] -- Symlinking: /home/achy/ros2/ros2_arm/install/robotic_arm_gazebo/share/robotic_arm_gazebo/models/aws_robomaker_residential_PortraitC_01/materials/textures/aws_PortraitC_01.png
[7.642s] -- Symlinking: /home/achy/ros2/ros2_arm/install/robotic_arm_gazebo/share/robotic_arm_gazebo/models/aws_robomaker_residential_PortraitC_01/materials/textures/aws_PortraitC_02.png
[7.662s] -- Symlinking: /home/achy/ros2/ros2_arm/install/robotic_arm_gazebo/share/robotic_arm_gazebo/models/aws_robomaker_residential_PortraitC_01/meshes/aws_PortraitC_01_collision.DAE
[7.682s] -- Symlinking: /home/achy/ros2/ros2_arm/install/robotic_arm_gazebo/share/robotic_arm_gazebo/models/aws_robomaker_residential_PortraitC_01/meshes/aws_PortraitC_01_visual.DAE
[7.702s] -- Symlinking: /home/achy/ros2/ros2_arm/install/robotic_arm_gazebo/share/robotic_arm_gazebo/models/aws_robomaker_residential_PortraitC_01/model.config
[7.723s] -- Symlinking: /home/achy/ros2/ros2_arm/install/robotic_arm_gazebo/share/robotic_arm_gazebo/models/aws_robomaker_residential_PortraitC_01/model.sdf
[7.754s] -- Symlinking: /home/achy/ros2/ros2_arm/install/robotic_arm_gazebo/share/robotic_arm_gazebo/models/aws_robomaker_residential_PortraitD_01/materials/textures/PortraitD_01.jpg
[7.773s] -- Symlinking: /home/achy/ros2/ros2_arm/install/robotic_arm_gazebo/share/robotic_arm_gazebo/models/aws_robomaker_residential_PortraitD_01/materials/textures/aws_PortraitD_01.png
[7.793s] -- Symlinking: /home/achy/ros2/ros2_arm/install/robotic_arm_gazebo/share/robotic_arm_gazebo/models/aws_robomaker_residential_PortraitD_01/materials/textures/aws_PortraitD_02.png
[7.813s] -- Symlinking: /home/achy/ros2/ros2_arm/install/robotic_arm_gazebo/share/robotic_arm_gazebo/models/aws_robomaker_residential_PortraitD_01/meshes/aws_PortraitD_01_collision.DAE
[7.836s] -- Symlinking: /home/achy/ros2/ros2_arm/install/robotic_arm_gazebo/share/robotic_arm_gazebo/models/aws_robomaker_residential_PortraitD_01/meshes/aws_PortraitD_01_visual.DAE
[7.856s] -- Symlinking: /home/achy/ros2/ros2_arm/install/robotic_arm_gazebo/share/robotic_arm_gazebo/models/aws_robomaker_residential_PortraitD_01/model.config
[7.877s] -- Symlinking: /home/achy/ros2/ros2_arm/install/robotic_arm_gazebo/share/robotic_arm_gazebo/models/aws_robomaker_residential_PortraitD_01/model.sdf
[7.900s] -- Symlinking: /home/achy/ros2/ros2_arm/install/robotic_arm_gazebo/share/robotic_arm_gazebo/models/aws_robomaker_residential_PortraitD_02/materials/textures/PortraitD_02.jpg
[7.922s] -- Symlinking: /home/achy/ros2/ros2_arm/install/robotic_arm_gazebo/share/robotic_arm_gazebo/models/aws_robomaker_residential_PortraitD_02/materials/textures/aws_PortraitD_01.png
[7.948s] -- Symlinking: /home/achy/ros2/ros2_arm/install/robotic_arm_gazebo/share/robotic_arm_gazebo/models/aws_robomaker_residential_PortraitD_02/materials/textures/aws_PortraitD_02.png
[7.975s] -- Symlinking: /home/achy/ros2/ros2_arm/install/robotic_arm_gazebo/share/robotic_arm_gazebo/models/aws_robomaker_residential_PortraitD_02/meshes/aws_PortraitD_01_collision.DAE
[7.997s] -- Symlinking: /home/achy/ros2/ros2_arm/install/robotic_arm_gazebo/share/robotic_arm_gazebo/models/aws_robomaker_residential_PortraitD_02/meshes/aws_PortraitD_01_visual.DAE
[8.020s] -- Symlinking: /home/achy/ros2/ros2_arm/install/robotic_arm_gazebo/share/robotic_arm_gazebo/models/aws_robomaker_residential_PortraitD_02/model.config
[8.044s] -- Symlinking: /home/achy/ros2/ros2_arm/install/robotic_arm_gazebo/share/robotic_arm_gazebo/models/aws_robomaker_residential_PortraitD_02/model.sdf
[8.065s] -- Symlinking: /home/achy/ros2/ros2_arm/install/robotic_arm_gazebo/share/robotic_arm_gazebo/models/aws_robomaker_residential_PortraitE_01/materials/textures/PortraitE_01.jpg
[8.085s] -- Symlinking: /home/achy/ros2/ros2_arm/install/robotic_arm_gazebo/share/robotic_arm_gazebo/models/aws_robomaker_residential_PortraitE_01/materials/textures/aws_PortraitE_01.png
[8.108s] -- Symlinking: /home/achy/ros2/ros2_arm/install/robotic_arm_gazebo/share/robotic_arm_gazebo/models/aws_robomaker_residential_PortraitE_01/materials/textures/aws_PortraitE_02.png
[8.133s] -- Symlinking: /home/achy/ros2/ros2_arm/install/robotic_arm_gazebo/share/robotic_arm_gazebo/models/aws_robomaker_residential_PortraitE_01/meshes/aws_PortraitE_01_collision.DAE
[8.162s] -- Symlinking: /home/achy/ros2/ros2_arm/install/robotic_arm_gazebo/share/robotic_arm_gazebo/models/aws_robomaker_residential_PortraitE_01/meshes/aws_PortraitE_01_visual.DAE
[8.183s] -- Symlinking: /home/achy/ros2/ros2_arm/install/robotic_arm_gazebo/share/robotic_arm_gazebo/models/aws_robomaker_residential_PortraitE_01/model.config
[8.202s] -- Symlinking: /home/achy/ros2/ros2_arm/install/robotic_arm_gazebo/share/robotic_arm_gazebo/models/aws_robomaker_residential_PortraitE_01/model.sdf
[8.224s] -- Symlinking: /home/achy/ros2/ros2_arm/install/robotic_arm_gazebo/share/robotic_arm_gazebo/models/aws_robomaker_residential_PortraitE_02/materials/textures/PortraitE_02.jpg
[8.248s] -- Symlinking: /home/achy/ros2/ros2_arm/install/robotic_arm_gazebo/share/robotic_arm_gazebo/models/aws_robomaker_residential_PortraitE_02/materials/textures/aws_PortraitE_01.png
[8.268s] -- Symlinking: /home/achy/ros2/ros2_arm/install/robotic_arm_gazebo/share/robotic_arm_gazebo/models/aws_robomaker_residential_PortraitE_02/materials/textures/aws_PortraitE_02.png
[8.288s] -- Symlinking: /home/achy/ros2/ros2_arm/install/robotic_arm_gazebo/share/robotic_arm_gazebo/models/aws_robomaker_residential_PortraitE_02/meshes/aws_PortraitE_01_collision.DAE
[8.307s] -- Symlinking: /home/achy/ros2/ros2_arm/install/robotic_arm_gazebo/share/robotic_arm_gazebo/models/aws_robomaker_residential_PortraitE_02/meshes/aws_PortraitE_01_visual.DAE
[8.329s] -- Symlinking: /home/achy/ros2/ros2_arm/install/robotic_arm_gazebo/share/robotic_arm_gazebo/models/aws_robomaker_residential_PortraitE_02/model.config
[8.350s] -- Symlinking: /home/achy/ros2/ros2_arm/install/robotic_arm_gazebo/share/robotic_arm_gazebo/models/aws_robomaker_residential_PortraitE_02/model.sdf
[8.371s] -- Symlinking: /home/achy/ros2/ros2_arm/install/robotic_arm_gazebo/share/robotic_arm_gazebo/models/aws_robomaker_residential_Quilt_01/materials/textures/aws_Quilt_01.png
[8.389s] -- Symlinking: /home/achy/ros2/ros2_arm/install/robotic_arm_gazebo/share/robotic_arm_gazebo/models/aws_robomaker_residential_Quilt_01/meshes/aws_Quilt_01_collision.DAE
[8.408s] -- Symlinking: /home/achy/ros2/ros2_arm/install/robotic_arm_gazebo/share/robotic_arm_gazebo/models/aws_robomaker_residential_Quilt_01/meshes/aws_Quilt_01_visual.DAE
[8.431s] -- Symlinking: /home/achy/ros2/ros2_arm/install/robotic_arm_gazebo/share/robotic_arm_gazebo/models/aws_robomaker_residential_Quilt_01/model.config
[8.456s] -- Symlinking: /home/achy/ros2/ros2_arm/install/robotic_arm_gazebo/share/robotic_arm_gazebo/models/aws_robomaker_residential_Quilt_01/model.sdf
[8.477s] -- Symlinking: /home/achy/ros2/ros2_arm/install/robotic_arm_gazebo/share/robotic_arm_gazebo/models/aws_robomaker_residential_Rangehood_01/materials/textures/aws_Rangehood_01.png
[8.497s] -- Symlinking: /home/achy/ros2/ros2_arm/install/robotic_arm_gazebo/share/robotic_arm_gazebo/models/aws_robomaker_residential_Rangehood_01/meshes/aws_Rangehood_01_collision.DAE
[8.517s] -- Symlinking: /home/achy/ros2/ros2_arm/install/robotic_arm_gazebo/share/robotic_arm_gazebo/models/aws_robomaker_residential_Rangehood_01/meshes/aws_Rangehood_01_visual.DAE
[8.540s] -- Symlinking: /home/achy/ros2/ros2_arm/install/robotic_arm_gazebo/share/robotic_arm_gazebo/models/aws_robomaker_residential_Rangehood_01/model.config
[8.564s] -- Symlinking: /home/achy/ros2/ros2_arm/install/robotic_arm_gazebo/share/robotic_arm_gazebo/models/aws_robomaker_residential_Rangehood_01/model.sdf
[8.583s] -- Symlinking: /home/achy/ros2/ros2_arm/install/robotic_arm_gazebo/share/robotic_arm_gazebo/models/aws_robomaker_residential_ReadingDesk_01/materials/textures/aws_ReadingDesk_01.png
[8.605s] -- Symlinking: /home/achy/ros2/ros2_arm/install/robotic_arm_gazebo/share/robotic_arm_gazebo/models/aws_robomaker_residential_ReadingDesk_01/meshes/aws_ReadingDesk_01_collision.DAE
[8.633s] -- Symlinking: /home/achy/ros2/ros2_arm/install/robotic_arm_gazebo/share/robotic_arm_gazebo/models/aws_robomaker_residential_ReadingDesk_01/meshes/aws_ReadingDesk_01_visual.DAE
[8.658s] -- Symlinking: /home/achy/ros2/ros2_arm/install/robotic_arm_gazebo/share/robotic_arm_gazebo/models/aws_robomaker_residential_ReadingDesk_01/model.config
[8.678s] -- Symlinking: /home/achy/ros2/ros2_arm/install/robotic_arm_gazebo/share/robotic_arm_gazebo/models/aws_robomaker_residential_ReadingDesk_01/model.sdf
[8.698s] -- Symlinking: /home/achy/ros2/ros2_arm/install/robotic_arm_gazebo/share/robotic_arm_gazebo/models/aws_robomaker_residential_Refrigerator_01/materials/textures/aws_Refrigerator_01.png
[8.718s] -- Symlinking: /home/achy/ros2/ros2_arm/install/robotic_arm_gazebo/share/robotic_arm_gazebo/models/aws_robomaker_residential_Refrigerator_01/materials/textures/aws_Refrigerator_02.png
[8.740s] -- Symlinking: /home/achy/ros2/ros2_arm/install/robotic_arm_gazebo/share/robotic_arm_gazebo/models/aws_robomaker_residential_Refrigerator_01/meshes/aws_Refrigerator_01.DAE
[8.762s] -- Symlinking: /home/achy/ros2/ros2_arm/install/robotic_arm_gazebo/share/robotic_arm_gazebo/models/aws_robomaker_residential_Refrigerator_01/meshes/aws_Refrigerator_01_collision.DAE
[8.782s] -- Symlinking: /home/achy/ros2/ros2_arm/install/robotic_arm_gazebo/share/robotic_arm_gazebo/models/aws_robomaker_residential_Refrigerator_01/meshes/aws_Refrigerator_01_visual.DAE
[8.801s] -- Symlinking: /home/achy/ros2/ros2_arm/install/robotic_arm_gazebo/share/robotic_arm_gazebo/models/aws_robomaker_residential_Refrigerator_01/model.config
[8.822s] -- Symlinking: /home/achy/ros2/ros2_arm/install/robotic_arm_gazebo/share/robotic_arm_gazebo/models/aws_robomaker_residential_Refrigerator_01/model.sdf
[8.845s] -- Symlinking: /home/achy/ros2/ros2_arm/install/robotic_arm_gazebo/share/robotic_arm_gazebo/models/aws_robomaker_residential_RoomCeiling_01/materials/textures/aws_RoomCeiling_01.png
[8.865s] -- Symlinking: /home/achy/ros2/ros2_arm/install/robotic_arm_gazebo/share/robotic_arm_gazebo/models/aws_robomaker_residential_RoomCeiling_01/meshes/aws_RoomCeiling_01_collision.DAE
[8.884s] -- Symlinking: /home/achy/ros2/ros2_arm/install/robotic_arm_gazebo/share/robotic_arm_gazebo/models/aws_robomaker_residential_RoomCeiling_01/meshes/aws_RoomCeiling_01_visual.DAE
[8.903s] -- Symlinking: /home/achy/ros2/ros2_arm/install/robotic_arm_gazebo/share/robotic_arm_gazebo/models/aws_robomaker_residential_RoomCeiling_01/model.config
[8.923s] -- Symlinking: /home/achy/ros2/ros2_arm/install/robotic_arm_gazebo/share/robotic_arm_gazebo/models/aws_robomaker_residential_RoomCeiling_01/model.sdf
[8.946s] -- Symlinking: /home/achy/ros2/ros2_arm/install/robotic_arm_gazebo/share/robotic_arm_gazebo/models/aws_robomaker_residential_RoomWall_01/materials/textures/aws_RoomWall_01.png
[8.966s] -- Symlinking: /home/achy/ros2/ros2_arm/install/robotic_arm_gazebo/share/robotic_arm_gazebo/models/aws_robomaker_residential_RoomWall_01/meshes/aws_RoomWall_01_collision.DAE
[8.986s] -- Symlinking: /home/achy/ros2/ros2_arm/install/robotic_arm_gazebo/share/robotic_arm_gazebo/models/aws_robomaker_residential_RoomWall_01/meshes/aws_RoomWall_01_visual.DAE
[9.007s] -- Symlinking: /home/achy/ros2/ros2_arm/install/robotic_arm_gazebo/share/robotic_arm_gazebo/models/aws_robomaker_residential_RoomWall_01/model.config
[9.029s] -- Symlinking: /home/achy/ros2/ros2_arm/install/robotic_arm_gazebo/share/robotic_arm_gazebo/models/aws_robomaker_residential_RoomWall_01/model.sdf
[9.053s] -- Symlinking: /home/achy/ros2/ros2_arm/install/robotic_arm_gazebo/share/robotic_arm_gazebo/models/aws_robomaker_residential_RoomWindow_01/materials/textures/aws_RoomWindow_01.png
[9.072s] -- Symlinking: /home/achy/ros2/ros2_arm/install/robotic_arm_gazebo/share/robotic_arm_gazebo/models/aws_robomaker_residential_RoomWindow_01/meshes/aws_RoomWindow_01_collision.DAE
[9.091s] -- Symlinking: /home/achy/ros2/ros2_arm/install/robotic_arm_gazebo/share/robotic_arm_gazebo/models/aws_robomaker_residential_RoomWindow_01/meshes/aws_RoomWindow_01_visual.DAE
[9.112s] -- Symlinking: /home/achy/ros2/ros2_arm/install/robotic_arm_gazebo/share/robotic_arm_gazebo/models/aws_robomaker_residential_RoomWindow_01/model.config
[9.140s] -- Symlinking: /home/achy/ros2/ros2_arm/install/robotic_arm_gazebo/share/robotic_arm_gazebo/models/aws_robomaker_residential_RoomWindow_01/model.sdf
[9.172s] -- Symlinking: /home/achy/ros2/ros2_arm/install/robotic_arm_gazebo/share/robotic_arm_gazebo/models/aws_robomaker_residential_SeasoningBox_01/materials/textures/aws_SeasoningBox_01.png
[9.194s] -- Symlinking: /home/achy/ros2/ros2_arm/install/robotic_arm_gazebo/share/robotic_arm_gazebo/models/aws_robomaker_residential_SeasoningBox_01/meshes/aws_SeasoningBox_01_collision.DAE
[9.216s] -- Symlinking: /home/achy/ros2/ros2_arm/install/robotic_arm_gazebo/share/robotic_arm_gazebo/models/aws_robomaker_residential_SeasoningBox_01/meshes/aws_SeasoningBox_01_visual.DAE
[9.241s] -- Symlinking: /home/achy/ros2/ros2_arm/install/robotic_arm_gazebo/share/robotic_arm_gazebo/models/aws_robomaker_residential_SeasoningBox_01/model.config
[9.266s] -- Symlinking: /home/achy/ros2/ros2_arm/install/robotic_arm_gazebo/share/robotic_arm_gazebo/models/aws_robomaker_residential_SeasoningBox_01/model.sdf
[9.286s] -- Symlinking: /home/achy/ros2/ros2_arm/install/robotic_arm_gazebo/share/robotic_arm_gazebo/models/aws_robomaker_residential_SecurityCamera_01/materials/textures/aws_SecurityCamera_01.png
[9.306s] -- Symlinking: /home/achy/ros2/ros2_arm/install/robotic_arm_gazebo/share/robotic_arm_gazebo/models/aws_robomaker_residential_SecurityCamera_01/meshes/aws_SecurityCamera_01_collision.DAE
[9.327s] -- Symlinking: /home/achy/ros2/ros2_arm/install/robotic_arm_gazebo/share/robotic_arm_gazebo/models/aws_robomaker_residential_SecurityCamera_01/meshes/aws_SecurityCamera_01_visual.DAE
[9.349s] -- Symlinking: /home/achy/ros2/ros2_arm/install/robotic_arm_gazebo/share/robotic_arm_gazebo/models/aws_robomaker_residential_SecurityCamera_01/model.config
[9.370s] -- Symlinking: /home/achy/ros2/ros2_arm/install/robotic_arm_gazebo/share/robotic_arm_gazebo/models/aws_robomaker_residential_SecurityCamera_01/model.sdf
[9.390s] -- Symlinking: /home/achy/ros2/ros2_arm/install/robotic_arm_gazebo/share/robotic_arm_gazebo/models/aws_robomaker_residential_ShoeRack_01/materials/textures/aws_ShoeRack_01.png
[9.411s] -- Symlinking: /home/achy/ros2/ros2_arm/install/robotic_arm_gazebo/share/robotic_arm_gazebo/models/aws_robomaker_residential_ShoeRack_01/meshes/aws_ShoeRack_01_collision.DAE
[9.437s] -- Symlinking: /home/achy/ros2/ros2_arm/install/robotic_arm_gazebo/share/robotic_arm_gazebo/models/aws_robomaker_residential_ShoeRack_01/meshes/aws_ShoeRack_01_visual.DAE
[9.455s] -- Symlinking: /home/achy/ros2/ros2_arm/install/robotic_arm_gazebo/share/robotic_arm_gazebo/models/aws_robomaker_residential_ShoeRack_01/model.config
[9.474s] -- Symlinking: /home/achy/ros2/ros2_arm/install/robotic_arm_gazebo/share/robotic_arm_gazebo/models/aws_robomaker_residential_ShoeRack_01/model.sdf
[9.496s] -- Symlinking: /home/achy/ros2/ros2_arm/install/robotic_arm_gazebo/share/robotic_arm_gazebo/models/aws_robomaker_residential_SofaB_01/materials/textures/aws_SofaB_01.png
[9.515s] -- Symlinking: /home/achy/ros2/ros2_arm/install/robotic_arm_gazebo/share/robotic_arm_gazebo/models/aws_robomaker_residential_SofaB_01/meshes/aws_SofaB_01_collision.DAE
[9.538s] -- Symlinking: /home/achy/ros2/ros2_arm/install/robotic_arm_gazebo/share/robotic_arm_gazebo/models/aws_robomaker_residential_SofaB_01/meshes/aws_SofaB_01_visual.DAE
[9.560s] -- Symlinking: /home/achy/ros2/ros2_arm/install/robotic_arm_gazebo/share/robotic_arm_gazebo/models/aws_robomaker_residential_SofaB_01/model.config
[9.583s] -- Symlinking: /home/achy/ros2/ros2_arm/install/robotic_arm_gazebo/share/robotic_arm_gazebo/models/aws_robomaker_residential_SofaB_01/model.sdf
[9.603s] -- Symlinking: /home/achy/ros2/ros2_arm/install/robotic_arm_gazebo/share/robotic_arm_gazebo/models/aws_robomaker_residential_SofaC_01/materials/textures/aws_SofaC_01.png
[9.626s] -- Symlinking: /home/achy/ros2/ros2_arm/install/robotic_arm_gazebo/share/robotic_arm_gazebo/models/aws_robomaker_residential_SofaC_01/meshes/aws_SofaC_01_collision.DAE
[9.653s] -- Symlinking: /home/achy/ros2/ros2_arm/install/robotic_arm_gazebo/share/robotic_arm_gazebo/models/aws_robomaker_residential_SofaC_01/meshes/aws_SofaC_01_visual.DAE
[9.676s] -- Symlinking: /home/achy/ros2/ros2_arm/install/robotic_arm_gazebo/share/robotic_arm_gazebo/models/aws_robomaker_residential_SofaC_01/model.config
[9.696s] -- Symlinking: /home/achy/ros2/ros2_arm/install/robotic_arm_gazebo/share/robotic_arm_gazebo/models/aws_robomaker_residential_SofaC_01/model.sdf
[9.716s] -- Symlinking: /home/achy/ros2/ros2_arm/install/robotic_arm_gazebo/share/robotic_arm_gazebo/models/aws_robomaker_residential_Sofa_01/materials/textures/aws_Sofa_01.png
[9.739s] -- Symlinking: /home/achy/ros2/ros2_arm/install/robotic_arm_gazebo/share/robotic_arm_gazebo/models/aws_robomaker_residential_Sofa_01/meshes/aws_Sofa_01.DAE
[9.767s] -- Symlinking: /home/achy/ros2/ros2_arm/install/robotic_arm_gazebo/share/robotic_arm_gazebo/models/aws_robomaker_residential_Sofa_01/meshes/aws_Sofa_01_collision.DAE
[9.790s] -- Symlinking: /home/achy/ros2/ros2_arm/install/robotic_arm_gazebo/share/robotic_arm_gazebo/models/aws_robomaker_residential_Sofa_01/meshes/aws_Sofa_01_visual.DAE
[9.810s] -- Symlinking: /home/achy/ros2/ros2_arm/install/robotic_arm_gazebo/share/robotic_arm_gazebo/models/aws_robomaker_residential_Sofa_01/model.config
[9.844s] -- Symlinking: /home/achy/ros2/ros2_arm/install/robotic_arm_gazebo/share/robotic_arm_gazebo/models/aws_robomaker_residential_Sofa_01/model.sdf
[9.854s] -- Symlinking: /home/achy/ros2/ros2_arm/install/robotic_arm_gazebo/share/robotic_arm_gazebo/models/aws_robomaker_residential_TVCabinet_01/materials/textures/aws_TVCabinet_01.png
[9.874s] -- Symlinking: /home/achy/ros2/ros2_arm/install/robotic_arm_gazebo/share/robotic_arm_gazebo/models/aws_robomaker_residential_TVCabinet_01/meshes/aws_TVCabinet_01_collision.DAE
[9.894s] -- Symlinking: /home/achy/ros2/ros2_arm/install/robotic_arm_gazebo/share/robotic_arm_gazebo/models/aws_robomaker_residential_TVCabinet_01/meshes/aws_TVCabinet_01_visual.DAE
[9.914s] -- Symlinking: /home/achy/ros2/ros2_arm/install/robotic_arm_gazebo/share/robotic_arm_gazebo/models/aws_robomaker_residential_TVCabinet_01/model.config
[9.936s] -- Symlinking: /home/achy/ros2/ros2_arm/install/robotic_arm_gazebo/share/robotic_arm_gazebo/models/aws_robomaker_residential_TVCabinet_01/model.sdf
[9.963s] -- Symlinking: /home/achy/ros2/ros2_arm/install/robotic_arm_gazebo/share/robotic_arm_gazebo/models/aws_robomaker_residential_TV_01/materials/textures/aws_TV_01.png
[9.983s] -- Symlinking: /home/achy/ros2/ros2_arm/install/robotic_arm_gazebo/share/robotic_arm_gazebo/models/aws_robomaker_residential_TV_01/meshes/aws_TV_01_collision.DAE
[10.002s] -- Symlinking: /home/achy/ros2/ros2_arm/install/robotic_arm_gazebo/share/robotic_arm_gazebo/models/aws_robomaker_residential_TV_01/meshes/aws_TV_01_visual.DAE
[10.022s] -- Symlinking: /home/achy/ros2/ros2_arm/install/robotic_arm_gazebo/share/robotic_arm_gazebo/models/aws_robomaker_residential_TV_01/model.config
[10.044s] -- Symlinking: /home/achy/ros2/ros2_arm/install/robotic_arm_gazebo/share/robotic_arm_gazebo/models/aws_robomaker_residential_TV_01/model.sdf
[10.065s] -- Symlinking: /home/achy/ros2/ros2_arm/install/robotic_arm_gazebo/share/robotic_arm_gazebo/models/aws_robomaker_residential_TV_02/materials/textures/aws_TV_01.png
[10.085s] -- Symlinking: /home/achy/ros2/ros2_arm/install/robotic_arm_gazebo/share/robotic_arm_gazebo/models/aws_robomaker_residential_TV_02/meshes/aws_TV_01_collision.DAE
[10.107s] -- Symlinking: /home/achy/ros2/ros2_arm/install/robotic_arm_gazebo/share/robotic_arm_gazebo/models/aws_robomaker_residential_TV_02/meshes/aws_TV_01_visual.DAE
[10.129s] -- Symlinking: /home/achy/ros2/ros2_arm/install/robotic_arm_gazebo/share/robotic_arm_gazebo/models/aws_robomaker_residential_TV_02/model.config
[10.157s] -- Symlinking: /home/achy/ros2/ros2_arm/install/robotic_arm_gazebo/share/robotic_arm_gazebo/models/aws_robomaker_residential_TV_02/model.sdf
[10.177s] -- Symlinking: /home/achy/ros2/ros2_arm/install/robotic_arm_gazebo/share/robotic_arm_gazebo/models/aws_robomaker_residential_Tablet_01/.DS_Store
[10.198s] -- Symlinking: /home/achy/ros2/ros2_arm/install/robotic_arm_gazebo/share/robotic_arm_gazebo/models/aws_robomaker_residential_Tablet_01/materials/.DS_Store
[10.221s] -- Symlinking: /home/achy/ros2/ros2_arm/install/robotic_arm_gazebo/share/robotic_arm_gazebo/models/aws_robomaker_residential_Tablet_01/materials/textures/aws_Tablet_01_nologo.png
[10.247s] -- Symlinking: /home/achy/ros2/ros2_arm/install/robotic_arm_gazebo/share/robotic_arm_gazebo/models/aws_robomaker_residential_Tablet_01/meshes/aws_Tablet_01_collision.DAE
[10.271s] -- Symlinking: /home/achy/ros2/ros2_arm/install/robotic_arm_gazebo/share/robotic_arm_gazebo/models/aws_robomaker_residential_Tablet_01/meshes/aws_Tablet_01_visual.DAE
[10.290s] -- Symlinking: /home/achy/ros2/ros2_arm/install/robotic_arm_gazebo/share/robotic_arm_gazebo/models/aws_robomaker_residential_Tablet_01/model.config
[10.311s] -- Symlinking: /home/achy/ros2/ros2_arm/install/robotic_arm_gazebo/share/robotic_arm_gazebo/models/aws_robomaker_residential_Tablet_01/model.sdf
[10.334s] -- Symlinking: /home/achy/ros2/ros2_arm/install/robotic_arm_gazebo/share/robotic_arm_gazebo/models/aws_robomaker_residential_Tableware_01/materials/textures/aws_Tableware_01.png
[10.364s] -- Symlinking: /home/achy/ros2/ros2_arm/install/robotic_arm_gazebo/share/robotic_arm_gazebo/models/aws_robomaker_residential_Tableware_01/meshes/aws_Tableware_01_collision.DAE
[10.386s] -- Symlinking: /home/achy/ros2/ros2_arm/install/robotic_arm_gazebo/share/robotic_arm_gazebo/models/aws_robomaker_residential_Tableware_01/meshes/aws_Tableware_01_visual.DAE
[10.406s] -- Symlinking: /home/achy/ros2/ros2_arm/install/robotic_arm_gazebo/share/robotic_arm_gazebo/models/aws_robomaker_residential_Tableware_01/model.config
[10.426s] -- Symlinking: /home/achy/ros2/ros2_arm/install/robotic_arm_gazebo/share/robotic_arm_gazebo/models/aws_robomaker_residential_Tableware_01/model.sdf
[10.454s] -- Symlinking: /home/achy/ros2/ros2_arm/install/robotic_arm_gazebo/share/robotic_arm_gazebo/models/aws_robomaker_residential_Trash_01/materials/textures/aws_Trash_01.png
[10.474s] -- Symlinking: /home/achy/ros2/ros2_arm/install/robotic_arm_gazebo/share/robotic_arm_gazebo/models/aws_robomaker_residential_Trash_01/meshes/aws_Trash_01_collision.DAE
[10.494s] -- Symlinking: /home/achy/ros2/ros2_arm/install/robotic_arm_gazebo/share/robotic_arm_gazebo/models/aws_robomaker_residential_Trash_01/meshes/aws_Trash_01_visual.DAE
[10.514s] -- Symlinking: /home/achy/ros2/ros2_arm/install/robotic_arm_gazebo/share/robotic_arm_gazebo/models/aws_robomaker_residential_Trash_01/model.config
[10.537s] -- Symlinking: /home/achy/ros2/ros2_arm/install/robotic_arm_gazebo/share/robotic_arm_gazebo/models/aws_robomaker_residential_Trash_01/model.sdf
[10.561s] -- Symlinking: /home/achy/ros2/ros2_arm/install/robotic_arm_gazebo/share/robotic_arm_gazebo/models/aws_robomaker_residential_Vase_01/materials/textures/aws_Vase_01.png
[10.581s] -- Symlinking: /home/achy/ros2/ros2_arm/install/robotic_arm_gazebo/share/robotic_arm_gazebo/models/aws_robomaker_residential_Vase_01/meshes/aws_Vase_01_collision.DAE
[10.601s] -- Symlinking: /home/achy/ros2/ros2_arm/install/robotic_arm_gazebo/share/robotic_arm_gazebo/models/aws_robomaker_residential_Vase_01/meshes/aws_Vase_01_visual.DAE
[10.619s] -- Symlinking: /home/achy/ros2/ros2_arm/install/robotic_arm_gazebo/share/robotic_arm_gazebo/models/aws_robomaker_residential_Vase_01/model.config
[10.641s] -- Symlinking: /home/achy/ros2/ros2_arm/install/robotic_arm_gazebo/share/robotic_arm_gazebo/models/aws_robomaker_residential_Vase_01/model.sdf
[10.669s] -- Symlinking: /home/achy/ros2/ros2_arm/install/robotic_arm_gazebo/share/robotic_arm_gazebo/models/aws_robomaker_residential_Wardrobe_01/materials/textures/aws_Wardrobe_01.png
[10.688s] -- Symlinking: /home/achy/ros2/ros2_arm/install/robotic_arm_gazebo/share/robotic_arm_gazebo/models/aws_robomaker_residential_Wardrobe_01/meshes/aws_Wardrobe_01_collision.DAE
[10.708s] -- Symlinking: /home/achy/ros2/ros2_arm/install/robotic_arm_gazebo/share/robotic_arm_gazebo/models/aws_robomaker_residential_Wardrobe_01/meshes/aws_Wardrobe_01_visual.DAE
[10.728s] -- Symlinking: /home/achy/ros2/ros2_arm/install/robotic_arm_gazebo/share/robotic_arm_gazebo/models/aws_robomaker_residential_Wardrobe_01/model.config
[10.753s] -- Symlinking: /home/achy/ros2/ros2_arm/install/robotic_arm_gazebo/share/robotic_arm_gazebo/models/aws_robomaker_residential_Wardrobe_01/model.sdf
[10.774s] -- Symlinking: /home/achy/ros2/ros2_arm/install/robotic_arm_gazebo/share/robotic_arm_gazebo/models/aws_robomaker_warehouse_Bucket_01/.DS_Store
[10.795s] -- Symlinking: /home/achy/ros2/ros2_arm/install/robotic_arm_gazebo/share/robotic_arm_gazebo/models/aws_robomaker_warehouse_Bucket_01/materials/.DS_Store
[10.814s] -- Symlinking: /home/achy/ros2/ros2_arm/install/robotic_arm_gazebo/share/robotic_arm_gazebo/models/aws_robomaker_warehouse_Bucket_01/materials/textures/aws_robomaker_warehouse_Bucket_01.png
[10.836s] -- Symlinking: /home/achy/ros2/ros2_arm/install/robotic_arm_gazebo/share/robotic_arm_gazebo/models/aws_robomaker_warehouse_Bucket_01/meshes/aws_robomaker_warehouse_Bucket_01_collision.DAE
[10.859s] -- Symlinking: /home/achy/ros2/ros2_arm/install/robotic_arm_gazebo/share/robotic_arm_gazebo/models/aws_robomaker_warehouse_Bucket_01/meshes/aws_robomaker_warehouse_Bucket_01_visual.DAE
[10.879s] -- Symlinking: /home/achy/ros2/ros2_arm/install/robotic_arm_gazebo/share/robotic_arm_gazebo/models/aws_robomaker_warehouse_Bucket_01/model.config
[10.899s] -- Symlinking: /home/achy/ros2/ros2_arm/install/robotic_arm_gazebo/share/robotic_arm_gazebo/models/aws_robomaker_warehouse_Bucket_01/model.sdf
[10.919s] -- Symlinking: /home/achy/ros2/ros2_arm/install/robotic_arm_gazebo/share/robotic_arm_gazebo/models/aws_robomaker_warehouse_ClutteringA_01/.DS_Store
[10.945s] -- Symlinking: /home/achy/ros2/ros2_arm/install/robotic_arm_gazebo/share/robotic_arm_gazebo/models/aws_robomaker_warehouse_ClutteringA_01/materials/.DS_Store
[10.966s] -- Symlinking: /home/achy/ros2/ros2_arm/install/robotic_arm_gazebo/share/robotic_arm_gazebo/models/aws_robomaker_warehouse_ClutteringA_01/materials/textures/.DS_Store
[10.986s] -- Symlinking: /home/achy/ros2/ros2_arm/install/robotic_arm_gazebo/share/robotic_arm_gazebo/models/aws_robomaker_warehouse_ClutteringA_01/materials/textures/aws_robomaker_warehouse_ClutteringA_01.png
[11.006s] -- Symlinking: /home/achy/ros2/ros2_arm/install/robotic_arm_gazebo/share/robotic_arm_gazebo/models/aws_robomaker_warehouse_ClutteringA_01/materials/textures/aws_robomaker_warehouse_ClutteringA_02.png
[11.028s] -- Symlinking: /home/achy/ros2/ros2_arm/install/robotic_arm_gazebo/share/robotic_arm_gazebo/models/aws_robomaker_warehouse_ClutteringA_01/materials/textures/aws_robomaker_warehouse_ClutteringA_03.png
[11.050s] -- Symlinking: /home/achy/ros2/ros2_arm/install/robotic_arm_gazebo/share/robotic_arm_gazebo/models/aws_robomaker_warehouse_ClutteringA_01/meshes/aws_robomaker_warehouse_ClutteringA_01_collision.DAE
[11.071s] -- Symlinking: /home/achy/ros2/ros2_arm/install/robotic_arm_gazebo/share/robotic_arm_gazebo/models/aws_robomaker_warehouse_ClutteringA_01/meshes/aws_robomaker_warehouse_ClutteringA_01_visual.DAE
[11.090s] -- Symlinking: /home/achy/ros2/ros2_arm/install/robotic_arm_gazebo/share/robotic_arm_gazebo/models/aws_robomaker_warehouse_ClutteringA_01/model.config
[11.109s] -- Symlinking: /home/achy/ros2/ros2_arm/install/robotic_arm_gazebo/share/robotic_arm_gazebo/models/aws_robomaker_warehouse_ClutteringA_01/model.sdf
[11.131s] -- Symlinking: /home/achy/ros2/ros2_arm/install/robotic_arm_gazebo/share/robotic_arm_gazebo/models/aws_robomaker_warehouse_ClutteringC_01/materials/textures/aws_robomaker_warehouse_ClutteringC_01.png
[11.152s] -- Symlinking: /home/achy/ros2/ros2_arm/install/robotic_arm_gazebo/share/robotic_arm_gazebo/models/aws_robomaker_warehouse_ClutteringC_01/materials/textures/aws_robomaker_warehouse_ClutteringC_02.png
[11.172s] -- Symlinking: /home/achy/ros2/ros2_arm/install/robotic_arm_gazebo/share/robotic_arm_gazebo/models/aws_robomaker_warehouse_ClutteringC_01/meshes/aws_robomaker_warehouse_ClutteringC_01_collision.DAE
[11.191s] -- Symlinking: /home/achy/ros2/ros2_arm/install/robotic_arm_gazebo/share/robotic_arm_gazebo/models/aws_robomaker_warehouse_ClutteringC_01/meshes/aws_robomaker_warehouse_ClutteringC_01_visual.DAE
[11.212s] -- Symlinking: /home/achy/ros2/ros2_arm/install/robotic_arm_gazebo/share/robotic_arm_gazebo/models/aws_robomaker_warehouse_ClutteringC_01/model.config
[11.233s] -- Symlinking: /home/achy/ros2/ros2_arm/install/robotic_arm_gazebo/share/robotic_arm_gazebo/models/aws_robomaker_warehouse_ClutteringC_01/model.sdf
[11.260s] -- Symlinking: /home/achy/ros2/ros2_arm/install/robotic_arm_gazebo/share/robotic_arm_gazebo/models/aws_robomaker_warehouse_ClutteringD_01/materials/textures/aws_robomaker_warehouse_ClutteringD_01.png
[11.280s] -- Symlinking: /home/achy/ros2/ros2_arm/install/robotic_arm_gazebo/share/robotic_arm_gazebo/models/aws_robomaker_warehouse_ClutteringD_01/materials/textures/aws_robomaker_warehouse_ClutteringD_02.png
[11.300s] -- Symlinking: /home/achy/ros2/ros2_arm/install/robotic_arm_gazebo/share/robotic_arm_gazebo/models/aws_robomaker_warehouse_ClutteringD_01/meshes/aws_robomaker_warehouse_ClutteringD_01_collision.DAE
[11.320s] -- Symlinking: /home/achy/ros2/ros2_arm/install/robotic_arm_gazebo/share/robotic_arm_gazebo/models/aws_robomaker_warehouse_ClutteringD_01/meshes/aws_robomaker_warehouse_ClutteringD_01_visual.DAE
[11.346s] -- Symlinking: /home/achy/ros2/ros2_arm/install/robotic_arm_gazebo/share/robotic_arm_gazebo/models/aws_robomaker_warehouse_ClutteringD_01/model.config
[11.373s] -- Symlinking: /home/achy/ros2/ros2_arm/install/robotic_arm_gazebo/share/robotic_arm_gazebo/models/aws_robomaker_warehouse_ClutteringD_01/model.sdf
[11.393s] -- Symlinking: /home/achy/ros2/ros2_arm/install/robotic_arm_gazebo/share/robotic_arm_gazebo/models/aws_robomaker_warehouse_DeskC_01/materials/.DS_Store
[11.413s] -- Symlinking: /home/achy/ros2/ros2_arm/install/robotic_arm_gazebo/share/robotic_arm_gazebo/models/aws_robomaker_warehouse_DeskC_01/materials/textures/aws_robomaker_warehouse_DeskC_01.png
[11.434s] -- Symlinking: /home/achy/ros2/ros2_arm/install/robotic_arm_gazebo/share/robotic_arm_gazebo/models/aws_robomaker_warehouse_DeskC_01/materials/textures/aws_robomaker_warehouse_DeskC_02.png
[11.458s] -- Symlinking: /home/achy/ros2/ros2_arm/install/robotic_arm_gazebo/share/robotic_arm_gazebo/models/aws_robomaker_warehouse_DeskC_01/materials/textures/aws_robomaker_warehouse_DeskC_03.png
[11.478s] -- Symlinking: /home/achy/ros2/ros2_arm/install/robotic_arm_gazebo/share/robotic_arm_gazebo/models/aws_robomaker_warehouse_DeskC_01/materials/textures/aws_robomaker_warehouse_DeskC_03.psd
[11.498s] -- Symlinking: /home/achy/ros2/ros2_arm/install/robotic_arm_gazebo/share/robotic_arm_gazebo/models/aws_robomaker_warehouse_DeskC_01/materials/textures/aws_robomaker_warehouse_DeskC_04.png
[11.518s] -- Symlinking: /home/achy/ros2/ros2_arm/install/robotic_arm_gazebo/share/robotic_arm_gazebo/models/aws_robomaker_warehouse_DeskC_01/meshes/aws_robomaker_warehouse_DeskC_01_collision.DAE
[11.541s] -- Symlinking: /home/achy/ros2/ros2_arm/install/robotic_arm_gazebo/share/robotic_arm_gazebo/models/aws_robomaker_warehouse_DeskC_01/meshes/aws_robomaker_warehouse_DeskC_01_visual.DAE
[11.564s] -- Symlinking: /home/achy/ros2/ros2_arm/install/robotic_arm_gazebo/share/robotic_arm_gazebo/models/aws_robomaker_warehouse_DeskC_01/model.config
[11.585s] -- Symlinking: /home/achy/ros2/ros2_arm/install/robotic_arm_gazebo/share/robotic_arm_gazebo/models/aws_robomaker_warehouse_DeskC_01/model.sdf
[11.606s] -- Symlinking: /home/achy/ros2/ros2_arm/install/robotic_arm_gazebo/share/robotic_arm_gazebo/models/aws_robomaker_warehouse_GroundB_01/materials/textures/aws_robomaker_warehouse_GroundB_01.png
[11.626s] -- Symlinking: /home/achy/ros2/ros2_arm/install/robotic_arm_gazebo/share/robotic_arm_gazebo/models/aws_robomaker_warehouse_GroundB_01/materials/textures/aws_robomaker_warehouse_GroundB_02.png
[11.653s] -- Symlinking: /home/achy/ros2/ros2_arm/install/robotic_arm_gazebo/share/robotic_arm_gazebo/models/aws_robomaker_warehouse_GroundB_01/meshes/aws_robomaker_warehouse_GroundB_01_collision.DAE
[11.673s] -- Symlinking: /home/achy/ros2/ros2_arm/install/robotic_arm_gazebo/share/robotic_arm_gazebo/models/aws_robomaker_warehouse_GroundB_01/meshes/aws_robomaker_warehouse_GroundB_01_visual.DAE
[11.692s] -- Symlinking: /home/achy/ros2/ros2_arm/install/robotic_arm_gazebo/share/robotic_arm_gazebo/models/aws_robomaker_warehouse_GroundB_01/model.config
[11.711s] -- Symlinking: /home/achy/ros2/ros2_arm/install/robotic_arm_gazebo/share/robotic_arm_gazebo/models/aws_robomaker_warehouse_GroundB_01/model.sdf
[11.732s] -- Symlinking: /home/achy/ros2/ros2_arm/install/robotic_arm_gazebo/share/robotic_arm_gazebo/models/aws_robomaker_warehouse_Lamp_01/materials/textures/aws_robomaker_warehouse_Lamp_01.png
[11.753s] -- Symlinking: /home/achy/ros2/ros2_arm/install/robotic_arm_gazebo/share/robotic_arm_gazebo/models/aws_robomaker_warehouse_Lamp_01/meshes/aws_robomaker_warehouse_Lamp_01_collision.DAE
[11.773s] -- Symlinking: /home/achy/ros2/ros2_arm/install/robotic_arm_gazebo/share/robotic_arm_gazebo/models/aws_robomaker_warehouse_Lamp_01/meshes/aws_robomaker_warehouse_Lamp_01_visual.DAE
[11.793s] -- Symlinking: /home/achy/ros2/ros2_arm/install/robotic_arm_gazebo/share/robotic_arm_gazebo/models/aws_robomaker_warehouse_Lamp_01/model.config
[11.813s] -- Symlinking: /home/achy/ros2/ros2_arm/install/robotic_arm_gazebo/share/robotic_arm_gazebo/models/aws_robomaker_warehouse_Lamp_01/model.sdf
[11.833s] -- Symlinking: /home/achy/ros2/ros2_arm/install/robotic_arm_gazebo/share/robotic_arm_gazebo/models/aws_robomaker_warehouse_PalletJackB_01/.DS_Store
[11.856s] -- Symlinking: /home/achy/ros2/ros2_arm/install/robotic_arm_gazebo/share/robotic_arm_gazebo/models/aws_robomaker_warehouse_PalletJackB_01/materials/.DS_Store
[11.877s] -- Symlinking: /home/achy/ros2/ros2_arm/install/robotic_arm_gazebo/share/robotic_arm_gazebo/models/aws_robomaker_warehouse_PalletJackB_01/materials/textures/aws_robomaker_warehouse_PalletJackB_01.png
[11.897s] -- Symlinking: /home/achy/ros2/ros2_arm/install/robotic_arm_gazebo/share/robotic_arm_gazebo/models/aws_robomaker_warehouse_PalletJackB_01/materials/textures/aws_robomaker_warehouse_PalletJackB_02.png
[11.917s] -- Symlinking: /home/achy/ros2/ros2_arm/install/robotic_arm_gazebo/share/robotic_arm_gazebo/models/aws_robomaker_warehouse_PalletJackB_01/meshes/aws_robomaker_warehouse_PalletJackB_01_collision.DAE
[11.939s] -- Symlinking: /home/achy/ros2/ros2_arm/install/robotic_arm_gazebo/share/robotic_arm_gazebo/models/aws_robomaker_warehouse_PalletJackB_01/meshes/aws_robomaker_warehouse_PalletJackB_01_visual.DAE
[11.963s] -- Symlinking: /home/achy/ros2/ros2_arm/install/robotic_arm_gazebo/share/robotic_arm_gazebo/models/aws_robomaker_warehouse_PalletJackB_01/model.config
[11.983s] -- Symlinking: /home/achy/ros2/ros2_arm/install/robotic_arm_gazebo/share/robotic_arm_gazebo/models/aws_robomaker_warehouse_PalletJackB_01/model.sdf
[12.004s] -- Symlinking: /home/achy/ros2/ros2_arm/install/robotic_arm_gazebo/share/robotic_arm_gazebo/models/aws_robomaker_warehouse_RoofB_01/materials/textures/aws_robomaker_warehouse_RoofB_01.png
[12.024s] -- Symlinking: /home/achy/ros2/ros2_arm/install/robotic_arm_gazebo/share/robotic_arm_gazebo/models/aws_robomaker_warehouse_RoofB_01/meshes/aws_robomaker_warehouse_RoofB_01_collision.DAE
[12.045s] -- Symlinking: /home/achy/ros2/ros2_arm/install/robotic_arm_gazebo/share/robotic_arm_gazebo/models/aws_robomaker_warehouse_RoofB_01/meshes/aws_robomaker_warehouse_RoofB_01_visual.DAE
[12.068s] -- Symlinking: /home/achy/ros2/ros2_arm/install/robotic_arm_gazebo/share/robotic_arm_gazebo/models/aws_robomaker_warehouse_RoofB_01/model.config
[12.087s] -- Symlinking: /home/achy/ros2/ros2_arm/install/robotic_arm_gazebo/share/robotic_arm_gazebo/models/aws_robomaker_warehouse_RoofB_01/model.sdf
[12.107s] -- Symlinking: /home/achy/ros2/ros2_arm/install/robotic_arm_gazebo/share/robotic_arm_gazebo/models/aws_robomaker_warehouse_ShelfD_01/materials/textures/aws_robomaker_warehouse_ShelfD_01.png
[12.127s] -- Symlinking: /home/achy/ros2/ros2_arm/install/robotic_arm_gazebo/share/robotic_arm_gazebo/models/aws_robomaker_warehouse_ShelfD_01/materials/textures/aws_robomaker_warehouse_ShelfD_02.png
[12.150s] -- Symlinking: /home/achy/ros2/ros2_arm/install/robotic_arm_gazebo/share/robotic_arm_gazebo/models/aws_robomaker_warehouse_ShelfD_01/materials/textures/aws_robomaker_warehouse_ShelfD_03.png
[12.173s] -- Symlinking: /home/achy/ros2/ros2_arm/install/robotic_arm_gazebo/share/robotic_arm_gazebo/models/aws_robomaker_warehouse_ShelfD_01/materials/textures/aws_robomaker_warehouse_ShelfD_04.png
[12.193s] -- Symlinking: /home/achy/ros2/ros2_arm/install/robotic_arm_gazebo/share/robotic_arm_gazebo/models/aws_robomaker_warehouse_ShelfD_01/meshes/aws_robomaker_warehouse_ShelfD_01_collision.DAE
[12.214s] -- Symlinking: /home/achy/ros2/ros2_arm/install/robotic_arm_gazebo/share/robotic_arm_gazebo/models/aws_robomaker_warehouse_ShelfD_01/meshes/aws_robomaker_warehouse_ShelfD_01_visual.DAE
[12.235s] -- Symlinking: /home/achy/ros2/ros2_arm/install/robotic_arm_gazebo/share/robotic_arm_gazebo/models/aws_robomaker_warehouse_ShelfD_01/model.config
[12.263s] -- Symlinking: /home/achy/ros2/ros2_arm/install/robotic_arm_gazebo/share/robotic_arm_gazebo/models/aws_robomaker_warehouse_ShelfD_01/model.sdf
[12.283s] -- Symlinking: /home/achy/ros2/ros2_arm/install/robotic_arm_gazebo/share/robotic_arm_gazebo/models/aws_robomaker_warehouse_ShelfE_01/.DS_Store
[12.304s] -- Symlinking: /home/achy/ros2/ros2_arm/install/robotic_arm_gazebo/share/robotic_arm_gazebo/models/aws_robomaker_warehouse_ShelfE_01/materials/.DS_Store
[12.324s] -- Symlinking: /home/achy/ros2/ros2_arm/install/robotic_arm_gazebo/share/robotic_arm_gazebo/models/aws_robomaker_warehouse_ShelfE_01/materials/textures/aws_robomaker_warehouse_ShelfE_01.png
[12.348s] -- Symlinking: /home/achy/ros2/ros2_arm/install/robotic_arm_gazebo/share/robotic_arm_gazebo/models/aws_robomaker_warehouse_ShelfE_01/materials/textures/aws_robomaker_warehouse_ShelfE_02.png
[12.369s] -- Symlinking: /home/achy/ros2/ros2_arm/install/robotic_arm_gazebo/share/robotic_arm_gazebo/models/aws_robomaker_warehouse_ShelfE_01/materials/textures/aws_robomaker_warehouse_ShelfE_03.png
[12.389s] -- Symlinking: /home/achy/ros2/ros2_arm/install/robotic_arm_gazebo/share/robotic_arm_gazebo/models/aws_robomaker_warehouse_ShelfE_01/materials/textures/aws_robomaker_warehouse_ShelfE_04.png
[12.410s] -- Symlinking: /home/achy/ros2/ros2_arm/install/robotic_arm_gazebo/share/robotic_arm_gazebo/models/aws_robomaker_warehouse_ShelfE_01/meshes/aws_robomaker_warehouse_ShelfE_01_collision.DAE
[12.431s] -- Symlinking: /home/achy/ros2/ros2_arm/install/robotic_arm_gazebo/share/robotic_arm_gazebo/models/aws_robomaker_warehouse_ShelfE_01/meshes/aws_robomaker_warehouse_ShelfE_01_visual.DAE
[12.456s] -- Symlinking: /home/achy/ros2/ros2_arm/install/robotic_arm_gazebo/share/robotic_arm_gazebo/models/aws_robomaker_warehouse_ShelfE_01/model.config
[12.478s] -- Symlinking: /home/achy/ros2/ros2_arm/install/robotic_arm_gazebo/share/robotic_arm_gazebo/models/aws_robomaker_warehouse_ShelfE_01/model.sdf
[12.498s] -- Symlinking: /home/achy/ros2/ros2_arm/install/robotic_arm_gazebo/share/robotic_arm_gazebo/models/aws_robomaker_warehouse_ShelfF_01/materials/textures/aws_robomaker_warehouse_ShelfF_01.png
[12.517s] -- Symlinking: /home/achy/ros2/ros2_arm/install/robotic_arm_gazebo/share/robotic_arm_gazebo/models/aws_robomaker_warehouse_ShelfF_01/materials/textures/aws_robomaker_warehouse_ShelfF_02.png
[12.538s] -- Symlinking: /home/achy/ros2/ros2_arm/install/robotic_arm_gazebo/share/robotic_arm_gazebo/models/aws_robomaker_warehouse_ShelfF_01/materials/textures/aws_robomaker_warehouse_ShelfF_03.png
[12.563s] -- Symlinking: /home/achy/ros2/ros2_arm/install/robotic_arm_gazebo/share/robotic_arm_gazebo/models/aws_robomaker_warehouse_ShelfF_01/meshes/aws_robomaker_warehouse_ShelfF_01_collision.DAE
[12.583s] -- Symlinking: /home/achy/ros2/ros2_arm/install/robotic_arm_gazebo/share/robotic_arm_gazebo/models/aws_robomaker_warehouse_ShelfF_01/meshes/aws_robomaker_warehouse_ShelfF_01_visual.DAE
[12.603s] -- Symlinking: /home/achy/ros2/ros2_arm/install/robotic_arm_gazebo/share/robotic_arm_gazebo/models/aws_robomaker_warehouse_ShelfF_01/model.config
[12.622s] -- Symlinking: /home/achy/ros2/ros2_arm/install/robotic_arm_gazebo/share/robotic_arm_gazebo/models/aws_robomaker_warehouse_ShelfF_01/model.sdf
[12.647s] -- Symlinking: /home/achy/ros2/ros2_arm/install/robotic_arm_gazebo/share/robotic_arm_gazebo/models/aws_robomaker_warehouse_TrashCanC_01/materials/textures/aws_robomaker_warehouse_TrashCanC_01.png
[12.671s] -- Symlinking: /home/achy/ros2/ros2_arm/install/robotic_arm_gazebo/share/robotic_arm_gazebo/models/aws_robomaker_warehouse_TrashCanC_01/meshes/aws_robomaker_warehouse_TrashCanC_01_collision.DAE
[12.692s] -- Symlinking: /home/achy/ros2/ros2_arm/install/robotic_arm_gazebo/share/robotic_arm_gazebo/models/aws_robomaker_warehouse_TrashCanC_01/meshes/aws_robomaker_warehouse_TrashCanC_01_visual.DAE
[12.711s] -- Symlinking: /home/achy/ros2/ros2_arm/install/robotic_arm_gazebo/share/robotic_arm_gazebo/models/aws_robomaker_warehouse_TrashCanC_01/model.config
[12.730s] -- Symlinking: /home/achy/ros2/ros2_arm/install/robotic_arm_gazebo/share/robotic_arm_gazebo/models/aws_robomaker_warehouse_TrashCanC_01/model.sdf
[12.753s] -- Symlinking: /home/achy/ros2/ros2_arm/install/robotic_arm_gazebo/share/robotic_arm_gazebo/models/aws_robomaker_warehouse_WallB_01/materials/textures/aws_robomaker_warehouse_WallB_01.png
[12.774s] -- Symlinking: /home/achy/ros2/ros2_arm/install/robotic_arm_gazebo/share/robotic_arm_gazebo/models/aws_robomaker_warehouse_WallB_01/meshes/aws_robomaker_warehouse_WallB_01_collision.DAE
[12.792s] -- Symlinking: /home/achy/ros2/ros2_arm/install/robotic_arm_gazebo/share/robotic_arm_gazebo/models/aws_robomaker_warehouse_WallB_01/meshes/aws_robomaker_warehouse_WallB_01_visual.DAE
[12.813s] -- Symlinking: /home/achy/ros2/ros2_arm/install/robotic_arm_gazebo/share/robotic_arm_gazebo/models/aws_robomaker_warehouse_WallB_01/model.config
[12.834s] -- Symlinking: /home/achy/ros2/ros2_arm/install/robotic_arm_gazebo/share/robotic_arm_gazebo/models/aws_robomaker_warehouse_WallB_01/model.sdf
[12.861s] -- Symlinking: /home/achy/ros2/ros2_arm/install/robotic_arm_gazebo/share/robotic_arm_gazebo/models/brown_table/model.config
[12.881s] -- Symlinking: /home/achy/ros2/ros2_arm/install/robotic_arm_gazebo/share/robotic_arm_gazebo/models/brown_table/model.sdf
[12.903s] -- Symlinking: /home/achy/ros2/ros2_arm/install/robotic_arm_gazebo/share/robotic_arm_gazebo/models/cardboard_box/materials/textures/cardboard_box.png
[12.923s] -- Symlinking: /home/achy/ros2/ros2_arm/install/robotic_arm_gazebo/share/robotic_arm_gazebo/models/cardboard_box/meshes/cardboard_box.dae
[12.947s] -- Symlinking: /home/achy/ros2/ros2_arm/install/robotic_arm_gazebo/share/robotic_arm_gazebo/models/cardboard_box/meshes/cardboard_box.png
[12.970s] -- Symlinking: /home/achy/ros2/ros2_arm/install/robotic_arm_gazebo/share/robotic_arm_gazebo/models/cardboard_box/model.config
[12.990s] -- Symlinking: /home/achy/ros2/ros2_arm/install/robotic_arm_gazebo/share/robotic_arm_gazebo/models/cardboard_box/model.sdf
[13.011s] -- Symlinking: /home/achy/ros2/ros2_arm/install/robotic_arm_gazebo/share/robotic_arm_gazebo/models/cheezit_big_original/meshes/cheez_tex_0.jpg
[13.030s] -- Symlinking: /home/achy/ros2/ros2_arm/install/robotic_arm_gazebo/share/robotic_arm_gazebo/models/cheezit_big_original/meshes/cheezit_big_original.dae
[13.056s] -- Symlinking: /home/achy/ros2/ros2_arm/install/robotic_arm_gazebo/share/robotic_arm_gazebo/models/cheezit_big_original/model.config
[13.078s] -- Symlinking: /home/achy/ros2/ros2_arm/install/robotic_arm_gazebo/share/robotic_arm_gazebo/models/cheezit_big_original/model.sdf
[13.098s] -- Symlinking: /home/achy/ros2/ros2_arm/install/robotic_arm_gazebo/share/robotic_arm_gazebo/models/coke_can/materials/textures/coke_can.png
[13.117s] -- Symlinking: /home/achy/ros2/ros2_arm/install/robotic_arm_gazebo/share/robotic_arm_gazebo/models/coke_can/meshes/coke_can.dae
[13.137s] -- Symlinking: /home/achy/ros2/ros2_arm/install/robotic_arm_gazebo/share/robotic_arm_gazebo/models/coke_can/model-1_2.sdf
[13.163s] -- Symlinking: /home/achy/ros2/ros2_arm/install/robotic_arm_gazebo/share/robotic_arm_gazebo/models/coke_can/model-1_3.sdf
[13.185s] -- Symlinking: /home/achy/ros2/ros2_arm/install/robotic_arm_gazebo/share/robotic_arm_gazebo/models/coke_can/model-1_4.sdf
[13.206s] -- Symlinking: /home/achy/ros2/ros2_arm/install/robotic_arm_gazebo/share/robotic_arm_gazebo/models/coke_can/model.config
[13.225s] -- Symlinking: /home/achy/ros2/ros2_arm/install/robotic_arm_gazebo/share/robotic_arm_gazebo/models/coke_can/model.sdf
[13.246s] -- Symlinking: /home/achy/ros2/ros2_arm/install/robotic_arm_gazebo/share/robotic_arm_gazebo/models/ground_plane/model-1_2.sdf
[13.269s] -- Symlinking: /home/achy/ros2/ros2_arm/install/robotic_arm_gazebo/share/robotic_arm_gazebo/models/ground_plane/model-1_3.sdf
[13.290s] -- Symlinking: /home/achy/ros2/ros2_arm/install/robotic_arm_gazebo/share/robotic_arm_gazebo/models/ground_plane/model-1_4.sdf
[13.312s] -- Symlinking: /home/achy/ros2/ros2_arm/install/robotic_arm_gazebo/share/robotic_arm_gazebo/models/ground_plane/model.config
[13.335s] -- Symlinking: /home/achy/ros2/ros2_arm/install/robotic_arm_gazebo/share/robotic_arm_gazebo/models/ground_plane/model.sdf
[13.362s] -- Symlinking: /home/achy/ros2/ros2_arm/install/robotic_arm_gazebo/share/robotic_arm_gazebo/models/mustard/materials/scripts/mustard.material
[13.389s] -- Symlinking: /home/achy/ros2/ros2_arm/install/robotic_arm_gazebo/share/robotic_arm_gazebo/models/mustard/materials/textures/optimized_tsdf_texture_mapped_mesh.png
[13.410s] -- Symlinking: /home/achy/ros2/ros2_arm/install/robotic_arm_gazebo/share/robotic_arm_gazebo/models/mustard/meshes/mustard.dae
[13.431s] -- Symlinking: /home/achy/ros2/ros2_arm/install/robotic_arm_gazebo/share/robotic_arm_gazebo/models/mustard/meshes/texture_map.png
[13.458s] -- Symlinking: /home/achy/ros2/ros2_arm/install/robotic_arm_gazebo/share/robotic_arm_gazebo/models/mustard/model.config
[13.479s] -- Symlinking: /home/achy/ros2/ros2_arm/install/robotic_arm_gazebo/share/robotic_arm_gazebo/models/mustard/model.sdf
[13.499s] -- Symlinking: /home/achy/ros2/ros2_arm/install/robotic_arm_gazebo/share/robotic_arm_gazebo/models/red_cylinder/model.config
[13.521s] -- Symlinking: /home/achy/ros2/ros2_arm/install/robotic_arm_gazebo/share/robotic_arm_gazebo/models/red_cylinder/model.sdf
[13.544s] -- Symlinking: /home/achy/ros2/ros2_arm/install/robotic_arm_gazebo/share/robotic_arm_gazebo/models/sun/model-1_2.sdf
[13.566s] -- Symlinking: /home/achy/ros2/ros2_arm/install/robotic_arm_gazebo/share/robotic_arm_gazebo/models/sun/model-1_3.sdf
[13.586s] -- Symlinking: /home/achy/ros2/ros2_arm/install/robotic_arm_gazebo/share/robotic_arm_gazebo/models/sun/model-1_4.sdf
[13.605s] -- Symlinking: /home/achy/ros2/ros2_arm/install/robotic_arm_gazebo/share/robotic_arm_gazebo/models/sun/model.config
[13.624s] -- Symlinking: /home/achy/ros2/ros2_arm/install/robotic_arm_gazebo/share/robotic_arm_gazebo/models/sun/model.sdf
[13.649s] -- Symlinking: /home/achy/ros2/ros2_arm/install/robotic_arm_gazebo/share/robotic_arm_gazebo/worlds/empty.world
[13.680s] -- Symlinking: /home/achy/ros2/ros2_arm/install/robotic_arm_gazebo/share/robotic_arm_gazebo/worlds/house.world
[13.700s] -- Symlinking: /home/achy/ros2/ros2_arm/install/robotic_arm_gazebo/share/robotic_arm_gazebo/worlds/pick_and_place.world
[13.719s] -- Up-to-date symlink: /home/achy/ros2/ros2_arm/install/robotic_arm_gazebo/share/ament_index/resource_index/package_run_dependencies/robotic_arm_gazebo
[13.720s] -- Up-to-date symlink: /home/achy/ros2/ros2_arm/install/robotic_arm_gazebo/share/ament_index/resource_index/parent_prefix_path/robotic_arm_gazebo
[13.720s] -- Up-to-date symlink: /home/achy/ros2/ros2_arm/install/robotic_arm_gazebo/share/robotic_arm_gazebo/environment/ament_prefix_path.sh
[13.720s] -- Up-to-date symlink: /home/achy/ros2/ros2_arm/install/robotic_arm_gazebo/share/robotic_arm_gazebo/environment/ament_prefix_path.dsv
[13.721s] -- Up-to-date symlink: /home/achy/ros2/ros2_arm/install/robotic_arm_gazebo/share/robotic_arm_gazebo/environment/path.sh
[13.721s] -- Up-to-date symlink: /home/achy/ros2/ros2_arm/install/robotic_arm_gazebo/share/robotic_arm_gazebo/environment/path.dsv
[13.721s] -- Up-to-date symlink: /home/achy/ros2/ros2_arm/install/robotic_arm_gazebo/share/robotic_arm_gazebo/local_setup.bash
[13.722s] -- Up-to-date symlink: /home/achy/ros2/ros2_arm/install/robotic_arm_gazebo/share/robotic_arm_gazebo/local_setup.sh
[13.722s] -- Up-to-date symlink: /home/achy/ros2/ros2_arm/install/robotic_arm_gazebo/share/robotic_arm_gazebo/local_setup.zsh
[13.722s] -- Up-to-date symlink: /home/achy/ros2/ros2_arm/install/robotic_arm_gazebo/share/robotic_arm_gazebo/local_setup.dsv
[13.722s] -- Symlinking: /home/achy/ros2/ros2_arm/install/robotic_arm_gazebo/share/robotic_arm_gazebo/package.dsv
[13.751s] -- Up-to-date symlink: /home/achy/ros2/ros2_arm/install/robotic_arm_gazebo/share/ament_index/resource_index/packages/robotic_arm_gazebo
[13.752s] -- Up-to-date symlink: /home/achy/ros2/ros2_arm/install/robotic_arm_gazebo/share/robotic_arm_gazebo/cmake/robotic_arm_gazeboConfig.cmake
[13.753s] -- Up-to-date symlink: /home/achy/ros2/ros2_arm/install/robotic_arm_gazebo/share/robotic_arm_gazebo/cmake/robotic_arm_gazeboConfig-version.cmake
[13.753s] -- Up-to-date symlink: /home/achy/ros2/ros2_arm/install/robotic_arm_gazebo/share/robotic_arm_gazebo/package.xml
[13.762s] Invoked command in '/home/achy/ros2/ros2_arm/build/robotic_arm_gazebo' returned '0': CMAKE_PREFIX_PATH=${CMAKE_PREFIX_PATH}:/opt/ros/jazzy DEBUGINFOD_URLS=https://debuginfod.ubuntu.com /usr/bin/cmake --install /home/achy/ros2/ros2_arm/build/robotic_arm_gazebo
