[0.052s] Invoking command in '/home/achy/ros2/ros2_arm/build/robotic_arm_gazebo': CMAKE_PREFIX_PATH=${CMAKE_PREFIX_PATH}:/opt/ros/jazzy DEBUGINFOD_URLS=https://debuginfod.ubuntu.com /usr/bin/cmake /home/achy/ros2/ros2_arm/src/robotic_arm/robotic_arm_gazebo -DAMENT_CMAKE_SYMLINK_INSTALL=1 -DCMAKE_INSTALL_PREFIX=/home/achy/ros2/ros2_arm/install/robotic_arm_gazebo
[0.368s] -- The C compiler identification is GNU 13.3.0
[0.715s] -- The CXX compiler identification is GNU 13.3.0
[0.786s] -- Detecting C compiler ABI info
[1.133s] -- Detecting C compiler ABI info - done
[1.145s] -- Check for working C compiler: /usr/bin/cc - skipped
[1.146s] -- Detecting C compile features
[1.148s] -- Detecting C compile features - done
[1.170s] -- Detecting CXX compiler ABI info
[1.567s] -- Detecting CXX compiler ABI info - done
[1.576s] -- Check for working CXX compiler: /usr/bin/c++ - skipped
[1.577s] -- Detecting CXX compile features
[1.578s] -- Detecting CXX compile features - done
[1.593s] -- Found ament_cmake: 2.5.4 (/opt/ros/jazzy/share/ament_cmake/cmake)
[2.006s] -- Found Python3: /usr/bin/python3 (found version "3.12.3") found components: Interpreter 
[2.157s] -- Override CMake install command with custom implementation using symlinks instead of copying resources
[2.349s] -- Found rclcpp: 28.1.9 (/opt/ros/jazzy/share/rclcpp/cmake)
[2.564s] -- Found rosidl_generator_c: 4.6.5 (/opt/ros/jazzy/share/rosidl_generator_c/cmake)
[2.635s] -- Found rosidl_generator_cpp: 4.6.5 (/opt/ros/jazzy/share/rosidl_generator_cpp/cmake)
[2.724s] -- Using all available rosidl_typesupport_c: rosidl_typesupport_fastrtps_c;rosidl_typesupport_introspection_c
[2.799s] -- Using all available rosidl_typesupport_cpp: rosidl_typesupport_fastrtps_cpp;rosidl_typesupport_introspection_cpp
[3.169s] -- Found rmw_implementation_cmake: 7.3.2 (/opt/ros/jazzy/share/rmw_implementation_cmake/cmake)
[3.197s] -- Found rmw_fastrtps_cpp: 8.4.2 (/opt/ros/jazzy/share/rmw_fastrtps_cpp/cmake)
[3.572s] -- Found OpenSSL: /usr/lib/x86_64-linux-gnu/libcrypto.so (found version "3.0.13")  
[3.607s] -- Found FastRTPS: /opt/ros/jazzy/include (Required is at least version "2.13") 
[3.653s] -- Using RMW implementation 'rmw_fastrtps_cpp' as default
[3.860s] -- Found controller_manager: 4.29.0 (/opt/ros/jazzy/share/controller_manager/cmake)
[5.102s] -- Found gripper_controllers: 4.32.0 (/opt/ros/jazzy/share/gripper_controllers/cmake)
[5.243s] -- Found eigen3_cmake_module: 0.3.0 (/opt/ros/jazzy/share/eigen3_cmake_module/cmake)
[5.246s] -- Found Eigen3: TRUE (found version "3.4.0") 
[5.246s] -- Ensuring Eigen3 include directory is part of orocos-kdl CMake target
[5.471s] -- Found ros2_control: 4.38.0 (/opt/ros/jazzy/share/ros2_control/cmake)
[5.480s] -- Found ros2_controllers: 4.33.0 (/opt/ros/jazzy/share/ros2_controllers/cmake)
[5.492s] -- Found xacro: 2.0.13 (/opt/ros/jazzy/share/xacro/cmake)
[5.501s] -- Found ament_lint_auto: 0.17.2 (/opt/ros/jazzy/share/ament_lint_auto/cmake)
[5.701s] -- Added test 'lint_cmake' to check CMake code style
[5.704s] -- Added test 'xmllint' to check XML markup files
[5.708s] -- Configuring done (5.6s)
[5.726s] -- Generating done (0.0s)
[5.730s] -- Build files have been written to: /home/achy/ros2/ros2_arm/build/robotic_arm_gazebo
[5.756s] Invoked command in '/home/achy/ros2/ros2_arm/build/robotic_arm_gazebo' returned '0': CMAKE_PREFIX_PATH=${CMAKE_PREFIX_PATH}:/opt/ros/jazzy DEBUGINFOD_URLS=https://debuginfod.ubuntu.com /usr/bin/cmake /home/achy/ros2/ros2_arm/src/robotic_arm/robotic_arm_gazebo -DAMENT_CMAKE_SYMLINK_INSTALL=1 -DCMAKE_INSTALL_PREFIX=/home/achy/ros2/ros2_arm/install/robotic_arm_gazebo
[5.756s] Invoking command in '/home/achy/ros2/ros2_arm/build/robotic_arm_gazebo': CMAKE_PREFIX_PATH=${CMAKE_PREFIX_PATH}:/opt/ros/jazzy DEBUGINFOD_URLS=https://debuginfod.ubuntu.com /usr/bin/cmake --build /home/achy/ros2/ros2_arm/build/robotic_arm_gazebo -- -j8 -l8
[5.875s] Invoked command in '/home/achy/ros2/ros2_arm/build/robotic_arm_gazebo' returned '0': CMAKE_PREFIX_PATH=${CMAKE_PREFIX_PATH}:/opt/ros/jazzy DEBUGINFOD_URLS=https://debuginfod.ubuntu.com /usr/bin/cmake --build /home/achy/ros2/ros2_arm/build/robotic_arm_gazebo -- -j8 -l8
[5.876s] Invoking command in '/home/achy/ros2/ros2_arm/build/robotic_arm_gazebo': CMAKE_PREFIX_PATH=${CMAKE_PREFIX_PATH}:/opt/ros/jazzy DEBUGINFOD_URLS=https://debuginfod.ubuntu.com /usr/bin/cmake --install /home/achy/ros2/ros2_arm/build/robotic_arm_gazebo
[5.895s] -- Install configuration: ""
[5.896s] -- Execute custom install script
[5.896s] -- Symlinking: /home/achy/ros2/ros2_arm/install/robotic_arm_gazebo/share/ament_index/resource_index/package_run_dependencies/robotic_arm_gazebo
[5.917s] -- Symlinking: /home/achy/ros2/ros2_arm/install/robotic_arm_gazebo/share/ament_index/resource_index/parent_prefix_path/robotic_arm_gazebo
[5.943s] -- Symlinking: /home/achy/ros2/ros2_arm/install/robotic_arm_gazebo/share/robotic_arm_gazebo/environment/ament_prefix_path.sh
[5.968s] -- Symlinking: /home/achy/ros2/ros2_arm/install/robotic_arm_gazebo/share/robotic_arm_gazebo/environment/ament_prefix_path.dsv
[5.989s] -- Symlinking: /home/achy/ros2/ros2_arm/install/robotic_arm_gazebo/share/robotic_arm_gazebo/environment/path.sh
[6.010s] -- Symlinking: /home/achy/ros2/ros2_arm/install/robotic_arm_gazebo/share/robotic_arm_gazebo/environment/path.dsv
[6.033s] -- Symlinking: /home/achy/ros2/ros2_arm/install/robotic_arm_gazebo/share/robotic_arm_gazebo/local_setup.bash
[6.057s] -- Symlinking: /home/achy/ros2/ros2_arm/install/robotic_arm_gazebo/share/robotic_arm_gazebo/local_setup.sh
[6.082s] -- Symlinking: /home/achy/ros2/ros2_arm/install/robotic_arm_gazebo/share/robotic_arm_gazebo/local_setup.zsh
[6.106s] -- Symlinking: /home/achy/ros2/ros2_arm/install/robotic_arm_gazebo/share/robotic_arm_gazebo/local_setup.dsv
[6.127s] -- Symlinking: /home/achy/ros2/ros2_arm/install/robotic_arm_gazebo/share/robotic_arm_gazebo/package.dsv
[6.153s] -- Symlinking: /home/achy/ros2/ros2_arm/install/robotic_arm_gazebo/share/ament_index/resource_index/packages/robotic_arm_gazebo
[6.175s] -- Symlinking: /home/achy/ros2/ros2_arm/install/robotic_arm_gazebo/share/robotic_arm_gazebo/cmake/robotic_arm_gazeboConfig.cmake
[6.197s] -- Symlinking: /home/achy/ros2/ros2_arm/install/robotic_arm_gazebo/share/robotic_arm_gazebo/cmake/robotic_arm_gazeboConfig-version.cmake
[6.217s] -- Symlinking: /home/achy/ros2/ros2_arm/install/robotic_arm_gazebo/share/robotic_arm_gazebo/package.xml
[6.254s] Invoked command in '/home/achy/ros2/ros2_arm/build/robotic_arm_gazebo' returned '0': CMAKE_PREFIX_PATH=${CMAKE_PREFIX_PATH}:/opt/ros/jazzy DEBUGINFOD_URLS=https://debuginfod.ubuntu.com /usr/bin/cmake --install /home/achy/ros2/ros2_arm/build/robotic_arm_gazebo
