[0.054s] Invoking command in '/home/achy/ros2/ros2_arm/build/robotic_arm_gazebo': CMAKE_PREFIX_PATH=${CMAKE_PREFIX_PATH}:/opt/ros/jazzy DEBUGINFOD_URLS=https://debuginfod.ubuntu.com /usr/bin/cmake --build /home/achy/ros2/ros2_arm/build/robotic_arm_gazebo -- -j8 -l8
[0.231s] Invoked command in '/home/achy/ros2/ros2_arm/build/robotic_arm_gazebo' returned '0': CMAKE_PREFIX_PATH=${CMAKE_PREFIX_PATH}:/opt/ros/jazzy DEBUGINFOD_URLS=https://debuginfod.ubuntu.com /usr/bin/cmake --build /home/achy/ros2/ros2_arm/build/robotic_arm_gazebo -- -j8 -l8
[0.233s] Invoking command in '/home/achy/ros2/ros2_arm/build/robotic_arm_gazebo': CMAKE_PREFIX_PATH=${CMAKE_PREFIX_PATH}:/opt/ros/jazzy DEBUGINFOD_URLS=https://debuginfod.ubuntu.com /usr/bin/cmake --install /home/achy/ros2/ros2_arm/build/robotic_arm_gazebo
[0.257s] -- Install configuration: ""
[0.258s] -- Execute custom install script
[0.259s] -- Up-to-date symlink: /home/achy/ros2/ros2_arm/install/robotic_arm_gazebo/share/robotic_arm_gazebo/config/ros_gz_bridge.yaml
[0.261s] -- Up-to-date symlink: /home/achy/ros2/ros2_arm/install/robotic_arm_gazebo/share/robotic_arm_gazebo/launch/robotic_arm.gazebo.launch.py
[0.287s] -- Up-to-date symlink: /home/achy/ros2/ros2_arm/install/robotic_arm_gazebo/share/robotic_arm_gazebo/models/aws_robomaker_residential_AirconditionerA_01/materials/textures/aws_AirconditionerA_01.png
[0.287s] -- Up-to-date symlink: /home/achy/ros2/ros2_arm/install/robotic_arm_gazebo/share/robotic_arm_gazebo/models/aws_robomaker_residential_AirconditionerA_01/meshes/aws_AirconditionerA_01_collision.DAE
[0.291s] -- Up-to-date symlink: /home/achy/ros2/ros2_arm/install/robotic_arm_gazebo/share/robotic_arm_gazebo/models/aws_robomaker_residential_AirconditionerA_01/meshes/aws_AirconditionerA_01_visual.DAE
[0.294s] -- Up-to-date symlink: /home/achy/ros2/ros2_arm/install/robotic_arm_gazebo/share/robotic_arm_gazebo/models/aws_robomaker_residential_AirconditionerA_01/model.config
[0.294s] -- Up-to-date symlink: /home/achy/ros2/ros2_arm/install/robotic_arm_gazebo/share/robotic_arm_gazebo/models/aws_robomaker_residential_AirconditionerA_01/model.sdf
[0.294s] -- Up-to-date symlink: /home/achy/ros2/ros2_arm/install/robotic_arm_gazebo/share/robotic_arm_gazebo/models/aws_robomaker_residential_AirconditionerB_01/materials/textures/aws_AirconditionerB_01.png
[0.294s] -- Up-to-date symlink: /home/achy/ros2/ros2_arm/install/robotic_arm_gazebo/share/robotic_arm_gazebo/models/aws_robomaker_residential_AirconditionerB_01/meshes/aws_AirconditionerB_01_collision.DAE
[0.295s] -- Up-to-date symlink: /home/achy/ros2/ros2_arm/install/robotic_arm_gazebo/share/robotic_arm_gazebo/models/aws_robomaker_residential_AirconditionerB_01/meshes/aws_AirconditionerB_01_visual.DAE
[0.295s] -- Up-to-date symlink: /home/achy/ros2/ros2_arm/install/robotic_arm_gazebo/share/robotic_arm_gazebo/models/aws_robomaker_residential_AirconditionerB_01/model.config
[0.300s] -- Up-to-date symlink: /home/achy/ros2/ros2_arm/install/robotic_arm_gazebo/share/robotic_arm_gazebo/models/aws_robomaker_residential_AirconditionerB_01/model.sdf
[0.307s] -- Up-to-date symlink: /home/achy/ros2/ros2_arm/install/robotic_arm_gazebo/share/robotic_arm_gazebo/models/aws_robomaker_residential_BalconyTable_01/materials/textures/aws_BalconyTable_01.png
[0.307s] -- Up-to-date symlink: /home/achy/ros2/ros2_arm/install/robotic_arm_gazebo/share/robotic_arm_gazebo/models/aws_robomaker_residential_BalconyTable_01/meshes/aws_BalconyTable_01_collision.DAE
[0.307s] -- Up-to-date symlink: /home/achy/ros2/ros2_arm/install/robotic_arm_gazebo/share/robotic_arm_gazebo/models/aws_robomaker_residential_BalconyTable_01/meshes/aws_BalconyTable_01_visual.DAE
[0.307s] -- Up-to-date symlink: /home/achy/ros2/ros2_arm/install/robotic_arm_gazebo/share/robotic_arm_gazebo/models/aws_robomaker_residential_BalconyTable_01/model.config
[0.307s] -- Up-to-date symlink: /home/achy/ros2/ros2_arm/install/robotic_arm_gazebo/share/robotic_arm_gazebo/models/aws_robomaker_residential_BalconyTable_01/model.sdf
[0.308s] -- Up-to-date symlink: /home/achy/ros2/ros2_arm/install/robotic_arm_gazebo/share/robotic_arm_gazebo/models/aws_robomaker_residential_Ball_01/materials/textures/aws_Ball_01.png
[0.308s] -- Up-to-date symlink: /home/achy/ros2/ros2_arm/install/robotic_arm_gazebo/share/robotic_arm_gazebo/models/aws_robomaker_residential_Ball_01/meshes/aws_Ball_01_collision.DAE
[0.308s] -- Up-to-date symlink: /home/achy/ros2/ros2_arm/install/robotic_arm_gazebo/share/robotic_arm_gazebo/models/aws_robomaker_residential_Ball_01/meshes/aws_Ball_01_visual.DAE
[0.308s] -- Up-to-date symlink: /home/achy/ros2/ros2_arm/install/robotic_arm_gazebo/share/robotic_arm_gazebo/models/aws_robomaker_residential_Ball_01/model.config
[0.308s] -- Up-to-date symlink: /home/achy/ros2/ros2_arm/install/robotic_arm_gazebo/share/robotic_arm_gazebo/models/aws_robomaker_residential_Ball_01/model.sdf
[0.308s] -- Up-to-date symlink: /home/achy/ros2/ros2_arm/install/robotic_arm_gazebo/share/robotic_arm_gazebo/models/aws_robomaker_residential_Bed_01/materials/textures/aws_BedA_01.png
[0.309s] -- Up-to-date symlink: /home/achy/ros2/ros2_arm/install/robotic_arm_gazebo/share/robotic_arm_gazebo/models/aws_robomaker_residential_Bed_01/materials/textures/aws_BedB_01.png
[0.309s] -- Up-to-date symlink: /home/achy/ros2/ros2_arm/install/robotic_arm_gazebo/share/robotic_arm_gazebo/models/aws_robomaker_residential_Bed_01/materials/textures/aws_BedC_01.png
[0.310s] -- Up-to-date symlink: /home/achy/ros2/ros2_arm/install/robotic_arm_gazebo/share/robotic_arm_gazebo/models/aws_robomaker_residential_Bed_01/materials/textures/aws_Bed_01.png
[0.312s] -- Up-to-date symlink: /home/achy/ros2/ros2_arm/install/robotic_arm_gazebo/share/robotic_arm_gazebo/models/aws_robomaker_residential_Bed_01/meshes/aws_Bed_01_collision.DAE
[0.313s] -- Up-to-date symlink: /home/achy/ros2/ros2_arm/install/robotic_arm_gazebo/share/robotic_arm_gazebo/models/aws_robomaker_residential_Bed_01/meshes/aws_Bed_01_visual.DAE
[0.313s] -- Up-to-date symlink: /home/achy/ros2/ros2_arm/install/robotic_arm_gazebo/share/robotic_arm_gazebo/models/aws_robomaker_residential_Bed_01/model.config
[0.313s] -- Up-to-date symlink: /home/achy/ros2/ros2_arm/install/robotic_arm_gazebo/share/robotic_arm_gazebo/models/aws_robomaker_residential_Bed_01/model.sdf
[0.313s] -- Up-to-date symlink: /home/achy/ros2/ros2_arm/install/robotic_arm_gazebo/share/robotic_arm_gazebo/models/aws_robomaker_residential_Board_01/materials/textures/aws_Board_01.png
[0.314s] -- Up-to-date symlink: /home/achy/ros2/ros2_arm/install/robotic_arm_gazebo/share/robotic_arm_gazebo/models/aws_robomaker_residential_Board_01/meshes/aws_Board_01_collision.DAE
[0.314s] -- Up-to-date symlink: /home/achy/ros2/ros2_arm/install/robotic_arm_gazebo/share/robotic_arm_gazebo/models/aws_robomaker_residential_Board_01/meshes/aws_Board_01_visual.DAE
[0.314s] -- Up-to-date symlink: /home/achy/ros2/ros2_arm/install/robotic_arm_gazebo/share/robotic_arm_gazebo/models/aws_robomaker_residential_Board_01/model.config
[0.314s] -- Up-to-date symlink: /home/achy/ros2/ros2_arm/install/robotic_arm_gazebo/share/robotic_arm_gazebo/models/aws_robomaker_residential_Board_01/model.sdf
[0.315s] -- Up-to-date symlink: /home/achy/ros2/ros2_arm/install/robotic_arm_gazebo/share/robotic_arm_gazebo/models/aws_robomaker_residential_Carpet_01/materials/textures/aws_Carpet_01.png
[0.316s] -- Up-to-date symlink: /home/achy/ros2/ros2_arm/install/robotic_arm_gazebo/share/robotic_arm_gazebo/models/aws_robomaker_residential_Carpet_01/meshes/aws_Carpet_01_collision.DAE
[0.318s] -- Up-to-date symlink: /home/achy/ros2/ros2_arm/install/robotic_arm_gazebo/share/robotic_arm_gazebo/models/aws_robomaker_residential_Carpet_01/meshes/aws_Carpet_01_visual.DAE
[0.318s] -- Up-to-date symlink: /home/achy/ros2/ros2_arm/install/robotic_arm_gazebo/share/robotic_arm_gazebo/models/aws_robomaker_residential_Carpet_01/model.config
[0.320s] -- Up-to-date symlink: /home/achy/ros2/ros2_arm/install/robotic_arm_gazebo/share/robotic_arm_gazebo/models/aws_robomaker_residential_Carpet_01/model.sdf
[0.321s] -- Up-to-date symlink: /home/achy/ros2/ros2_arm/install/robotic_arm_gazebo/share/robotic_arm_gazebo/models/aws_robomaker_residential_ChairA_01/materials/textures/aws_ChairA_01.png
[0.322s] -- Up-to-date symlink: /home/achy/ros2/ros2_arm/install/robotic_arm_gazebo/share/robotic_arm_gazebo/models/aws_robomaker_residential_ChairA_01/meshes/aws_ChairA_01_collision.DAE
[0.323s] -- Up-to-date symlink: /home/achy/ros2/ros2_arm/install/robotic_arm_gazebo/share/robotic_arm_gazebo/models/aws_robomaker_residential_ChairA_01/meshes/aws_ChairA_01_visual.DAE
[0.323s] -- Up-to-date symlink: /home/achy/ros2/ros2_arm/install/robotic_arm_gazebo/share/robotic_arm_gazebo/models/aws_robomaker_residential_ChairA_01/model.config
[0.324s] -- Up-to-date symlink: /home/achy/ros2/ros2_arm/install/robotic_arm_gazebo/share/robotic_arm_gazebo/models/aws_robomaker_residential_ChairA_01/model.sdf
[0.324s] -- Up-to-date symlink: /home/achy/ros2/ros2_arm/install/robotic_arm_gazebo/share/robotic_arm_gazebo/models/aws_robomaker_residential_ChairD_01/materials/textures/aws_ChairD_01.png
[0.325s] -- Up-to-date symlink: /home/achy/ros2/ros2_arm/install/robotic_arm_gazebo/share/robotic_arm_gazebo/models/aws_robomaker_residential_ChairD_01/meshes/aws_ChairD_01_collision.DAE
[0.325s] -- Up-to-date symlink: /home/achy/ros2/ros2_arm/install/robotic_arm_gazebo/share/robotic_arm_gazebo/models/aws_robomaker_residential_ChairD_01/meshes/aws_ChairD_01_visual.DAE
[0.328s] -- Up-to-date symlink: /home/achy/ros2/ros2_arm/install/robotic_arm_gazebo/share/robotic_arm_gazebo/models/aws_robomaker_residential_ChairD_01/model.config
[0.329s] -- Up-to-date symlink: /home/achy/ros2/ros2_arm/install/robotic_arm_gazebo/share/robotic_arm_gazebo/models/aws_robomaker_residential_ChairD_01/model.sdf
[0.335s] -- Up-to-date symlink: /home/achy/ros2/ros2_arm/install/robotic_arm_gazebo/share/robotic_arm_gazebo/models/aws_robomaker_residential_Chandelier_01/materials/textures/aws_Chandelier_01.png
[0.335s] -- Up-to-date symlink: /home/achy/ros2/ros2_arm/install/robotic_arm_gazebo/share/robotic_arm_gazebo/models/aws_robomaker_residential_Chandelier_01/meshes/aws_Chandelier_01.DAE
[0.335s] -- Up-to-date symlink: /home/achy/ros2/ros2_arm/install/robotic_arm_gazebo/share/robotic_arm_gazebo/models/aws_robomaker_residential_Chandelier_01/meshes/aws_Chandelier_01_collision.DAE
[0.336s] -- Up-to-date symlink: /home/achy/ros2/ros2_arm/install/robotic_arm_gazebo/share/robotic_arm_gazebo/models/aws_robomaker_residential_Chandelier_01/meshes/aws_Chandelier_01_visual.DAE
[0.336s] -- Up-to-date symlink: /home/achy/ros2/ros2_arm/install/robotic_arm_gazebo/share/robotic_arm_gazebo/models/aws_robomaker_residential_Chandelier_01/model.config
[0.336s] -- Up-to-date symlink: /home/achy/ros2/ros2_arm/install/robotic_arm_gazebo/share/robotic_arm_gazebo/models/aws_robomaker_residential_Chandelier_01/model.sdf
[0.337s] -- Up-to-date symlink: /home/achy/ros2/ros2_arm/install/robotic_arm_gazebo/share/robotic_arm_gazebo/models/aws_robomaker_residential_CoffeeTable_01/materials/textures/aws_CoffeeTable_01.png
[0.337s] -- Up-to-date symlink: /home/achy/ros2/ros2_arm/install/robotic_arm_gazebo/share/robotic_arm_gazebo/models/aws_robomaker_residential_CoffeeTable_01/meshes/aws_CoffeeTable_01_collision.DAE
[0.337s] -- Up-to-date symlink: /home/achy/ros2/ros2_arm/install/robotic_arm_gazebo/share/robotic_arm_gazebo/models/aws_robomaker_residential_CoffeeTable_01/meshes/aws_CoffeeTable_01_visual.DAE
[0.340s] -- Up-to-date symlink: /home/achy/ros2/ros2_arm/install/robotic_arm_gazebo/share/robotic_arm_gazebo/models/aws_robomaker_residential_CoffeeTable_01/model.config
[0.342s] -- Up-to-date symlink: /home/achy/ros2/ros2_arm/install/robotic_arm_gazebo/share/robotic_arm_gazebo/models/aws_robomaker_residential_CoffeeTable_01/model.sdf
[0.342s] -- Up-to-date symlink: /home/achy/ros2/ros2_arm/install/robotic_arm_gazebo/share/robotic_arm_gazebo/models/aws_robomaker_residential_CookingBench_01/materials/textures/aws_CookingBench_01.png
[0.343s] -- Up-to-date symlink: /home/achy/ros2/ros2_arm/install/robotic_arm_gazebo/share/robotic_arm_gazebo/models/aws_robomaker_residential_CookingBench_01/meshes/aws_CookingBench_01.DAE
[0.345s] -- Up-to-date symlink: /home/achy/ros2/ros2_arm/install/robotic_arm_gazebo/share/robotic_arm_gazebo/models/aws_robomaker_residential_CookingBench_01/meshes/aws_CookingBench_01_collision.DAE
[0.345s] -- Up-to-date symlink: /home/achy/ros2/ros2_arm/install/robotic_arm_gazebo/share/robotic_arm_gazebo/models/aws_robomaker_residential_CookingBench_01/meshes/aws_CookingBench_01_visual.DAE
[0.347s] -- Up-to-date symlink: /home/achy/ros2/ros2_arm/install/robotic_arm_gazebo/share/robotic_arm_gazebo/models/aws_robomaker_residential_CookingBench_01/model.config
[0.347s] -- Up-to-date symlink: /home/achy/ros2/ros2_arm/install/robotic_arm_gazebo/share/robotic_arm_gazebo/models/aws_robomaker_residential_CookingBench_01/model.sdf
[0.347s] -- Up-to-date symlink: /home/achy/ros2/ros2_arm/install/robotic_arm_gazebo/share/robotic_arm_gazebo/models/aws_robomaker_residential_Curtain_01/materials/textures/aws_Curtain_01.png
[0.349s] -- Up-to-date symlink: /home/achy/ros2/ros2_arm/install/robotic_arm_gazebo/share/robotic_arm_gazebo/models/aws_robomaker_residential_Curtain_01/meshes/aws_Curtain_01_collision.DAE
[0.349s] -- Up-to-date symlink: /home/achy/ros2/ros2_arm/install/robotic_arm_gazebo/share/robotic_arm_gazebo/models/aws_robomaker_residential_Curtain_01/meshes/aws_Curtain_01_visual.DAE
[0.350s] -- Up-to-date symlink: /home/achy/ros2/ros2_arm/install/robotic_arm_gazebo/share/robotic_arm_gazebo/models/aws_robomaker_residential_Curtain_01/model.config
[0.352s] -- Up-to-date symlink: /home/achy/ros2/ros2_arm/install/robotic_arm_gazebo/share/robotic_arm_gazebo/models/aws_robomaker_residential_Curtain_01/model.sdf
[0.353s] -- Up-to-date symlink: /home/achy/ros2/ros2_arm/install/robotic_arm_gazebo/share/robotic_arm_gazebo/models/aws_robomaker_residential_DeskPortraitA_01/materials/textures/DeskPortraitA_01.jpg
[0.354s] -- Up-to-date symlink: /home/achy/ros2/ros2_arm/install/robotic_arm_gazebo/share/robotic_arm_gazebo/models/aws_robomaker_residential_DeskPortraitA_01/materials/textures/aws_DeskPortraitA_01.png
[0.355s] -- Up-to-date symlink: /home/achy/ros2/ros2_arm/install/robotic_arm_gazebo/share/robotic_arm_gazebo/models/aws_robomaker_residential_DeskPortraitA_01/materials/textures/aws_DeskPortraitA_02.png
[0.356s] -- Up-to-date symlink: /home/achy/ros2/ros2_arm/install/robotic_arm_gazebo/share/robotic_arm_gazebo/models/aws_robomaker_residential_DeskPortraitA_01/meshes/aws_DeskPortraitA_01_collision.DAE
[0.358s] -- Up-to-date symlink: /home/achy/ros2/ros2_arm/install/robotic_arm_gazebo/share/robotic_arm_gazebo/models/aws_robomaker_residential_DeskPortraitA_01/meshes/aws_DeskPortraitA_01_visual.DAE
[0.359s] -- Up-to-date symlink: /home/achy/ros2/ros2_arm/install/robotic_arm_gazebo/share/robotic_arm_gazebo/models/aws_robomaker_residential_DeskPortraitA_01/model.config
[0.359s] -- Up-to-date symlink: /home/achy/ros2/ros2_arm/install/robotic_arm_gazebo/share/robotic_arm_gazebo/models/aws_robomaker_residential_DeskPortraitA_01/model.sdf
[0.360s] -- Up-to-date symlink: /home/achy/ros2/ros2_arm/install/robotic_arm_gazebo/share/robotic_arm_gazebo/models/aws_robomaker_residential_DeskPortraitA_02/materials/textures/DeskPortraitA_02.jpg
[0.360s] -- Up-to-date symlink: /home/achy/ros2/ros2_arm/install/robotic_arm_gazebo/share/robotic_arm_gazebo/models/aws_robomaker_residential_DeskPortraitA_02/materials/textures/aws_DeskPortraitA_01.png
[0.361s] -- Up-to-date symlink: /home/achy/ros2/ros2_arm/install/robotic_arm_gazebo/share/robotic_arm_gazebo/models/aws_robomaker_residential_DeskPortraitA_02/materials/textures/aws_DeskPortraitA_02.png
[0.361s] -- Up-to-date symlink: /home/achy/ros2/ros2_arm/install/robotic_arm_gazebo/share/robotic_arm_gazebo/models/aws_robomaker_residential_DeskPortraitA_02/meshes/aws_DeskPortraitA_01_collision.DAE
[0.361s] -- Up-to-date symlink: /home/achy/ros2/ros2_arm/install/robotic_arm_gazebo/share/robotic_arm_gazebo/models/aws_robomaker_residential_DeskPortraitA_02/meshes/aws_DeskPortraitA_01_visual.DAE
[0.362s] -- Up-to-date symlink: /home/achy/ros2/ros2_arm/install/robotic_arm_gazebo/share/robotic_arm_gazebo/models/aws_robomaker_residential_DeskPortraitA_02/model.config
[0.363s] -- Up-to-date symlink: /home/achy/ros2/ros2_arm/install/robotic_arm_gazebo/share/robotic_arm_gazebo/models/aws_robomaker_residential_DeskPortraitA_02/model.sdf
[0.364s] -- Up-to-date symlink: /home/achy/ros2/ros2_arm/install/robotic_arm_gazebo/share/robotic_arm_gazebo/models/aws_robomaker_residential_DeskPortraitB_01/materials/textures/DeskPortraitB_01.jpg
[0.364s] -- Up-to-date symlink: /home/achy/ros2/ros2_arm/install/robotic_arm_gazebo/share/robotic_arm_gazebo/models/aws_robomaker_residential_DeskPortraitB_01/materials/textures/aws_DeskPortraitB_01.png
[0.364s] -- Up-to-date symlink: /home/achy/ros2/ros2_arm/install/robotic_arm_gazebo/share/robotic_arm_gazebo/models/aws_robomaker_residential_DeskPortraitB_01/materials/textures/aws_DeskPortraitB_02.png
[0.366s] -- Up-to-date symlink: /home/achy/ros2/ros2_arm/install/robotic_arm_gazebo/share/robotic_arm_gazebo/models/aws_robomaker_residential_DeskPortraitB_01/meshes/aws_DeskPortraitB_01_collision.DAE
[0.366s] -- Up-to-date symlink: /home/achy/ros2/ros2_arm/install/robotic_arm_gazebo/share/robotic_arm_gazebo/models/aws_robomaker_residential_DeskPortraitB_01/meshes/aws_DeskPortraitB_01_visual.DAE
[0.367s] -- Up-to-date symlink: /home/achy/ros2/ros2_arm/install/robotic_arm_gazebo/share/robotic_arm_gazebo/models/aws_robomaker_residential_DeskPortraitB_01/model.config
[0.367s] -- Up-to-date symlink: /home/achy/ros2/ros2_arm/install/robotic_arm_gazebo/share/robotic_arm_gazebo/models/aws_robomaker_residential_DeskPortraitB_01/model.sdf
[0.368s] -- Up-to-date symlink: /home/achy/ros2/ros2_arm/install/robotic_arm_gazebo/share/robotic_arm_gazebo/models/aws_robomaker_residential_DeskPortraitB_02/materials/textures/DeskPortraitB_02.jpg
[0.371s] -- Up-to-date symlink: /home/achy/ros2/ros2_arm/install/robotic_arm_gazebo/share/robotic_arm_gazebo/models/aws_robomaker_residential_DeskPortraitB_02/materials/textures/aws_DeskPortraitB_01.png
[0.373s] -- Up-to-date symlink: /home/achy/ros2/ros2_arm/install/robotic_arm_gazebo/share/robotic_arm_gazebo/models/aws_robomaker_residential_DeskPortraitB_02/materials/textures/aws_DeskPortraitB_02.png
[0.377s] -- Up-to-date symlink: /home/achy/ros2/ros2_arm/install/robotic_arm_gazebo/share/robotic_arm_gazebo/models/aws_robomaker_residential_DeskPortraitB_02/meshes/aws_DeskPortraitB_01_collision.DAE
[0.378s] -- Up-to-date symlink: /home/achy/ros2/ros2_arm/install/robotic_arm_gazebo/share/robotic_arm_gazebo/models/aws_robomaker_residential_DeskPortraitB_02/meshes/aws_DeskPortraitB_01_visual.DAE
[0.378s] -- Up-to-date symlink: /home/achy/ros2/ros2_arm/install/robotic_arm_gazebo/share/robotic_arm_gazebo/models/aws_robomaker_residential_DeskPortraitB_02/model.config
[0.379s] -- Up-to-date symlink: /home/achy/ros2/ros2_arm/install/robotic_arm_gazebo/share/robotic_arm_gazebo/models/aws_robomaker_residential_DeskPortraitB_02/model.sdf
[0.379s] -- Up-to-date symlink: /home/achy/ros2/ros2_arm/install/robotic_arm_gazebo/share/robotic_arm_gazebo/models/aws_robomaker_residential_DeskPortraitC_01/materials/textures/DeskPortraitC_01.jpg
[0.380s] -- Up-to-date symlink: /home/achy/ros2/ros2_arm/install/robotic_arm_gazebo/share/robotic_arm_gazebo/models/aws_robomaker_residential_DeskPortraitC_01/materials/textures/aws_DeskPortraitC_01.png
[0.386s] -- Up-to-date symlink: /home/achy/ros2/ros2_arm/install/robotic_arm_gazebo/share/robotic_arm_gazebo/models/aws_robomaker_residential_DeskPortraitC_01/materials/textures/aws_DeskPortraitC_02.png
[0.386s] -- Up-to-date symlink: /home/achy/ros2/ros2_arm/install/robotic_arm_gazebo/share/robotic_arm_gazebo/models/aws_robomaker_residential_DeskPortraitC_01/meshes/aws_DeskPortraitC_01_collision.DAE
[0.386s] -- Up-to-date symlink: /home/achy/ros2/ros2_arm/install/robotic_arm_gazebo/share/robotic_arm_gazebo/models/aws_robomaker_residential_DeskPortraitC_01/meshes/aws_DeskPortraitC_01_visual.DAE
[0.386s] -- Up-to-date symlink: /home/achy/ros2/ros2_arm/install/robotic_arm_gazebo/share/robotic_arm_gazebo/models/aws_robomaker_residential_DeskPortraitC_01/model.config
[0.387s] -- Up-to-date symlink: /home/achy/ros2/ros2_arm/install/robotic_arm_gazebo/share/robotic_arm_gazebo/models/aws_robomaker_residential_DeskPortraitC_01/model.sdf
[0.387s] -- Up-to-date symlink: /home/achy/ros2/ros2_arm/install/robotic_arm_gazebo/share/robotic_arm_gazebo/models/aws_robomaker_residential_DeskPortraitC_02/materials/textures/DeskPortraitC_02.jpg
[0.388s] -- Up-to-date symlink: /home/achy/ros2/ros2_arm/install/robotic_arm_gazebo/share/robotic_arm_gazebo/models/aws_robomaker_residential_DeskPortraitC_02/materials/textures/aws_DeskPortraitC_01.png
[0.388s] -- Up-to-date symlink: /home/achy/ros2/ros2_arm/install/robotic_arm_gazebo/share/robotic_arm_gazebo/models/aws_robomaker_residential_DeskPortraitC_02/materials/textures/aws_DeskPortraitC_02.png
[0.392s] -- Up-to-date symlink: /home/achy/ros2/ros2_arm/install/robotic_arm_gazebo/share/robotic_arm_gazebo/models/aws_robomaker_residential_DeskPortraitC_02/meshes/aws_DeskPortraitC_01_collision.DAE
[0.392s] -- Up-to-date symlink: /home/achy/ros2/ros2_arm/install/robotic_arm_gazebo/share/robotic_arm_gazebo/models/aws_robomaker_residential_DeskPortraitC_02/meshes/aws_DeskPortraitC_01_visual.DAE
[0.394s] -- Up-to-date symlink: /home/achy/ros2/ros2_arm/install/robotic_arm_gazebo/share/robotic_arm_gazebo/models/aws_robomaker_residential_DeskPortraitC_02/model.config
[0.395s] -- Up-to-date symlink: /home/achy/ros2/ros2_arm/install/robotic_arm_gazebo/share/robotic_arm_gazebo/models/aws_robomaker_residential_DeskPortraitC_02/model.sdf
[0.395s] -- Up-to-date symlink: /home/achy/ros2/ros2_arm/install/robotic_arm_gazebo/share/robotic_arm_gazebo/models/aws_robomaker_residential_DeskPortraitD_01/materials/textures/DeskPortraitD_01.jpg
[0.396s] -- Up-to-date symlink: /home/achy/ros2/ros2_arm/install/robotic_arm_gazebo/share/robotic_arm_gazebo/models/aws_robomaker_residential_DeskPortraitD_01/materials/textures/aws_DeskPortraitD_01.png
[0.399s] -- Up-to-date symlink: /home/achy/ros2/ros2_arm/install/robotic_arm_gazebo/share/robotic_arm_gazebo/models/aws_robomaker_residential_DeskPortraitD_01/materials/textures/aws_DeskPortraitD_02.png
[0.400s] -- Up-to-date symlink: /home/achy/ros2/ros2_arm/install/robotic_arm_gazebo/share/robotic_arm_gazebo/models/aws_robomaker_residential_DeskPortraitD_01/meshes/aws_DeskPortraitD_01_collision.DAE
[0.401s] -- Up-to-date symlink: /home/achy/ros2/ros2_arm/install/robotic_arm_gazebo/share/robotic_arm_gazebo/models/aws_robomaker_residential_DeskPortraitD_01/meshes/aws_DeskPortraitD_01_visual.DAE
[0.401s] -- Up-to-date symlink: /home/achy/ros2/ros2_arm/install/robotic_arm_gazebo/share/robotic_arm_gazebo/models/aws_robomaker_residential_DeskPortraitD_01/model.config
[0.402s] -- Up-to-date symlink: /home/achy/ros2/ros2_arm/install/robotic_arm_gazebo/share/robotic_arm_gazebo/models/aws_robomaker_residential_DeskPortraitD_01/model.sdf
[0.402s] -- Up-to-date symlink: /home/achy/ros2/ros2_arm/install/robotic_arm_gazebo/share/robotic_arm_gazebo/models/aws_robomaker_residential_DeskPortraitD_02/materials/textures/DeskPortraitD_02.jpg
[0.406s] -- Up-to-date symlink: /home/achy/ros2/ros2_arm/install/robotic_arm_gazebo/share/robotic_arm_gazebo/models/aws_robomaker_residential_DeskPortraitD_02/materials/textures/aws_DeskPortraitD_01.png
[0.406s] -- Up-to-date symlink: /home/achy/ros2/ros2_arm/install/robotic_arm_gazebo/share/robotic_arm_gazebo/models/aws_robomaker_residential_DeskPortraitD_02/materials/textures/aws_DeskPortraitD_02.png
[0.407s] -- Up-to-date symlink: /home/achy/ros2/ros2_arm/install/robotic_arm_gazebo/share/robotic_arm_gazebo/models/aws_robomaker_residential_DeskPortraitD_02/meshes/aws_DeskPortraitD_01_collision.DAE
[0.407s] -- Up-to-date symlink: /home/achy/ros2/ros2_arm/install/robotic_arm_gazebo/share/robotic_arm_gazebo/models/aws_robomaker_residential_DeskPortraitD_02/meshes/aws_DeskPortraitD_01_visual.DAE
[0.407s] -- Up-to-date symlink: /home/achy/ros2/ros2_arm/install/robotic_arm_gazebo/share/robotic_arm_gazebo/models/aws_robomaker_residential_DeskPortraitD_02/model.config
[0.407s] -- Up-to-date symlink: /home/achy/ros2/ros2_arm/install/robotic_arm_gazebo/share/robotic_arm_gazebo/models/aws_robomaker_residential_DeskPortraitD_02/model.sdf
[0.407s] -- Up-to-date symlink: /home/achy/ros2/ros2_arm/install/robotic_arm_gazebo/share/robotic_arm_gazebo/models/aws_robomaker_residential_DeskPortraitD_03/materials/textures/DeskPortraitD_03.jpg
[0.407s] -- Up-to-date symlink: /home/achy/ros2/ros2_arm/install/robotic_arm_gazebo/share/robotic_arm_gazebo/models/aws_robomaker_residential_DeskPortraitD_03/materials/textures/aws_DeskPortraitD_01.png
[0.408s] -- Up-to-date symlink: /home/achy/ros2/ros2_arm/install/robotic_arm_gazebo/share/robotic_arm_gazebo/models/aws_robomaker_residential_DeskPortraitD_03/materials/textures/aws_DeskPortraitD_02.png
[0.408s] -- Up-to-date symlink: /home/achy/ros2/ros2_arm/install/robotic_arm_gazebo/share/robotic_arm_gazebo/models/aws_robomaker_residential_DeskPortraitD_03/meshes/aws_DeskPortraitD_01_collision.DAE
[0.408s] -- Up-to-date symlink: /home/achy/ros2/ros2_arm/install/robotic_arm_gazebo/share/robotic_arm_gazebo/models/aws_robomaker_residential_DeskPortraitD_03/meshes/aws_DeskPortraitD_01_visual.DAE
[0.408s] -- Up-to-date symlink: /home/achy/ros2/ros2_arm/install/robotic_arm_gazebo/share/robotic_arm_gazebo/models/aws_robomaker_residential_DeskPortraitD_03/model.config
[0.408s] -- Up-to-date symlink: /home/achy/ros2/ros2_arm/install/robotic_arm_gazebo/share/robotic_arm_gazebo/models/aws_robomaker_residential_DeskPortraitD_03/model.sdf
[0.409s] -- Up-to-date symlink: /home/achy/ros2/ros2_arm/install/robotic_arm_gazebo/share/robotic_arm_gazebo/models/aws_robomaker_residential_DeskPortraitD_04/materials/textures/DeskPortraitD_04.jpg
[0.409s] -- Up-to-date symlink: /home/achy/ros2/ros2_arm/install/robotic_arm_gazebo/share/robotic_arm_gazebo/models/aws_robomaker_residential_DeskPortraitD_04/materials/textures/aws_DeskPortraitD_01.png
[0.414s] -- Up-to-date symlink: /home/achy/ros2/ros2_arm/install/robotic_arm_gazebo/share/robotic_arm_gazebo/models/aws_robomaker_residential_DeskPortraitD_04/materials/textures/aws_DeskPortraitD_02.png
[0.415s] -- Up-to-date symlink: /home/achy/ros2/ros2_arm/install/robotic_arm_gazebo/share/robotic_arm_gazebo/models/aws_robomaker_residential_DeskPortraitD_04/meshes/aws_DeskPortraitD_01_collision.DAE
[0.415s] -- Up-to-date symlink: /home/achy/ros2/ros2_arm/install/robotic_arm_gazebo/share/robotic_arm_gazebo/models/aws_robomaker_residential_DeskPortraitD_04/meshes/aws_DeskPortraitD_01_visual.DAE
[0.415s] -- Up-to-date symlink: /home/achy/ros2/ros2_arm/install/robotic_arm_gazebo/share/robotic_arm_gazebo/models/aws_robomaker_residential_DeskPortraitD_04/model.config
[0.418s] -- Up-to-date symlink: /home/achy/ros2/ros2_arm/install/robotic_arm_gazebo/share/robotic_arm_gazebo/models/aws_robomaker_residential_DeskPortraitD_04/model.sdf
[0.418s] -- Up-to-date symlink: /home/achy/ros2/ros2_arm/install/robotic_arm_gazebo/share/robotic_arm_gazebo/models/aws_robomaker_residential_Door_01/materials/textures/aws_Door_01.png
[0.419s] -- Up-to-date symlink: /home/achy/ros2/ros2_arm/install/robotic_arm_gazebo/share/robotic_arm_gazebo/models/aws_robomaker_residential_Door_01/meshes/aws_Door_01_collision.DAE
[0.419s] -- Up-to-date symlink: /home/achy/ros2/ros2_arm/install/robotic_arm_gazebo/share/robotic_arm_gazebo/models/aws_robomaker_residential_Door_01/meshes/aws_Door_01_visual.DAE
[0.419s] -- Up-to-date symlink: /home/achy/ros2/ros2_arm/install/robotic_arm_gazebo/share/robotic_arm_gazebo/models/aws_robomaker_residential_Door_01/model.config
[0.419s] -- Up-to-date symlink: /home/achy/ros2/ros2_arm/install/robotic_arm_gazebo/share/robotic_arm_gazebo/models/aws_robomaker_residential_Door_01/model.sdf
[0.419s] -- Up-to-date symlink: /home/achy/ros2/ros2_arm/install/robotic_arm_gazebo/share/robotic_arm_gazebo/models/aws_robomaker_residential_Dumbbell_01/materials/textures/aws_Dumbbell_01.png
[0.420s] -- Up-to-date symlink: /home/achy/ros2/ros2_arm/install/robotic_arm_gazebo/share/robotic_arm_gazebo/models/aws_robomaker_residential_Dumbbell_01/meshes/aws_Dumbbell_01_collision.DAE
[0.420s] -- Up-to-date symlink: /home/achy/ros2/ros2_arm/install/robotic_arm_gazebo/share/robotic_arm_gazebo/models/aws_robomaker_residential_Dumbbell_01/meshes/aws_Dumbbell_01_visual.DAE
[0.421s] -- Up-to-date symlink: /home/achy/ros2/ros2_arm/install/robotic_arm_gazebo/share/robotic_arm_gazebo/models/aws_robomaker_residential_Dumbbell_01/model.config
[0.422s] -- Up-to-date symlink: /home/achy/ros2/ros2_arm/install/robotic_arm_gazebo/share/robotic_arm_gazebo/models/aws_robomaker_residential_Dumbbell_01/model.sdf
[0.422s] -- Up-to-date symlink: /home/achy/ros2/ros2_arm/install/robotic_arm_gazebo/share/robotic_arm_gazebo/models/aws_robomaker_residential_FitnessEquipment_01/materials/textures/aws_FitnessEquipment_01.png
[0.422s] -- Up-to-date symlink: /home/achy/ros2/ros2_arm/install/robotic_arm_gazebo/share/robotic_arm_gazebo/models/aws_robomaker_residential_FitnessEquipment_01/meshes/aws_FitnessEquipment_01_collision.DAE
[0.424s] -- Up-to-date symlink: /home/achy/ros2/ros2_arm/install/robotic_arm_gazebo/share/robotic_arm_gazebo/models/aws_robomaker_residential_FitnessEquipment_01/meshes/aws_FitnessEquipment_01_visual.DAE
[0.427s] -- Up-to-date symlink: /home/achy/ros2/ros2_arm/install/robotic_arm_gazebo/share/robotic_arm_gazebo/models/aws_robomaker_residential_FitnessEquipment_01/model.config
[0.429s] -- Up-to-date symlink: /home/achy/ros2/ros2_arm/install/robotic_arm_gazebo/share/robotic_arm_gazebo/models/aws_robomaker_residential_FitnessEquipment_01/model.sdf
[0.432s] -- Up-to-date symlink: /home/achy/ros2/ros2_arm/install/robotic_arm_gazebo/share/robotic_arm_gazebo/models/aws_robomaker_residential_FloorB_01/materials/textures/aws_FloorB_01.png
[0.433s] -- Up-to-date symlink: /home/achy/ros2/ros2_arm/install/robotic_arm_gazebo/share/robotic_arm_gazebo/models/aws_robomaker_residential_FloorB_01/meshes/aws_FloorB_01_collision.DAE
[0.433s] -- Up-to-date symlink: /home/achy/ros2/ros2_arm/install/robotic_arm_gazebo/share/robotic_arm_gazebo/models/aws_robomaker_residential_FloorB_01/meshes/aws_FloorB_01_visual.DAE
[0.434s] -- Up-to-date symlink: /home/achy/ros2/ros2_arm/install/robotic_arm_gazebo/share/robotic_arm_gazebo/models/aws_robomaker_residential_FloorB_01/model.config
[0.434s] -- Up-to-date symlink: /home/achy/ros2/ros2_arm/install/robotic_arm_gazebo/share/robotic_arm_gazebo/models/aws_robomaker_residential_FloorB_01/model.sdf
[0.437s] -- Up-to-date symlink: /home/achy/ros2/ros2_arm/install/robotic_arm_gazebo/share/robotic_arm_gazebo/models/aws_robomaker_residential_FoldingDoor_01/materials/textures/aws_FoldingDoor_01.png
[0.438s] -- Up-to-date symlink: /home/achy/ros2/ros2_arm/install/robotic_arm_gazebo/share/robotic_arm_gazebo/models/aws_robomaker_residential_FoldingDoor_01/meshes/aws_FoldingDoor_01_collision.DAE
[0.438s] -- Up-to-date symlink: /home/achy/ros2/ros2_arm/install/robotic_arm_gazebo/share/robotic_arm_gazebo/models/aws_robomaker_residential_FoldingDoor_01/meshes/aws_FoldingDoor_01_visual.DAE
[0.438s] -- Up-to-date symlink: /home/achy/ros2/ros2_arm/install/robotic_arm_gazebo/share/robotic_arm_gazebo/models/aws_robomaker_residential_FoldingDoor_01/model.config
[0.440s] -- Up-to-date symlink: /home/achy/ros2/ros2_arm/install/robotic_arm_gazebo/share/robotic_arm_gazebo/models/aws_robomaker_residential_FoldingDoor_01/model.sdf
[0.440s] -- Up-to-date symlink: /home/achy/ros2/ros2_arm/install/robotic_arm_gazebo/share/robotic_arm_gazebo/models/aws_robomaker_residential_FoldingDoor_02/materials/textures/aws_FoldingDoor_02.png
[0.440s] -- Up-to-date symlink: /home/achy/ros2/ros2_arm/install/robotic_arm_gazebo/share/robotic_arm_gazebo/models/aws_robomaker_residential_FoldingDoor_02/meshes/aws_FoldingDoor_02_collision.DAE
[0.442s] -- Up-to-date symlink: /home/achy/ros2/ros2_arm/install/robotic_arm_gazebo/share/robotic_arm_gazebo/models/aws_robomaker_residential_FoldingDoor_02/meshes/aws_FoldingDoor_02_visual.DAE
[0.442s] -- Up-to-date symlink: /home/achy/ros2/ros2_arm/install/robotic_arm_gazebo/share/robotic_arm_gazebo/models/aws_robomaker_residential_FoldingDoor_02/model.config
[0.443s] -- Up-to-date symlink: /home/achy/ros2/ros2_arm/install/robotic_arm_gazebo/share/robotic_arm_gazebo/models/aws_robomaker_residential_FoldingDoor_02/model.sdf
[0.452s] -- Up-to-date symlink: /home/achy/ros2/ros2_arm/install/robotic_arm_gazebo/share/robotic_arm_gazebo/models/aws_robomaker_residential_Handle_01/materials/textures/aws_Handle_01.png
[0.453s] -- Up-to-date symlink: /home/achy/ros2/ros2_arm/install/robotic_arm_gazebo/share/robotic_arm_gazebo/models/aws_robomaker_residential_Handle_01/meshes/aws_Handle_01_collision.DAE
[0.454s] -- Up-to-date symlink: /home/achy/ros2/ros2_arm/install/robotic_arm_gazebo/share/robotic_arm_gazebo/models/aws_robomaker_residential_Handle_01/meshes/aws_Handle_01_visual.DAE
[0.455s] -- Up-to-date symlink: /home/achy/ros2/ros2_arm/install/robotic_arm_gazebo/share/robotic_arm_gazebo/models/aws_robomaker_residential_Handle_01/model.config
[0.456s] -- Up-to-date symlink: /home/achy/ros2/ros2_arm/install/robotic_arm_gazebo/share/robotic_arm_gazebo/models/aws_robomaker_residential_Handle_01/model.sdf
[0.456s] -- Up-to-date symlink: /home/achy/ros2/ros2_arm/install/robotic_arm_gazebo/share/robotic_arm_gazebo/models/aws_robomaker_residential_HouseWallB_01/materials/textures/aws_HouseWallB_01.png
[0.457s] -- Up-to-date symlink: /home/achy/ros2/ros2_arm/install/robotic_arm_gazebo/share/robotic_arm_gazebo/models/aws_robomaker_residential_HouseWallB_01/meshes/aws_HouseWallB_01_collision.DAE
[0.458s] -- Up-to-date symlink: /home/achy/ros2/ros2_arm/install/robotic_arm_gazebo/share/robotic_arm_gazebo/models/aws_robomaker_residential_HouseWallB_01/meshes/aws_HouseWallB_01_visual.DAE
[0.458s] -- Up-to-date symlink: /home/achy/ros2/ros2_arm/install/robotic_arm_gazebo/share/robotic_arm_gazebo/models/aws_robomaker_residential_HouseWallB_01/model.config
[0.460s] -- Up-to-date symlink: /home/achy/ros2/ros2_arm/install/robotic_arm_gazebo/share/robotic_arm_gazebo/models/aws_robomaker_residential_HouseWallB_01/model.sdf
[0.461s] -- Up-to-date symlink: /home/achy/ros2/ros2_arm/install/robotic_arm_gazebo/share/robotic_arm_gazebo/models/aws_robomaker_residential_KitchenCabinet_01/materials/textures/aws_KitchenCabinet_01.png
[0.461s] -- Up-to-date symlink: /home/achy/ros2/ros2_arm/install/robotic_arm_gazebo/share/robotic_arm_gazebo/models/aws_robomaker_residential_KitchenCabinet_01/meshes/aws_KitchenCabinet_01_collision.DAE
[0.462s] -- Up-to-date symlink: /home/achy/ros2/ros2_arm/install/robotic_arm_gazebo/share/robotic_arm_gazebo/models/aws_robomaker_residential_KitchenCabinet_01/meshes/aws_KitchenCabinet_01_visual.DAE
[0.463s] -- Up-to-date symlink: /home/achy/ros2/ros2_arm/install/robotic_arm_gazebo/share/robotic_arm_gazebo/models/aws_robomaker_residential_KitchenCabinet_01/model.config
[0.463s] -- Up-to-date symlink: /home/achy/ros2/ros2_arm/install/robotic_arm_gazebo/share/robotic_arm_gazebo/models/aws_robomaker_residential_KitchenCabinet_01/model.sdf
[0.463s] -- Up-to-date symlink: /home/achy/ros2/ros2_arm/install/robotic_arm_gazebo/share/robotic_arm_gazebo/models/aws_robomaker_residential_KitchenTable_01/materials/textures/aws_KitchenTable_01.png
[0.463s] -- Up-to-date symlink: /home/achy/ros2/ros2_arm/install/robotic_arm_gazebo/share/robotic_arm_gazebo/models/aws_robomaker_residential_KitchenTable_01/meshes/aws_KitchenTable_01_collision.DAE
[0.465s] -- Up-to-date symlink: /home/achy/ros2/ros2_arm/install/robotic_arm_gazebo/share/robotic_arm_gazebo/models/aws_robomaker_residential_KitchenTable_01/meshes/aws_KitchenTable_01_visual.DAE
[0.465s] -- Up-to-date symlink: /home/achy/ros2/ros2_arm/install/robotic_arm_gazebo/share/robotic_arm_gazebo/models/aws_robomaker_residential_KitchenTable_01/model.config
[0.465s] -- Up-to-date symlink: /home/achy/ros2/ros2_arm/install/robotic_arm_gazebo/share/robotic_arm_gazebo/models/aws_robomaker_residential_KitchenTable_01/model.sdf
[0.465s] -- Up-to-date symlink: /home/achy/ros2/ros2_arm/install/robotic_arm_gazebo/share/robotic_arm_gazebo/models/aws_robomaker_residential_KitchenUtensils_01/materials/textures/aws_KitchenUtensils_01.png
[0.482s] -- Up-to-date symlink: /home/achy/ros2/ros2_arm/install/robotic_arm_gazebo/share/robotic_arm_gazebo/models/aws_robomaker_residential_KitchenUtensils_01/meshes/aws_KitchenUtensils_01_collision.DAE
[0.483s] -- Up-to-date symlink: /home/achy/ros2/ros2_arm/install/robotic_arm_gazebo/share/robotic_arm_gazebo/models/aws_robomaker_residential_KitchenUtensils_01/meshes/aws_KitchenUtensils_01_visual.DAE
[0.484s] -- Up-to-date symlink: /home/achy/ros2/ros2_arm/install/robotic_arm_gazebo/share/robotic_arm_gazebo/models/aws_robomaker_residential_KitchenUtensils_01/model.config
[0.485s] -- Up-to-date symlink: /home/achy/ros2/ros2_arm/install/robotic_arm_gazebo/share/robotic_arm_gazebo/models/aws_robomaker_residential_KitchenUtensils_01/model.sdf
[0.485s] -- Up-to-date symlink: /home/achy/ros2/ros2_arm/install/robotic_arm_gazebo/share/robotic_arm_gazebo/models/aws_robomaker_residential_LightC_01/materials/textures/aws_LightC_01.png
[0.485s] -- Up-to-date symlink: /home/achy/ros2/ros2_arm/install/robotic_arm_gazebo/share/robotic_arm_gazebo/models/aws_robomaker_residential_LightC_01/meshes/aws_LightC_01_collision.DAE
[0.485s] -- Up-to-date symlink: /home/achy/ros2/ros2_arm/install/robotic_arm_gazebo/share/robotic_arm_gazebo/models/aws_robomaker_residential_LightC_01/meshes/aws_LightC_01_visual.DAE
[0.489s] -- Up-to-date symlink: /home/achy/ros2/ros2_arm/install/robotic_arm_gazebo/share/robotic_arm_gazebo/models/aws_robomaker_residential_LightC_01/model.config
[0.489s] -- Up-to-date symlink: /home/achy/ros2/ros2_arm/install/robotic_arm_gazebo/share/robotic_arm_gazebo/models/aws_robomaker_residential_LightC_01/model.sdf
[0.490s] -- Up-to-date symlink: /home/achy/ros2/ros2_arm/install/robotic_arm_gazebo/share/robotic_arm_gazebo/models/aws_robomaker_residential_NightStand_01/materials/textures/aws_NightStand_01.png
[0.490s] -- Up-to-date symlink: /home/achy/ros2/ros2_arm/install/robotic_arm_gazebo/share/robotic_arm_gazebo/models/aws_robomaker_residential_NightStand_01/meshes/aws_NightStand_01_collision.DAE
[0.491s] -- Up-to-date symlink: /home/achy/ros2/ros2_arm/install/robotic_arm_gazebo/share/robotic_arm_gazebo/models/aws_robomaker_residential_NightStand_01/meshes/aws_NightStand_01_visual.DAE
[0.492s] -- Up-to-date symlink: /home/achy/ros2/ros2_arm/install/robotic_arm_gazebo/share/robotic_arm_gazebo/models/aws_robomaker_residential_NightStand_01/model.config
[0.495s] -- Up-to-date symlink: /home/achy/ros2/ros2_arm/install/robotic_arm_gazebo/share/robotic_arm_gazebo/models/aws_robomaker_residential_NightStand_01/model.sdf
[0.495s] -- Up-to-date symlink: /home/achy/ros2/ros2_arm/install/robotic_arm_gazebo/share/robotic_arm_gazebo/models/aws_robomaker_residential_Pillow_01/materials/textures/aws_Pillow_01.png
[0.498s] -- Up-to-date symlink: /home/achy/ros2/ros2_arm/install/robotic_arm_gazebo/share/robotic_arm_gazebo/models/aws_robomaker_residential_Pillow_01/meshes/aws_Pillow_01_collision.DAE
[0.498s] -- Up-to-date symlink: /home/achy/ros2/ros2_arm/install/robotic_arm_gazebo/share/robotic_arm_gazebo/models/aws_robomaker_residential_Pillow_01/meshes/aws_Pillow_01_visual.DAE
[0.498s] -- Up-to-date symlink: /home/achy/ros2/ros2_arm/install/robotic_arm_gazebo/share/robotic_arm_gazebo/models/aws_robomaker_residential_Pillow_01/model.config
[0.499s] -- Up-to-date symlink: /home/achy/ros2/ros2_arm/install/robotic_arm_gazebo/share/robotic_arm_gazebo/models/aws_robomaker_residential_Pillow_01/model.sdf
[0.499s] -- Up-to-date symlink: /home/achy/ros2/ros2_arm/install/robotic_arm_gazebo/share/robotic_arm_gazebo/models/aws_robomaker_residential_PortraitA_01/materials/textures/PortraitA_01.jpg
[0.500s] -- Up-to-date symlink: /home/achy/ros2/ros2_arm/install/robotic_arm_gazebo/share/robotic_arm_gazebo/models/aws_robomaker_residential_PortraitA_01/materials/textures/aws_PortraitA_01.png
[0.501s] -- Up-to-date symlink: /home/achy/ros2/ros2_arm/install/robotic_arm_gazebo/share/robotic_arm_gazebo/models/aws_robomaker_residential_PortraitA_01/materials/textures/aws_PortraitA_02.png
[0.501s] -- Up-to-date symlink: /home/achy/ros2/ros2_arm/install/robotic_arm_gazebo/share/robotic_arm_gazebo/models/aws_robomaker_residential_PortraitA_01/meshes/aws_PortraitA_01_collision.DAE
[0.501s] -- Up-to-date symlink: /home/achy/ros2/ros2_arm/install/robotic_arm_gazebo/share/robotic_arm_gazebo/models/aws_robomaker_residential_PortraitA_01/meshes/aws_PortraitA_01_visual.DAE
[0.501s] -- Up-to-date symlink: /home/achy/ros2/ros2_arm/install/robotic_arm_gazebo/share/robotic_arm_gazebo/models/aws_robomaker_residential_PortraitA_01/model.config
[0.503s] -- Up-to-date symlink: /home/achy/ros2/ros2_arm/install/robotic_arm_gazebo/share/robotic_arm_gazebo/models/aws_robomaker_residential_PortraitA_01/model.sdf
[0.505s] -- Up-to-date symlink: /home/achy/ros2/ros2_arm/install/robotic_arm_gazebo/share/robotic_arm_gazebo/models/aws_robomaker_residential_PortraitA_02/materials/textures/PortraitA_02.jpg
[0.505s] -- Up-to-date symlink: /home/achy/ros2/ros2_arm/install/robotic_arm_gazebo/share/robotic_arm_gazebo/models/aws_robomaker_residential_PortraitA_02/materials/textures/aws_PortraitA_01.png
[0.505s] -- Up-to-date symlink: /home/achy/ros2/ros2_arm/install/robotic_arm_gazebo/share/robotic_arm_gazebo/models/aws_robomaker_residential_PortraitA_02/materials/textures/aws_PortraitA_02.png
[0.506s] -- Up-to-date symlink: /home/achy/ros2/ros2_arm/install/robotic_arm_gazebo/share/robotic_arm_gazebo/models/aws_robomaker_residential_PortraitA_02/meshes/aws_PortraitA_01_collision.DAE
[0.506s] -- Up-to-date symlink: /home/achy/ros2/ros2_arm/install/robotic_arm_gazebo/share/robotic_arm_gazebo/models/aws_robomaker_residential_PortraitA_02/meshes/aws_PortraitA_01_visual.DAE
[0.512s] -- Up-to-date symlink: /home/achy/ros2/ros2_arm/install/robotic_arm_gazebo/share/robotic_arm_gazebo/models/aws_robomaker_residential_PortraitA_02/model.config
[0.512s] -- Up-to-date symlink: /home/achy/ros2/ros2_arm/install/robotic_arm_gazebo/share/robotic_arm_gazebo/models/aws_robomaker_residential_PortraitA_02/model.sdf
[0.512s] -- Up-to-date symlink: /home/achy/ros2/ros2_arm/install/robotic_arm_gazebo/share/robotic_arm_gazebo/models/aws_robomaker_residential_PortraitB_01/materials/textures/PortraitB_01.jpg
[0.512s] -- Up-to-date symlink: /home/achy/ros2/ros2_arm/install/robotic_arm_gazebo/share/robotic_arm_gazebo/models/aws_robomaker_residential_PortraitB_01/materials/textures/aws_PortraitB_01.png
[0.512s] -- Up-to-date symlink: /home/achy/ros2/ros2_arm/install/robotic_arm_gazebo/share/robotic_arm_gazebo/models/aws_robomaker_residential_PortraitB_01/materials/textures/aws_PortraitB_02.png
[0.513s] -- Up-to-date symlink: /home/achy/ros2/ros2_arm/install/robotic_arm_gazebo/share/robotic_arm_gazebo/models/aws_robomaker_residential_PortraitB_01/meshes/aws_PortraitB_01_collision.DAE
[0.513s] -- Up-to-date symlink: /home/achy/ros2/ros2_arm/install/robotic_arm_gazebo/share/robotic_arm_gazebo/models/aws_robomaker_residential_PortraitB_01/meshes/aws_PortraitB_01_visual.DAE
[0.515s] -- Up-to-date symlink: /home/achy/ros2/ros2_arm/install/robotic_arm_gazebo/share/robotic_arm_gazebo/models/aws_robomaker_residential_PortraitB_01/model.config
[0.515s] -- Up-to-date symlink: /home/achy/ros2/ros2_arm/install/robotic_arm_gazebo/share/robotic_arm_gazebo/models/aws_robomaker_residential_PortraitB_01/model.sdf
[0.516s] -- Up-to-date symlink: /home/achy/ros2/ros2_arm/install/robotic_arm_gazebo/share/robotic_arm_gazebo/models/aws_robomaker_residential_PortraitB_02/materials/textures/PortraitB_02.jpg
[0.516s] -- Up-to-date symlink: /home/achy/ros2/ros2_arm/install/robotic_arm_gazebo/share/robotic_arm_gazebo/models/aws_robomaker_residential_PortraitB_02/materials/textures/aws_PortraitB_01.png
[0.516s] -- Up-to-date symlink: /home/achy/ros2/ros2_arm/install/robotic_arm_gazebo/share/robotic_arm_gazebo/models/aws_robomaker_residential_PortraitB_02/materials/textures/aws_PortraitB_02.png
[0.518s] -- Up-to-date symlink: /home/achy/ros2/ros2_arm/install/robotic_arm_gazebo/share/robotic_arm_gazebo/models/aws_robomaker_residential_PortraitB_02/meshes/aws_PortraitB_01_collision.DAE
[0.518s] -- Up-to-date symlink: /home/achy/ros2/ros2_arm/install/robotic_arm_gazebo/share/robotic_arm_gazebo/models/aws_robomaker_residential_PortraitB_02/meshes/aws_PortraitB_01_visual.DAE
[0.521s] -- Up-to-date symlink: /home/achy/ros2/ros2_arm/install/robotic_arm_gazebo/share/robotic_arm_gazebo/models/aws_robomaker_residential_PortraitB_02/model.config
[0.526s] -- Up-to-date symlink: /home/achy/ros2/ros2_arm/install/robotic_arm_gazebo/share/robotic_arm_gazebo/models/aws_robomaker_residential_PortraitB_02/model.sdf
[0.527s] -- Up-to-date symlink: /home/achy/ros2/ros2_arm/install/robotic_arm_gazebo/share/robotic_arm_gazebo/models/aws_robomaker_residential_PortraitB_03/materials/textures/PortraitB_03.jpg
[0.528s] -- Up-to-date symlink: /home/achy/ros2/ros2_arm/install/robotic_arm_gazebo/share/robotic_arm_gazebo/models/aws_robomaker_residential_PortraitB_03/materials/textures/aws_PortraitB_01.png
[0.529s] -- Up-to-date symlink: /home/achy/ros2/ros2_arm/install/robotic_arm_gazebo/share/robotic_arm_gazebo/models/aws_robomaker_residential_PortraitB_03/materials/textures/aws_PortraitB_02.png
[0.529s] -- Up-to-date symlink: /home/achy/ros2/ros2_arm/install/robotic_arm_gazebo/share/robotic_arm_gazebo/models/aws_robomaker_residential_PortraitB_03/meshes/aws_PortraitB_01_collision.DAE
[0.531s] -- Up-to-date symlink: /home/achy/ros2/ros2_arm/install/robotic_arm_gazebo/share/robotic_arm_gazebo/models/aws_robomaker_residential_PortraitB_03/meshes/aws_PortraitB_01_visual.DAE
[0.534s] -- Up-to-date symlink: /home/achy/ros2/ros2_arm/install/robotic_arm_gazebo/share/robotic_arm_gazebo/models/aws_robomaker_residential_PortraitB_03/model.config
[0.534s] -- Up-to-date symlink: /home/achy/ros2/ros2_arm/install/robotic_arm_gazebo/share/robotic_arm_gazebo/models/aws_robomaker_residential_PortraitB_03/model.sdf
[0.535s] -- Up-to-date symlink: /home/achy/ros2/ros2_arm/install/robotic_arm_gazebo/share/robotic_arm_gazebo/models/aws_robomaker_residential_PortraitC_01/materials/textures/PortraitC_01.jpg
[0.536s] -- Up-to-date symlink: /home/achy/ros2/ros2_arm/install/robotic_arm_gazebo/share/robotic_arm_gazebo/models/aws_robomaker_residential_PortraitC_01/materials/textures/aws_PortraitC_01.png
[0.539s] -- Up-to-date symlink: /home/achy/ros2/ros2_arm/install/robotic_arm_gazebo/share/robotic_arm_gazebo/models/aws_robomaker_residential_PortraitC_01/materials/textures/aws_PortraitC_02.png
[0.539s] -- Up-to-date symlink: /home/achy/ros2/ros2_arm/install/robotic_arm_gazebo/share/robotic_arm_gazebo/models/aws_robomaker_residential_PortraitC_01/meshes/aws_PortraitC_01_collision.DAE
[0.540s] -- Up-to-date symlink: /home/achy/ros2/ros2_arm/install/robotic_arm_gazebo/share/robotic_arm_gazebo/models/aws_robomaker_residential_PortraitC_01/meshes/aws_PortraitC_01_visual.DAE
[0.540s] -- Up-to-date symlink: /home/achy/ros2/ros2_arm/install/robotic_arm_gazebo/share/robotic_arm_gazebo/models/aws_robomaker_residential_PortraitC_01/model.config
[0.543s] -- Up-to-date symlink: /home/achy/ros2/ros2_arm/install/robotic_arm_gazebo/share/robotic_arm_gazebo/models/aws_robomaker_residential_PortraitC_01/model.sdf
[0.544s] -- Up-to-date symlink: /home/achy/ros2/ros2_arm/install/robotic_arm_gazebo/share/robotic_arm_gazebo/models/aws_robomaker_residential_PortraitD_01/materials/textures/PortraitD_01.jpg
[0.544s] -- Up-to-date symlink: /home/achy/ros2/ros2_arm/install/robotic_arm_gazebo/share/robotic_arm_gazebo/models/aws_robomaker_residential_PortraitD_01/materials/textures/aws_PortraitD_01.png
[0.544s] -- Up-to-date symlink: /home/achy/ros2/ros2_arm/install/robotic_arm_gazebo/share/robotic_arm_gazebo/models/aws_robomaker_residential_PortraitD_01/materials/textures/aws_PortraitD_02.png
[0.544s] -- Up-to-date symlink: /home/achy/ros2/ros2_arm/install/robotic_arm_gazebo/share/robotic_arm_gazebo/models/aws_robomaker_residential_PortraitD_01/meshes/aws_PortraitD_01_collision.DAE
[0.544s] -- Up-to-date symlink: /home/achy/ros2/ros2_arm/install/robotic_arm_gazebo/share/robotic_arm_gazebo/models/aws_robomaker_residential_PortraitD_01/meshes/aws_PortraitD_01_visual.DAE
[0.545s] -- Up-to-date symlink: /home/achy/ros2/ros2_arm/install/robotic_arm_gazebo/share/robotic_arm_gazebo/models/aws_robomaker_residential_PortraitD_01/model.config
[0.545s] -- Up-to-date symlink: /home/achy/ros2/ros2_arm/install/robotic_arm_gazebo/share/robotic_arm_gazebo/models/aws_robomaker_residential_PortraitD_01/model.sdf
[0.545s] -- Up-to-date symlink: /home/achy/ros2/ros2_arm/install/robotic_arm_gazebo/share/robotic_arm_gazebo/models/aws_robomaker_residential_PortraitD_02/materials/textures/PortraitD_02.jpg
[0.545s] -- Up-to-date symlink: /home/achy/ros2/ros2_arm/install/robotic_arm_gazebo/share/robotic_arm_gazebo/models/aws_robomaker_residential_PortraitD_02/materials/textures/aws_PortraitD_01.png
[0.546s] -- Up-to-date symlink: /home/achy/ros2/ros2_arm/install/robotic_arm_gazebo/share/robotic_arm_gazebo/models/aws_robomaker_residential_PortraitD_02/materials/textures/aws_PortraitD_02.png
[0.546s] -- Up-to-date symlink: /home/achy/ros2/ros2_arm/install/robotic_arm_gazebo/share/robotic_arm_gazebo/models/aws_robomaker_residential_PortraitD_02/meshes/aws_PortraitD_01_collision.DAE
[0.547s] -- Up-to-date symlink: /home/achy/ros2/ros2_arm/install/robotic_arm_gazebo/share/robotic_arm_gazebo/models/aws_robomaker_residential_PortraitD_02/meshes/aws_PortraitD_01_visual.DAE
[0.547s] -- Up-to-date symlink: /home/achy/ros2/ros2_arm/install/robotic_arm_gazebo/share/robotic_arm_gazebo/models/aws_robomaker_residential_PortraitD_02/model.config
[0.548s] -- Up-to-date symlink: /home/achy/ros2/ros2_arm/install/robotic_arm_gazebo/share/robotic_arm_gazebo/models/aws_robomaker_residential_PortraitD_02/model.sdf
[0.548s] -- Up-to-date symlink: /home/achy/ros2/ros2_arm/install/robotic_arm_gazebo/share/robotic_arm_gazebo/models/aws_robomaker_residential_PortraitE_01/materials/textures/PortraitE_01.jpg
[0.549s] -- Up-to-date symlink: /home/achy/ros2/ros2_arm/install/robotic_arm_gazebo/share/robotic_arm_gazebo/models/aws_robomaker_residential_PortraitE_01/materials/textures/aws_PortraitE_01.png
[0.549s] -- Up-to-date symlink: /home/achy/ros2/ros2_arm/install/robotic_arm_gazebo/share/robotic_arm_gazebo/models/aws_robomaker_residential_PortraitE_01/materials/textures/aws_PortraitE_02.png
[0.550s] -- Up-to-date symlink: /home/achy/ros2/ros2_arm/install/robotic_arm_gazebo/share/robotic_arm_gazebo/models/aws_robomaker_residential_PortraitE_01/meshes/aws_PortraitE_01_collision.DAE
[0.550s] -- Up-to-date symlink: /home/achy/ros2/ros2_arm/install/robotic_arm_gazebo/share/robotic_arm_gazebo/models/aws_robomaker_residential_PortraitE_01/meshes/aws_PortraitE_01_visual.DAE
[0.550s] -- Up-to-date symlink: /home/achy/ros2/ros2_arm/install/robotic_arm_gazebo/share/robotic_arm_gazebo/models/aws_robomaker_residential_PortraitE_01/model.config
[0.551s] -- Up-to-date symlink: /home/achy/ros2/ros2_arm/install/robotic_arm_gazebo/share/robotic_arm_gazebo/models/aws_robomaker_residential_PortraitE_01/model.sdf
[0.552s] -- Up-to-date symlink: /home/achy/ros2/ros2_arm/install/robotic_arm_gazebo/share/robotic_arm_gazebo/models/aws_robomaker_residential_PortraitE_02/materials/textures/PortraitE_02.jpg
[0.553s] -- Up-to-date symlink: /home/achy/ros2/ros2_arm/install/robotic_arm_gazebo/share/robotic_arm_gazebo/models/aws_robomaker_residential_PortraitE_02/materials/textures/aws_PortraitE_01.png
[0.554s] -- Up-to-date symlink: /home/achy/ros2/ros2_arm/install/robotic_arm_gazebo/share/robotic_arm_gazebo/models/aws_robomaker_residential_PortraitE_02/materials/textures/aws_PortraitE_02.png
[0.555s] -- Up-to-date symlink: /home/achy/ros2/ros2_arm/install/robotic_arm_gazebo/share/robotic_arm_gazebo/models/aws_robomaker_residential_PortraitE_02/meshes/aws_PortraitE_01_collision.DAE
[0.555s] -- Up-to-date symlink: /home/achy/ros2/ros2_arm/install/robotic_arm_gazebo/share/robotic_arm_gazebo/models/aws_robomaker_residential_PortraitE_02/meshes/aws_PortraitE_01_visual.DAE
[0.556s] -- Up-to-date symlink: /home/achy/ros2/ros2_arm/install/robotic_arm_gazebo/share/robotic_arm_gazebo/models/aws_robomaker_residential_PortraitE_02/model.config
[0.556s] -- Up-to-date symlink: /home/achy/ros2/ros2_arm/install/robotic_arm_gazebo/share/robotic_arm_gazebo/models/aws_robomaker_residential_PortraitE_02/model.sdf
[0.556s] -- Up-to-date symlink: /home/achy/ros2/ros2_arm/install/robotic_arm_gazebo/share/robotic_arm_gazebo/models/aws_robomaker_residential_Quilt_01/materials/textures/aws_Quilt_01.png
[0.557s] -- Up-to-date symlink: /home/achy/ros2/ros2_arm/install/robotic_arm_gazebo/share/robotic_arm_gazebo/models/aws_robomaker_residential_Quilt_01/meshes/aws_Quilt_01_collision.DAE
[0.557s] -- Up-to-date symlink: /home/achy/ros2/ros2_arm/install/robotic_arm_gazebo/share/robotic_arm_gazebo/models/aws_robomaker_residential_Quilt_01/meshes/aws_Quilt_01_visual.DAE
[0.557s] -- Up-to-date symlink: /home/achy/ros2/ros2_arm/install/robotic_arm_gazebo/share/robotic_arm_gazebo/models/aws_robomaker_residential_Quilt_01/model.config
[0.561s] -- Up-to-date symlink: /home/achy/ros2/ros2_arm/install/robotic_arm_gazebo/share/robotic_arm_gazebo/models/aws_robomaker_residential_Quilt_01/model.sdf
[0.561s] -- Up-to-date symlink: /home/achy/ros2/ros2_arm/install/robotic_arm_gazebo/share/robotic_arm_gazebo/models/aws_robomaker_residential_Rangehood_01/materials/textures/aws_Rangehood_01.png
[0.561s] -- Up-to-date symlink: /home/achy/ros2/ros2_arm/install/robotic_arm_gazebo/share/robotic_arm_gazebo/models/aws_robomaker_residential_Rangehood_01/meshes/aws_Rangehood_01_collision.DAE
[0.562s] -- Up-to-date symlink: /home/achy/ros2/ros2_arm/install/robotic_arm_gazebo/share/robotic_arm_gazebo/models/aws_robomaker_residential_Rangehood_01/meshes/aws_Rangehood_01_visual.DAE
[0.562s] -- Up-to-date symlink: /home/achy/ros2/ros2_arm/install/robotic_arm_gazebo/share/robotic_arm_gazebo/models/aws_robomaker_residential_Rangehood_01/model.config
[0.562s] -- Up-to-date symlink: /home/achy/ros2/ros2_arm/install/robotic_arm_gazebo/share/robotic_arm_gazebo/models/aws_robomaker_residential_Rangehood_01/model.sdf
[0.563s] -- Up-to-date symlink: /home/achy/ros2/ros2_arm/install/robotic_arm_gazebo/share/robotic_arm_gazebo/models/aws_robomaker_residential_ReadingDesk_01/materials/textures/aws_ReadingDesk_01.png
[0.563s] -- Up-to-date symlink: /home/achy/ros2/ros2_arm/install/robotic_arm_gazebo/share/robotic_arm_gazebo/models/aws_robomaker_residential_ReadingDesk_01/meshes/aws_ReadingDesk_01_collision.DAE
[0.565s] -- Up-to-date symlink: /home/achy/ros2/ros2_arm/install/robotic_arm_gazebo/share/robotic_arm_gazebo/models/aws_robomaker_residential_ReadingDesk_01/meshes/aws_ReadingDesk_01_visual.DAE
[0.567s] -- Up-to-date symlink: /home/achy/ros2/ros2_arm/install/robotic_arm_gazebo/share/robotic_arm_gazebo/models/aws_robomaker_residential_ReadingDesk_01/model.config
[0.570s] -- Up-to-date symlink: /home/achy/ros2/ros2_arm/install/robotic_arm_gazebo/share/robotic_arm_gazebo/models/aws_robomaker_residential_ReadingDesk_01/model.sdf
[0.570s] -- Up-to-date symlink: /home/achy/ros2/ros2_arm/install/robotic_arm_gazebo/share/robotic_arm_gazebo/models/aws_robomaker_residential_Refrigerator_01/materials/textures/aws_Refrigerator_01.png
[0.571s] -- Up-to-date symlink: /home/achy/ros2/ros2_arm/install/robotic_arm_gazebo/share/robotic_arm_gazebo/models/aws_robomaker_residential_Refrigerator_01/materials/textures/aws_Refrigerator_02.png
[0.571s] -- Up-to-date symlink: /home/achy/ros2/ros2_arm/install/robotic_arm_gazebo/share/robotic_arm_gazebo/models/aws_robomaker_residential_Refrigerator_01/meshes/aws_Refrigerator_01.DAE
[0.571s] -- Up-to-date symlink: /home/achy/ros2/ros2_arm/install/robotic_arm_gazebo/share/robotic_arm_gazebo/models/aws_robomaker_residential_Refrigerator_01/meshes/aws_Refrigerator_01_collision.DAE
[0.573s] -- Up-to-date symlink: /home/achy/ros2/ros2_arm/install/robotic_arm_gazebo/share/robotic_arm_gazebo/models/aws_robomaker_residential_Refrigerator_01/meshes/aws_Refrigerator_01_visual.DAE
[0.573s] -- Up-to-date symlink: /home/achy/ros2/ros2_arm/install/robotic_arm_gazebo/share/robotic_arm_gazebo/models/aws_robomaker_residential_Refrigerator_01/model.config
[0.574s] -- Up-to-date symlink: /home/achy/ros2/ros2_arm/install/robotic_arm_gazebo/share/robotic_arm_gazebo/models/aws_robomaker_residential_Refrigerator_01/model.sdf
[0.575s] -- Up-to-date symlink: /home/achy/ros2/ros2_arm/install/robotic_arm_gazebo/share/robotic_arm_gazebo/models/aws_robomaker_residential_RoomCeiling_01/materials/textures/aws_RoomCeiling_01.png
[0.575s] -- Up-to-date symlink: /home/achy/ros2/ros2_arm/install/robotic_arm_gazebo/share/robotic_arm_gazebo/models/aws_robomaker_residential_RoomCeiling_01/meshes/aws_RoomCeiling_01_collision.DAE
[0.576s] -- Up-to-date symlink: /home/achy/ros2/ros2_arm/install/robotic_arm_gazebo/share/robotic_arm_gazebo/models/aws_robomaker_residential_RoomCeiling_01/meshes/aws_RoomCeiling_01_visual.DAE
[0.576s] -- Up-to-date symlink: /home/achy/ros2/ros2_arm/install/robotic_arm_gazebo/share/robotic_arm_gazebo/models/aws_robomaker_residential_RoomCeiling_01/model.config
[0.576s] -- Up-to-date symlink: /home/achy/ros2/ros2_arm/install/robotic_arm_gazebo/share/robotic_arm_gazebo/models/aws_robomaker_residential_RoomCeiling_01/model.sdf
[0.577s] -- Up-to-date symlink: /home/achy/ros2/ros2_arm/install/robotic_arm_gazebo/share/robotic_arm_gazebo/models/aws_robomaker_residential_RoomWall_01/materials/textures/aws_RoomWall_01.png
[0.577s] -- Up-to-date symlink: /home/achy/ros2/ros2_arm/install/robotic_arm_gazebo/share/robotic_arm_gazebo/models/aws_robomaker_residential_RoomWall_01/meshes/aws_RoomWall_01_collision.DAE
[0.577s] -- Up-to-date symlink: /home/achy/ros2/ros2_arm/install/robotic_arm_gazebo/share/robotic_arm_gazebo/models/aws_robomaker_residential_RoomWall_01/meshes/aws_RoomWall_01_visual.DAE
[0.578s] -- Up-to-date symlink: /home/achy/ros2/ros2_arm/install/robotic_arm_gazebo/share/robotic_arm_gazebo/models/aws_robomaker_residential_RoomWall_01/model.config
[0.578s] -- Up-to-date symlink: /home/achy/ros2/ros2_arm/install/robotic_arm_gazebo/share/robotic_arm_gazebo/models/aws_robomaker_residential_RoomWall_01/model.sdf
[0.579s] -- Up-to-date symlink: /home/achy/ros2/ros2_arm/install/robotic_arm_gazebo/share/robotic_arm_gazebo/models/aws_robomaker_residential_RoomWindow_01/materials/textures/aws_RoomWindow_01.png
[0.579s] -- Up-to-date symlink: /home/achy/ros2/ros2_arm/install/robotic_arm_gazebo/share/robotic_arm_gazebo/models/aws_robomaker_residential_RoomWindow_01/meshes/aws_RoomWindow_01_collision.DAE
[0.580s] -- Up-to-date symlink: /home/achy/ros2/ros2_arm/install/robotic_arm_gazebo/share/robotic_arm_gazebo/models/aws_robomaker_residential_RoomWindow_01/meshes/aws_RoomWindow_01_visual.DAE
[0.580s] -- Up-to-date symlink: /home/achy/ros2/ros2_arm/install/robotic_arm_gazebo/share/robotic_arm_gazebo/models/aws_robomaker_residential_RoomWindow_01/model.config
[0.580s] -- Up-to-date symlink: /home/achy/ros2/ros2_arm/install/robotic_arm_gazebo/share/robotic_arm_gazebo/models/aws_robomaker_residential_RoomWindow_01/model.sdf
[0.580s] -- Up-to-date symlink: /home/achy/ros2/ros2_arm/install/robotic_arm_gazebo/share/robotic_arm_gazebo/models/aws_robomaker_residential_SeasoningBox_01/materials/textures/aws_SeasoningBox_01.png
[0.581s] -- Up-to-date symlink: /home/achy/ros2/ros2_arm/install/robotic_arm_gazebo/share/robotic_arm_gazebo/models/aws_robomaker_residential_SeasoningBox_01/meshes/aws_SeasoningBox_01_collision.DAE
[0.581s] -- Up-to-date symlink: /home/achy/ros2/ros2_arm/install/robotic_arm_gazebo/share/robotic_arm_gazebo/models/aws_robomaker_residential_SeasoningBox_01/meshes/aws_SeasoningBox_01_visual.DAE
[0.582s] -- Up-to-date symlink: /home/achy/ros2/ros2_arm/install/robotic_arm_gazebo/share/robotic_arm_gazebo/models/aws_robomaker_residential_SeasoningBox_01/model.config
[0.582s] -- Up-to-date symlink: /home/achy/ros2/ros2_arm/install/robotic_arm_gazebo/share/robotic_arm_gazebo/models/aws_robomaker_residential_SeasoningBox_01/model.sdf
[0.582s] -- Up-to-date symlink: /home/achy/ros2/ros2_arm/install/robotic_arm_gazebo/share/robotic_arm_gazebo/models/aws_robomaker_residential_SecurityCamera_01/materials/textures/aws_SecurityCamera_01.png
[0.583s] -- Up-to-date symlink: /home/achy/ros2/ros2_arm/install/robotic_arm_gazebo/share/robotic_arm_gazebo/models/aws_robomaker_residential_SecurityCamera_01/meshes/aws_SecurityCamera_01_collision.DAE
[0.584s] -- Up-to-date symlink: /home/achy/ros2/ros2_arm/install/robotic_arm_gazebo/share/robotic_arm_gazebo/models/aws_robomaker_residential_SecurityCamera_01/meshes/aws_SecurityCamera_01_visual.DAE
[0.584s] -- Up-to-date symlink: /home/achy/ros2/ros2_arm/install/robotic_arm_gazebo/share/robotic_arm_gazebo/models/aws_robomaker_residential_SecurityCamera_01/model.config
[0.585s] -- Up-to-date symlink: /home/achy/ros2/ros2_arm/install/robotic_arm_gazebo/share/robotic_arm_gazebo/models/aws_robomaker_residential_SecurityCamera_01/model.sdf
[0.585s] -- Up-to-date symlink: /home/achy/ros2/ros2_arm/install/robotic_arm_gazebo/share/robotic_arm_gazebo/models/aws_robomaker_residential_ShoeRack_01/materials/textures/aws_ShoeRack_01.png
[0.586s] -- Up-to-date symlink: /home/achy/ros2/ros2_arm/install/robotic_arm_gazebo/share/robotic_arm_gazebo/models/aws_robomaker_residential_ShoeRack_01/meshes/aws_ShoeRack_01_collision.DAE
[0.587s] -- Up-to-date symlink: /home/achy/ros2/ros2_arm/install/robotic_arm_gazebo/share/robotic_arm_gazebo/models/aws_robomaker_residential_ShoeRack_01/meshes/aws_ShoeRack_01_visual.DAE
[0.588s] -- Up-to-date symlink: /home/achy/ros2/ros2_arm/install/robotic_arm_gazebo/share/robotic_arm_gazebo/models/aws_robomaker_residential_ShoeRack_01/model.config
[0.588s] -- Up-to-date symlink: /home/achy/ros2/ros2_arm/install/robotic_arm_gazebo/share/robotic_arm_gazebo/models/aws_robomaker_residential_ShoeRack_01/model.sdf
[0.588s] -- Up-to-date symlink: /home/achy/ros2/ros2_arm/install/robotic_arm_gazebo/share/robotic_arm_gazebo/models/aws_robomaker_residential_SofaB_01/materials/textures/aws_SofaB_01.png
[0.588s] -- Up-to-date symlink: /home/achy/ros2/ros2_arm/install/robotic_arm_gazebo/share/robotic_arm_gazebo/models/aws_robomaker_residential_SofaB_01/meshes/aws_SofaB_01_collision.DAE
[0.589s] -- Up-to-date symlink: /home/achy/ros2/ros2_arm/install/robotic_arm_gazebo/share/robotic_arm_gazebo/models/aws_robomaker_residential_SofaB_01/meshes/aws_SofaB_01_visual.DAE
[0.589s] -- Up-to-date symlink: /home/achy/ros2/ros2_arm/install/robotic_arm_gazebo/share/robotic_arm_gazebo/models/aws_robomaker_residential_SofaB_01/model.config
[0.591s] -- Up-to-date symlink: /home/achy/ros2/ros2_arm/install/robotic_arm_gazebo/share/robotic_arm_gazebo/models/aws_robomaker_residential_SofaB_01/model.sdf
[0.592s] -- Up-to-date symlink: /home/achy/ros2/ros2_arm/install/robotic_arm_gazebo/share/robotic_arm_gazebo/models/aws_robomaker_residential_SofaC_01/materials/textures/aws_SofaC_01.png
[0.593s] -- Up-to-date symlink: /home/achy/ros2/ros2_arm/install/robotic_arm_gazebo/share/robotic_arm_gazebo/models/aws_robomaker_residential_SofaC_01/meshes/aws_SofaC_01_collision.DAE
[0.593s] -- Up-to-date symlink: /home/achy/ros2/ros2_arm/install/robotic_arm_gazebo/share/robotic_arm_gazebo/models/aws_robomaker_residential_SofaC_01/meshes/aws_SofaC_01_visual.DAE
[0.594s] -- Up-to-date symlink: /home/achy/ros2/ros2_arm/install/robotic_arm_gazebo/share/robotic_arm_gazebo/models/aws_robomaker_residential_SofaC_01/model.config
[0.599s] -- Up-to-date symlink: /home/achy/ros2/ros2_arm/install/robotic_arm_gazebo/share/robotic_arm_gazebo/models/aws_robomaker_residential_SofaC_01/model.sdf
[0.599s] -- Up-to-date symlink: /home/achy/ros2/ros2_arm/install/robotic_arm_gazebo/share/robotic_arm_gazebo/models/aws_robomaker_residential_Sofa_01/materials/textures/aws_Sofa_01.png
[0.600s] -- Up-to-date symlink: /home/achy/ros2/ros2_arm/install/robotic_arm_gazebo/share/robotic_arm_gazebo/models/aws_robomaker_residential_Sofa_01/meshes/aws_Sofa_01.DAE
[0.600s] -- Up-to-date symlink: /home/achy/ros2/ros2_arm/install/robotic_arm_gazebo/share/robotic_arm_gazebo/models/aws_robomaker_residential_Sofa_01/meshes/aws_Sofa_01_collision.DAE
[0.606s] -- Up-to-date symlink: /home/achy/ros2/ros2_arm/install/robotic_arm_gazebo/share/robotic_arm_gazebo/models/aws_robomaker_residential_Sofa_01/meshes/aws_Sofa_01_visual.DAE
[0.607s] -- Up-to-date symlink: /home/achy/ros2/ros2_arm/install/robotic_arm_gazebo/share/robotic_arm_gazebo/models/aws_robomaker_residential_Sofa_01/model.config
[0.607s] -- Up-to-date symlink: /home/achy/ros2/ros2_arm/install/robotic_arm_gazebo/share/robotic_arm_gazebo/models/aws_robomaker_residential_Sofa_01/model.sdf
[0.608s] -- Up-to-date symlink: /home/achy/ros2/ros2_arm/install/robotic_arm_gazebo/share/robotic_arm_gazebo/models/aws_robomaker_residential_TVCabinet_01/materials/textures/aws_TVCabinet_01.png
[0.609s] -- Up-to-date symlink: /home/achy/ros2/ros2_arm/install/robotic_arm_gazebo/share/robotic_arm_gazebo/models/aws_robomaker_residential_TVCabinet_01/meshes/aws_TVCabinet_01_collision.DAE
[0.609s] -- Up-to-date symlink: /home/achy/ros2/ros2_arm/install/robotic_arm_gazebo/share/robotic_arm_gazebo/models/aws_robomaker_residential_TVCabinet_01/meshes/aws_TVCabinet_01_visual.DAE
[0.610s] -- Up-to-date symlink: /home/achy/ros2/ros2_arm/install/robotic_arm_gazebo/share/robotic_arm_gazebo/models/aws_robomaker_residential_TVCabinet_01/model.config
[0.611s] -- Up-to-date symlink: /home/achy/ros2/ros2_arm/install/robotic_arm_gazebo/share/robotic_arm_gazebo/models/aws_robomaker_residential_TVCabinet_01/model.sdf
[0.612s] -- Up-to-date symlink: /home/achy/ros2/ros2_arm/install/robotic_arm_gazebo/share/robotic_arm_gazebo/models/aws_robomaker_residential_TV_01/materials/textures/aws_TV_01.png
[0.612s] -- Up-to-date symlink: /home/achy/ros2/ros2_arm/install/robotic_arm_gazebo/share/robotic_arm_gazebo/models/aws_robomaker_residential_TV_01/meshes/aws_TV_01_collision.DAE
[0.612s] -- Up-to-date symlink: /home/achy/ros2/ros2_arm/install/robotic_arm_gazebo/share/robotic_arm_gazebo/models/aws_robomaker_residential_TV_01/meshes/aws_TV_01_visual.DAE
[0.612s] -- Up-to-date symlink: /home/achy/ros2/ros2_arm/install/robotic_arm_gazebo/share/robotic_arm_gazebo/models/aws_robomaker_residential_TV_01/model.config
[0.612s] -- Up-to-date symlink: /home/achy/ros2/ros2_arm/install/robotic_arm_gazebo/share/robotic_arm_gazebo/models/aws_robomaker_residential_TV_01/model.sdf
[0.613s] -- Up-to-date symlink: /home/achy/ros2/ros2_arm/install/robotic_arm_gazebo/share/robotic_arm_gazebo/models/aws_robomaker_residential_TV_02/materials/textures/aws_TV_01.png
[0.613s] -- Up-to-date symlink: /home/achy/ros2/ros2_arm/install/robotic_arm_gazebo/share/robotic_arm_gazebo/models/aws_robomaker_residential_TV_02/meshes/aws_TV_01_collision.DAE
[0.614s] -- Up-to-date symlink: /home/achy/ros2/ros2_arm/install/robotic_arm_gazebo/share/robotic_arm_gazebo/models/aws_robomaker_residential_TV_02/meshes/aws_TV_01_visual.DAE
[0.616s] -- Up-to-date symlink: /home/achy/ros2/ros2_arm/install/robotic_arm_gazebo/share/robotic_arm_gazebo/models/aws_robomaker_residential_TV_02/model.config
[0.617s] -- Up-to-date symlink: /home/achy/ros2/ros2_arm/install/robotic_arm_gazebo/share/robotic_arm_gazebo/models/aws_robomaker_residential_TV_02/model.sdf
[0.617s] -- Up-to-date symlink: /home/achy/ros2/ros2_arm/install/robotic_arm_gazebo/share/robotic_arm_gazebo/models/aws_robomaker_residential_Tablet_01/.DS_Store
[0.617s] -- Up-to-date symlink: /home/achy/ros2/ros2_arm/install/robotic_arm_gazebo/share/robotic_arm_gazebo/models/aws_robomaker_residential_Tablet_01/materials/.DS_Store
[0.617s] -- Up-to-date symlink: /home/achy/ros2/ros2_arm/install/robotic_arm_gazebo/share/robotic_arm_gazebo/models/aws_robomaker_residential_Tablet_01/materials/textures/aws_Tablet_01_nologo.png
[0.617s] -- Up-to-date symlink: /home/achy/ros2/ros2_arm/install/robotic_arm_gazebo/share/robotic_arm_gazebo/models/aws_robomaker_residential_Tablet_01/meshes/aws_Tablet_01_collision.DAE
[0.618s] -- Up-to-date symlink: /home/achy/ros2/ros2_arm/install/robotic_arm_gazebo/share/robotic_arm_gazebo/models/aws_robomaker_residential_Tablet_01/meshes/aws_Tablet_01_visual.DAE
[0.618s] -- Up-to-date symlink: /home/achy/ros2/ros2_arm/install/robotic_arm_gazebo/share/robotic_arm_gazebo/models/aws_robomaker_residential_Tablet_01/model.config
[0.618s] -- Up-to-date symlink: /home/achy/ros2/ros2_arm/install/robotic_arm_gazebo/share/robotic_arm_gazebo/models/aws_robomaker_residential_Tablet_01/model.sdf
[0.619s] -- Up-to-date symlink: /home/achy/ros2/ros2_arm/install/robotic_arm_gazebo/share/robotic_arm_gazebo/models/aws_robomaker_residential_Tableware_01/materials/textures/aws_Tableware_01.png
[0.621s] -- Up-to-date symlink: /home/achy/ros2/ros2_arm/install/robotic_arm_gazebo/share/robotic_arm_gazebo/models/aws_robomaker_residential_Tableware_01/meshes/aws_Tableware_01_collision.DAE
[0.621s] -- Up-to-date symlink: /home/achy/ros2/ros2_arm/install/robotic_arm_gazebo/share/robotic_arm_gazebo/models/aws_robomaker_residential_Tableware_01/meshes/aws_Tableware_01_visual.DAE
[0.622s] -- Up-to-date symlink: /home/achy/ros2/ros2_arm/install/robotic_arm_gazebo/share/robotic_arm_gazebo/models/aws_robomaker_residential_Tableware_01/model.config
[0.623s] -- Up-to-date symlink: /home/achy/ros2/ros2_arm/install/robotic_arm_gazebo/share/robotic_arm_gazebo/models/aws_robomaker_residential_Tableware_01/model.sdf
[0.624s] -- Up-to-date symlink: /home/achy/ros2/ros2_arm/install/robotic_arm_gazebo/share/robotic_arm_gazebo/models/aws_robomaker_residential_Trash_01/materials/textures/aws_Trash_01.png
[0.625s] -- Up-to-date symlink: /home/achy/ros2/ros2_arm/install/robotic_arm_gazebo/share/robotic_arm_gazebo/models/aws_robomaker_residential_Trash_01/meshes/aws_Trash_01_collision.DAE
[0.625s] -- Up-to-date symlink: /home/achy/ros2/ros2_arm/install/robotic_arm_gazebo/share/robotic_arm_gazebo/models/aws_robomaker_residential_Trash_01/meshes/aws_Trash_01_visual.DAE
[0.626s] -- Up-to-date symlink: /home/achy/ros2/ros2_arm/install/robotic_arm_gazebo/share/robotic_arm_gazebo/models/aws_robomaker_residential_Trash_01/model.config
[0.626s] -- Up-to-date symlink: /home/achy/ros2/ros2_arm/install/robotic_arm_gazebo/share/robotic_arm_gazebo/models/aws_robomaker_residential_Trash_01/model.sdf
[0.626s] -- Up-to-date symlink: /home/achy/ros2/ros2_arm/install/robotic_arm_gazebo/share/robotic_arm_gazebo/models/aws_robomaker_residential_Vase_01/materials/textures/aws_Vase_01.png
[0.629s] -- Up-to-date symlink: /home/achy/ros2/ros2_arm/install/robotic_arm_gazebo/share/robotic_arm_gazebo/models/aws_robomaker_residential_Vase_01/meshes/aws_Vase_01_collision.DAE
[0.630s] -- Up-to-date symlink: /home/achy/ros2/ros2_arm/install/robotic_arm_gazebo/share/robotic_arm_gazebo/models/aws_robomaker_residential_Vase_01/meshes/aws_Vase_01_visual.DAE
[0.633s] -- Up-to-date symlink: /home/achy/ros2/ros2_arm/install/robotic_arm_gazebo/share/robotic_arm_gazebo/models/aws_robomaker_residential_Vase_01/model.config
[0.634s] -- Up-to-date symlink: /home/achy/ros2/ros2_arm/install/robotic_arm_gazebo/share/robotic_arm_gazebo/models/aws_robomaker_residential_Vase_01/model.sdf
[0.634s] -- Up-to-date symlink: /home/achy/ros2/ros2_arm/install/robotic_arm_gazebo/share/robotic_arm_gazebo/models/aws_robomaker_residential_Wardrobe_01/materials/textures/aws_Wardrobe_01.png
[0.635s] -- Up-to-date symlink: /home/achy/ros2/ros2_arm/install/robotic_arm_gazebo/share/robotic_arm_gazebo/models/aws_robomaker_residential_Wardrobe_01/meshes/aws_Wardrobe_01_collision.DAE
[0.635s] -- Up-to-date symlink: /home/achy/ros2/ros2_arm/install/robotic_arm_gazebo/share/robotic_arm_gazebo/models/aws_robomaker_residential_Wardrobe_01/meshes/aws_Wardrobe_01_visual.DAE
[0.636s] -- Up-to-date symlink: /home/achy/ros2/ros2_arm/install/robotic_arm_gazebo/share/robotic_arm_gazebo/models/aws_robomaker_residential_Wardrobe_01/model.config
[0.639s] -- Up-to-date symlink: /home/achy/ros2/ros2_arm/install/robotic_arm_gazebo/share/robotic_arm_gazebo/models/aws_robomaker_residential_Wardrobe_01/model.sdf
[0.642s] -- Up-to-date symlink: /home/achy/ros2/ros2_arm/install/robotic_arm_gazebo/share/robotic_arm_gazebo/models/aws_robomaker_warehouse_Bucket_01/.DS_Store
[0.642s] -- Up-to-date symlink: /home/achy/ros2/ros2_arm/install/robotic_arm_gazebo/share/robotic_arm_gazebo/models/aws_robomaker_warehouse_Bucket_01/materials/.DS_Store
[0.645s] -- Up-to-date symlink: /home/achy/ros2/ros2_arm/install/robotic_arm_gazebo/share/robotic_arm_gazebo/models/aws_robomaker_warehouse_Bucket_01/materials/textures/aws_robomaker_warehouse_Bucket_01.png
[0.646s] -- Up-to-date symlink: /home/achy/ros2/ros2_arm/install/robotic_arm_gazebo/share/robotic_arm_gazebo/models/aws_robomaker_warehouse_Bucket_01/meshes/aws_robomaker_warehouse_Bucket_01_collision.DAE
[0.647s] -- Up-to-date symlink: /home/achy/ros2/ros2_arm/install/robotic_arm_gazebo/share/robotic_arm_gazebo/models/aws_robomaker_warehouse_Bucket_01/meshes/aws_robomaker_warehouse_Bucket_01_visual.DAE
[0.647s] -- Up-to-date symlink: /home/achy/ros2/ros2_arm/install/robotic_arm_gazebo/share/robotic_arm_gazebo/models/aws_robomaker_warehouse_Bucket_01/model.config
[0.653s] -- Up-to-date symlink: /home/achy/ros2/ros2_arm/install/robotic_arm_gazebo/share/robotic_arm_gazebo/models/aws_robomaker_warehouse_Bucket_01/model.sdf
[0.653s] -- Up-to-date symlink: /home/achy/ros2/ros2_arm/install/robotic_arm_gazebo/share/robotic_arm_gazebo/models/aws_robomaker_warehouse_ClutteringA_01/.DS_Store
[0.654s] -- Up-to-date symlink: /home/achy/ros2/ros2_arm/install/robotic_arm_gazebo/share/robotic_arm_gazebo/models/aws_robomaker_warehouse_ClutteringA_01/materials/.DS_Store
[0.655s] -- Up-to-date symlink: /home/achy/ros2/ros2_arm/install/robotic_arm_gazebo/share/robotic_arm_gazebo/models/aws_robomaker_warehouse_ClutteringA_01/materials/textures/.DS_Store
[0.655s] -- Up-to-date symlink: /home/achy/ros2/ros2_arm/install/robotic_arm_gazebo/share/robotic_arm_gazebo/models/aws_robomaker_warehouse_ClutteringA_01/materials/textures/aws_robomaker_warehouse_ClutteringA_01.png
[0.655s] -- Up-to-date symlink: /home/achy/ros2/ros2_arm/install/robotic_arm_gazebo/share/robotic_arm_gazebo/models/aws_robomaker_warehouse_ClutteringA_01/materials/textures/aws_robomaker_warehouse_ClutteringA_02.png
[0.655s] -- Up-to-date symlink: /home/achy/ros2/ros2_arm/install/robotic_arm_gazebo/share/robotic_arm_gazebo/models/aws_robomaker_warehouse_ClutteringA_01/materials/textures/aws_robomaker_warehouse_ClutteringA_03.png
[0.657s] -- Up-to-date symlink: /home/achy/ros2/ros2_arm/install/robotic_arm_gazebo/share/robotic_arm_gazebo/models/aws_robomaker_warehouse_ClutteringA_01/meshes/aws_robomaker_warehouse_ClutteringA_01_collision.DAE
[0.657s] -- Up-to-date symlink: /home/achy/ros2/ros2_arm/install/robotic_arm_gazebo/share/robotic_arm_gazebo/models/aws_robomaker_warehouse_ClutteringA_01/meshes/aws_robomaker_warehouse_ClutteringA_01_visual.DAE
[0.657s] -- Up-to-date symlink: /home/achy/ros2/ros2_arm/install/robotic_arm_gazebo/share/robotic_arm_gazebo/models/aws_robomaker_warehouse_ClutteringA_01/model.config
[0.657s] -- Up-to-date symlink: /home/achy/ros2/ros2_arm/install/robotic_arm_gazebo/share/robotic_arm_gazebo/models/aws_robomaker_warehouse_ClutteringA_01/model.sdf
[0.658s] -- Up-to-date symlink: /home/achy/ros2/ros2_arm/install/robotic_arm_gazebo/share/robotic_arm_gazebo/models/aws_robomaker_warehouse_ClutteringC_01/materials/textures/aws_robomaker_warehouse_ClutteringC_01.png
[0.658s] -- Up-to-date symlink: /home/achy/ros2/ros2_arm/install/robotic_arm_gazebo/share/robotic_arm_gazebo/models/aws_robomaker_warehouse_ClutteringC_01/materials/textures/aws_robomaker_warehouse_ClutteringC_02.png
[0.658s] -- Up-to-date symlink: /home/achy/ros2/ros2_arm/install/robotic_arm_gazebo/share/robotic_arm_gazebo/models/aws_robomaker_warehouse_ClutteringC_01/meshes/aws_robomaker_warehouse_ClutteringC_01_collision.DAE
[0.659s] -- Up-to-date symlink: /home/achy/ros2/ros2_arm/install/robotic_arm_gazebo/share/robotic_arm_gazebo/models/aws_robomaker_warehouse_ClutteringC_01/meshes/aws_robomaker_warehouse_ClutteringC_01_visual.DAE
[0.660s] -- Up-to-date symlink: /home/achy/ros2/ros2_arm/install/robotic_arm_gazebo/share/robotic_arm_gazebo/models/aws_robomaker_warehouse_ClutteringC_01/model.config
[0.661s] -- Up-to-date symlink: /home/achy/ros2/ros2_arm/install/robotic_arm_gazebo/share/robotic_arm_gazebo/models/aws_robomaker_warehouse_ClutteringC_01/model.sdf
[0.661s] -- Up-to-date symlink: /home/achy/ros2/ros2_arm/install/robotic_arm_gazebo/share/robotic_arm_gazebo/models/aws_robomaker_warehouse_ClutteringD_01/materials/textures/aws_robomaker_warehouse_ClutteringD_01.png
[0.661s] -- Up-to-date symlink: /home/achy/ros2/ros2_arm/install/robotic_arm_gazebo/share/robotic_arm_gazebo/models/aws_robomaker_warehouse_ClutteringD_01/materials/textures/aws_robomaker_warehouse_ClutteringD_02.png
[0.662s] -- Up-to-date symlink: /home/achy/ros2/ros2_arm/install/robotic_arm_gazebo/share/robotic_arm_gazebo/models/aws_robomaker_warehouse_ClutteringD_01/meshes/aws_robomaker_warehouse_ClutteringD_01_collision.DAE
[0.662s] -- Up-to-date symlink: /home/achy/ros2/ros2_arm/install/robotic_arm_gazebo/share/robotic_arm_gazebo/models/aws_robomaker_warehouse_ClutteringD_01/meshes/aws_robomaker_warehouse_ClutteringD_01_visual.DAE
[0.663s] -- Up-to-date symlink: /home/achy/ros2/ros2_arm/install/robotic_arm_gazebo/share/robotic_arm_gazebo/models/aws_robomaker_warehouse_ClutteringD_01/model.config
[0.663s] -- Up-to-date symlink: /home/achy/ros2/ros2_arm/install/robotic_arm_gazebo/share/robotic_arm_gazebo/models/aws_robomaker_warehouse_ClutteringD_01/model.sdf
[0.663s] -- Up-to-date symlink: /home/achy/ros2/ros2_arm/install/robotic_arm_gazebo/share/robotic_arm_gazebo/models/aws_robomaker_warehouse_DeskC_01/materials/.DS_Store
[0.664s] -- Up-to-date symlink: /home/achy/ros2/ros2_arm/install/robotic_arm_gazebo/share/robotic_arm_gazebo/models/aws_robomaker_warehouse_DeskC_01/materials/textures/aws_robomaker_warehouse_DeskC_01.png
[0.664s] -- Up-to-date symlink: /home/achy/ros2/ros2_arm/install/robotic_arm_gazebo/share/robotic_arm_gazebo/models/aws_robomaker_warehouse_DeskC_01/materials/textures/aws_robomaker_warehouse_DeskC_02.png
[0.664s] -- Up-to-date symlink: /home/achy/ros2/ros2_arm/install/robotic_arm_gazebo/share/robotic_arm_gazebo/models/aws_robomaker_warehouse_DeskC_01/materials/textures/aws_robomaker_warehouse_DeskC_03.png
[0.665s] -- Up-to-date symlink: /home/achy/ros2/ros2_arm/install/robotic_arm_gazebo/share/robotic_arm_gazebo/models/aws_robomaker_warehouse_DeskC_01/materials/textures/aws_robomaker_warehouse_DeskC_03.psd
[0.665s] -- Up-to-date symlink: /home/achy/ros2/ros2_arm/install/robotic_arm_gazebo/share/robotic_arm_gazebo/models/aws_robomaker_warehouse_DeskC_01/materials/textures/aws_robomaker_warehouse_DeskC_04.png
[0.666s] -- Up-to-date symlink: /home/achy/ros2/ros2_arm/install/robotic_arm_gazebo/share/robotic_arm_gazebo/models/aws_robomaker_warehouse_DeskC_01/meshes/aws_robomaker_warehouse_DeskC_01_collision.DAE
[0.666s] -- Up-to-date symlink: /home/achy/ros2/ros2_arm/install/robotic_arm_gazebo/share/robotic_arm_gazebo/models/aws_robomaker_warehouse_DeskC_01/meshes/aws_robomaker_warehouse_DeskC_01_visual.DAE
[0.666s] -- Up-to-date symlink: /home/achy/ros2/ros2_arm/install/robotic_arm_gazebo/share/robotic_arm_gazebo/models/aws_robomaker_warehouse_DeskC_01/model.config
[0.667s] -- Up-to-date symlink: /home/achy/ros2/ros2_arm/install/robotic_arm_gazebo/share/robotic_arm_gazebo/models/aws_robomaker_warehouse_DeskC_01/model.sdf
[0.667s] -- Up-to-date symlink: /home/achy/ros2/ros2_arm/install/robotic_arm_gazebo/share/robotic_arm_gazebo/models/aws_robomaker_warehouse_GroundB_01/materials/textures/aws_robomaker_warehouse_GroundB_01.png
[0.667s] -- Up-to-date symlink: /home/achy/ros2/ros2_arm/install/robotic_arm_gazebo/share/robotic_arm_gazebo/models/aws_robomaker_warehouse_GroundB_01/materials/textures/aws_robomaker_warehouse_GroundB_02.png
[0.668s] -- Up-to-date symlink: /home/achy/ros2/ros2_arm/install/robotic_arm_gazebo/share/robotic_arm_gazebo/models/aws_robomaker_warehouse_GroundB_01/meshes/aws_robomaker_warehouse_GroundB_01_collision.DAE
[0.668s] -- Up-to-date symlink: /home/achy/ros2/ros2_arm/install/robotic_arm_gazebo/share/robotic_arm_gazebo/models/aws_robomaker_warehouse_GroundB_01/meshes/aws_robomaker_warehouse_GroundB_01_visual.DAE
[0.668s] -- Up-to-date symlink: /home/achy/ros2/ros2_arm/install/robotic_arm_gazebo/share/robotic_arm_gazebo/models/aws_robomaker_warehouse_GroundB_01/model.config
[0.669s] -- Up-to-date symlink: /home/achy/ros2/ros2_arm/install/robotic_arm_gazebo/share/robotic_arm_gazebo/models/aws_robomaker_warehouse_GroundB_01/model.sdf
[0.669s] -- Up-to-date symlink: /home/achy/ros2/ros2_arm/install/robotic_arm_gazebo/share/robotic_arm_gazebo/models/aws_robomaker_warehouse_Lamp_01/materials/textures/aws_robomaker_warehouse_Lamp_01.png
[0.669s] -- Up-to-date symlink: /home/achy/ros2/ros2_arm/install/robotic_arm_gazebo/share/robotic_arm_gazebo/models/aws_robomaker_warehouse_Lamp_01/meshes/aws_robomaker_warehouse_Lamp_01_collision.DAE
[0.670s] -- Up-to-date symlink: /home/achy/ros2/ros2_arm/install/robotic_arm_gazebo/share/robotic_arm_gazebo/models/aws_robomaker_warehouse_Lamp_01/meshes/aws_robomaker_warehouse_Lamp_01_visual.DAE
[0.670s] -- Up-to-date symlink: /home/achy/ros2/ros2_arm/install/robotic_arm_gazebo/share/robotic_arm_gazebo/models/aws_robomaker_warehouse_Lamp_01/model.config
[0.670s] -- Up-to-date symlink: /home/achy/ros2/ros2_arm/install/robotic_arm_gazebo/share/robotic_arm_gazebo/models/aws_robomaker_warehouse_Lamp_01/model.sdf
[0.670s] -- Up-to-date symlink: /home/achy/ros2/ros2_arm/install/robotic_arm_gazebo/share/robotic_arm_gazebo/models/aws_robomaker_warehouse_PalletJackB_01/.DS_Store
[0.671s] -- Up-to-date symlink: /home/achy/ros2/ros2_arm/install/robotic_arm_gazebo/share/robotic_arm_gazebo/models/aws_robomaker_warehouse_PalletJackB_01/materials/.DS_Store
[0.671s] -- Up-to-date symlink: /home/achy/ros2/ros2_arm/install/robotic_arm_gazebo/share/robotic_arm_gazebo/models/aws_robomaker_warehouse_PalletJackB_01/materials/textures/aws_robomaker_warehouse_PalletJackB_01.png
[0.672s] -- Up-to-date symlink: /home/achy/ros2/ros2_arm/install/robotic_arm_gazebo/share/robotic_arm_gazebo/models/aws_robomaker_warehouse_PalletJackB_01/materials/textures/aws_robomaker_warehouse_PalletJackB_02.png
[0.672s] -- Up-to-date symlink: /home/achy/ros2/ros2_arm/install/robotic_arm_gazebo/share/robotic_arm_gazebo/models/aws_robomaker_warehouse_PalletJackB_01/meshes/aws_robomaker_warehouse_PalletJackB_01_collision.DAE
[0.672s] -- Up-to-date symlink: /home/achy/ros2/ros2_arm/install/robotic_arm_gazebo/share/robotic_arm_gazebo/models/aws_robomaker_warehouse_PalletJackB_01/meshes/aws_robomaker_warehouse_PalletJackB_01_visual.DAE
[0.673s] -- Up-to-date symlink: /home/achy/ros2/ros2_arm/install/robotic_arm_gazebo/share/robotic_arm_gazebo/models/aws_robomaker_warehouse_PalletJackB_01/model.config
[0.673s] -- Up-to-date symlink: /home/achy/ros2/ros2_arm/install/robotic_arm_gazebo/share/robotic_arm_gazebo/models/aws_robomaker_warehouse_PalletJackB_01/model.sdf
[0.673s] -- Up-to-date symlink: /home/achy/ros2/ros2_arm/install/robotic_arm_gazebo/share/robotic_arm_gazebo/models/aws_robomaker_warehouse_RoofB_01/materials/textures/aws_robomaker_warehouse_RoofB_01.png
[0.673s] -- Up-to-date symlink: /home/achy/ros2/ros2_arm/install/robotic_arm_gazebo/share/robotic_arm_gazebo/models/aws_robomaker_warehouse_RoofB_01/meshes/aws_robomaker_warehouse_RoofB_01_collision.DAE
[0.674s] -- Up-to-date symlink: /home/achy/ros2/ros2_arm/install/robotic_arm_gazebo/share/robotic_arm_gazebo/models/aws_robomaker_warehouse_RoofB_01/meshes/aws_robomaker_warehouse_RoofB_01_visual.DAE
[0.674s] -- Up-to-date symlink: /home/achy/ros2/ros2_arm/install/robotic_arm_gazebo/share/robotic_arm_gazebo/models/aws_robomaker_warehouse_RoofB_01/model.config
[0.675s] -- Up-to-date symlink: /home/achy/ros2/ros2_arm/install/robotic_arm_gazebo/share/robotic_arm_gazebo/models/aws_robomaker_warehouse_RoofB_01/model.sdf
[0.675s] -- Up-to-date symlink: /home/achy/ros2/ros2_arm/install/robotic_arm_gazebo/share/robotic_arm_gazebo/models/aws_robomaker_warehouse_ShelfD_01/materials/textures/aws_robomaker_warehouse_ShelfD_01.png
[0.676s] -- Up-to-date symlink: /home/achy/ros2/ros2_arm/install/robotic_arm_gazebo/share/robotic_arm_gazebo/models/aws_robomaker_warehouse_ShelfD_01/materials/textures/aws_robomaker_warehouse_ShelfD_02.png
[0.676s] -- Up-to-date symlink: /home/achy/ros2/ros2_arm/install/robotic_arm_gazebo/share/robotic_arm_gazebo/models/aws_robomaker_warehouse_ShelfD_01/materials/textures/aws_robomaker_warehouse_ShelfD_03.png
[0.676s] -- Up-to-date symlink: /home/achy/ros2/ros2_arm/install/robotic_arm_gazebo/share/robotic_arm_gazebo/models/aws_robomaker_warehouse_ShelfD_01/materials/textures/aws_robomaker_warehouse_ShelfD_04.png
[0.677s] -- Up-to-date symlink: /home/achy/ros2/ros2_arm/install/robotic_arm_gazebo/share/robotic_arm_gazebo/models/aws_robomaker_warehouse_ShelfD_01/meshes/aws_robomaker_warehouse_ShelfD_01_collision.DAE
[0.677s] -- Up-to-date symlink: /home/achy/ros2/ros2_arm/install/robotic_arm_gazebo/share/robotic_arm_gazebo/models/aws_robomaker_warehouse_ShelfD_01/meshes/aws_robomaker_warehouse_ShelfD_01_visual.DAE
[0.678s] -- Up-to-date symlink: /home/achy/ros2/ros2_arm/install/robotic_arm_gazebo/share/robotic_arm_gazebo/models/aws_robomaker_warehouse_ShelfD_01/model.config
[0.678s] -- Up-to-date symlink: /home/achy/ros2/ros2_arm/install/robotic_arm_gazebo/share/robotic_arm_gazebo/models/aws_robomaker_warehouse_ShelfD_01/model.sdf
[0.678s] -- Up-to-date symlink: /home/achy/ros2/ros2_arm/install/robotic_arm_gazebo/share/robotic_arm_gazebo/models/aws_robomaker_warehouse_ShelfE_01/.DS_Store
[0.679s] -- Up-to-date symlink: /home/achy/ros2/ros2_arm/install/robotic_arm_gazebo/share/robotic_arm_gazebo/models/aws_robomaker_warehouse_ShelfE_01/materials/.DS_Store
[0.679s] -- Up-to-date symlink: /home/achy/ros2/ros2_arm/install/robotic_arm_gazebo/share/robotic_arm_gazebo/models/aws_robomaker_warehouse_ShelfE_01/materials/textures/aws_robomaker_warehouse_ShelfE_01.png
[0.679s] -- Up-to-date symlink: /home/achy/ros2/ros2_arm/install/robotic_arm_gazebo/share/robotic_arm_gazebo/models/aws_robomaker_warehouse_ShelfE_01/materials/textures/aws_robomaker_warehouse_ShelfE_02.png
[0.679s] -- Up-to-date symlink: /home/achy/ros2/ros2_arm/install/robotic_arm_gazebo/share/robotic_arm_gazebo/models/aws_robomaker_warehouse_ShelfE_01/materials/textures/aws_robomaker_warehouse_ShelfE_03.png
[0.679s] -- Up-to-date symlink: /home/achy/ros2/ros2_arm/install/robotic_arm_gazebo/share/robotic_arm_gazebo/models/aws_robomaker_warehouse_ShelfE_01/materials/textures/aws_robomaker_warehouse_ShelfE_04.png
[0.680s] -- Up-to-date symlink: /home/achy/ros2/ros2_arm/install/robotic_arm_gazebo/share/robotic_arm_gazebo/models/aws_robomaker_warehouse_ShelfE_01/meshes/aws_robomaker_warehouse_ShelfE_01_collision.DAE
[0.680s] -- Up-to-date symlink: /home/achy/ros2/ros2_arm/install/robotic_arm_gazebo/share/robotic_arm_gazebo/models/aws_robomaker_warehouse_ShelfE_01/meshes/aws_robomaker_warehouse_ShelfE_01_visual.DAE
[0.681s] -- Up-to-date symlink: /home/achy/ros2/ros2_arm/install/robotic_arm_gazebo/share/robotic_arm_gazebo/models/aws_robomaker_warehouse_ShelfE_01/model.config
[0.681s] -- Up-to-date symlink: /home/achy/ros2/ros2_arm/install/robotic_arm_gazebo/share/robotic_arm_gazebo/models/aws_robomaker_warehouse_ShelfE_01/model.sdf
[0.681s] -- Up-to-date symlink: /home/achy/ros2/ros2_arm/install/robotic_arm_gazebo/share/robotic_arm_gazebo/models/aws_robomaker_warehouse_ShelfF_01/materials/textures/aws_robomaker_warehouse_ShelfF_01.png
[0.681s] -- Up-to-date symlink: /home/achy/ros2/ros2_arm/install/robotic_arm_gazebo/share/robotic_arm_gazebo/models/aws_robomaker_warehouse_ShelfF_01/materials/textures/aws_robomaker_warehouse_ShelfF_02.png
[0.682s] -- Up-to-date symlink: /home/achy/ros2/ros2_arm/install/robotic_arm_gazebo/share/robotic_arm_gazebo/models/aws_robomaker_warehouse_ShelfF_01/materials/textures/aws_robomaker_warehouse_ShelfF_03.png
[0.682s] -- Up-to-date symlink: /home/achy/ros2/ros2_arm/install/robotic_arm_gazebo/share/robotic_arm_gazebo/models/aws_robomaker_warehouse_ShelfF_01/meshes/aws_robomaker_warehouse_ShelfF_01_collision.DAE
[0.682s] -- Up-to-date symlink: /home/achy/ros2/ros2_arm/install/robotic_arm_gazebo/share/robotic_arm_gazebo/models/aws_robomaker_warehouse_ShelfF_01/meshes/aws_robomaker_warehouse_ShelfF_01_visual.DAE
[0.682s] -- Up-to-date symlink: /home/achy/ros2/ros2_arm/install/robotic_arm_gazebo/share/robotic_arm_gazebo/models/aws_robomaker_warehouse_ShelfF_01/model.config
[0.682s] -- Up-to-date symlink: /home/achy/ros2/ros2_arm/install/robotic_arm_gazebo/share/robotic_arm_gazebo/models/aws_robomaker_warehouse_ShelfF_01/model.sdf
[0.683s] -- Up-to-date symlink: /home/achy/ros2/ros2_arm/install/robotic_arm_gazebo/share/robotic_arm_gazebo/models/aws_robomaker_warehouse_TrashCanC_01/materials/textures/aws_robomaker_warehouse_TrashCanC_01.png
[0.684s] -- Up-to-date symlink: /home/achy/ros2/ros2_arm/install/robotic_arm_gazebo/share/robotic_arm_gazebo/models/aws_robomaker_warehouse_TrashCanC_01/meshes/aws_robomaker_warehouse_TrashCanC_01_collision.DAE
[0.684s] -- Up-to-date symlink: /home/achy/ros2/ros2_arm/install/robotic_arm_gazebo/share/robotic_arm_gazebo/models/aws_robomaker_warehouse_TrashCanC_01/meshes/aws_robomaker_warehouse_TrashCanC_01_visual.DAE
[0.684s] -- Up-to-date symlink: /home/achy/ros2/ros2_arm/install/robotic_arm_gazebo/share/robotic_arm_gazebo/models/aws_robomaker_warehouse_TrashCanC_01/model.config
[0.684s] -- Up-to-date symlink: /home/achy/ros2/ros2_arm/install/robotic_arm_gazebo/share/robotic_arm_gazebo/models/aws_robomaker_warehouse_TrashCanC_01/model.sdf
[0.685s] -- Up-to-date symlink: /home/achy/ros2/ros2_arm/install/robotic_arm_gazebo/share/robotic_arm_gazebo/models/aws_robomaker_warehouse_WallB_01/materials/textures/aws_robomaker_warehouse_WallB_01.png
[0.685s] -- Up-to-date symlink: /home/achy/ros2/ros2_arm/install/robotic_arm_gazebo/share/robotic_arm_gazebo/models/aws_robomaker_warehouse_WallB_01/meshes/aws_robomaker_warehouse_WallB_01_collision.DAE
[0.685s] -- Up-to-date symlink: /home/achy/ros2/ros2_arm/install/robotic_arm_gazebo/share/robotic_arm_gazebo/models/aws_robomaker_warehouse_WallB_01/meshes/aws_robomaker_warehouse_WallB_01_visual.DAE
[0.685s] -- Up-to-date symlink: /home/achy/ros2/ros2_arm/install/robotic_arm_gazebo/share/robotic_arm_gazebo/models/aws_robomaker_warehouse_WallB_01/model.config
[0.686s] -- Up-to-date symlink: /home/achy/ros2/ros2_arm/install/robotic_arm_gazebo/share/robotic_arm_gazebo/models/aws_robomaker_warehouse_WallB_01/model.sdf
[0.687s] -- Up-to-date symlink: /home/achy/ros2/ros2_arm/install/robotic_arm_gazebo/share/robotic_arm_gazebo/models/brown_table/model.config
[0.687s] -- Up-to-date symlink: /home/achy/ros2/ros2_arm/install/robotic_arm_gazebo/share/robotic_arm_gazebo/models/brown_table/model.sdf
[0.688s] -- Up-to-date symlink: /home/achy/ros2/ros2_arm/install/robotic_arm_gazebo/share/robotic_arm_gazebo/models/cardboard_box/materials/textures/cardboard_box.png
[0.688s] -- Up-to-date symlink: /home/achy/ros2/ros2_arm/install/robotic_arm_gazebo/share/robotic_arm_gazebo/models/cardboard_box/meshes/cardboard_box.dae
[0.688s] -- Up-to-date symlink: /home/achy/ros2/ros2_arm/install/robotic_arm_gazebo/share/robotic_arm_gazebo/models/cardboard_box/meshes/cardboard_box.png
[0.688s] -- Up-to-date symlink: /home/achy/ros2/ros2_arm/install/robotic_arm_gazebo/share/robotic_arm_gazebo/models/cardboard_box/model.config
[0.689s] -- Up-to-date symlink: /home/achy/ros2/ros2_arm/install/robotic_arm_gazebo/share/robotic_arm_gazebo/models/cardboard_box/model.sdf
[0.689s] -- Up-to-date symlink: /home/achy/ros2/ros2_arm/install/robotic_arm_gazebo/share/robotic_arm_gazebo/models/cheezit_big_original/meshes/cheez_tex_0.jpg
[0.690s] -- Up-to-date symlink: /home/achy/ros2/ros2_arm/install/robotic_arm_gazebo/share/robotic_arm_gazebo/models/cheezit_big_original/meshes/cheezit_big_original.dae
[0.691s] -- Up-to-date symlink: /home/achy/ros2/ros2_arm/install/robotic_arm_gazebo/share/robotic_arm_gazebo/models/cheezit_big_original/model.config
[0.691s] -- Up-to-date symlink: /home/achy/ros2/ros2_arm/install/robotic_arm_gazebo/share/robotic_arm_gazebo/models/cheezit_big_original/model.sdf
[0.691s] -- Up-to-date symlink: /home/achy/ros2/ros2_arm/install/robotic_arm_gazebo/share/robotic_arm_gazebo/models/coke_can/materials/textures/coke_can.png
[0.691s] -- Up-to-date symlink: /home/achy/ros2/ros2_arm/install/robotic_arm_gazebo/share/robotic_arm_gazebo/models/coke_can/meshes/coke_can.dae
[0.692s] -- Up-to-date symlink: /home/achy/ros2/ros2_arm/install/robotic_arm_gazebo/share/robotic_arm_gazebo/models/coke_can/model-1_2.sdf
[0.692s] -- Up-to-date symlink: /home/achy/ros2/ros2_arm/install/robotic_arm_gazebo/share/robotic_arm_gazebo/models/coke_can/model-1_3.sdf
[0.693s] -- Up-to-date symlink: /home/achy/ros2/ros2_arm/install/robotic_arm_gazebo/share/robotic_arm_gazebo/models/coke_can/model-1_4.sdf
[0.693s] -- Up-to-date symlink: /home/achy/ros2/ros2_arm/install/robotic_arm_gazebo/share/robotic_arm_gazebo/models/coke_can/model.config
[0.693s] -- Up-to-date symlink: /home/achy/ros2/ros2_arm/install/robotic_arm_gazebo/share/robotic_arm_gazebo/models/coke_can/model.sdf
[0.694s] -- Up-to-date symlink: /home/achy/ros2/ros2_arm/install/robotic_arm_gazebo/share/robotic_arm_gazebo/models/ground_plane/model-1_2.sdf
[0.694s] -- Up-to-date symlink: /home/achy/ros2/ros2_arm/install/robotic_arm_gazebo/share/robotic_arm_gazebo/models/ground_plane/model-1_3.sdf
[0.694s] -- Up-to-date symlink: /home/achy/ros2/ros2_arm/install/robotic_arm_gazebo/share/robotic_arm_gazebo/models/ground_plane/model-1_4.sdf
[0.694s] -- Up-to-date symlink: /home/achy/ros2/ros2_arm/install/robotic_arm_gazebo/share/robotic_arm_gazebo/models/ground_plane/model.config
[0.695s] -- Up-to-date symlink: /home/achy/ros2/ros2_arm/install/robotic_arm_gazebo/share/robotic_arm_gazebo/models/ground_plane/model.sdf
[0.695s] -- Up-to-date symlink: /home/achy/ros2/ros2_arm/install/robotic_arm_gazebo/share/robotic_arm_gazebo/models/mustard/materials/scripts/mustard.material
[0.695s] -- Up-to-date symlink: /home/achy/ros2/ros2_arm/install/robotic_arm_gazebo/share/robotic_arm_gazebo/models/mustard/materials/textures/optimized_tsdf_texture_mapped_mesh.png
[0.696s] -- Up-to-date symlink: /home/achy/ros2/ros2_arm/install/robotic_arm_gazebo/share/robotic_arm_gazebo/models/mustard/meshes/mustard.dae
[0.697s] -- Up-to-date symlink: /home/achy/ros2/ros2_arm/install/robotic_arm_gazebo/share/robotic_arm_gazebo/models/mustard/meshes/texture_map.png
[0.697s] -- Up-to-date symlink: /home/achy/ros2/ros2_arm/install/robotic_arm_gazebo/share/robotic_arm_gazebo/models/mustard/model.config
[0.698s] -- Up-to-date symlink: /home/achy/ros2/ros2_arm/install/robotic_arm_gazebo/share/robotic_arm_gazebo/models/mustard/model.sdf
[0.698s] -- Up-to-date symlink: /home/achy/ros2/ros2_arm/install/robotic_arm_gazebo/share/robotic_arm_gazebo/models/red_cylinder/model.config
[0.698s] -- Up-to-date symlink: /home/achy/ros2/ros2_arm/install/robotic_arm_gazebo/share/robotic_arm_gazebo/models/red_cylinder/model.sdf
[0.699s] -- Up-to-date symlink: /home/achy/ros2/ros2_arm/install/robotic_arm_gazebo/share/robotic_arm_gazebo/models/sun/model-1_2.sdf
[0.699s] -- Up-to-date symlink: /home/achy/ros2/ros2_arm/install/robotic_arm_gazebo/share/robotic_arm_gazebo/models/sun/model-1_3.sdf
[0.700s] -- Up-to-date symlink: /home/achy/ros2/ros2_arm/install/robotic_arm_gazebo/share/robotic_arm_gazebo/models/sun/model-1_4.sdf
[0.700s] -- Up-to-date symlink: /home/achy/ros2/ros2_arm/install/robotic_arm_gazebo/share/robotic_arm_gazebo/models/sun/model.config
[0.700s] -- Up-to-date symlink: /home/achy/ros2/ros2_arm/install/robotic_arm_gazebo/share/robotic_arm_gazebo/models/sun/model.sdf
[0.701s] -- Up-to-date symlink: /home/achy/ros2/ros2_arm/install/robotic_arm_gazebo/share/robotic_arm_gazebo/worlds/empty.world
[0.701s] -- Up-to-date symlink: /home/achy/ros2/ros2_arm/install/robotic_arm_gazebo/share/robotic_arm_gazebo/worlds/house.world
[0.702s] -- Up-to-date symlink: /home/achy/ros2/ros2_arm/install/robotic_arm_gazebo/share/robotic_arm_gazebo/worlds/pick_and_place.world
[0.702s] -- Up-to-date symlink: /home/achy/ros2/ros2_arm/install/robotic_arm_gazebo/share/ament_index/resource_index/package_run_dependencies/robotic_arm_gazebo
[0.702s] -- Up-to-date symlink: /home/achy/ros2/ros2_arm/install/robotic_arm_gazebo/share/ament_index/resource_index/parent_prefix_path/robotic_arm_gazebo
[0.703s] -- Up-to-date symlink: /home/achy/ros2/ros2_arm/install/robotic_arm_gazebo/share/robotic_arm_gazebo/environment/ament_prefix_path.sh
[0.703s] -- Up-to-date symlink: /home/achy/ros2/ros2_arm/install/robotic_arm_gazebo/share/robotic_arm_gazebo/environment/ament_prefix_path.dsv
[0.704s] -- Up-to-date symlink: /home/achy/ros2/ros2_arm/install/robotic_arm_gazebo/share/robotic_arm_gazebo/environment/path.sh
[0.705s] -- Up-to-date symlink: /home/achy/ros2/ros2_arm/install/robotic_arm_gazebo/share/robotic_arm_gazebo/environment/path.dsv
[0.707s] -- Up-to-date symlink: /home/achy/ros2/ros2_arm/install/robotic_arm_gazebo/share/robotic_arm_gazebo/local_setup.bash
[0.707s] -- Up-to-date symlink: /home/achy/ros2/ros2_arm/install/robotic_arm_gazebo/share/robotic_arm_gazebo/local_setup.sh
[0.709s] -- Up-to-date symlink: /home/achy/ros2/ros2_arm/install/robotic_arm_gazebo/share/robotic_arm_gazebo/local_setup.zsh
[0.710s] -- Up-to-date symlink: /home/achy/ros2/ros2_arm/install/robotic_arm_gazebo/share/robotic_arm_gazebo/local_setup.dsv
[0.711s] -- Symlinking: /home/achy/ros2/ros2_arm/install/robotic_arm_gazebo/share/robotic_arm_gazebo/package.dsv
[0.716s] -- Up-to-date symlink: /home/achy/ros2/ros2_arm/install/robotic_arm_gazebo/share/ament_index/resource_index/packages/robotic_arm_gazebo
[0.716s] -- Up-to-date symlink: /home/achy/ros2/ros2_arm/install/robotic_arm_gazebo/share/robotic_arm_gazebo/cmake/robotic_arm_gazeboConfig.cmake
[0.717s] -- Up-to-date symlink: /home/achy/ros2/ros2_arm/install/robotic_arm_gazebo/share/robotic_arm_gazebo/cmake/robotic_arm_gazeboConfig-version.cmake
[0.717s] -- Up-to-date symlink: /home/achy/ros2/ros2_arm/install/robotic_arm_gazebo/share/robotic_arm_gazebo/package.xml
[0.721s] Invoked command in '/home/achy/ros2/ros2_arm/build/robotic_arm_gazebo' returned '0': CMAKE_PREFIX_PATH=${CMAKE_PREFIX_PATH}:/opt/ros/jazzy DEBUGINFOD_URLS=https://debuginfod.ubuntu.com /usr/bin/cmake --install /home/achy/ros2/ros2_arm/build/robotic_arm_gazebo
