-- The C compiler identification is GNU 13.3.0
-- The CXX compiler identification is GNU 13.3.0
-- Detecting C compiler ABI info
-- Detecting C compiler ABI info - done
-- Check for working C compiler: /usr/bin/cc - skipped
-- Detecting C compile features
-- Detecting C compile features - done
-- Detecting CXX compiler ABI info
-- Detecting CXX compiler ABI info - done
-- Check for working CXX compiler: /usr/bin/c++ - skipped
-- Detecting CXX compile features
-- Detecting CXX compile features - done
-- Found ament_cmake: 2.5.4 (/opt/ros/jazzy/share/ament_cmake/cmake)
-- Found Python3: /usr/bin/python3 (found version "3.12.3") found components: Interpreter 
-- Override CMake install command with custom implementation using symlinks instead of copying resources
-- Found ament_lint_auto: 0.17.2 (/opt/ros/jazzy/share/ament_lint_auto/cmake)
-- Added test 'lint_cmake' to check CMake code style
-- Added test 'xmllint' to check XML markup files
-- Configuring done (1.6s)
-- Generating done (0.0s)
-- Build files have been written to: /home/achy/ros2/ros2_arm/build/robotic_arm
-- Install configuration: ""
-- Execute custom install script
-- Symlinking: /home/achy/ros2/ros2_arm/install/robotic_arm/share/ament_index/resource_index/package_run_dependencies/robotic_arm
-- Symlinking: /home/achy/ros2/ros2_arm/install/robotic_arm/share/ament_index/resource_index/parent_prefix_path/robotic_arm
-- Symlinking: /home/achy/ros2/ros2_arm/install/robotic_arm/share/robotic_arm/environment/ament_prefix_path.sh
-- Symlinking: /home/achy/ros2/ros2_arm/install/robotic_arm/share/robotic_arm/environment/ament_prefix_path.dsv
-- Symlinking: /home/achy/ros2/ros2_arm/install/robotic_arm/share/robotic_arm/environment/path.sh
-- Symlinking: /home/achy/ros2/ros2_arm/install/robotic_arm/share/robotic_arm/environment/path.dsv
-- Symlinking: /home/achy/ros2/ros2_arm/install/robotic_arm/share/robotic_arm/local_setup.bash
-- Symlinking: /home/achy/ros2/ros2_arm/install/robotic_arm/share/robotic_arm/local_setup.sh
-- Symlinking: /home/achy/ros2/ros2_arm/install/robotic_arm/share/robotic_arm/local_setup.zsh
-- Symlinking: /home/achy/ros2/ros2_arm/install/robotic_arm/share/robotic_arm/local_setup.dsv
-- Symlinking: /home/achy/ros2/ros2_arm/install/robotic_arm/share/robotic_arm/package.dsv
-- Symlinking: /home/achy/ros2/ros2_arm/install/robotic_arm/share/ament_index/resource_index/packages/robotic_arm
-- Symlinking: /home/achy/ros2/ros2_arm/install/robotic_arm/share/robotic_arm/cmake/robotic_armConfig.cmake
-- Symlinking: /home/achy/ros2/ros2_arm/install/robotic_arm/share/robotic_arm/cmake/robotic_armConfig-version.cmake
-- Symlinking: /home/achy/ros2/ros2_arm/install/robotic_arm/share/robotic_arm/package.xml
