[0.165s] DEBUG:colcon:Command line arguments: ['/usr/bin/colcon', 'build', '--symlink-install']
[0.165s] DEBUG:colcon:Parsed command line arguments: Namespace(log_base=None, log_level=None, verb_name='build', build_base='build', install_base='install', merge_install=False, symlink_install=True, test_result_base=None, continue_on_error=False, executor='parallel', parallel_workers=8, event_handlers=None, ignore_user_meta=False, metas=['./colcon.meta'], base_paths=['.'], packages_ignore=None, packages_ignore_regex=None, paths=None, packages_up_to=None, packages_up_to_regex=None, packages_above=None, packages_above_and_dependencies=None, packages_above_depth=None, packages_select_by_dep=None, packages_skip_by_dep=None, packages_skip_up_to=None, packages_select_build_failed=False, packages_skip_build_finished=False, packages_select_test_failures=False, packages_skip_test_passed=False, packages_select=None, packages_skip=None, packages_select_regex=None, packages_skip_regex=None, packages_start=None, packages_end=None, allow_overriding=[], cmake_args=None, cmake_target=None, cmake_target_skip_unavailable=False, cmake_clean_cache=False, cmake_clean_first=False, cmake_force_configure=False, ament_cmake_args=None, catkin_cmake_args=None, catkin_skip_building_tests=False, mixin_files=None, mixin=None, verb_parser=<colcon_mixin.mixin.mixin_argument.MixinArgumentDecorator object at 0x742b675a8cb0>, verb_extension=<colcon_core.verb.build.BuildVerb object at 0x742b675a88c0>, main=<bound method BuildVerb.main of <colcon_core.verb.build.BuildVerb object at 0x742b675a88c0>>, mixin_verb=('build',))
[0.234s] Level 1:colcon.colcon_core.package_discovery:discover_packages(colcon_meta) check parameters
[0.234s] Level 1:colcon.colcon_core.package_discovery:discover_packages(recursive) check parameters
[0.234s] Level 1:colcon.colcon_core.package_discovery:discover_packages(ignore) check parameters
[0.234s] Level 1:colcon.colcon_core.package_discovery:discover_packages(path) check parameters
[0.234s] Level 1:colcon.colcon_core.package_discovery:discover_packages(colcon_meta) discover
[0.234s] Level 1:colcon.colcon_core.package_discovery:discover_packages(recursive) discover
[0.234s] INFO:colcon.colcon_core.package_discovery:Crawling recursively for packages in '/home/achy/ros2/ros2_arm'
[0.234s] Level 1:colcon.colcon_core.package_identification:_identify(.) by extensions ['ignore', 'ignore_ament_install']
[0.234s] Level 1:colcon.colcon_core.package_identification:_identify(.) by extension 'ignore'
[0.235s] Level 1:colcon.colcon_core.package_identification:_identify(.) by extension 'ignore_ament_install'
[0.235s] Level 1:colcon.colcon_core.package_identification:_identify(.) by extensions ['colcon_pkg']
[0.235s] Level 1:colcon.colcon_core.package_identification:_identify(.) by extension 'colcon_pkg'
[0.235s] Level 1:colcon.colcon_core.package_identification:_identify(.) by extensions ['colcon_meta']
[0.235s] Level 1:colcon.colcon_core.package_identification:_identify(.) by extension 'colcon_meta'
[0.235s] Level 1:colcon.colcon_core.package_identification:_identify(.) by extensions ['ros']
[0.235s] Level 1:colcon.colcon_core.package_identification:_identify(.) by extension 'ros'
[0.255s] Level 1:colcon.colcon_core.package_identification:_identify(.) by extensions ['cmake', 'python']
[0.255s] Level 1:colcon.colcon_core.package_identification:_identify(.) by extension 'cmake'
[0.255s] Level 1:colcon.colcon_core.package_identification:_identify(.) by extension 'python'
[0.255s] Level 1:colcon.colcon_core.package_identification:_identify(.) by extensions ['python_setup_py']
[0.255s] Level 1:colcon.colcon_core.package_identification:_identify(.) by extension 'python_setup_py'
[0.255s] Level 1:colcon.colcon_core.package_identification:_identify(build) by extensions ['ignore', 'ignore_ament_install']
[0.255s] Level 1:colcon.colcon_core.package_identification:_identify(build) by extension 'ignore'
[0.255s] Level 1:colcon.colcon_core.package_identification:_identify(build) ignored
[0.256s] Level 1:colcon.colcon_core.package_identification:_identify(install) by extensions ['ignore', 'ignore_ament_install']
[0.256s] Level 1:colcon.colcon_core.package_identification:_identify(install) by extension 'ignore'
[0.256s] Level 1:colcon.colcon_core.package_identification:_identify(install) ignored
[0.256s] Level 1:colcon.colcon_core.package_identification:_identify(log) by extensions ['ignore', 'ignore_ament_install']
[0.256s] Level 1:colcon.colcon_core.package_identification:_identify(log) by extension 'ignore'
[0.256s] Level 1:colcon.colcon_core.package_identification:_identify(log) ignored
[0.256s] Level 1:colcon.colcon_core.package_identification:_identify(src) by extensions ['ignore', 'ignore_ament_install']
[0.256s] Level 1:colcon.colcon_core.package_identification:_identify(src) by extension 'ignore'
[0.256s] Level 1:colcon.colcon_core.package_identification:_identify(src) by extension 'ignore_ament_install'
[0.256s] Level 1:colcon.colcon_core.package_identification:_identify(src) by extensions ['colcon_pkg']
[0.256s] Level 1:colcon.colcon_core.package_identification:_identify(src) by extension 'colcon_pkg'
[0.256s] Level 1:colcon.colcon_core.package_identification:_identify(src) by extensions ['colcon_meta']
[0.256s] Level 1:colcon.colcon_core.package_identification:_identify(src) by extension 'colcon_meta'
[0.256s] Level 1:colcon.colcon_core.package_identification:_identify(src) by extensions ['ros']
[0.256s] Level 1:colcon.colcon_core.package_identification:_identify(src) by extension 'ros'
[0.256s] Level 1:colcon.colcon_core.package_identification:_identify(src) by extensions ['cmake', 'python']
[0.256s] Level 1:colcon.colcon_core.package_identification:_identify(src) by extension 'cmake'
[0.256s] Level 1:colcon.colcon_core.package_identification:_identify(src) by extension 'python'
[0.256s] Level 1:colcon.colcon_core.package_identification:_identify(src) by extensions ['python_setup_py']
[0.256s] Level 1:colcon.colcon_core.package_identification:_identify(src) by extension 'python_setup_py'
[0.257s] Level 1:colcon.colcon_core.package_identification:_identify(src/robotic_arm) by extensions ['ignore', 'ignore_ament_install']
[0.257s] Level 1:colcon.colcon_core.package_identification:_identify(src/robotic_arm) by extension 'ignore'
[0.257s] Level 1:colcon.colcon_core.package_identification:_identify(src/robotic_arm) by extension 'ignore_ament_install'
[0.257s] Level 1:colcon.colcon_core.package_identification:_identify(src/robotic_arm) by extensions ['colcon_pkg']
[0.257s] Level 1:colcon.colcon_core.package_identification:_identify(src/robotic_arm) by extension 'colcon_pkg'
[0.257s] Level 1:colcon.colcon_core.package_identification:_identify(src/robotic_arm) by extensions ['colcon_meta']
[0.257s] Level 1:colcon.colcon_core.package_identification:_identify(src/robotic_arm) by extension 'colcon_meta'
[0.257s] Level 1:colcon.colcon_core.package_identification:_identify(src/robotic_arm) by extensions ['ros']
[0.257s] Level 1:colcon.colcon_core.package_identification:_identify(src/robotic_arm) by extension 'ros'
[0.257s] Level 1:colcon.colcon_core.package_identification:_identify(src/robotic_arm) by extensions ['cmake', 'python']
[0.257s] Level 1:colcon.colcon_core.package_identification:_identify(src/robotic_arm) by extension 'cmake'
[0.257s] Level 1:colcon.colcon_core.package_identification:_identify(src/robotic_arm) by extension 'python'
[0.257s] Level 1:colcon.colcon_core.package_identification:_identify(src/robotic_arm) by extensions ['python_setup_py']
[0.257s] Level 1:colcon.colcon_core.package_identification:_identify(src/robotic_arm) by extension 'python_setup_py'
[0.257s] Level 1:colcon.colcon_core.package_identification:_identify(src/robotic_arm/robotic_arm) by extensions ['ignore', 'ignore_ament_install']
[0.257s] Level 1:colcon.colcon_core.package_identification:_identify(src/robotic_arm/robotic_arm) by extension 'ignore'
[0.257s] Level 1:colcon.colcon_core.package_identification:_identify(src/robotic_arm/robotic_arm) by extension 'ignore_ament_install'
[0.257s] Level 1:colcon.colcon_core.package_identification:_identify(src/robotic_arm/robotic_arm) by extensions ['colcon_pkg']
[0.257s] Level 1:colcon.colcon_core.package_identification:_identify(src/robotic_arm/robotic_arm) by extension 'colcon_pkg'
[0.257s] Level 1:colcon.colcon_core.package_identification:_identify(src/robotic_arm/robotic_arm) by extensions ['colcon_meta']
[0.257s] Level 1:colcon.colcon_core.package_identification:_identify(src/robotic_arm/robotic_arm) by extension 'colcon_meta'
[0.257s] Level 1:colcon.colcon_core.package_identification:_identify(src/robotic_arm/robotic_arm) by extensions ['ros']
[0.257s] Level 1:colcon.colcon_core.package_identification:_identify(src/robotic_arm/robotic_arm) by extension 'ros'
[0.259s] DEBUG:colcon.colcon_core.package_identification:Package 'src/robotic_arm/robotic_arm' with type 'ros.ament_cmake' and name 'robotic_arm'
[0.260s] Level 1:colcon.colcon_core.package_identification:_identify(src/robotic_arm/robotic_arm_bringup) by extensions ['ignore', 'ignore_ament_install']
[0.260s] Level 1:colcon.colcon_core.package_identification:_identify(src/robotic_arm/robotic_arm_bringup) by extension 'ignore'
[0.260s] Level 1:colcon.colcon_core.package_identification:_identify(src/robotic_arm/robotic_arm_bringup) by extension 'ignore_ament_install'
[0.260s] Level 1:colcon.colcon_core.package_identification:_identify(src/robotic_arm/robotic_arm_bringup) by extensions ['colcon_pkg']
[0.260s] Level 1:colcon.colcon_core.package_identification:_identify(src/robotic_arm/robotic_arm_bringup) by extension 'colcon_pkg'
[0.260s] Level 1:colcon.colcon_core.package_identification:_identify(src/robotic_arm/robotic_arm_bringup) by extensions ['colcon_meta']
[0.260s] Level 1:colcon.colcon_core.package_identification:_identify(src/robotic_arm/robotic_arm_bringup) by extension 'colcon_meta'
[0.260s] Level 1:colcon.colcon_core.package_identification:_identify(src/robotic_arm/robotic_arm_bringup) by extensions ['ros']
[0.260s] Level 1:colcon.colcon_core.package_identification:_identify(src/robotic_arm/robotic_arm_bringup) by extension 'ros'
[0.261s] DEBUG:colcon.colcon_core.package_identification:Package 'src/robotic_arm/robotic_arm_bringup' with type 'ros.ament_cmake' and name 'robotic_arm_bringup'
[0.261s] Level 1:colcon.colcon_core.package_identification:_identify(src/robotic_arm/robotic_arm_description) by extensions ['ignore', 'ignore_ament_install']
[0.261s] Level 1:colcon.colcon_core.package_identification:_identify(src/robotic_arm/robotic_arm_description) by extension 'ignore'
[0.261s] Level 1:colcon.colcon_core.package_identification:_identify(src/robotic_arm/robotic_arm_description) by extension 'ignore_ament_install'
[0.261s] Level 1:colcon.colcon_core.package_identification:_identify(src/robotic_arm/robotic_arm_description) by extensions ['colcon_pkg']
[0.261s] Level 1:colcon.colcon_core.package_identification:_identify(src/robotic_arm/robotic_arm_description) by extension 'colcon_pkg'
[0.261s] Level 1:colcon.colcon_core.package_identification:_identify(src/robotic_arm/robotic_arm_description) by extensions ['colcon_meta']
[0.261s] Level 1:colcon.colcon_core.package_identification:_identify(src/robotic_arm/robotic_arm_description) by extension 'colcon_meta'
[0.261s] Level 1:colcon.colcon_core.package_identification:_identify(src/robotic_arm/robotic_arm_description) by extensions ['ros']
[0.261s] Level 1:colcon.colcon_core.package_identification:_identify(src/robotic_arm/robotic_arm_description) by extension 'ros'
[0.261s] DEBUG:colcon.colcon_core.package_identification:Package 'src/robotic_arm/robotic_arm_description' with type 'ros.ament_cmake' and name 'robotic_arm_description'
[0.262s] Level 1:colcon.colcon_core.package_identification:_identify(src/robotic_arm/robotic_arm_gazebo) by extensions ['ignore', 'ignore_ament_install']
[0.262s] Level 1:colcon.colcon_core.package_identification:_identify(src/robotic_arm/robotic_arm_gazebo) by extension 'ignore'
[0.262s] Level 1:colcon.colcon_core.package_identification:_identify(src/robotic_arm/robotic_arm_gazebo) by extension 'ignore_ament_install'
[0.262s] Level 1:colcon.colcon_core.package_identification:_identify(src/robotic_arm/robotic_arm_gazebo) by extensions ['colcon_pkg']
[0.262s] Level 1:colcon.colcon_core.package_identification:_identify(src/robotic_arm/robotic_arm_gazebo) by extension 'colcon_pkg'
[0.262s] Level 1:colcon.colcon_core.package_identification:_identify(src/robotic_arm/robotic_arm_gazebo) by extensions ['colcon_meta']
[0.262s] Level 1:colcon.colcon_core.package_identification:_identify(src/robotic_arm/robotic_arm_gazebo) by extension 'colcon_meta'
[0.262s] Level 1:colcon.colcon_core.package_identification:_identify(src/robotic_arm/robotic_arm_gazebo) by extensions ['ros']
[0.262s] Level 1:colcon.colcon_core.package_identification:_identify(src/robotic_arm/robotic_arm_gazebo) by extension 'ros'
[0.263s] DEBUG:colcon.colcon_core.package_identification:Package 'src/robotic_arm/robotic_arm_gazebo' with type 'ros.ament_cmake' and name 'robotic_arm_gazebo'
[0.263s] Level 1:colcon.colcon_core.package_identification:_identify(src/robotic_arm/robotic_arm_moveit_config) by extensions ['ignore', 'ignore_ament_install']
[0.263s] Level 1:colcon.colcon_core.package_identification:_identify(src/robotic_arm/robotic_arm_moveit_config) by extension 'ignore'
[0.263s] Level 1:colcon.colcon_core.package_identification:_identify(src/robotic_arm/robotic_arm_moveit_config) by extension 'ignore_ament_install'
[0.263s] Level 1:colcon.colcon_core.package_identification:_identify(src/robotic_arm/robotic_arm_moveit_config) by extensions ['colcon_pkg']
[0.263s] Level 1:colcon.colcon_core.package_identification:_identify(src/robotic_arm/robotic_arm_moveit_config) by extension 'colcon_pkg'
[0.263s] Level 1:colcon.colcon_core.package_identification:_identify(src/robotic_arm/robotic_arm_moveit_config) by extensions ['colcon_meta']
[0.263s] Level 1:colcon.colcon_core.package_identification:_identify(src/robotic_arm/robotic_arm_moveit_config) by extension 'colcon_meta'
[0.263s] Level 1:colcon.colcon_core.package_identification:_identify(src/robotic_arm/robotic_arm_moveit_config) by extensions ['ros']
[0.263s] Level 1:colcon.colcon_core.package_identification:_identify(src/robotic_arm/robotic_arm_moveit_config) by extension 'ros'
[0.264s] DEBUG:colcon.colcon_core.package_identification:Package 'src/robotic_arm/robotic_arm_moveit_config' with type 'ros.ament_cmake' and name 'robotic_arm_moveit_config'
[0.264s] Level 1:colcon.colcon_core.package_identification:_identify(src/robotic_arm/robotic_arm_sys_test) by extensions ['ignore', 'ignore_ament_install']
[0.264s] Level 1:colcon.colcon_core.package_identification:_identify(src/robotic_arm/robotic_arm_sys_test) by extension 'ignore'
[0.264s] Level 1:colcon.colcon_core.package_identification:_identify(src/robotic_arm/robotic_arm_sys_test) by extension 'ignore_ament_install'
[0.264s] Level 1:colcon.colcon_core.package_identification:_identify(src/robotic_arm/robotic_arm_sys_test) by extensions ['colcon_pkg']
[0.264s] Level 1:colcon.colcon_core.package_identification:_identify(src/robotic_arm/robotic_arm_sys_test) by extension 'colcon_pkg'
[0.264s] Level 1:colcon.colcon_core.package_identification:_identify(src/robotic_arm/robotic_arm_sys_test) by extensions ['colcon_meta']
[0.264s] Level 1:colcon.colcon_core.package_identification:_identify(src/robotic_arm/robotic_arm_sys_test) by extension 'colcon_meta'
[0.264s] Level 1:colcon.colcon_core.package_identification:_identify(src/robotic_arm/robotic_arm_sys_test) by extensions ['ros']
[0.264s] Level 1:colcon.colcon_core.package_identification:_identify(src/robotic_arm/robotic_arm_sys_test) by extension 'ros'
[0.264s] DEBUG:colcon.colcon_core.package_identification:Package 'src/robotic_arm/robotic_arm_sys_test' with type 'ros.ament_cmake' and name 'robotic_arm_sys_test'
[0.264s] Level 1:colcon.colcon_core.package_discovery:discover_packages(recursive) using defaults
[0.264s] Level 1:colcon.colcon_core.package_discovery:discover_packages(ignore) discover
[0.264s] Level 1:colcon.colcon_core.package_discovery:discover_packages(ignore) using defaults
[0.264s] Level 1:colcon.colcon_core.package_discovery:discover_packages(path) discover
[0.264s] Level 1:colcon.colcon_core.package_discovery:discover_packages(path) using defaults
[0.289s] Level 1:colcon.colcon_core.package_discovery:discover_packages(prefix_path) check parameters
[0.289s] Level 1:colcon.colcon_core.package_discovery:discover_packages(prefix_path) discover
[0.293s] DEBUG:colcon.colcon_installed_package_information.package_discovery:Found 6 installed packages in /home/achy/ros2/ros2_arm/install
[0.295s] DEBUG:colcon.colcon_installed_package_information.package_discovery:Found 457 installed packages in /opt/ros/jazzy
[0.296s] Level 1:colcon.colcon_core.package_discovery:discover_packages(prefix_path) using defaults
[0.345s] Level 5:colcon.colcon_core.verb:set package 'robotic_arm_bringup' build argument 'cmake_args' from command line to 'None'
[0.345s] Level 5:colcon.colcon_core.verb:set package 'robotic_arm_bringup' build argument 'cmake_target' from command line to 'None'
[0.345s] Level 5:colcon.colcon_core.verb:set package 'robotic_arm_bringup' build argument 'cmake_target_skip_unavailable' from command line to 'False'
[0.345s] Level 5:colcon.colcon_core.verb:set package 'robotic_arm_bringup' build argument 'cmake_clean_cache' from command line to 'False'
[0.346s] Level 5:colcon.colcon_core.verb:set package 'robotic_arm_bringup' build argument 'cmake_clean_first' from command line to 'False'
[0.346s] Level 5:colcon.colcon_core.verb:set package 'robotic_arm_bringup' build argument 'cmake_force_configure' from command line to 'False'
[0.346s] Level 5:colcon.colcon_core.verb:set package 'robotic_arm_bringup' build argument 'ament_cmake_args' from command line to 'None'
[0.346s] Level 5:colcon.colcon_core.verb:set package 'robotic_arm_bringup' build argument 'catkin_cmake_args' from command line to 'None'
[0.346s] Level 5:colcon.colcon_core.verb:set package 'robotic_arm_bringup' build argument 'catkin_skip_building_tests' from command line to 'False'
[0.346s] DEBUG:colcon.colcon_core.verb:Building package 'robotic_arm_bringup' with the following arguments: {'ament_cmake_args': None, 'build_base': '/home/achy/ros2/ros2_arm/build/robotic_arm_bringup', 'catkin_cmake_args': None, 'catkin_skip_building_tests': False, 'cmake_args': None, 'cmake_clean_cache': False, 'cmake_clean_first': False, 'cmake_force_configure': False, 'cmake_target': None, 'cmake_target_skip_unavailable': False, 'install_base': '/home/achy/ros2/ros2_arm/install/robotic_arm_bringup', 'merge_install': False, 'path': '/home/achy/ros2/ros2_arm/src/robotic_arm/robotic_arm_bringup', 'symlink_install': True, 'test_result_base': None}
[0.346s] Level 5:colcon.colcon_core.verb:set package 'robotic_arm_description' build argument 'cmake_args' from command line to 'None'
[0.346s] Level 5:colcon.colcon_core.verb:set package 'robotic_arm_description' build argument 'cmake_target' from command line to 'None'
[0.346s] Level 5:colcon.colcon_core.verb:set package 'robotic_arm_description' build argument 'cmake_target_skip_unavailable' from command line to 'False'
[0.346s] Level 5:colcon.colcon_core.verb:set package 'robotic_arm_description' build argument 'cmake_clean_cache' from command line to 'False'
[0.346s] Level 5:colcon.colcon_core.verb:set package 'robotic_arm_description' build argument 'cmake_clean_first' from command line to 'False'
[0.346s] Level 5:colcon.colcon_core.verb:set package 'robotic_arm_description' build argument 'cmake_force_configure' from command line to 'False'
[0.346s] Level 5:colcon.colcon_core.verb:set package 'robotic_arm_description' build argument 'ament_cmake_args' from command line to 'None'
[0.346s] Level 5:colcon.colcon_core.verb:set package 'robotic_arm_description' build argument 'catkin_cmake_args' from command line to 'None'
[0.346s] Level 5:colcon.colcon_core.verb:set package 'robotic_arm_description' build argument 'catkin_skip_building_tests' from command line to 'False'
[0.346s] DEBUG:colcon.colcon_core.verb:Building package 'robotic_arm_description' with the following arguments: {'ament_cmake_args': None, 'build_base': '/home/achy/ros2/ros2_arm/build/robotic_arm_description', 'catkin_cmake_args': None, 'catkin_skip_building_tests': False, 'cmake_args': None, 'cmake_clean_cache': False, 'cmake_clean_first': False, 'cmake_force_configure': False, 'cmake_target': None, 'cmake_target_skip_unavailable': False, 'install_base': '/home/achy/ros2/ros2_arm/install/robotic_arm_description', 'merge_install': False, 'path': '/home/achy/ros2/ros2_arm/src/robotic_arm/robotic_arm_description', 'symlink_install': True, 'test_result_base': None}
[0.346s] Level 5:colcon.colcon_core.verb:set package 'robotic_arm_gazebo' build argument 'cmake_args' from command line to 'None'
[0.346s] Level 5:colcon.colcon_core.verb:set package 'robotic_arm_gazebo' build argument 'cmake_target' from command line to 'None'
[0.346s] Level 5:colcon.colcon_core.verb:set package 'robotic_arm_gazebo' build argument 'cmake_target_skip_unavailable' from command line to 'False'
[0.346s] Level 5:colcon.colcon_core.verb:set package 'robotic_arm_gazebo' build argument 'cmake_clean_cache' from command line to 'False'
[0.346s] Level 5:colcon.colcon_core.verb:set package 'robotic_arm_gazebo' build argument 'cmake_clean_first' from command line to 'False'
[0.347s] Level 5:colcon.colcon_core.verb:set package 'robotic_arm_gazebo' build argument 'cmake_force_configure' from command line to 'False'
[0.347s] Level 5:colcon.colcon_core.verb:set package 'robotic_arm_gazebo' build argument 'ament_cmake_args' from command line to 'None'
[0.347s] Level 5:colcon.colcon_core.verb:set package 'robotic_arm_gazebo' build argument 'catkin_cmake_args' from command line to 'None'
[0.347s] Level 5:colcon.colcon_core.verb:set package 'robotic_arm_gazebo' build argument 'catkin_skip_building_tests' from command line to 'False'
[0.347s] DEBUG:colcon.colcon_core.verb:Building package 'robotic_arm_gazebo' with the following arguments: {'ament_cmake_args': None, 'build_base': '/home/achy/ros2/ros2_arm/build/robotic_arm_gazebo', 'catkin_cmake_args': None, 'catkin_skip_building_tests': False, 'cmake_args': None, 'cmake_clean_cache': False, 'cmake_clean_first': False, 'cmake_force_configure': False, 'cmake_target': None, 'cmake_target_skip_unavailable': False, 'install_base': '/home/achy/ros2/ros2_arm/install/robotic_arm_gazebo', 'merge_install': False, 'path': '/home/achy/ros2/ros2_arm/src/robotic_arm/robotic_arm_gazebo', 'symlink_install': True, 'test_result_base': None}
[0.347s] Level 5:colcon.colcon_core.verb:set package 'robotic_arm_moveit_config' build argument 'cmake_args' from command line to 'None'
[0.347s] Level 5:colcon.colcon_core.verb:set package 'robotic_arm_moveit_config' build argument 'cmake_target' from command line to 'None'
[0.347s] Level 5:colcon.colcon_core.verb:set package 'robotic_arm_moveit_config' build argument 'cmake_target_skip_unavailable' from command line to 'False'
[0.347s] Level 5:colcon.colcon_core.verb:set package 'robotic_arm_moveit_config' build argument 'cmake_clean_cache' from command line to 'False'
[0.347s] Level 5:colcon.colcon_core.verb:set package 'robotic_arm_moveit_config' build argument 'cmake_clean_first' from command line to 'False'
[0.347s] Level 5:colcon.colcon_core.verb:set package 'robotic_arm_moveit_config' build argument 'cmake_force_configure' from command line to 'False'
[0.347s] Level 5:colcon.colcon_core.verb:set package 'robotic_arm_moveit_config' build argument 'ament_cmake_args' from command line to 'None'
[0.347s] Level 5:colcon.colcon_core.verb:set package 'robotic_arm_moveit_config' build argument 'catkin_cmake_args' from command line to 'None'
[0.347s] Level 5:colcon.colcon_core.verb:set package 'robotic_arm_moveit_config' build argument 'catkin_skip_building_tests' from command line to 'False'
[0.347s] DEBUG:colcon.colcon_core.verb:Building package 'robotic_arm_moveit_config' with the following arguments: {'ament_cmake_args': None, 'build_base': '/home/achy/ros2/ros2_arm/build/robotic_arm_moveit_config', 'catkin_cmake_args': None, 'catkin_skip_building_tests': False, 'cmake_args': None, 'cmake_clean_cache': False, 'cmake_clean_first': False, 'cmake_force_configure': False, 'cmake_target': None, 'cmake_target_skip_unavailable': False, 'install_base': '/home/achy/ros2/ros2_arm/install/robotic_arm_moveit_config', 'merge_install': False, 'path': '/home/achy/ros2/ros2_arm/src/robotic_arm/robotic_arm_moveit_config', 'symlink_install': True, 'test_result_base': None}
[0.347s] Level 5:colcon.colcon_core.verb:set package 'robotic_arm_sys_test' build argument 'cmake_args' from command line to 'None'
[0.347s] Level 5:colcon.colcon_core.verb:set package 'robotic_arm_sys_test' build argument 'cmake_target' from command line to 'None'
[0.347s] Level 5:colcon.colcon_core.verb:set package 'robotic_arm_sys_test' build argument 'cmake_target_skip_unavailable' from command line to 'False'
[0.347s] Level 5:colcon.colcon_core.verb:set package 'robotic_arm_sys_test' build argument 'cmake_clean_cache' from command line to 'False'
[0.347s] Level 5:colcon.colcon_core.verb:set package 'robotic_arm_sys_test' build argument 'cmake_clean_first' from command line to 'False'
[0.347s] Level 5:colcon.colcon_core.verb:set package 'robotic_arm_sys_test' build argument 'cmake_force_configure' from command line to 'False'
[0.347s] Level 5:colcon.colcon_core.verb:set package 'robotic_arm_sys_test' build argument 'ament_cmake_args' from command line to 'None'
[0.347s] Level 5:colcon.colcon_core.verb:set package 'robotic_arm_sys_test' build argument 'catkin_cmake_args' from command line to 'None'
[0.347s] Level 5:colcon.colcon_core.verb:set package 'robotic_arm_sys_test' build argument 'catkin_skip_building_tests' from command line to 'False'
[0.347s] DEBUG:colcon.colcon_core.verb:Building package 'robotic_arm_sys_test' with the following arguments: {'ament_cmake_args': None, 'build_base': '/home/achy/ros2/ros2_arm/build/robotic_arm_sys_test', 'catkin_cmake_args': None, 'catkin_skip_building_tests': False, 'cmake_args': None, 'cmake_clean_cache': False, 'cmake_clean_first': False, 'cmake_force_configure': False, 'cmake_target': None, 'cmake_target_skip_unavailable': False, 'install_base': '/home/achy/ros2/ros2_arm/install/robotic_arm_sys_test', 'merge_install': False, 'path': '/home/achy/ros2/ros2_arm/src/robotic_arm/robotic_arm_sys_test', 'symlink_install': True, 'test_result_base': None}
[0.348s] Level 5:colcon.colcon_core.verb:set package 'robotic_arm' build argument 'cmake_args' from command line to 'None'
[0.348s] Level 5:colcon.colcon_core.verb:set package 'robotic_arm' build argument 'cmake_target' from command line to 'None'
[0.348s] Level 5:colcon.colcon_core.verb:set package 'robotic_arm' build argument 'cmake_target_skip_unavailable' from command line to 'False'
[0.348s] Level 5:colcon.colcon_core.verb:set package 'robotic_arm' build argument 'cmake_clean_cache' from command line to 'False'
[0.348s] Level 5:colcon.colcon_core.verb:set package 'robotic_arm' build argument 'cmake_clean_first' from command line to 'False'
[0.348s] Level 5:colcon.colcon_core.verb:set package 'robotic_arm' build argument 'cmake_force_configure' from command line to 'False'
[0.348s] Level 5:colcon.colcon_core.verb:set package 'robotic_arm' build argument 'ament_cmake_args' from command line to 'None'
[0.348s] Level 5:colcon.colcon_core.verb:set package 'robotic_arm' build argument 'catkin_cmake_args' from command line to 'None'
[0.348s] Level 5:colcon.colcon_core.verb:set package 'robotic_arm' build argument 'catkin_skip_building_tests' from command line to 'False'
[0.348s] DEBUG:colcon.colcon_core.verb:Building package 'robotic_arm' with the following arguments: {'ament_cmake_args': None, 'build_base': '/home/achy/ros2/ros2_arm/build/robotic_arm', 'catkin_cmake_args': None, 'catkin_skip_building_tests': False, 'cmake_args': None, 'cmake_clean_cache': False, 'cmake_clean_first': False, 'cmake_force_configure': False, 'cmake_target': None, 'cmake_target_skip_unavailable': False, 'install_base': '/home/achy/ros2/ros2_arm/install/robotic_arm', 'merge_install': False, 'path': '/home/achy/ros2/ros2_arm/src/robotic_arm/robotic_arm', 'symlink_install': True, 'test_result_base': None}
[0.348s] INFO:colcon.colcon_core.executor:Executing jobs using 'parallel' executor
[0.349s] DEBUG:colcon.colcon_parallel_executor.executor.parallel:run_until_complete
[0.349s] INFO:colcon.colcon_ros.task.ament_cmake.build:Building ROS package in '/home/achy/ros2/ros2_arm/src/robotic_arm/robotic_arm_bringup' with build type 'ament_cmake'
[0.349s] INFO:colcon.colcon_cmake.task.cmake.build:Building CMake package in '/home/achy/ros2/ros2_arm/src/robotic_arm/robotic_arm_bringup'
[0.359s] INFO:colcon.colcon_core.plugin_system:Skipping extension 'colcon_core.shell.bat': Not used on non-Windows systems
[0.359s] INFO:colcon.colcon_core.shell:Skip shell extension 'powershell' for command environment: Not usable outside of PowerShell
[0.359s] DEBUG:colcon.colcon_core.shell:Skip shell extension 'dsv' for command environment
[0.364s] INFO:colcon.colcon_ros.task.ament_cmake.build:Building ROS package in '/home/achy/ros2/ros2_arm/src/robotic_arm/robotic_arm_description' with build type 'ament_cmake'
[0.364s] INFO:colcon.colcon_cmake.task.cmake.build:Building CMake package in '/home/achy/ros2/ros2_arm/src/robotic_arm/robotic_arm_description'
[0.364s] INFO:colcon.colcon_core.shell:Skip shell extension 'powershell' for command environment: Not usable outside of PowerShell
[0.364s] DEBUG:colcon.colcon_core.shell:Skip shell extension 'dsv' for command environment
[0.368s] INFO:colcon.colcon_ros.task.ament_cmake.build:Building ROS package in '/home/achy/ros2/ros2_arm/src/robotic_arm/robotic_arm_gazebo' with build type 'ament_cmake'
[0.368s] INFO:colcon.colcon_cmake.task.cmake.build:Building CMake package in '/home/achy/ros2/ros2_arm/src/robotic_arm/robotic_arm_gazebo'
[0.368s] INFO:colcon.colcon_core.shell:Skip shell extension 'powershell' for command environment: Not usable outside of PowerShell
[0.368s] DEBUG:colcon.colcon_core.shell:Skip shell extension 'dsv' for command environment
[0.372s] INFO:colcon.colcon_ros.task.ament_cmake.build:Building ROS package in '/home/achy/ros2/ros2_arm/src/robotic_arm/robotic_arm_moveit_config' with build type 'ament_cmake'
[0.372s] INFO:colcon.colcon_cmake.task.cmake.build:Building CMake package in '/home/achy/ros2/ros2_arm/src/robotic_arm/robotic_arm_moveit_config'
[0.372s] INFO:colcon.colcon_core.shell:Skip shell extension 'powershell' for command environment: Not usable outside of PowerShell
[0.372s] DEBUG:colcon.colcon_core.shell:Skip shell extension 'dsv' for command environment
[0.376s] INFO:colcon.colcon_ros.task.ament_cmake.build:Building ROS package in '/home/achy/ros2/ros2_arm/src/robotic_arm/robotic_arm_sys_test' with build type 'ament_cmake'
[0.376s] INFO:colcon.colcon_cmake.task.cmake.build:Building CMake package in '/home/achy/ros2/ros2_arm/src/robotic_arm/robotic_arm_sys_test'
[0.377s] INFO:colcon.colcon_core.shell:Skip shell extension 'powershell' for command environment: Not usable outside of PowerShell
[0.377s] DEBUG:colcon.colcon_core.shell:Skip shell extension 'dsv' for command environment
[0.386s] DEBUG:colcon.colcon_core.event_handler.log_command:Invoking command in '/home/achy/ros2/ros2_arm/build/robotic_arm_bringup': CMAKE_PREFIX_PATH=${CMAKE_PREFIX_PATH}:/opt/ros/jazzy DEBUGINFOD_URLS=https://debuginfod.ubuntu.com /usr/bin/cmake --build /home/achy/ros2/ros2_arm/build/robotic_arm_bringup -- -j8 -l8
[0.390s] DEBUG:colcon.colcon_core.event_handler.log_command:Invoking command in '/home/achy/ros2/ros2_arm/build/robotic_arm_description': CMAKE_PREFIX_PATH=${CMAKE_PREFIX_PATH}:/opt/ros/jazzy DEBUGINFOD_URLS=https://debuginfod.ubuntu.com /usr/bin/cmake --build /home/achy/ros2/ros2_arm/build/robotic_arm_description -- -j8 -l8
[0.395s] DEBUG:colcon.colcon_core.event_handler.log_command:Invoking command in '/home/achy/ros2/ros2_arm/build/robotic_arm_gazebo': CMAKE_PREFIX_PATH=${CMAKE_PREFIX_PATH}:/opt/ros/jazzy DEBUGINFOD_URLS=https://debuginfod.ubuntu.com /usr/bin/cmake --build /home/achy/ros2/ros2_arm/build/robotic_arm_gazebo -- -j8 -l8
[0.400s] DEBUG:colcon.colcon_core.event_handler.log_command:Invoking command in '/home/achy/ros2/ros2_arm/build/robotic_arm_moveit_config': CMAKE_PREFIX_PATH=${CMAKE_PREFIX_PATH}:/opt/ros/jazzy DEBUGINFOD_URLS=https://debuginfod.ubuntu.com /usr/bin/cmake --build /home/achy/ros2/ros2_arm/build/robotic_arm_moveit_config -- -j8 -l8
[0.407s] DEBUG:colcon.colcon_core.event_handler.log_command:Invoking command in '/home/achy/ros2/ros2_arm/build/robotic_arm_sys_test': CMAKE_PREFIX_PATH=${CMAKE_PREFIX_PATH}:/opt/ros/jazzy DEBUGINFOD_URLS=https://debuginfod.ubuntu.com /usr/bin/cmake --build /home/achy/ros2/ros2_arm/build/robotic_arm_sys_test -- -j8 -l8
[0.434s] DEBUG:colcon.colcon_core.event_handler.log_command:Invoked command in '/home/achy/ros2/ros2_arm/build/robotic_arm_bringup' returned '0': CMAKE_PREFIX_PATH=${CMAKE_PREFIX_PATH}:/opt/ros/jazzy DEBUGINFOD_URLS=https://debuginfod.ubuntu.com /usr/bin/cmake --build /home/achy/ros2/ros2_arm/build/robotic_arm_bringup -- -j8 -l8
[0.445s] DEBUG:colcon.colcon_core.event_handler.log_command:Invoking command in '/home/achy/ros2/ros2_arm/build/robotic_arm_bringup': CMAKE_PREFIX_PATH=${CMAKE_PREFIX_PATH}:/opt/ros/jazzy DEBUGINFOD_URLS=https://debuginfod.ubuntu.com /usr/bin/cmake --install /home/achy/ros2/ros2_arm/build/robotic_arm_bringup
[0.449s] DEBUG:colcon.colcon_core.event_handler.log_command:Invoked command in '/home/achy/ros2/ros2_arm/build/robotic_arm_description' returned '0': CMAKE_PREFIX_PATH=${CMAKE_PREFIX_PATH}:/opt/ros/jazzy DEBUGINFOD_URLS=https://debuginfod.ubuntu.com /usr/bin/cmake --build /home/achy/ros2/ros2_arm/build/robotic_arm_description -- -j8 -l8
[0.450s] DEBUG:colcon.colcon_core.event_handler.log_command:Invoking command in '/home/achy/ros2/ros2_arm/build/robotic_arm_description': CMAKE_PREFIX_PATH=${CMAKE_PREFIX_PATH}:/opt/ros/jazzy DEBUGINFOD_URLS=https://debuginfod.ubuntu.com /usr/bin/cmake --install /home/achy/ros2/ros2_arm/build/robotic_arm_description
[0.451s] DEBUG:colcon.colcon_core.event_handler.log_command:Invoked command in '/home/achy/ros2/ros2_arm/build/robotic_arm_moveit_config' returned '0': CMAKE_PREFIX_PATH=${CMAKE_PREFIX_PATH}:/opt/ros/jazzy DEBUGINFOD_URLS=https://debuginfod.ubuntu.com /usr/bin/cmake --build /home/achy/ros2/ros2_arm/build/robotic_arm_moveit_config -- -j8 -l8
[0.453s] DEBUG:colcon.colcon_core.event_handler.log_command:Invoking command in '/home/achy/ros2/ros2_arm/build/robotic_arm_moveit_config': CMAKE_PREFIX_PATH=${CMAKE_PREFIX_PATH}:/opt/ros/jazzy DEBUGINFOD_URLS=https://debuginfod.ubuntu.com /usr/bin/cmake --install /home/achy/ros2/ros2_arm/build/robotic_arm_moveit_config
[0.457s] DEBUG:colcon.colcon_core.event_handler.log_command:Invoked command in '/home/achy/ros2/ros2_arm/build/robotic_arm_sys_test' returned '0': CMAKE_PREFIX_PATH=${CMAKE_PREFIX_PATH}:/opt/ros/jazzy DEBUGINFOD_URLS=https://debuginfod.ubuntu.com /usr/bin/cmake --build /home/achy/ros2/ros2_arm/build/robotic_arm_sys_test -- -j8 -l8
[0.459s] DEBUG:colcon.colcon_core.event_handler.log_command:Invoking command in '/home/achy/ros2/ros2_arm/build/robotic_arm_sys_test': CMAKE_PREFIX_PATH=${CMAKE_PREFIX_PATH}:/opt/ros/jazzy DEBUGINFOD_URLS=https://debuginfod.ubuntu.com /usr/bin/cmake --install /home/achy/ros2/ros2_arm/build/robotic_arm_sys_test
[0.469s] DEBUG:colcon.colcon_core.event_handler.log_command:Invoked command in '/home/achy/ros2/ros2_arm/build/robotic_arm_gazebo' returned '0': CMAKE_PREFIX_PATH=${CMAKE_PREFIX_PATH}:/opt/ros/jazzy DEBUGINFOD_URLS=https://debuginfod.ubuntu.com /usr/bin/cmake --build /home/achy/ros2/ros2_arm/build/robotic_arm_gazebo -- -j8 -l8
[0.477s] Level 1:colcon.colcon_core.environment:create_environment_scripts_only(robotic_arm_bringup)
[0.482s] DEBUG:colcon.colcon_core.event_handler.log_command:Invoking command in '/home/achy/ros2/ros2_arm/build/robotic_arm_gazebo': CMAKE_PREFIX_PATH=${CMAKE_PREFIX_PATH}:/opt/ros/jazzy DEBUGINFOD_URLS=https://debuginfod.ubuntu.com /usr/bin/cmake --install /home/achy/ros2/ros2_arm/build/robotic_arm_gazebo
[0.485s] DEBUG:colcon.colcon_core.event_handler.log_command:Invoked command in '/home/achy/ros2/ros2_arm/build/robotic_arm_bringup' returned '0': CMAKE_PREFIX_PATH=${CMAKE_PREFIX_PATH}:/opt/ros/jazzy DEBUGINFOD_URLS=https://debuginfod.ubuntu.com /usr/bin/cmake --install /home/achy/ros2/ros2_arm/build/robotic_arm_bringup
[0.497s] Level 1:colcon.colcon_core.environment:checking '/home/achy/ros2/ros2_arm/install/robotic_arm_bringup' for CMake module files
[0.499s] Level 1:colcon.colcon_core.environment:checking '/home/achy/ros2/ros2_arm/install/robotic_arm_bringup' for CMake config files
[0.502s] Level 1:colcon.colcon_core.shell:create_environment_hook('robotic_arm_bringup', 'cmake_prefix_path')
[0.503s] INFO:colcon.colcon_core.shell:Creating environment hook '/home/achy/ros2/ros2_arm/install/robotic_arm_bringup/share/robotic_arm_bringup/hook/cmake_prefix_path.ps1'
[0.514s] INFO:colcon.colcon_core.shell:Creating environment descriptor '/home/achy/ros2/ros2_arm/install/robotic_arm_bringup/share/robotic_arm_bringup/hook/cmake_prefix_path.dsv'
[0.516s] INFO:colcon.colcon_core.shell:Creating environment hook '/home/achy/ros2/ros2_arm/install/robotic_arm_bringup/share/robotic_arm_bringup/hook/cmake_prefix_path.sh'
[0.518s] Level 1:colcon.colcon_core.environment:checking '/home/achy/ros2/ros2_arm/install/robotic_arm_bringup/bin'
[0.519s] Level 1:colcon.colcon_core.environment:checking '/home/achy/ros2/ros2_arm/install/robotic_arm_bringup/lib/pkgconfig/robotic_arm_bringup.pc'
[0.519s] Level 1:colcon.colcon_core.environment:checking '/home/achy/ros2/ros2_arm/install/robotic_arm_bringup/lib/python3.12/site-packages'
[0.519s] Level 1:colcon.colcon_core.environment:checking '/home/achy/ros2/ros2_arm/install/robotic_arm_bringup/bin'
[0.520s] INFO:colcon.colcon_core.shell:Creating package script '/home/achy/ros2/ros2_arm/install/robotic_arm_bringup/share/robotic_arm_bringup/package.ps1'
[0.522s] INFO:colcon.colcon_core.shell:Creating package descriptor '/home/achy/ros2/ros2_arm/install/robotic_arm_bringup/share/robotic_arm_bringup/package.dsv'
[0.523s] INFO:colcon.colcon_core.shell:Creating package script '/home/achy/ros2/ros2_arm/install/robotic_arm_bringup/share/robotic_arm_bringup/package.sh'
[0.525s] INFO:colcon.colcon_core.shell:Creating package script '/home/achy/ros2/ros2_arm/install/robotic_arm_bringup/share/robotic_arm_bringup/package.bash'
[0.527s] INFO:colcon.colcon_core.shell:Creating package script '/home/achy/ros2/ros2_arm/install/robotic_arm_bringup/share/robotic_arm_bringup/package.zsh'
[0.529s] Level 1:colcon.colcon_core.environment:create_file_with_runtime_dependencies(/home/achy/ros2/ros2_arm/install/robotic_arm_bringup/share/colcon-core/packages/robotic_arm_bringup)
[0.530s] Level 1:colcon.colcon_core.environment:create_environment_scripts_only(robotic_arm_bringup)
[0.531s] Level 1:colcon.colcon_core.environment:checking '/home/achy/ros2/ros2_arm/install/robotic_arm_bringup' for CMake module files
[0.532s] Level 1:colcon.colcon_core.environment:checking '/home/achy/ros2/ros2_arm/install/robotic_arm_bringup' for CMake config files
[0.534s] Level 1:colcon.colcon_core.shell:create_environment_hook('robotic_arm_bringup', 'cmake_prefix_path')
[0.535s] INFO:colcon.colcon_core.shell:Creating environment hook '/home/achy/ros2/ros2_arm/install/robotic_arm_bringup/share/robotic_arm_bringup/hook/cmake_prefix_path.ps1'
[0.536s] INFO:colcon.colcon_core.shell:Creating environment descriptor '/home/achy/ros2/ros2_arm/install/robotic_arm_bringup/share/robotic_arm_bringup/hook/cmake_prefix_path.dsv'
[0.537s] INFO:colcon.colcon_core.shell:Creating environment hook '/home/achy/ros2/ros2_arm/install/robotic_arm_bringup/share/robotic_arm_bringup/hook/cmake_prefix_path.sh'
[0.539s] Level 1:colcon.colcon_core.environment:checking '/home/achy/ros2/ros2_arm/install/robotic_arm_bringup/bin'
[0.539s] Level 1:colcon.colcon_core.environment:checking '/home/achy/ros2/ros2_arm/install/robotic_arm_bringup/lib/pkgconfig/robotic_arm_bringup.pc'
[0.539s] Level 1:colcon.colcon_core.environment:checking '/home/achy/ros2/ros2_arm/install/robotic_arm_bringup/lib/python3.12/site-packages'
[0.540s] Level 1:colcon.colcon_core.environment:checking '/home/achy/ros2/ros2_arm/install/robotic_arm_bringup/bin'
[0.540s] INFO:colcon.colcon_core.shell:Creating package script '/home/achy/ros2/ros2_arm/install/robotic_arm_bringup/share/robotic_arm_bringup/package.ps1'
[0.541s] INFO:colcon.colcon_core.shell:Creating package descriptor '/home/achy/ros2/ros2_arm/install/robotic_arm_bringup/share/robotic_arm_bringup/package.dsv'
[0.543s] INFO:colcon.colcon_core.shell:Creating package script '/home/achy/ros2/ros2_arm/install/robotic_arm_bringup/share/robotic_arm_bringup/package.sh'
[0.544s] INFO:colcon.colcon_core.shell:Creating package script '/home/achy/ros2/ros2_arm/install/robotic_arm_bringup/share/robotic_arm_bringup/package.bash'
[0.545s] INFO:colcon.colcon_core.shell:Creating package script '/home/achy/ros2/ros2_arm/install/robotic_arm_bringup/share/robotic_arm_bringup/package.zsh'
[0.546s] Level 1:colcon.colcon_core.environment:create_file_with_runtime_dependencies(/home/achy/ros2/ros2_arm/install/robotic_arm_bringup/share/colcon-core/packages/robotic_arm_bringup)
[0.550s] Level 1:colcon.colcon_core.environment:create_environment_scripts_only(robotic_arm_description)
[0.551s] Level 1:colcon.colcon_core.environment:checking '/home/achy/ros2/ros2_arm/install/robotic_arm_description' for CMake module files
[0.553s] Level 1:colcon.colcon_core.environment:checking '/home/achy/ros2/ros2_arm/install/robotic_arm_description' for CMake config files
[0.555s] Level 1:colcon.colcon_core.shell:create_environment_hook('robotic_arm_description', 'cmake_prefix_path')
[0.555s] INFO:colcon.colcon_core.shell:Creating environment hook '/home/achy/ros2/ros2_arm/install/robotic_arm_description/share/robotic_arm_description/hook/cmake_prefix_path.ps1'
[0.556s] INFO:colcon.colcon_core.shell:Creating environment descriptor '/home/achy/ros2/ros2_arm/install/robotic_arm_description/share/robotic_arm_description/hook/cmake_prefix_path.dsv'
[0.557s] INFO:colcon.colcon_core.shell:Creating environment hook '/home/achy/ros2/ros2_arm/install/robotic_arm_description/share/robotic_arm_description/hook/cmake_prefix_path.sh'
[0.559s] Level 1:colcon.colcon_core.environment:checking '/home/achy/ros2/ros2_arm/install/robotic_arm_description/bin'
[0.559s] Level 1:colcon.colcon_core.environment:checking '/home/achy/ros2/ros2_arm/install/robotic_arm_description/lib/pkgconfig/robotic_arm_description.pc'
[0.559s] Level 1:colcon.colcon_core.environment:checking '/home/achy/ros2/ros2_arm/install/robotic_arm_description/lib/python3.12/site-packages'
[0.560s] Level 1:colcon.colcon_core.environment:checking '/home/achy/ros2/ros2_arm/install/robotic_arm_description/bin'
[0.560s] INFO:colcon.colcon_core.shell:Creating package script '/home/achy/ros2/ros2_arm/install/robotic_arm_description/share/robotic_arm_description/package.ps1'
[0.561s] INFO:colcon.colcon_core.shell:Creating package descriptor '/home/achy/ros2/ros2_arm/install/robotic_arm_description/share/robotic_arm_description/package.dsv'
[0.563s] INFO:colcon.colcon_core.shell:Creating package script '/home/achy/ros2/ros2_arm/install/robotic_arm_description/share/robotic_arm_description/package.sh'
[0.565s] INFO:colcon.colcon_core.shell:Creating package script '/home/achy/ros2/ros2_arm/install/robotic_arm_description/share/robotic_arm_description/package.bash'
[0.567s] INFO:colcon.colcon_core.shell:Creating package script '/home/achy/ros2/ros2_arm/install/robotic_arm_description/share/robotic_arm_description/package.zsh'
[0.568s] Level 1:colcon.colcon_core.environment:create_file_with_runtime_dependencies(/home/achy/ros2/ros2_arm/install/robotic_arm_description/share/colcon-core/packages/robotic_arm_description)
[0.570s] Level 1:colcon.colcon_core.environment:create_environment_scripts_only(robotic_arm_description)
[0.570s] Level 1:colcon.colcon_core.environment:checking '/home/achy/ros2/ros2_arm/install/robotic_arm_description' for CMake module files
[0.571s] Level 1:colcon.colcon_core.environment:checking '/home/achy/ros2/ros2_arm/install/robotic_arm_description' for CMake config files
[0.575s] Level 1:colcon.colcon_core.shell:create_environment_hook('robotic_arm_description', 'cmake_prefix_path')
[0.575s] INFO:colcon.colcon_core.shell:Creating environment hook '/home/achy/ros2/ros2_arm/install/robotic_arm_description/share/robotic_arm_description/hook/cmake_prefix_path.ps1'
[0.577s] INFO:colcon.colcon_core.shell:Creating environment descriptor '/home/achy/ros2/ros2_arm/install/robotic_arm_description/share/robotic_arm_description/hook/cmake_prefix_path.dsv'
[0.578s] INFO:colcon.colcon_core.shell:Creating environment hook '/home/achy/ros2/ros2_arm/install/robotic_arm_description/share/robotic_arm_description/hook/cmake_prefix_path.sh'
[0.580s] Level 1:colcon.colcon_core.environment:checking '/home/achy/ros2/ros2_arm/install/robotic_arm_description/bin'
[0.580s] Level 1:colcon.colcon_core.environment:checking '/home/achy/ros2/ros2_arm/install/robotic_arm_description/lib/pkgconfig/robotic_arm_description.pc'
[0.580s] Level 1:colcon.colcon_core.environment:checking '/home/achy/ros2/ros2_arm/install/robotic_arm_description/lib/python3.12/site-packages'
[0.581s] Level 1:colcon.colcon_core.environment:checking '/home/achy/ros2/ros2_arm/install/robotic_arm_description/bin'
[0.581s] INFO:colcon.colcon_core.shell:Creating package script '/home/achy/ros2/ros2_arm/install/robotic_arm_description/share/robotic_arm_description/package.ps1'
[0.582s] INFO:colcon.colcon_core.shell:Creating package descriptor '/home/achy/ros2/ros2_arm/install/robotic_arm_description/share/robotic_arm_description/package.dsv'
[0.584s] INFO:colcon.colcon_core.shell:Creating package script '/home/achy/ros2/ros2_arm/install/robotic_arm_description/share/robotic_arm_description/package.sh'
[0.585s] INFO:colcon.colcon_core.shell:Creating package script '/home/achy/ros2/ros2_arm/install/robotic_arm_description/share/robotic_arm_description/package.bash'
[0.586s] INFO:colcon.colcon_core.shell:Creating package script '/home/achy/ros2/ros2_arm/install/robotic_arm_description/share/robotic_arm_description/package.zsh'
[0.587s] Level 1:colcon.colcon_core.environment:create_file_with_runtime_dependencies(/home/achy/ros2/ros2_arm/install/robotic_arm_description/share/colcon-core/packages/robotic_arm_description)
[0.588s] Level 1:colcon.colcon_core.environment:create_environment_scripts_only(robotic_arm_moveit_config)
[0.588s] Level 1:colcon.colcon_core.environment:checking '/home/achy/ros2/ros2_arm/install/robotic_arm_moveit_config' for CMake module files
[0.590s] Level 1:colcon.colcon_core.environment:checking '/home/achy/ros2/ros2_arm/install/robotic_arm_moveit_config' for CMake config files
[0.592s] Level 1:colcon.colcon_core.shell:create_environment_hook('robotic_arm_moveit_config', 'cmake_prefix_path')
[0.593s] INFO:colcon.colcon_core.shell:Creating environment hook '/home/achy/ros2/ros2_arm/install/robotic_arm_moveit_config/share/robotic_arm_moveit_config/hook/cmake_prefix_path.ps1'
[0.594s] INFO:colcon.colcon_core.shell:Creating environment descriptor '/home/achy/ros2/ros2_arm/install/robotic_arm_moveit_config/share/robotic_arm_moveit_config/hook/cmake_prefix_path.dsv'
[0.596s] INFO:colcon.colcon_core.shell:Creating environment hook '/home/achy/ros2/ros2_arm/install/robotic_arm_moveit_config/share/robotic_arm_moveit_config/hook/cmake_prefix_path.sh'
[0.598s] Level 1:colcon.colcon_core.environment:checking '/home/achy/ros2/ros2_arm/install/robotic_arm_moveit_config/bin'
[0.598s] Level 1:colcon.colcon_core.environment:checking '/home/achy/ros2/ros2_arm/install/robotic_arm_moveit_config/lib/pkgconfig/robotic_arm_moveit_config.pc'
[0.598s] Level 1:colcon.colcon_core.environment:checking '/home/achy/ros2/ros2_arm/install/robotic_arm_moveit_config/lib/python3.12/site-packages'
[0.599s] Level 1:colcon.colcon_core.environment:checking '/home/achy/ros2/ros2_arm/install/robotic_arm_moveit_config/bin'
[0.599s] INFO:colcon.colcon_core.shell:Creating package script '/home/achy/ros2/ros2_arm/install/robotic_arm_moveit_config/share/robotic_arm_moveit_config/package.ps1'
[0.600s] INFO:colcon.colcon_core.shell:Creating package descriptor '/home/achy/ros2/ros2_arm/install/robotic_arm_moveit_config/share/robotic_arm_moveit_config/package.dsv'
[0.601s] INFO:colcon.colcon_core.shell:Creating package script '/home/achy/ros2/ros2_arm/install/robotic_arm_moveit_config/share/robotic_arm_moveit_config/package.sh'
[0.602s] INFO:colcon.colcon_core.shell:Creating package script '/home/achy/ros2/ros2_arm/install/robotic_arm_moveit_config/share/robotic_arm_moveit_config/package.bash'
[0.603s] INFO:colcon.colcon_core.shell:Creating package script '/home/achy/ros2/ros2_arm/install/robotic_arm_moveit_config/share/robotic_arm_moveit_config/package.zsh'
[0.604s] Level 1:colcon.colcon_core.environment:create_file_with_runtime_dependencies(/home/achy/ros2/ros2_arm/install/robotic_arm_moveit_config/share/colcon-core/packages/robotic_arm_moveit_config)
[0.605s] Level 1:colcon.colcon_core.environment:create_environment_scripts_only(robotic_arm_moveit_config)
[0.605s] Level 1:colcon.colcon_core.environment:checking '/home/achy/ros2/ros2_arm/install/robotic_arm_moveit_config' for CMake module files
[0.607s] Level 1:colcon.colcon_core.environment:checking '/home/achy/ros2/ros2_arm/install/robotic_arm_moveit_config' for CMake config files
[0.609s] Level 1:colcon.colcon_core.shell:create_environment_hook('robotic_arm_moveit_config', 'cmake_prefix_path')
[0.609s] INFO:colcon.colcon_core.shell:Creating environment hook '/home/achy/ros2/ros2_arm/install/robotic_arm_moveit_config/share/robotic_arm_moveit_config/hook/cmake_prefix_path.ps1'
[0.610s] INFO:colcon.colcon_core.shell:Creating environment descriptor '/home/achy/ros2/ros2_arm/install/robotic_arm_moveit_config/share/robotic_arm_moveit_config/hook/cmake_prefix_path.dsv'
[0.611s] INFO:colcon.colcon_core.shell:Creating environment hook '/home/achy/ros2/ros2_arm/install/robotic_arm_moveit_config/share/robotic_arm_moveit_config/hook/cmake_prefix_path.sh'
[0.612s] Level 1:colcon.colcon_core.environment:checking '/home/achy/ros2/ros2_arm/install/robotic_arm_moveit_config/bin'
[0.612s] Level 1:colcon.colcon_core.environment:checking '/home/achy/ros2/ros2_arm/install/robotic_arm_moveit_config/lib/pkgconfig/robotic_arm_moveit_config.pc'
[0.613s] Level 1:colcon.colcon_core.environment:checking '/home/achy/ros2/ros2_arm/install/robotic_arm_moveit_config/lib/python3.12/site-packages'
[0.613s] Level 1:colcon.colcon_core.environment:checking '/home/achy/ros2/ros2_arm/install/robotic_arm_moveit_config/bin'
[0.613s] INFO:colcon.colcon_core.shell:Creating package script '/home/achy/ros2/ros2_arm/install/robotic_arm_moveit_config/share/robotic_arm_moveit_config/package.ps1'
[0.614s] INFO:colcon.colcon_core.shell:Creating package descriptor '/home/achy/ros2/ros2_arm/install/robotic_arm_moveit_config/share/robotic_arm_moveit_config/package.dsv'
[0.615s] INFO:colcon.colcon_core.shell:Creating package script '/home/achy/ros2/ros2_arm/install/robotic_arm_moveit_config/share/robotic_arm_moveit_config/package.sh'
[0.616s] INFO:colcon.colcon_core.shell:Creating package script '/home/achy/ros2/ros2_arm/install/robotic_arm_moveit_config/share/robotic_arm_moveit_config/package.bash'
[0.617s] INFO:colcon.colcon_core.shell:Creating package script '/home/achy/ros2/ros2_arm/install/robotic_arm_moveit_config/share/robotic_arm_moveit_config/package.zsh'
[0.618s] Level 1:colcon.colcon_core.environment:create_file_with_runtime_dependencies(/home/achy/ros2/ros2_arm/install/robotic_arm_moveit_config/share/colcon-core/packages/robotic_arm_moveit_config)
[0.619s] Level 1:colcon.colcon_core.environment:create_environment_scripts_only(robotic_arm_sys_test)
[0.620s] Level 1:colcon.colcon_core.environment:checking '/home/achy/ros2/ros2_arm/install/robotic_arm_sys_test' for CMake module files
[0.621s] Level 1:colcon.colcon_core.environment:checking '/home/achy/ros2/ros2_arm/install/robotic_arm_sys_test' for CMake config files
[0.623s] Level 1:colcon.colcon_core.shell:create_environment_hook('robotic_arm_sys_test', 'cmake_prefix_path')
[0.623s] INFO:colcon.colcon_core.shell:Creating environment hook '/home/achy/ros2/ros2_arm/install/robotic_arm_sys_test/share/robotic_arm_sys_test/hook/cmake_prefix_path.ps1'
[0.624s] INFO:colcon.colcon_core.shell:Creating environment descriptor '/home/achy/ros2/ros2_arm/install/robotic_arm_sys_test/share/robotic_arm_sys_test/hook/cmake_prefix_path.dsv'
[0.625s] INFO:colcon.colcon_core.shell:Creating environment hook '/home/achy/ros2/ros2_arm/install/robotic_arm_sys_test/share/robotic_arm_sys_test/hook/cmake_prefix_path.sh'
[0.626s] Level 1:colcon.colcon_core.environment:checking '/home/achy/ros2/ros2_arm/install/robotic_arm_sys_test/bin'
[0.626s] Level 1:colcon.colcon_core.environment:checking '/home/achy/ros2/ros2_arm/install/robotic_arm_sys_test/lib/pkgconfig/robotic_arm_sys_test.pc'
[0.627s] Level 1:colcon.colcon_core.environment:checking '/home/achy/ros2/ros2_arm/install/robotic_arm_sys_test/lib/python3.12/site-packages'
[0.627s] Level 1:colcon.colcon_core.environment:checking '/home/achy/ros2/ros2_arm/install/robotic_arm_sys_test/bin'
[0.627s] INFO:colcon.colcon_core.shell:Creating package script '/home/achy/ros2/ros2_arm/install/robotic_arm_sys_test/share/robotic_arm_sys_test/package.ps1'
[0.628s] INFO:colcon.colcon_core.shell:Creating package descriptor '/home/achy/ros2/ros2_arm/install/robotic_arm_sys_test/share/robotic_arm_sys_test/package.dsv'
[0.629s] INFO:colcon.colcon_core.shell:Creating package script '/home/achy/ros2/ros2_arm/install/robotic_arm_sys_test/share/robotic_arm_sys_test/package.sh'
[0.630s] INFO:colcon.colcon_core.shell:Creating package script '/home/achy/ros2/ros2_arm/install/robotic_arm_sys_test/share/robotic_arm_sys_test/package.bash'
[0.631s] INFO:colcon.colcon_core.shell:Creating package script '/home/achy/ros2/ros2_arm/install/robotic_arm_sys_test/share/robotic_arm_sys_test/package.zsh'
[0.632s] Level 1:colcon.colcon_core.environment:create_file_with_runtime_dependencies(/home/achy/ros2/ros2_arm/install/robotic_arm_sys_test/share/colcon-core/packages/robotic_arm_sys_test)
[0.633s] Level 1:colcon.colcon_core.environment:create_environment_scripts_only(robotic_arm_sys_test)
[0.634s] Level 1:colcon.colcon_core.environment:checking '/home/achy/ros2/ros2_arm/install/robotic_arm_sys_test' for CMake module files
[0.634s] DEBUG:colcon.colcon_core.event_handler.log_command:Invoked command in '/home/achy/ros2/ros2_arm/build/robotic_arm_description' returned '0': CMAKE_PREFIX_PATH=${CMAKE_PREFIX_PATH}:/opt/ros/jazzy DEBUGINFOD_URLS=https://debuginfod.ubuntu.com /usr/bin/cmake --install /home/achy/ros2/ros2_arm/build/robotic_arm_description
[0.635s] Level 1:colcon.colcon_core.environment:checking '/home/achy/ros2/ros2_arm/install/robotic_arm_sys_test' for CMake config files
[0.637s] Level 1:colcon.colcon_core.shell:create_environment_hook('robotic_arm_sys_test', 'cmake_prefix_path')
[0.637s] INFO:colcon.colcon_core.shell:Creating environment hook '/home/achy/ros2/ros2_arm/install/robotic_arm_sys_test/share/robotic_arm_sys_test/hook/cmake_prefix_path.ps1'
[0.638s] INFO:colcon.colcon_core.shell:Creating environment descriptor '/home/achy/ros2/ros2_arm/install/robotic_arm_sys_test/share/robotic_arm_sys_test/hook/cmake_prefix_path.dsv'
[0.639s] INFO:colcon.colcon_core.shell:Creating environment hook '/home/achy/ros2/ros2_arm/install/robotic_arm_sys_test/share/robotic_arm_sys_test/hook/cmake_prefix_path.sh'
[0.641s] Level 1:colcon.colcon_core.environment:checking '/home/achy/ros2/ros2_arm/install/robotic_arm_sys_test/bin'
[0.641s] Level 1:colcon.colcon_core.environment:checking '/home/achy/ros2/ros2_arm/install/robotic_arm_sys_test/lib/pkgconfig/robotic_arm_sys_test.pc'
[0.641s] Level 1:colcon.colcon_core.environment:checking '/home/achy/ros2/ros2_arm/install/robotic_arm_sys_test/lib/python3.12/site-packages'
[0.642s] Level 1:colcon.colcon_core.environment:checking '/home/achy/ros2/ros2_arm/install/robotic_arm_sys_test/bin'
[0.642s] INFO:colcon.colcon_core.shell:Creating package script '/home/achy/ros2/ros2_arm/install/robotic_arm_sys_test/share/robotic_arm_sys_test/package.ps1'
[0.643s] INFO:colcon.colcon_core.shell:Creating package descriptor '/home/achy/ros2/ros2_arm/install/robotic_arm_sys_test/share/robotic_arm_sys_test/package.dsv'
[0.643s] DEBUG:colcon.colcon_core.event_handler.log_command:Invoked command in '/home/achy/ros2/ros2_arm/build/robotic_arm_moveit_config' returned '0': CMAKE_PREFIX_PATH=${CMAKE_PREFIX_PATH}:/opt/ros/jazzy DEBUGINFOD_URLS=https://debuginfod.ubuntu.com /usr/bin/cmake --install /home/achy/ros2/ros2_arm/build/robotic_arm_moveit_config
[0.644s] INFO:colcon.colcon_core.shell:Creating package script '/home/achy/ros2/ros2_arm/install/robotic_arm_sys_test/share/robotic_arm_sys_test/package.sh'
[0.644s] DEBUG:colcon.colcon_core.event_handler.log_command:Invoked command in '/home/achy/ros2/ros2_arm/build/robotic_arm_sys_test' returned '0': CMAKE_PREFIX_PATH=${CMAKE_PREFIX_PATH}:/opt/ros/jazzy DEBUGINFOD_URLS=https://debuginfod.ubuntu.com /usr/bin/cmake --install /home/achy/ros2/ros2_arm/build/robotic_arm_sys_test
[0.645s] INFO:colcon.colcon_core.shell:Creating package script '/home/achy/ros2/ros2_arm/install/robotic_arm_sys_test/share/robotic_arm_sys_test/package.bash'
[0.645s] INFO:colcon.colcon_core.shell:Creating package script '/home/achy/ros2/ros2_arm/install/robotic_arm_sys_test/share/robotic_arm_sys_test/package.zsh'
[0.646s] Level 1:colcon.colcon_core.environment:create_file_with_runtime_dependencies(/home/achy/ros2/ros2_arm/install/robotic_arm_sys_test/share/colcon-core/packages/robotic_arm_sys_test)
[0.647s] Level 1:colcon.colcon_core.environment:create_environment_scripts_only(robotic_arm_gazebo)
[0.647s] Level 1:colcon.colcon_core.environment:checking '/home/achy/ros2/ros2_arm/install/robotic_arm_gazebo' for CMake module files
[0.647s] DEBUG:colcon.colcon_core.event_handler.log_command:Invoked command in '/home/achy/ros2/ros2_arm/build/robotic_arm_gazebo' returned '0': CMAKE_PREFIX_PATH=${CMAKE_PREFIX_PATH}:/opt/ros/jazzy DEBUGINFOD_URLS=https://debuginfod.ubuntu.com /usr/bin/cmake --install /home/achy/ros2/ros2_arm/build/robotic_arm_gazebo
[0.648s] Level 1:colcon.colcon_core.environment:checking '/home/achy/ros2/ros2_arm/install/robotic_arm_gazebo' for CMake config files
[0.653s] Level 1:colcon.colcon_core.shell:create_environment_hook('robotic_arm_gazebo', 'cmake_prefix_path')
[0.654s] INFO:colcon.colcon_core.shell:Creating environment hook '/home/achy/ros2/ros2_arm/install/robotic_arm_gazebo/share/robotic_arm_gazebo/hook/cmake_prefix_path.ps1'
[0.655s] INFO:colcon.colcon_core.shell:Creating environment descriptor '/home/achy/ros2/ros2_arm/install/robotic_arm_gazebo/share/robotic_arm_gazebo/hook/cmake_prefix_path.dsv'
[0.655s] INFO:colcon.colcon_core.shell:Creating environment hook '/home/achy/ros2/ros2_arm/install/robotic_arm_gazebo/share/robotic_arm_gazebo/hook/cmake_prefix_path.sh'
[0.656s] Level 1:colcon.colcon_core.environment:checking '/home/achy/ros2/ros2_arm/install/robotic_arm_gazebo/bin'
[0.656s] Level 1:colcon.colcon_core.environment:checking '/home/achy/ros2/ros2_arm/install/robotic_arm_gazebo/lib/pkgconfig/robotic_arm_gazebo.pc'
[0.656s] Level 1:colcon.colcon_core.environment:checking '/home/achy/ros2/ros2_arm/install/robotic_arm_gazebo/lib/python3.12/site-packages'
[0.657s] Level 1:colcon.colcon_core.environment:checking '/home/achy/ros2/ros2_arm/install/robotic_arm_gazebo/bin'
[0.657s] INFO:colcon.colcon_core.shell:Creating package script '/home/achy/ros2/ros2_arm/install/robotic_arm_gazebo/share/robotic_arm_gazebo/package.ps1'
[0.658s] INFO:colcon.colcon_core.shell:Creating package descriptor '/home/achy/ros2/ros2_arm/install/robotic_arm_gazebo/share/robotic_arm_gazebo/package.dsv'
[0.658s] INFO:colcon.colcon_core.shell:Creating package script '/home/achy/ros2/ros2_arm/install/robotic_arm_gazebo/share/robotic_arm_gazebo/package.sh'
[0.659s] INFO:colcon.colcon_core.shell:Creating package script '/home/achy/ros2/ros2_arm/install/robotic_arm_gazebo/share/robotic_arm_gazebo/package.bash'
[0.659s] INFO:colcon.colcon_core.shell:Creating package script '/home/achy/ros2/ros2_arm/install/robotic_arm_gazebo/share/robotic_arm_gazebo/package.zsh'
[0.660s] Level 1:colcon.colcon_core.environment:create_file_with_runtime_dependencies(/home/achy/ros2/ros2_arm/install/robotic_arm_gazebo/share/colcon-core/packages/robotic_arm_gazebo)
[0.661s] Level 1:colcon.colcon_core.environment:create_environment_scripts_only(robotic_arm_gazebo)
[0.661s] Level 1:colcon.colcon_core.environment:checking '/home/achy/ros2/ros2_arm/install/robotic_arm_gazebo' for CMake module files
[0.661s] Level 1:colcon.colcon_core.environment:checking '/home/achy/ros2/ros2_arm/install/robotic_arm_gazebo' for CMake config files
[0.667s] Level 1:colcon.colcon_core.shell:create_environment_hook('robotic_arm_gazebo', 'cmake_prefix_path')
[0.667s] INFO:colcon.colcon_core.shell:Creating environment hook '/home/achy/ros2/ros2_arm/install/robotic_arm_gazebo/share/robotic_arm_gazebo/hook/cmake_prefix_path.ps1'
[0.668s] INFO:colcon.colcon_core.shell:Creating environment descriptor '/home/achy/ros2/ros2_arm/install/robotic_arm_gazebo/share/robotic_arm_gazebo/hook/cmake_prefix_path.dsv'
[0.668s] INFO:colcon.colcon_core.shell:Creating environment hook '/home/achy/ros2/ros2_arm/install/robotic_arm_gazebo/share/robotic_arm_gazebo/hook/cmake_prefix_path.sh'
[0.669s] Level 1:colcon.colcon_core.environment:checking '/home/achy/ros2/ros2_arm/install/robotic_arm_gazebo/bin'
[0.669s] Level 1:colcon.colcon_core.environment:checking '/home/achy/ros2/ros2_arm/install/robotic_arm_gazebo/lib/pkgconfig/robotic_arm_gazebo.pc'
[0.669s] Level 1:colcon.colcon_core.environment:checking '/home/achy/ros2/ros2_arm/install/robotic_arm_gazebo/lib/python3.12/site-packages'
[0.670s] Level 1:colcon.colcon_core.environment:checking '/home/achy/ros2/ros2_arm/install/robotic_arm_gazebo/bin'
[0.670s] INFO:colcon.colcon_core.shell:Creating package script '/home/achy/ros2/ros2_arm/install/robotic_arm_gazebo/share/robotic_arm_gazebo/package.ps1'
[0.671s] INFO:colcon.colcon_core.shell:Creating package descriptor '/home/achy/ros2/ros2_arm/install/robotic_arm_gazebo/share/robotic_arm_gazebo/package.dsv'
[0.671s] INFO:colcon.colcon_core.shell:Creating package script '/home/achy/ros2/ros2_arm/install/robotic_arm_gazebo/share/robotic_arm_gazebo/package.sh'
[0.672s] INFO:colcon.colcon_core.shell:Creating package script '/home/achy/ros2/ros2_arm/install/robotic_arm_gazebo/share/robotic_arm_gazebo/package.bash'
[0.672s] INFO:colcon.colcon_core.shell:Creating package script '/home/achy/ros2/ros2_arm/install/robotic_arm_gazebo/share/robotic_arm_gazebo/package.zsh'
[0.673s] Level 1:colcon.colcon_core.environment:create_file_with_runtime_dependencies(/home/achy/ros2/ros2_arm/install/robotic_arm_gazebo/share/colcon-core/packages/robotic_arm_gazebo)
[0.673s] INFO:colcon.colcon_ros.task.ament_cmake.build:Building ROS package in '/home/achy/ros2/ros2_arm/src/robotic_arm/robotic_arm' with build type 'ament_cmake'
[0.674s] INFO:colcon.colcon_cmake.task.cmake.build:Building CMake package in '/home/achy/ros2/ros2_arm/src/robotic_arm/robotic_arm'
[0.674s] INFO:colcon.colcon_core.shell:Skip shell extension 'powershell' for command environment: Not usable outside of PowerShell
[0.674s] DEBUG:colcon.colcon_core.shell:Skip shell extension 'dsv' for command environment
[0.693s] DEBUG:colcon.colcon_core.event_handler.log_command:Invoking command in '/home/achy/ros2/ros2_arm/build/robotic_arm': CMAKE_PREFIX_PATH=/home/achy/ros2/ros2_arm/install/robotic_arm_sys_test:/home/achy/ros2/ros2_arm/install/robotic_arm_moveit_config:/home/achy/ros2/ros2_arm/install/robotic_arm_gazebo:/home/achy/ros2/ros2_arm/install/robotic_arm_description:/home/achy/ros2/ros2_arm/install/robotic_arm_bringup:/home/achy/ros2/ros2_arm/install/robotic_arm:/opt/ros/jazzy/opt/gz_sim_vendor:/opt/ros/jazzy/opt/gz_sensors_vendor:/opt/ros/jazzy/opt/gz_physics_vendor:/opt/ros/jazzy/opt/sdformat_vendor:/opt/ros/jazzy/opt/gz_gui_vendor:/opt/ros/jazzy/opt/gz_transport_vendor:/opt/ros/jazzy/opt/gz_rendering_vendor:/opt/ros/jazzy/opt/gz_plugin_vendor:/opt/ros/jazzy/opt/gz_fuel_tools_vendor:/opt/ros/jazzy/opt/gz_msgs_vendor:/opt/ros/jazzy/opt/gz_common_vendor:/opt/ros/jazzy/opt/gz_math_vendor:/opt/ros/jazzy/opt/gz_utils_vendor:/opt/ros/jazzy/opt/gz_tools_vendor:/opt/ros/jazzy/opt/gz_ogre_next_vendor:/opt/ros/jazzy/opt/gz_dartsim_vendor:/opt/ros/jazzy/opt/gz_cmake_vendor:/opt/ros/jazzy DEBUGINFOD_URLS=https://debuginfod.ubuntu.com /usr/bin/cmake --build /home/achy/ros2/ros2_arm/build/robotic_arm -- -j8 -l8
[0.732s] DEBUG:colcon.colcon_core.event_handler.log_command:Invoked command in '/home/achy/ros2/ros2_arm/build/robotic_arm' returned '0': CMAKE_PREFIX_PATH=/home/achy/ros2/ros2_arm/install/robotic_arm_sys_test:/home/achy/ros2/ros2_arm/install/robotic_arm_moveit_config:/home/achy/ros2/ros2_arm/install/robotic_arm_gazebo:/home/achy/ros2/ros2_arm/install/robotic_arm_description:/home/achy/ros2/ros2_arm/install/robotic_arm_bringup:/home/achy/ros2/ros2_arm/install/robotic_arm:/opt/ros/jazzy/opt/gz_sim_vendor:/opt/ros/jazzy/opt/gz_sensors_vendor:/opt/ros/jazzy/opt/gz_physics_vendor:/opt/ros/jazzy/opt/sdformat_vendor:/opt/ros/jazzy/opt/gz_gui_vendor:/opt/ros/jazzy/opt/gz_transport_vendor:/opt/ros/jazzy/opt/gz_rendering_vendor:/opt/ros/jazzy/opt/gz_plugin_vendor:/opt/ros/jazzy/opt/gz_fuel_tools_vendor:/opt/ros/jazzy/opt/gz_msgs_vendor:/opt/ros/jazzy/opt/gz_common_vendor:/opt/ros/jazzy/opt/gz_math_vendor:/opt/ros/jazzy/opt/gz_utils_vendor:/opt/ros/jazzy/opt/gz_tools_vendor:/opt/ros/jazzy/opt/gz_ogre_next_vendor:/opt/ros/jazzy/opt/gz_dartsim_vendor:/opt/ros/jazzy/opt/gz_cmake_vendor:/opt/ros/jazzy DEBUGINFOD_URLS=https://debuginfod.ubuntu.com /usr/bin/cmake --build /home/achy/ros2/ros2_arm/build/robotic_arm -- -j8 -l8
[0.734s] DEBUG:colcon.colcon_core.event_handler.log_command:Invoking command in '/home/achy/ros2/ros2_arm/build/robotic_arm': CMAKE_PREFIX_PATH=/home/achy/ros2/ros2_arm/install/robotic_arm_sys_test:/home/achy/ros2/ros2_arm/install/robotic_arm_moveit_config:/home/achy/ros2/ros2_arm/install/robotic_arm_gazebo:/home/achy/ros2/ros2_arm/install/robotic_arm_description:/home/achy/ros2/ros2_arm/install/robotic_arm_bringup:/home/achy/ros2/ros2_arm/install/robotic_arm:/opt/ros/jazzy/opt/gz_sim_vendor:/opt/ros/jazzy/opt/gz_sensors_vendor:/opt/ros/jazzy/opt/gz_physics_vendor:/opt/ros/jazzy/opt/sdformat_vendor:/opt/ros/jazzy/opt/gz_gui_vendor:/opt/ros/jazzy/opt/gz_transport_vendor:/opt/ros/jazzy/opt/gz_rendering_vendor:/opt/ros/jazzy/opt/gz_plugin_vendor:/opt/ros/jazzy/opt/gz_fuel_tools_vendor:/opt/ros/jazzy/opt/gz_msgs_vendor:/opt/ros/jazzy/opt/gz_common_vendor:/opt/ros/jazzy/opt/gz_math_vendor:/opt/ros/jazzy/opt/gz_utils_vendor:/opt/ros/jazzy/opt/gz_tools_vendor:/opt/ros/jazzy/opt/gz_ogre_next_vendor:/opt/ros/jazzy/opt/gz_dartsim_vendor:/opt/ros/jazzy/opt/gz_cmake_vendor:/opt/ros/jazzy DEBUGINFOD_URLS=https://debuginfod.ubuntu.com /usr/bin/cmake --install /home/achy/ros2/ros2_arm/build/robotic_arm
[0.759s] Level 1:colcon.colcon_core.environment:create_environment_scripts_only(robotic_arm)
[0.759s] Level 1:colcon.colcon_core.environment:checking '/home/achy/ros2/ros2_arm/install/robotic_arm' for CMake module files
[0.760s] DEBUG:colcon.colcon_core.event_handler.log_command:Invoked command in '/home/achy/ros2/ros2_arm/build/robotic_arm' returned '0': CMAKE_PREFIX_PATH=/home/achy/ros2/ros2_arm/install/robotic_arm_sys_test:/home/achy/ros2/ros2_arm/install/robotic_arm_moveit_config:/home/achy/ros2/ros2_arm/install/robotic_arm_gazebo:/home/achy/ros2/ros2_arm/install/robotic_arm_description:/home/achy/ros2/ros2_arm/install/robotic_arm_bringup:/home/achy/ros2/ros2_arm/install/robotic_arm:/opt/ros/jazzy/opt/gz_sim_vendor:/opt/ros/jazzy/opt/gz_sensors_vendor:/opt/ros/jazzy/opt/gz_physics_vendor:/opt/ros/jazzy/opt/sdformat_vendor:/opt/ros/jazzy/opt/gz_gui_vendor:/opt/ros/jazzy/opt/gz_transport_vendor:/opt/ros/jazzy/opt/gz_rendering_vendor:/opt/ros/jazzy/opt/gz_plugin_vendor:/opt/ros/jazzy/opt/gz_fuel_tools_vendor:/opt/ros/jazzy/opt/gz_msgs_vendor:/opt/ros/jazzy/opt/gz_common_vendor:/opt/ros/jazzy/opt/gz_math_vendor:/opt/ros/jazzy/opt/gz_utils_vendor:/opt/ros/jazzy/opt/gz_tools_vendor:/opt/ros/jazzy/opt/gz_ogre_next_vendor:/opt/ros/jazzy/opt/gz_dartsim_vendor:/opt/ros/jazzy/opt/gz_cmake_vendor:/opt/ros/jazzy DEBUGINFOD_URLS=https://debuginfod.ubuntu.com /usr/bin/cmake --install /home/achy/ros2/ros2_arm/build/robotic_arm
[0.760s] Level 1:colcon.colcon_core.environment:checking '/home/achy/ros2/ros2_arm/install/robotic_arm' for CMake config files
[0.760s] Level 1:colcon.colcon_core.shell:create_environment_hook('robotic_arm', 'cmake_prefix_path')
[0.760s] INFO:colcon.colcon_core.shell:Creating environment hook '/home/achy/ros2/ros2_arm/install/robotic_arm/share/robotic_arm/hook/cmake_prefix_path.ps1'
[0.761s] INFO:colcon.colcon_core.shell:Creating environment descriptor '/home/achy/ros2/ros2_arm/install/robotic_arm/share/robotic_arm/hook/cmake_prefix_path.dsv'
[0.762s] INFO:colcon.colcon_core.shell:Creating environment hook '/home/achy/ros2/ros2_arm/install/robotic_arm/share/robotic_arm/hook/cmake_prefix_path.sh'
[0.762s] Level 1:colcon.colcon_core.environment:checking '/home/achy/ros2/ros2_arm/install/robotic_arm/bin'
[0.762s] Level 1:colcon.colcon_core.environment:checking '/home/achy/ros2/ros2_arm/install/robotic_arm/lib/pkgconfig/robotic_arm.pc'
[0.763s] Level 1:colcon.colcon_core.environment:checking '/home/achy/ros2/ros2_arm/install/robotic_arm/lib/python3.12/site-packages'
[0.763s] Level 1:colcon.colcon_core.environment:checking '/home/achy/ros2/ros2_arm/install/robotic_arm/bin'
[0.763s] INFO:colcon.colcon_core.shell:Creating package script '/home/achy/ros2/ros2_arm/install/robotic_arm/share/robotic_arm/package.ps1'
[0.764s] INFO:colcon.colcon_core.shell:Creating package descriptor '/home/achy/ros2/ros2_arm/install/robotic_arm/share/robotic_arm/package.dsv'
[0.764s] INFO:colcon.colcon_core.shell:Creating package script '/home/achy/ros2/ros2_arm/install/robotic_arm/share/robotic_arm/package.sh'
[0.764s] INFO:colcon.colcon_core.shell:Creating package script '/home/achy/ros2/ros2_arm/install/robotic_arm/share/robotic_arm/package.bash'
[0.765s] INFO:colcon.colcon_core.shell:Creating package script '/home/achy/ros2/ros2_arm/install/robotic_arm/share/robotic_arm/package.zsh'
[0.765s] Level 1:colcon.colcon_core.environment:create_file_with_runtime_dependencies(/home/achy/ros2/ros2_arm/install/robotic_arm/share/colcon-core/packages/robotic_arm)
[0.766s] Level 1:colcon.colcon_core.environment:create_environment_scripts_only(robotic_arm)
[0.766s] Level 1:colcon.colcon_core.environment:checking '/home/achy/ros2/ros2_arm/install/robotic_arm' for CMake module files
[0.767s] Level 1:colcon.colcon_core.environment:checking '/home/achy/ros2/ros2_arm/install/robotic_arm' for CMake config files
[0.767s] Level 1:colcon.colcon_core.shell:create_environment_hook('robotic_arm', 'cmake_prefix_path')
[0.767s] INFO:colcon.colcon_core.shell:Creating environment hook '/home/achy/ros2/ros2_arm/install/robotic_arm/share/robotic_arm/hook/cmake_prefix_path.ps1'
[0.767s] INFO:colcon.colcon_core.shell:Creating environment descriptor '/home/achy/ros2/ros2_arm/install/robotic_arm/share/robotic_arm/hook/cmake_prefix_path.dsv'
[0.768s] INFO:colcon.colcon_core.shell:Creating environment hook '/home/achy/ros2/ros2_arm/install/robotic_arm/share/robotic_arm/hook/cmake_prefix_path.sh'
[0.768s] Level 1:colcon.colcon_core.environment:checking '/home/achy/ros2/ros2_arm/install/robotic_arm/bin'
[0.768s] Level 1:colcon.colcon_core.environment:checking '/home/achy/ros2/ros2_arm/install/robotic_arm/lib/pkgconfig/robotic_arm.pc'
[0.768s] Level 1:colcon.colcon_core.environment:checking '/home/achy/ros2/ros2_arm/install/robotic_arm/lib/python3.12/site-packages'
[0.769s] Level 1:colcon.colcon_core.environment:checking '/home/achy/ros2/ros2_arm/install/robotic_arm/bin'
[0.769s] INFO:colcon.colcon_core.shell:Creating package script '/home/achy/ros2/ros2_arm/install/robotic_arm/share/robotic_arm/package.ps1'
[0.769s] INFO:colcon.colcon_core.shell:Creating package descriptor '/home/achy/ros2/ros2_arm/install/robotic_arm/share/robotic_arm/package.dsv'
[0.770s] INFO:colcon.colcon_core.shell:Creating package script '/home/achy/ros2/ros2_arm/install/robotic_arm/share/robotic_arm/package.sh'
[0.770s] INFO:colcon.colcon_core.shell:Creating package script '/home/achy/ros2/ros2_arm/install/robotic_arm/share/robotic_arm/package.bash'
[0.771s] INFO:colcon.colcon_core.shell:Creating package script '/home/achy/ros2/ros2_arm/install/robotic_arm/share/robotic_arm/package.zsh'
[0.771s] Level 1:colcon.colcon_core.environment:create_file_with_runtime_dependencies(/home/achy/ros2/ros2_arm/install/robotic_arm/share/colcon-core/packages/robotic_arm)
[0.771s] DEBUG:colcon.colcon_parallel_executor.executor.parallel:closing loop
[0.772s] DEBUG:colcon.colcon_parallel_executor.executor.parallel:loop closed
[0.772s] DEBUG:colcon.colcon_parallel_executor.executor.parallel:run_until_complete finished with '0'
[0.772s] DEBUG:colcon.colcon_core.event_reactor:joining thread
[0.782s] INFO:colcon.colcon_core.plugin_system:Skipping extension 'colcon_notification.desktop_notification.terminal_notifier': Not used on non-Darwin systems
[0.782s] INFO:colcon.colcon_core.plugin_system:Skipping extension 'colcon_notification.desktop_notification.win32': Not used on non-Windows systems
[0.782s] INFO:colcon.colcon_notification.desktop_notification:Sending desktop notification using 'notify2'
[0.805s] DEBUG:colcon.colcon_core.event_reactor:joined thread
[0.805s] INFO:colcon.colcon_core.shell:Creating prefix script '/home/achy/ros2/ros2_arm/install/local_setup.ps1'
[0.806s] INFO:colcon.colcon_core.shell:Creating prefix util module '/home/achy/ros2/ros2_arm/install/_local_setup_util_ps1.py'
[0.808s] INFO:colcon.colcon_core.shell:Creating prefix chain script '/home/achy/ros2/ros2_arm/install/setup.ps1'
[0.809s] INFO:colcon.colcon_core.shell:Creating prefix script '/home/achy/ros2/ros2_arm/install/local_setup.sh'
[0.811s] INFO:colcon.colcon_core.shell:Creating prefix util module '/home/achy/ros2/ros2_arm/install/_local_setup_util_sh.py'
[0.814s] INFO:colcon.colcon_core.shell:Creating prefix chain script '/home/achy/ros2/ros2_arm/install/setup.sh'
[0.817s] INFO:colcon.colcon_core.shell:Creating prefix script '/home/achy/ros2/ros2_arm/install/local_setup.bash'
[0.818s] INFO:colcon.colcon_core.shell:Creating prefix chain script '/home/achy/ros2/ros2_arm/install/setup.bash'
[0.819s] INFO:colcon.colcon_core.shell:Creating prefix script '/home/achy/ros2/ros2_arm/install/local_setup.zsh'
[0.820s] INFO:colcon.colcon_core.shell:Creating prefix chain script '/home/achy/ros2/ros2_arm/install/setup.zsh'
