[0.059s] Invoking command in '/home/achy/ros2/ros2_arm/build/robotic_arm_description': CMAKE_PREFIX_PATH=${CMAKE_PREFIX_PATH}:/opt/ros/jazzy DEBUGINFOD_URLS=https://debuginfod.ubuntu.com /usr/bin/cmake --build /home/achy/ros2/ros2_arm/build/robotic_arm_description -- -j8 -l8
[0.161s] -- Found ament_cmake: 2.5.4 (/opt/ros/jazzy/share/ament_cmake/cmake)
[0.640s] -- Override CMake install command with custom implementation using symlinks instead of copying resources
[0.646s] -- Found ament_lint_auto: 0.17.2 (/opt/ros/jazzy/share/ament_lint_auto/cmake)
[0.718s] -- Added test 'flake8' to check Python code syntax and style conventions
[0.719s] -- Configured 'flake8' exclude dirs and/or files: 
[0.720s] -- Added test 'lint_cmake' to check CMake code style
[0.721s] -- Added test 'pep257' to check Python code against some of the docstring style conventions in PEP 257
[0.721s] -- Added test 'xmllint' to check XML markup files
[0.721s] -- Configuring done (0.5s)
[0.723s] -- Generating done (0.0s)
[0.723s] -- Build files have been written to: /home/achy/ros2/ros2_arm/build/robotic_arm_description
[0.798s] Invoked command in '/home/achy/ros2/ros2_arm/build/robotic_arm_description' returned '0': CMAKE_PREFIX_PATH=${CMAKE_PREFIX_PATH}:/opt/ros/jazzy DEBUGINFOD_URLS=https://debuginfod.ubuntu.com /usr/bin/cmake --build /home/achy/ros2/ros2_arm/build/robotic_arm_description -- -j8 -l8
[0.800s] Invoking command in '/home/achy/ros2/ros2_arm/build/robotic_arm_description': CMAKE_PREFIX_PATH=${CMAKE_PREFIX_PATH}:/opt/ros/jazzy DEBUGINFOD_URLS=https://debuginfod.ubuntu.com /usr/bin/cmake --install /home/achy/ros2/ros2_arm/build/robotic_arm_description
[0.822s] -- Install configuration: ""
[0.822s] -- Execute custom install script
[0.823s] -- Up-to-date symlink: /home/achy/ros2/ros2_arm/install/robotic_arm_description/share/robotic_arm_description/launch/robot_state_publisher.launch.py
[0.824s] -- Symlinking: /home/achy/ros2/ros2_arm/install/robotic_arm_description/share/robotic_arm_description/urdf/control/gazebo_sim_ros2_control.urdf.xacro
[0.847s] -- Symlinking: /home/achy/ros2/ros2_arm/install/robotic_arm_description/share/robotic_arm_description/urdf/control/robotic_arm_280_ros2_control.urdf.xacro
[0.870s] -- Symlinking: /home/achy/ros2/ros2_arm/install/robotic_arm_description/share/robotic_arm_description/urdf/robots/robotic_arm_280.urdf.xacro
[0.890s] -- Up-to-date symlink: /home/achy/ros2/ros2_arm/install/robotic_arm_description/share/ament_index/resource_index/package_run_dependencies/robotic_arm_description
[0.890s] -- Up-to-date symlink: /home/achy/ros2/ros2_arm/install/robotic_arm_description/share/ament_index/resource_index/parent_prefix_path/robotic_arm_description
[0.891s] -- Up-to-date symlink: /home/achy/ros2/ros2_arm/install/robotic_arm_description/share/robotic_arm_description/environment/ament_prefix_path.sh
[0.891s] -- Up-to-date symlink: /home/achy/ros2/ros2_arm/install/robotic_arm_description/share/robotic_arm_description/environment/ament_prefix_path.dsv
[0.891s] -- Up-to-date symlink: /home/achy/ros2/ros2_arm/install/robotic_arm_description/share/robotic_arm_description/environment/path.sh
[0.891s] -- Up-to-date symlink: /home/achy/ros2/ros2_arm/install/robotic_arm_description/share/robotic_arm_description/environment/path.dsv
[0.892s] -- Up-to-date symlink: /home/achy/ros2/ros2_arm/install/robotic_arm_description/share/robotic_arm_description/local_setup.bash
[0.892s] -- Up-to-date symlink: /home/achy/ros2/ros2_arm/install/robotic_arm_description/share/robotic_arm_description/local_setup.sh
[0.892s] -- Up-to-date symlink: /home/achy/ros2/ros2_arm/install/robotic_arm_description/share/robotic_arm_description/local_setup.zsh
[0.893s] -- Up-to-date symlink: /home/achy/ros2/ros2_arm/install/robotic_arm_description/share/robotic_arm_description/local_setup.dsv
[0.893s] -- Symlinking: /home/achy/ros2/ros2_arm/install/robotic_arm_description/share/robotic_arm_description/package.dsv
[0.919s] -- Up-to-date symlink: /home/achy/ros2/ros2_arm/install/robotic_arm_description/share/ament_index/resource_index/packages/robotic_arm_description
[0.920s] -- Up-to-date symlink: /home/achy/ros2/ros2_arm/install/robotic_arm_description/share/robotic_arm_description/cmake/robotic_arm_descriptionConfig.cmake
[0.923s] -- Up-to-date symlink: /home/achy/ros2/ros2_arm/install/robotic_arm_description/share/robotic_arm_description/cmake/robotic_arm_descriptionConfig-version.cmake
[0.925s] -- Up-to-date symlink: /home/achy/ros2/ros2_arm/install/robotic_arm_description/share/robotic_arm_description/package.xml
[0.929s] Invoked command in '/home/achy/ros2/ros2_arm/build/robotic_arm_description' returned '0': CMAKE_PREFIX_PATH=${CMAKE_PREFIX_PATH}:/opt/ros/jazzy DEBUGINFOD_URLS=https://debuginfod.ubuntu.com /usr/bin/cmake --install /home/achy/ros2/ros2_arm/build/robotic_arm_description
