[0.085s] DEBUG:colcon:Command line arguments: ['/usr/bin/colcon', 'build']
[0.085s] DEBUG:colcon:Parsed command line arguments: Namespace(log_base=None, log_level=None, verb_name='build', build_base='build', install_base='install', merge_install=False, symlink_install=False, test_result_base=None, continue_on_error=False, executor='parallel', parallel_workers=8, event_handlers=None, ignore_user_meta=False, metas=['./colcon.meta'], base_paths=['.'], packages_ignore=None, packages_ignore_regex=None, paths=None, packages_up_to=None, packages_up_to_regex=None, packages_above=None, packages_above_and_dependencies=None, packages_above_depth=None, packages_select_by_dep=None, packages_skip_by_dep=None, packages_skip_up_to=None, packages_select_build_failed=False, packages_skip_build_finished=False, packages_select_test_failures=False, packages_skip_test_passed=False, packages_select=None, packages_skip=None, packages_select_regex=None, packages_skip_regex=None, packages_start=None, packages_end=None, allow_overriding=[], cmake_args=None, cmake_target=None, cmake_target_skip_unavailable=False, cmake_clean_cache=False, cmake_clean_first=False, cmake_force_configure=False, ament_cmake_args=None, catkin_cmake_args=None, catkin_skip_building_tests=False, mixin_files=None, mixin=None, verb_parser=<colcon_mixin.mixin.mixin_argument.MixinArgumentDecorator object at 0x78852b470aa0>, verb_extension=<colcon_core.verb.build.BuildVerb object at 0x78852bf4e510>, main=<bound method BuildVerb.main of <colcon_core.verb.build.BuildVerb object at 0x78852bf4e510>>, mixin_verb=('build',))
[0.117s] Level 1:colcon.colcon_core.package_discovery:discover_packages(colcon_meta) check parameters
[0.117s] Level 1:colcon.colcon_core.package_discovery:discover_packages(recursive) check parameters
[0.117s] Level 1:colcon.colcon_core.package_discovery:discover_packages(ignore) check parameters
[0.117s] Level 1:colcon.colcon_core.package_discovery:discover_packages(path) check parameters
[0.117s] Level 1:colcon.colcon_core.package_discovery:discover_packages(colcon_meta) discover
[0.117s] Level 1:colcon.colcon_core.package_discovery:discover_packages(recursive) discover
[0.117s] INFO:colcon.colcon_core.package_discovery:Crawling recursively for packages in '/home/achy/ros2/ros2_arm'
[0.117s] Level 1:colcon.colcon_core.package_identification:_identify(.) by extensions ['ignore', 'ignore_ament_install']
[0.117s] Level 1:colcon.colcon_core.package_identification:_identify(.) by extension 'ignore'
[0.117s] Level 1:colcon.colcon_core.package_identification:_identify(.) by extension 'ignore_ament_install'
[0.117s] Level 1:colcon.colcon_core.package_identification:_identify(.) by extensions ['colcon_pkg']
[0.117s] Level 1:colcon.colcon_core.package_identification:_identify(.) by extension 'colcon_pkg'
[0.117s] Level 1:colcon.colcon_core.package_identification:_identify(.) by extensions ['colcon_meta']
[0.117s] Level 1:colcon.colcon_core.package_identification:_identify(.) by extension 'colcon_meta'
[0.117s] Level 1:colcon.colcon_core.package_identification:_identify(.) by extensions ['ros']
[0.117s] Level 1:colcon.colcon_core.package_identification:_identify(.) by extension 'ros'
[0.139s] Level 1:colcon.colcon_core.package_identification:_identify(.) by extensions ['cmake', 'python']
[0.139s] Level 1:colcon.colcon_core.package_identification:_identify(.) by extension 'cmake'
[0.139s] Level 1:colcon.colcon_core.package_identification:_identify(.) by extension 'python'
[0.139s] Level 1:colcon.colcon_core.package_identification:_identify(.) by extensions ['python_setup_py']
[0.139s] Level 1:colcon.colcon_core.package_identification:_identify(.) by extension 'python_setup_py'
[0.139s] Level 1:colcon.colcon_core.package_identification:_identify(build) by extensions ['ignore', 'ignore_ament_install']
[0.139s] Level 1:colcon.colcon_core.package_identification:_identify(build) by extension 'ignore'
[0.139s] Level 1:colcon.colcon_core.package_identification:_identify(build) ignored
[0.139s] Level 1:colcon.colcon_core.package_identification:_identify(install) by extensions ['ignore', 'ignore_ament_install']
[0.140s] Level 1:colcon.colcon_core.package_identification:_identify(install) by extension 'ignore'
[0.140s] Level 1:colcon.colcon_core.package_identification:_identify(install) ignored
[0.140s] Level 1:colcon.colcon_core.package_identification:_identify(log) by extensions ['ignore', 'ignore_ament_install']
[0.140s] Level 1:colcon.colcon_core.package_identification:_identify(log) by extension 'ignore'
[0.140s] Level 1:colcon.colcon_core.package_identification:_identify(log) ignored
[0.140s] Level 1:colcon.colcon_core.package_identification:_identify(src) by extensions ['ignore', 'ignore_ament_install']
[0.140s] Level 1:colcon.colcon_core.package_identification:_identify(src) by extension 'ignore'
[0.140s] Level 1:colcon.colcon_core.package_identification:_identify(src) by extension 'ignore_ament_install'
[0.140s] Level 1:colcon.colcon_core.package_identification:_identify(src) by extensions ['colcon_pkg']
[0.140s] Level 1:colcon.colcon_core.package_identification:_identify(src) by extension 'colcon_pkg'
[0.140s] Level 1:colcon.colcon_core.package_identification:_identify(src) by extensions ['colcon_meta']
[0.140s] Level 1:colcon.colcon_core.package_identification:_identify(src) by extension 'colcon_meta'
[0.140s] Level 1:colcon.colcon_core.package_identification:_identify(src) by extensions ['ros']
[0.140s] Level 1:colcon.colcon_core.package_identification:_identify(src) by extension 'ros'
[0.140s] Level 1:colcon.colcon_core.package_identification:_identify(src) by extensions ['cmake', 'python']
[0.140s] Level 1:colcon.colcon_core.package_identification:_identify(src) by extension 'cmake'
[0.140s] Level 1:colcon.colcon_core.package_identification:_identify(src) by extension 'python'
[0.140s] Level 1:colcon.colcon_core.package_identification:_identify(src) by extensions ['python_setup_py']
[0.140s] Level 1:colcon.colcon_core.package_identification:_identify(src) by extension 'python_setup_py'
[0.141s] Level 1:colcon.colcon_core.package_identification:_identify(src/robotic_arm) by extensions ['ignore', 'ignore_ament_install']
[0.141s] Level 1:colcon.colcon_core.package_identification:_identify(src/robotic_arm) by extension 'ignore'
[0.141s] Level 1:colcon.colcon_core.package_identification:_identify(src/robotic_arm) by extension 'ignore_ament_install'
[0.141s] Level 1:colcon.colcon_core.package_identification:_identify(src/robotic_arm) by extensions ['colcon_pkg']
[0.141s] Level 1:colcon.colcon_core.package_identification:_identify(src/robotic_arm) by extension 'colcon_pkg'
[0.141s] Level 1:colcon.colcon_core.package_identification:_identify(src/robotic_arm) by extensions ['colcon_meta']
[0.141s] Level 1:colcon.colcon_core.package_identification:_identify(src/robotic_arm) by extension 'colcon_meta'
[0.141s] Level 1:colcon.colcon_core.package_identification:_identify(src/robotic_arm) by extensions ['ros']
[0.141s] Level 1:colcon.colcon_core.package_identification:_identify(src/robotic_arm) by extension 'ros'
[0.141s] Level 1:colcon.colcon_core.package_identification:_identify(src/robotic_arm) by extensions ['cmake', 'python']
[0.141s] Level 1:colcon.colcon_core.package_identification:_identify(src/robotic_arm) by extension 'cmake'
[0.141s] Level 1:colcon.colcon_core.package_identification:_identify(src/robotic_arm) by extension 'python'
[0.141s] Level 1:colcon.colcon_core.package_identification:_identify(src/robotic_arm) by extensions ['python_setup_py']
[0.141s] Level 1:colcon.colcon_core.package_identification:_identify(src/robotic_arm) by extension 'python_setup_py'
[0.141s] Level 1:colcon.colcon_core.package_identification:_identify(src/robotic_arm/robotic_arm) by extensions ['ignore', 'ignore_ament_install']
[0.141s] Level 1:colcon.colcon_core.package_identification:_identify(src/robotic_arm/robotic_arm) by extension 'ignore'
[0.141s] Level 1:colcon.colcon_core.package_identification:_identify(src/robotic_arm/robotic_arm) by extension 'ignore_ament_install'
[0.141s] Level 1:colcon.colcon_core.package_identification:_identify(src/robotic_arm/robotic_arm) by extensions ['colcon_pkg']
[0.142s] Level 1:colcon.colcon_core.package_identification:_identify(src/robotic_arm/robotic_arm) by extension 'colcon_pkg'
[0.142s] Level 1:colcon.colcon_core.package_identification:_identify(src/robotic_arm/robotic_arm) by extensions ['colcon_meta']
[0.142s] Level 1:colcon.colcon_core.package_identification:_identify(src/robotic_arm/robotic_arm) by extension 'colcon_meta'
[0.142s] Level 1:colcon.colcon_core.package_identification:_identify(src/robotic_arm/robotic_arm) by extensions ['ros']
[0.142s] Level 1:colcon.colcon_core.package_identification:_identify(src/robotic_arm/robotic_arm) by extension 'ros'
[0.144s] DEBUG:colcon.colcon_core.package_identification:Package 'src/robotic_arm/robotic_arm' with type 'ros.ament_cmake' and name 'robotic_arm'
[0.144s] Level 1:colcon.colcon_core.package_identification:_identify(src/robotic_arm/robotic_arm_bringup) by extensions ['ignore', 'ignore_ament_install']
[0.144s] Level 1:colcon.colcon_core.package_identification:_identify(src/robotic_arm/robotic_arm_bringup) by extension 'ignore'
[0.144s] Level 1:colcon.colcon_core.package_identification:_identify(src/robotic_arm/robotic_arm_bringup) by extension 'ignore_ament_install'
[0.144s] Level 1:colcon.colcon_core.package_identification:_identify(src/robotic_arm/robotic_arm_bringup) by extensions ['colcon_pkg']
[0.144s] Level 1:colcon.colcon_core.package_identification:_identify(src/robotic_arm/robotic_arm_bringup) by extension 'colcon_pkg'
[0.144s] Level 1:colcon.colcon_core.package_identification:_identify(src/robotic_arm/robotic_arm_bringup) by extensions ['colcon_meta']
[0.144s] Level 1:colcon.colcon_core.package_identification:_identify(src/robotic_arm/robotic_arm_bringup) by extension 'colcon_meta'
[0.144s] Level 1:colcon.colcon_core.package_identification:_identify(src/robotic_arm/robotic_arm_bringup) by extensions ['ros']
[0.144s] Level 1:colcon.colcon_core.package_identification:_identify(src/robotic_arm/robotic_arm_bringup) by extension 'ros'
[0.145s] DEBUG:colcon.colcon_core.package_identification:Package 'src/robotic_arm/robotic_arm_bringup' with type 'ros.ament_cmake' and name 'robotic_arm_bringup'
[0.145s] Level 1:colcon.colcon_core.package_identification:_identify(src/robotic_arm/robotic_arm_description) by extensions ['ignore', 'ignore_ament_install']
[0.145s] Level 1:colcon.colcon_core.package_identification:_identify(src/robotic_arm/robotic_arm_description) by extension 'ignore'
[0.145s] Level 1:colcon.colcon_core.package_identification:_identify(src/robotic_arm/robotic_arm_description) by extension 'ignore_ament_install'
[0.145s] Level 1:colcon.colcon_core.package_identification:_identify(src/robotic_arm/robotic_arm_description) by extensions ['colcon_pkg']
[0.145s] Level 1:colcon.colcon_core.package_identification:_identify(src/robotic_arm/robotic_arm_description) by extension 'colcon_pkg'
[0.145s] Level 1:colcon.colcon_core.package_identification:_identify(src/robotic_arm/robotic_arm_description) by extensions ['colcon_meta']
[0.145s] Level 1:colcon.colcon_core.package_identification:_identify(src/robotic_arm/robotic_arm_description) by extension 'colcon_meta'
[0.145s] Level 1:colcon.colcon_core.package_identification:_identify(src/robotic_arm/robotic_arm_description) by extensions ['ros']
[0.145s] Level 1:colcon.colcon_core.package_identification:_identify(src/robotic_arm/robotic_arm_description) by extension 'ros'
[0.145s] DEBUG:colcon.colcon_core.package_identification:Package 'src/robotic_arm/robotic_arm_description' with type 'ros.ament_cmake' and name 'robotic_arm_description'
[0.146s] Level 1:colcon.colcon_core.package_identification:_identify(src/robotic_arm/robotic_arm_gazebo) by extensions ['ignore', 'ignore_ament_install']
[0.146s] Level 1:colcon.colcon_core.package_identification:_identify(src/robotic_arm/robotic_arm_gazebo) by extension 'ignore'
[0.146s] Level 1:colcon.colcon_core.package_identification:_identify(src/robotic_arm/robotic_arm_gazebo) by extension 'ignore_ament_install'
[0.146s] Level 1:colcon.colcon_core.package_identification:_identify(src/robotic_arm/robotic_arm_gazebo) by extensions ['colcon_pkg']
[0.146s] Level 1:colcon.colcon_core.package_identification:_identify(src/robotic_arm/robotic_arm_gazebo) by extension 'colcon_pkg'
[0.146s] Level 1:colcon.colcon_core.package_identification:_identify(src/robotic_arm/robotic_arm_gazebo) by extensions ['colcon_meta']
[0.146s] Level 1:colcon.colcon_core.package_identification:_identify(src/robotic_arm/robotic_arm_gazebo) by extension 'colcon_meta'
[0.146s] Level 1:colcon.colcon_core.package_identification:_identify(src/robotic_arm/robotic_arm_gazebo) by extensions ['ros']
[0.146s] Level 1:colcon.colcon_core.package_identification:_identify(src/robotic_arm/robotic_arm_gazebo) by extension 'ros'
[0.147s] DEBUG:colcon.colcon_core.package_identification:Package 'src/robotic_arm/robotic_arm_gazebo' with type 'ros.ament_cmake' and name 'robotic_arm_gazebo'
[0.147s] Level 1:colcon.colcon_core.package_identification:_identify(src/robotic_arm/robotic_arm_moveit_config) by extensions ['ignore', 'ignore_ament_install']
[0.147s] Level 1:colcon.colcon_core.package_identification:_identify(src/robotic_arm/robotic_arm_moveit_config) by extension 'ignore'
[0.147s] Level 1:colcon.colcon_core.package_identification:_identify(src/robotic_arm/robotic_arm_moveit_config) by extension 'ignore_ament_install'
[0.147s] Level 1:colcon.colcon_core.package_identification:_identify(src/robotic_arm/robotic_arm_moveit_config) by extensions ['colcon_pkg']
[0.147s] Level 1:colcon.colcon_core.package_identification:_identify(src/robotic_arm/robotic_arm_moveit_config) by extension 'colcon_pkg'
[0.147s] Level 1:colcon.colcon_core.package_identification:_identify(src/robotic_arm/robotic_arm_moveit_config) by extensions ['colcon_meta']
[0.147s] Level 1:colcon.colcon_core.package_identification:_identify(src/robotic_arm/robotic_arm_moveit_config) by extension 'colcon_meta'
[0.147s] Level 1:colcon.colcon_core.package_identification:_identify(src/robotic_arm/robotic_arm_moveit_config) by extensions ['ros']
[0.147s] Level 1:colcon.colcon_core.package_identification:_identify(src/robotic_arm/robotic_arm_moveit_config) by extension 'ros'
[0.148s] DEBUG:colcon.colcon_core.package_identification:Package 'src/robotic_arm/robotic_arm_moveit_config' with type 'ros.ament_cmake' and name 'robotic_arm_moveit_config'
[0.148s] Level 1:colcon.colcon_core.package_identification:_identify(src/robotic_arm/robotic_arm_sys_test) by extensions ['ignore', 'ignore_ament_install']
[0.148s] Level 1:colcon.colcon_core.package_identification:_identify(src/robotic_arm/robotic_arm_sys_test) by extension 'ignore'
[0.148s] Level 1:colcon.colcon_core.package_identification:_identify(src/robotic_arm/robotic_arm_sys_test) by extension 'ignore_ament_install'
[0.148s] Level 1:colcon.colcon_core.package_identification:_identify(src/robotic_arm/robotic_arm_sys_test) by extensions ['colcon_pkg']
[0.148s] Level 1:colcon.colcon_core.package_identification:_identify(src/robotic_arm/robotic_arm_sys_test) by extension 'colcon_pkg'
[0.148s] Level 1:colcon.colcon_core.package_identification:_identify(src/robotic_arm/robotic_arm_sys_test) by extensions ['colcon_meta']
[0.148s] Level 1:colcon.colcon_core.package_identification:_identify(src/robotic_arm/robotic_arm_sys_test) by extension 'colcon_meta'
[0.148s] Level 1:colcon.colcon_core.package_identification:_identify(src/robotic_arm/robotic_arm_sys_test) by extensions ['ros']
[0.148s] Level 1:colcon.colcon_core.package_identification:_identify(src/robotic_arm/robotic_arm_sys_test) by extension 'ros'
[0.148s] DEBUG:colcon.colcon_core.package_identification:Package 'src/robotic_arm/robotic_arm_sys_test' with type 'ros.ament_cmake' and name 'robotic_arm_sys_test'
[0.148s] Level 1:colcon.colcon_core.package_discovery:discover_packages(recursive) using defaults
[0.148s] Level 1:colcon.colcon_core.package_discovery:discover_packages(ignore) discover
[0.148s] Level 1:colcon.colcon_core.package_discovery:discover_packages(ignore) using defaults
[0.148s] Level 1:colcon.colcon_core.package_discovery:discover_packages(path) discover
[0.148s] Level 1:colcon.colcon_core.package_discovery:discover_packages(path) using defaults
[0.162s] Level 1:colcon.colcon_core.package_discovery:discover_packages(prefix_path) check parameters
[0.162s] Level 1:colcon.colcon_core.package_discovery:discover_packages(prefix_path) discover
[0.164s] DEBUG:colcon.colcon_installed_package_information.package_discovery:Found 6 installed packages in /home/achy/ros2/ros2_arm/install
[0.165s] DEBUG:colcon.colcon_installed_package_information.package_discovery:Found 457 installed packages in /opt/ros/jazzy
[0.167s] Level 1:colcon.colcon_core.package_discovery:discover_packages(prefix_path) using defaults
[0.207s] Level 5:colcon.colcon_core.verb:set package 'robotic_arm_bringup' build argument 'cmake_args' from command line to 'None'
[0.207s] Level 5:colcon.colcon_core.verb:set package 'robotic_arm_bringup' build argument 'cmake_target' from command line to 'None'
[0.207s] Level 5:colcon.colcon_core.verb:set package 'robotic_arm_bringup' build argument 'cmake_target_skip_unavailable' from command line to 'False'
[0.207s] Level 5:colcon.colcon_core.verb:set package 'robotic_arm_bringup' build argument 'cmake_clean_cache' from command line to 'False'
[0.207s] Level 5:colcon.colcon_core.verb:set package 'robotic_arm_bringup' build argument 'cmake_clean_first' from command line to 'False'
[0.207s] Level 5:colcon.colcon_core.verb:set package 'robotic_arm_bringup' build argument 'cmake_force_configure' from command line to 'False'
[0.207s] Level 5:colcon.colcon_core.verb:set package 'robotic_arm_bringup' build argument 'ament_cmake_args' from command line to 'None'
[0.207s] Level 5:colcon.colcon_core.verb:set package 'robotic_arm_bringup' build argument 'catkin_cmake_args' from command line to 'None'
[0.207s] Level 5:colcon.colcon_core.verb:set package 'robotic_arm_bringup' build argument 'catkin_skip_building_tests' from command line to 'False'
[0.207s] DEBUG:colcon.colcon_core.verb:Building package 'robotic_arm_bringup' with the following arguments: {'ament_cmake_args': None, 'build_base': '/home/achy/ros2/ros2_arm/build/robotic_arm_bringup', 'catkin_cmake_args': None, 'catkin_skip_building_tests': False, 'cmake_args': None, 'cmake_clean_cache': False, 'cmake_clean_first': False, 'cmake_force_configure': False, 'cmake_target': None, 'cmake_target_skip_unavailable': False, 'install_base': '/home/achy/ros2/ros2_arm/install/robotic_arm_bringup', 'merge_install': False, 'path': '/home/achy/ros2/ros2_arm/src/robotic_arm/robotic_arm_bringup', 'symlink_install': False, 'test_result_base': None}
[0.208s] Level 5:colcon.colcon_core.verb:set package 'robotic_arm_description' build argument 'cmake_args' from command line to 'None'
[0.208s] Level 5:colcon.colcon_core.verb:set package 'robotic_arm_description' build argument 'cmake_target' from command line to 'None'
[0.208s] Level 5:colcon.colcon_core.verb:set package 'robotic_arm_description' build argument 'cmake_target_skip_unavailable' from command line to 'False'
[0.208s] Level 5:colcon.colcon_core.verb:set package 'robotic_arm_description' build argument 'cmake_clean_cache' from command line to 'False'
[0.208s] Level 5:colcon.colcon_core.verb:set package 'robotic_arm_description' build argument 'cmake_clean_first' from command line to 'False'
[0.208s] Level 5:colcon.colcon_core.verb:set package 'robotic_arm_description' build argument 'cmake_force_configure' from command line to 'False'
[0.208s] Level 5:colcon.colcon_core.verb:set package 'robotic_arm_description' build argument 'ament_cmake_args' from command line to 'None'
[0.208s] Level 5:colcon.colcon_core.verb:set package 'robotic_arm_description' build argument 'catkin_cmake_args' from command line to 'None'
[0.208s] Level 5:colcon.colcon_core.verb:set package 'robotic_arm_description' build argument 'catkin_skip_building_tests' from command line to 'False'
[0.208s] DEBUG:colcon.colcon_core.verb:Building package 'robotic_arm_description' with the following arguments: {'ament_cmake_args': None, 'build_base': '/home/achy/ros2/ros2_arm/build/robotic_arm_description', 'catkin_cmake_args': None, 'catkin_skip_building_tests': False, 'cmake_args': None, 'cmake_clean_cache': False, 'cmake_clean_first': False, 'cmake_force_configure': False, 'cmake_target': None, 'cmake_target_skip_unavailable': False, 'install_base': '/home/achy/ros2/ros2_arm/install/robotic_arm_description', 'merge_install': False, 'path': '/home/achy/ros2/ros2_arm/src/robotic_arm/robotic_arm_description', 'symlink_install': False, 'test_result_base': None}
[0.208s] Level 5:colcon.colcon_core.verb:set package 'robotic_arm_gazebo' build argument 'cmake_args' from command line to 'None'
[0.208s] Level 5:colcon.colcon_core.verb:set package 'robotic_arm_gazebo' build argument 'cmake_target' from command line to 'None'
[0.208s] Level 5:colcon.colcon_core.verb:set package 'robotic_arm_gazebo' build argument 'cmake_target_skip_unavailable' from command line to 'False'
[0.208s] Level 5:colcon.colcon_core.verb:set package 'robotic_arm_gazebo' build argument 'cmake_clean_cache' from command line to 'False'
[0.208s] Level 5:colcon.colcon_core.verb:set package 'robotic_arm_gazebo' build argument 'cmake_clean_first' from command line to 'False'
[0.208s] Level 5:colcon.colcon_core.verb:set package 'robotic_arm_gazebo' build argument 'cmake_force_configure' from command line to 'False'
[0.208s] Level 5:colcon.colcon_core.verb:set package 'robotic_arm_gazebo' build argument 'ament_cmake_args' from command line to 'None'
[0.208s] Level 5:colcon.colcon_core.verb:set package 'robotic_arm_gazebo' build argument 'catkin_cmake_args' from command line to 'None'
[0.208s] Level 5:colcon.colcon_core.verb:set package 'robotic_arm_gazebo' build argument 'catkin_skip_building_tests' from command line to 'False'
[0.208s] DEBUG:colcon.colcon_core.verb:Building package 'robotic_arm_gazebo' with the following arguments: {'ament_cmake_args': None, 'build_base': '/home/achy/ros2/ros2_arm/build/robotic_arm_gazebo', 'catkin_cmake_args': None, 'catkin_skip_building_tests': False, 'cmake_args': None, 'cmake_clean_cache': False, 'cmake_clean_first': False, 'cmake_force_configure': False, 'cmake_target': None, 'cmake_target_skip_unavailable': False, 'install_base': '/home/achy/ros2/ros2_arm/install/robotic_arm_gazebo', 'merge_install': False, 'path': '/home/achy/ros2/ros2_arm/src/robotic_arm/robotic_arm_gazebo', 'symlink_install': False, 'test_result_base': None}
[0.208s] Level 5:colcon.colcon_core.verb:set package 'robotic_arm_moveit_config' build argument 'cmake_args' from command line to 'None'
[0.208s] Level 5:colcon.colcon_core.verb:set package 'robotic_arm_moveit_config' build argument 'cmake_target' from command line to 'None'
[0.208s] Level 5:colcon.colcon_core.verb:set package 'robotic_arm_moveit_config' build argument 'cmake_target_skip_unavailable' from command line to 'False'
[0.209s] Level 5:colcon.colcon_core.verb:set package 'robotic_arm_moveit_config' build argument 'cmake_clean_cache' from command line to 'False'
[0.209s] Level 5:colcon.colcon_core.verb:set package 'robotic_arm_moveit_config' build argument 'cmake_clean_first' from command line to 'False'
[0.209s] Level 5:colcon.colcon_core.verb:set package 'robotic_arm_moveit_config' build argument 'cmake_force_configure' from command line to 'False'
[0.209s] Level 5:colcon.colcon_core.verb:set package 'robotic_arm_moveit_config' build argument 'ament_cmake_args' from command line to 'None'
[0.209s] Level 5:colcon.colcon_core.verb:set package 'robotic_arm_moveit_config' build argument 'catkin_cmake_args' from command line to 'None'
[0.209s] Level 5:colcon.colcon_core.verb:set package 'robotic_arm_moveit_config' build argument 'catkin_skip_building_tests' from command line to 'False'
[0.209s] DEBUG:colcon.colcon_core.verb:Building package 'robotic_arm_moveit_config' with the following arguments: {'ament_cmake_args': None, 'build_base': '/home/achy/ros2/ros2_arm/build/robotic_arm_moveit_config', 'catkin_cmake_args': None, 'catkin_skip_building_tests': False, 'cmake_args': None, 'cmake_clean_cache': False, 'cmake_clean_first': False, 'cmake_force_configure': False, 'cmake_target': None, 'cmake_target_skip_unavailable': False, 'install_base': '/home/achy/ros2/ros2_arm/install/robotic_arm_moveit_config', 'merge_install': False, 'path': '/home/achy/ros2/ros2_arm/src/robotic_arm/robotic_arm_moveit_config', 'symlink_install': False, 'test_result_base': None}
[0.209s] Level 5:colcon.colcon_core.verb:set package 'robotic_arm_sys_test' build argument 'cmake_args' from command line to 'None'
[0.209s] Level 5:colcon.colcon_core.verb:set package 'robotic_arm_sys_test' build argument 'cmake_target' from command line to 'None'
[0.209s] Level 5:colcon.colcon_core.verb:set package 'robotic_arm_sys_test' build argument 'cmake_target_skip_unavailable' from command line to 'False'
[0.209s] Level 5:colcon.colcon_core.verb:set package 'robotic_arm_sys_test' build argument 'cmake_clean_cache' from command line to 'False'
[0.209s] Level 5:colcon.colcon_core.verb:set package 'robotic_arm_sys_test' build argument 'cmake_clean_first' from command line to 'False'
[0.209s] Level 5:colcon.colcon_core.verb:set package 'robotic_arm_sys_test' build argument 'cmake_force_configure' from command line to 'False'
[0.209s] Level 5:colcon.colcon_core.verb:set package 'robotic_arm_sys_test' build argument 'ament_cmake_args' from command line to 'None'
[0.209s] Level 5:colcon.colcon_core.verb:set package 'robotic_arm_sys_test' build argument 'catkin_cmake_args' from command line to 'None'
[0.209s] Level 5:colcon.colcon_core.verb:set package 'robotic_arm_sys_test' build argument 'catkin_skip_building_tests' from command line to 'False'
[0.209s] DEBUG:colcon.colcon_core.verb:Building package 'robotic_arm_sys_test' with the following arguments: {'ament_cmake_args': None, 'build_base': '/home/achy/ros2/ros2_arm/build/robotic_arm_sys_test', 'catkin_cmake_args': None, 'catkin_skip_building_tests': False, 'cmake_args': None, 'cmake_clean_cache': False, 'cmake_clean_first': False, 'cmake_force_configure': False, 'cmake_target': None, 'cmake_target_skip_unavailable': False, 'install_base': '/home/achy/ros2/ros2_arm/install/robotic_arm_sys_test', 'merge_install': False, 'path': '/home/achy/ros2/ros2_arm/src/robotic_arm/robotic_arm_sys_test', 'symlink_install': False, 'test_result_base': None}
[0.209s] Level 5:colcon.colcon_core.verb:set package 'robotic_arm' build argument 'cmake_args' from command line to 'None'
[0.209s] Level 5:colcon.colcon_core.verb:set package 'robotic_arm' build argument 'cmake_target' from command line to 'None'
[0.209s] Level 5:colcon.colcon_core.verb:set package 'robotic_arm' build argument 'cmake_target_skip_unavailable' from command line to 'False'
[0.209s] Level 5:colcon.colcon_core.verb:set package 'robotic_arm' build argument 'cmake_clean_cache' from command line to 'False'
[0.209s] Level 5:colcon.colcon_core.verb:set package 'robotic_arm' build argument 'cmake_clean_first' from command line to 'False'
[0.209s] Level 5:colcon.colcon_core.verb:set package 'robotic_arm' build argument 'cmake_force_configure' from command line to 'False'
[0.209s] Level 5:colcon.colcon_core.verb:set package 'robotic_arm' build argument 'ament_cmake_args' from command line to 'None'
[0.209s] Level 5:colcon.colcon_core.verb:set package 'robotic_arm' build argument 'catkin_cmake_args' from command line to 'None'
[0.209s] Level 5:colcon.colcon_core.verb:set package 'robotic_arm' build argument 'catkin_skip_building_tests' from command line to 'False'
[0.209s] DEBUG:colcon.colcon_core.verb:Building package 'robotic_arm' with the following arguments: {'ament_cmake_args': None, 'build_base': '/home/achy/ros2/ros2_arm/build/robotic_arm', 'catkin_cmake_args': None, 'catkin_skip_building_tests': False, 'cmake_args': None, 'cmake_clean_cache': False, 'cmake_clean_first': False, 'cmake_force_configure': False, 'cmake_target': None, 'cmake_target_skip_unavailable': False, 'install_base': '/home/achy/ros2/ros2_arm/install/robotic_arm', 'merge_install': False, 'path': '/home/achy/ros2/ros2_arm/src/robotic_arm/robotic_arm', 'symlink_install': False, 'test_result_base': None}
[0.209s] INFO:colcon.colcon_core.executor:Executing jobs using 'parallel' executor
[0.210s] DEBUG:colcon.colcon_parallel_executor.executor.parallel:run_until_complete
[0.211s] INFO:colcon.colcon_ros.task.ament_cmake.build:Building ROS package in '/home/achy/ros2/ros2_arm/src/robotic_arm/robotic_arm_bringup' with build type 'ament_cmake'
[0.211s] INFO:colcon.colcon_cmake.task.cmake.build:Building CMake package in '/home/achy/ros2/ros2_arm/src/robotic_arm/robotic_arm_bringup'
[0.213s] INFO:colcon.colcon_core.plugin_system:Skipping extension 'colcon_core.shell.bat': Not used on non-Windows systems
[0.213s] INFO:colcon.colcon_core.shell:Skip shell extension 'powershell' for command environment: Not usable outside of PowerShell
[0.213s] DEBUG:colcon.colcon_core.shell:Skip shell extension 'dsv' for command environment
[0.217s] INFO:colcon.colcon_ros.task.ament_cmake.build:Building ROS package in '/home/achy/ros2/ros2_arm/src/robotic_arm/robotic_arm_description' with build type 'ament_cmake'
[0.217s] INFO:colcon.colcon_cmake.task.cmake.build:Building CMake package in '/home/achy/ros2/ros2_arm/src/robotic_arm/robotic_arm_description'
[0.218s] INFO:colcon.colcon_core.shell:Skip shell extension 'powershell' for command environment: Not usable outside of PowerShell
[0.218s] DEBUG:colcon.colcon_core.shell:Skip shell extension 'dsv' for command environment
[0.221s] INFO:colcon.colcon_ros.task.ament_cmake.build:Building ROS package in '/home/achy/ros2/ros2_arm/src/robotic_arm/robotic_arm_gazebo' with build type 'ament_cmake'
[0.221s] INFO:colcon.colcon_cmake.task.cmake.build:Building CMake package in '/home/achy/ros2/ros2_arm/src/robotic_arm/robotic_arm_gazebo'
[0.222s] INFO:colcon.colcon_core.shell:Skip shell extension 'powershell' for command environment: Not usable outside of PowerShell
[0.222s] DEBUG:colcon.colcon_core.shell:Skip shell extension 'dsv' for command environment
[0.225s] INFO:colcon.colcon_ros.task.ament_cmake.build:Building ROS package in '/home/achy/ros2/ros2_arm/src/robotic_arm/robotic_arm_moveit_config' with build type 'ament_cmake'
[0.225s] INFO:colcon.colcon_cmake.task.cmake.build:Building CMake package in '/home/achy/ros2/ros2_arm/src/robotic_arm/robotic_arm_moveit_config'
[0.225s] INFO:colcon.colcon_core.shell:Skip shell extension 'powershell' for command environment: Not usable outside of PowerShell
[0.225s] DEBUG:colcon.colcon_core.shell:Skip shell extension 'dsv' for command environment
[0.228s] INFO:colcon.colcon_ros.task.ament_cmake.build:Building ROS package in '/home/achy/ros2/ros2_arm/src/robotic_arm/robotic_arm_sys_test' with build type 'ament_cmake'
[0.229s] INFO:colcon.colcon_cmake.task.cmake.build:Building CMake package in '/home/achy/ros2/ros2_arm/src/robotic_arm/robotic_arm_sys_test'
[0.229s] INFO:colcon.colcon_core.shell:Skip shell extension 'powershell' for command environment: Not usable outside of PowerShell
[0.229s] DEBUG:colcon.colcon_core.shell:Skip shell extension 'dsv' for command environment
[0.238s] DEBUG:colcon.colcon_core.event_handler.log_command:Invoking command in '/home/achy/ros2/ros2_arm/build/robotic_arm_bringup': CMAKE_PREFIX_PATH=${CMAKE_PREFIX_PATH}:/opt/ros/jazzy DEBUGINFOD_URLS=https://debuginfod.ubuntu.com /usr/bin/cmake /home/achy/ros2/ros2_arm/src/robotic_arm/robotic_arm_bringup -DCMAKE_INSTALL_PREFIX=/home/achy/ros2/ros2_arm/install/robotic_arm_bringup
[0.241s] DEBUG:colcon.colcon_core.event_handler.log_command:Invoking command in '/home/achy/ros2/ros2_arm/build/robotic_arm_description': CMAKE_PREFIX_PATH=${CMAKE_PREFIX_PATH}:/opt/ros/jazzy DEBUGINFOD_URLS=https://debuginfod.ubuntu.com /usr/bin/cmake /home/achy/ros2/ros2_arm/src/robotic_arm/robotic_arm_description -DCMAKE_INSTALL_PREFIX=/home/achy/ros2/ros2_arm/install/robotic_arm_description
[0.245s] DEBUG:colcon.colcon_core.event_handler.log_command:Invoking command in '/home/achy/ros2/ros2_arm/build/robotic_arm_gazebo': CMAKE_PREFIX_PATH=${CMAKE_PREFIX_PATH}:/opt/ros/jazzy DEBUGINFOD_URLS=https://debuginfod.ubuntu.com /usr/bin/cmake /home/achy/ros2/ros2_arm/src/robotic_arm/robotic_arm_gazebo -DCMAKE_INSTALL_PREFIX=/home/achy/ros2/ros2_arm/install/robotic_arm_gazebo
[0.251s] DEBUG:colcon.colcon_core.event_handler.log_command:Invoking command in '/home/achy/ros2/ros2_arm/build/robotic_arm_moveit_config': CMAKE_PREFIX_PATH=${CMAKE_PREFIX_PATH}:/opt/ros/jazzy DEBUGINFOD_URLS=https://debuginfod.ubuntu.com /usr/bin/cmake /home/achy/ros2/ros2_arm/src/robotic_arm/robotic_arm_moveit_config -DCMAKE_INSTALL_PREFIX=/home/achy/ros2/ros2_arm/install/robotic_arm_moveit_config
[0.258s] DEBUG:colcon.colcon_core.event_handler.log_command:Invoking command in '/home/achy/ros2/ros2_arm/build/robotic_arm_sys_test': CMAKE_PREFIX_PATH=${CMAKE_PREFIX_PATH}:/opt/ros/jazzy DEBUGINFOD_URLS=https://debuginfod.ubuntu.com /usr/bin/cmake /home/achy/ros2/ros2_arm/src/robotic_arm/robotic_arm_sys_test -DCMAKE_INSTALL_PREFIX=/home/achy/ros2/ros2_arm/install/robotic_arm_sys_test
[0.603s] DEBUG:colcon.colcon_core.event_handler.log_command:Invoked command in '/home/achy/ros2/ros2_arm/build/robotic_arm_bringup' returned '0': CMAKE_PREFIX_PATH=${CMAKE_PREFIX_PATH}:/opt/ros/jazzy DEBUGINFOD_URLS=https://debuginfod.ubuntu.com /usr/bin/cmake /home/achy/ros2/ros2_arm/src/robotic_arm/robotic_arm_bringup -DCMAKE_INSTALL_PREFIX=/home/achy/ros2/ros2_arm/install/robotic_arm_bringup
[0.605s] DEBUG:colcon.colcon_core.event_handler.log_command:Invoking command in '/home/achy/ros2/ros2_arm/build/robotic_arm_bringup': CMAKE_PREFIX_PATH=${CMAKE_PREFIX_PATH}:/opt/ros/jazzy DEBUGINFOD_URLS=https://debuginfod.ubuntu.com /usr/bin/cmake --build /home/achy/ros2/ros2_arm/build/robotic_arm_bringup -- -j8 -l8
[0.610s] DEBUG:colcon.colcon_core.event_handler.log_command:Invoked command in '/home/achy/ros2/ros2_arm/build/robotic_arm_description' returned '0': CMAKE_PREFIX_PATH=${CMAKE_PREFIX_PATH}:/opt/ros/jazzy DEBUGINFOD_URLS=https://debuginfod.ubuntu.com /usr/bin/cmake /home/achy/ros2/ros2_arm/src/robotic_arm/robotic_arm_description -DCMAKE_INSTALL_PREFIX=/home/achy/ros2/ros2_arm/install/robotic_arm_description
[0.611s] DEBUG:colcon.colcon_core.event_handler.log_command:Invoking command in '/home/achy/ros2/ros2_arm/build/robotic_arm_description': CMAKE_PREFIX_PATH=${CMAKE_PREFIX_PATH}:/opt/ros/jazzy DEBUGINFOD_URLS=https://debuginfod.ubuntu.com /usr/bin/cmake --build /home/achy/ros2/ros2_arm/build/robotic_arm_description -- -j8 -l8
[0.614s] DEBUG:colcon.colcon_core.event_handler.log_command:Invoked command in '/home/achy/ros2/ros2_arm/build/robotic_arm_sys_test' returned '0': CMAKE_PREFIX_PATH=${CMAKE_PREFIX_PATH}:/opt/ros/jazzy DEBUGINFOD_URLS=https://debuginfod.ubuntu.com /usr/bin/cmake /home/achy/ros2/ros2_arm/src/robotic_arm/robotic_arm_sys_test -DCMAKE_INSTALL_PREFIX=/home/achy/ros2/ros2_arm/install/robotic_arm_sys_test
[0.615s] DEBUG:colcon.colcon_core.event_handler.log_command:Invoking command in '/home/achy/ros2/ros2_arm/build/robotic_arm_sys_test': CMAKE_PREFIX_PATH=${CMAKE_PREFIX_PATH}:/opt/ros/jazzy DEBUGINFOD_URLS=https://debuginfod.ubuntu.com /usr/bin/cmake --build /home/achy/ros2/ros2_arm/build/robotic_arm_sys_test -- -j8 -l8
[0.621s] DEBUG:colcon.colcon_core.event_handler.log_command:Invoked command in '/home/achy/ros2/ros2_arm/build/robotic_arm_moveit_config' returned '0': CMAKE_PREFIX_PATH=${CMAKE_PREFIX_PATH}:/opt/ros/jazzy DEBUGINFOD_URLS=https://debuginfod.ubuntu.com /usr/bin/cmake /home/achy/ros2/ros2_arm/src/robotic_arm/robotic_arm_moveit_config -DCMAKE_INSTALL_PREFIX=/home/achy/ros2/ros2_arm/install/robotic_arm_moveit_config
[0.622s] DEBUG:colcon.colcon_core.event_handler.log_command:Invoking command in '/home/achy/ros2/ros2_arm/build/robotic_arm_moveit_config': CMAKE_PREFIX_PATH=${CMAKE_PREFIX_PATH}:/opt/ros/jazzy DEBUGINFOD_URLS=https://debuginfod.ubuntu.com /usr/bin/cmake --build /home/achy/ros2/ros2_arm/build/robotic_arm_moveit_config -- -j8 -l8
[0.653s] DEBUG:colcon.colcon_core.event_handler.log_command:Invoked command in '/home/achy/ros2/ros2_arm/build/robotic_arm_description' returned '0': CMAKE_PREFIX_PATH=${CMAKE_PREFIX_PATH}:/opt/ros/jazzy DEBUGINFOD_URLS=https://debuginfod.ubuntu.com /usr/bin/cmake --build /home/achy/ros2/ros2_arm/build/robotic_arm_description -- -j8 -l8
[0.663s] DEBUG:colcon.colcon_core.event_handler.log_command:Invoking command in '/home/achy/ros2/ros2_arm/build/robotic_arm_description': CMAKE_PREFIX_PATH=${CMAKE_PREFIX_PATH}:/opt/ros/jazzy DEBUGINFOD_URLS=https://debuginfod.ubuntu.com /usr/bin/cmake --install /home/achy/ros2/ros2_arm/build/robotic_arm_description
[0.665s] DEBUG:colcon.colcon_core.event_handler.log_command:Invoked command in '/home/achy/ros2/ros2_arm/build/robotic_arm_bringup' returned '0': CMAKE_PREFIX_PATH=${CMAKE_PREFIX_PATH}:/opt/ros/jazzy DEBUGINFOD_URLS=https://debuginfod.ubuntu.com /usr/bin/cmake --build /home/achy/ros2/ros2_arm/build/robotic_arm_bringup -- -j8 -l8
[0.666s] DEBUG:colcon.colcon_core.event_handler.log_command:Invoking command in '/home/achy/ros2/ros2_arm/build/robotic_arm_bringup': CMAKE_PREFIX_PATH=${CMAKE_PREFIX_PATH}:/opt/ros/jazzy DEBUGINFOD_URLS=https://debuginfod.ubuntu.com /usr/bin/cmake --install /home/achy/ros2/ros2_arm/build/robotic_arm_bringup
[0.668s] DEBUG:colcon.colcon_core.event_handler.log_command:Invoked command in '/home/achy/ros2/ros2_arm/build/robotic_arm_moveit_config' returned '0': CMAKE_PREFIX_PATH=${CMAKE_PREFIX_PATH}:/opt/ros/jazzy DEBUGINFOD_URLS=https://debuginfod.ubuntu.com /usr/bin/cmake --build /home/achy/ros2/ros2_arm/build/robotic_arm_moveit_config -- -j8 -l8
[0.669s] DEBUG:colcon.colcon_core.event_handler.log_command:Invoking command in '/home/achy/ros2/ros2_arm/build/robotic_arm_moveit_config': CMAKE_PREFIX_PATH=${CMAKE_PREFIX_PATH}:/opt/ros/jazzy DEBUGINFOD_URLS=https://debuginfod.ubuntu.com /usr/bin/cmake --install /home/achy/ros2/ros2_arm/build/robotic_arm_moveit_config
[0.673s] DEBUG:colcon.colcon_core.event_handler.log_command:Invoked command in '/home/achy/ros2/ros2_arm/build/robotic_arm_sys_test' returned '0': CMAKE_PREFIX_PATH=${CMAKE_PREFIX_PATH}:/opt/ros/jazzy DEBUGINFOD_URLS=https://debuginfod.ubuntu.com /usr/bin/cmake --build /home/achy/ros2/ros2_arm/build/robotic_arm_sys_test -- -j8 -l8
[0.674s] DEBUG:colcon.colcon_core.event_handler.log_command:Invoking command in '/home/achy/ros2/ros2_arm/build/robotic_arm_sys_test': CMAKE_PREFIX_PATH=${CMAKE_PREFIX_PATH}:/opt/ros/jazzy DEBUGINFOD_URLS=https://debuginfod.ubuntu.com /usr/bin/cmake --install /home/achy/ros2/ros2_arm/build/robotic_arm_sys_test
[0.690s] Level 1:colcon.colcon_core.environment:create_environment_scripts_only(robotic_arm_bringup)
[0.690s] DEBUG:colcon.colcon_core.event_handler.log_command:Invoked command in '/home/achy/ros2/ros2_arm/build/robotic_arm_bringup' returned '0': CMAKE_PREFIX_PATH=${CMAKE_PREFIX_PATH}:/opt/ros/jazzy DEBUGINFOD_URLS=https://debuginfod.ubuntu.com /usr/bin/cmake --install /home/achy/ros2/ros2_arm/build/robotic_arm_bringup
[0.702s] Level 1:colcon.colcon_core.environment:checking '/home/achy/ros2/ros2_arm/install/robotic_arm_bringup' for CMake module files
[0.703s] Level 1:colcon.colcon_core.environment:checking '/home/achy/ros2/ros2_arm/install/robotic_arm_bringup' for CMake config files
[0.703s] Level 1:colcon.colcon_core.shell:create_environment_hook('robotic_arm_bringup', 'cmake_prefix_path')
[0.703s] INFO:colcon.colcon_core.shell:Creating environment hook '/home/achy/ros2/ros2_arm/install/robotic_arm_bringup/share/robotic_arm_bringup/hook/cmake_prefix_path.ps1'
[0.704s] INFO:colcon.colcon_core.shell:Creating environment descriptor '/home/achy/ros2/ros2_arm/install/robotic_arm_bringup/share/robotic_arm_bringup/hook/cmake_prefix_path.dsv'
[0.705s] INFO:colcon.colcon_core.shell:Creating environment hook '/home/achy/ros2/ros2_arm/install/robotic_arm_bringup/share/robotic_arm_bringup/hook/cmake_prefix_path.sh'
[0.721s] Level 1:colcon.colcon_core.environment:checking '/home/achy/ros2/ros2_arm/install/robotic_arm_bringup/bin'
[0.721s] Level 1:colcon.colcon_core.environment:checking '/home/achy/ros2/ros2_arm/install/robotic_arm_bringup/lib/pkgconfig/robotic_arm_bringup.pc'
[0.721s] Level 1:colcon.colcon_core.environment:checking '/home/achy/ros2/ros2_arm/install/robotic_arm_bringup/lib/python3.12/site-packages'
[0.722s] Level 1:colcon.colcon_core.environment:checking '/home/achy/ros2/ros2_arm/install/robotic_arm_bringup/bin'
[0.722s] INFO:colcon.colcon_core.shell:Creating package script '/home/achy/ros2/ros2_arm/install/robotic_arm_bringup/share/robotic_arm_bringup/package.ps1'
[0.723s] INFO:colcon.colcon_core.shell:Creating package descriptor '/home/achy/ros2/ros2_arm/install/robotic_arm_bringup/share/robotic_arm_bringup/package.dsv'
[0.724s] INFO:colcon.colcon_core.shell:Creating package script '/home/achy/ros2/ros2_arm/install/robotic_arm_bringup/share/robotic_arm_bringup/package.sh'
[0.724s] INFO:colcon.colcon_core.shell:Creating package script '/home/achy/ros2/ros2_arm/install/robotic_arm_bringup/share/robotic_arm_bringup/package.bash'
[0.725s] INFO:colcon.colcon_core.shell:Creating package script '/home/achy/ros2/ros2_arm/install/robotic_arm_bringup/share/robotic_arm_bringup/package.zsh'
[0.726s] Level 1:colcon.colcon_core.environment:create_file_with_runtime_dependencies(/home/achy/ros2/ros2_arm/install/robotic_arm_bringup/share/colcon-core/packages/robotic_arm_bringup)
[0.726s] Level 1:colcon.colcon_core.environment:create_environment_scripts_only(robotic_arm_bringup)
[0.726s] Level 1:colcon.colcon_core.environment:checking '/home/achy/ros2/ros2_arm/install/robotic_arm_bringup' for CMake module files
[0.727s] Level 1:colcon.colcon_core.environment:checking '/home/achy/ros2/ros2_arm/install/robotic_arm_bringup' for CMake config files
[0.727s] Level 1:colcon.colcon_core.shell:create_environment_hook('robotic_arm_bringup', 'cmake_prefix_path')
[0.727s] INFO:colcon.colcon_core.shell:Creating environment hook '/home/achy/ros2/ros2_arm/install/robotic_arm_bringup/share/robotic_arm_bringup/hook/cmake_prefix_path.ps1'
[0.727s] INFO:colcon.colcon_core.shell:Creating environment descriptor '/home/achy/ros2/ros2_arm/install/robotic_arm_bringup/share/robotic_arm_bringup/hook/cmake_prefix_path.dsv'
[0.728s] INFO:colcon.colcon_core.shell:Creating environment hook '/home/achy/ros2/ros2_arm/install/robotic_arm_bringup/share/robotic_arm_bringup/hook/cmake_prefix_path.sh'
[0.728s] Level 1:colcon.colcon_core.environment:checking '/home/achy/ros2/ros2_arm/install/robotic_arm_bringup/bin'
[0.729s] Level 1:colcon.colcon_core.environment:checking '/home/achy/ros2/ros2_arm/install/robotic_arm_bringup/lib/pkgconfig/robotic_arm_bringup.pc'
[0.729s] Level 1:colcon.colcon_core.environment:checking '/home/achy/ros2/ros2_arm/install/robotic_arm_bringup/lib/python3.12/site-packages'
[0.729s] Level 1:colcon.colcon_core.environment:checking '/home/achy/ros2/ros2_arm/install/robotic_arm_bringup/bin'
[0.729s] INFO:colcon.colcon_core.shell:Creating package script '/home/achy/ros2/ros2_arm/install/robotic_arm_bringup/share/robotic_arm_bringup/package.ps1'
[0.730s] INFO:colcon.colcon_core.shell:Creating package descriptor '/home/achy/ros2/ros2_arm/install/robotic_arm_bringup/share/robotic_arm_bringup/package.dsv'
[0.731s] INFO:colcon.colcon_core.shell:Creating package script '/home/achy/ros2/ros2_arm/install/robotic_arm_bringup/share/robotic_arm_bringup/package.sh'
[0.731s] INFO:colcon.colcon_core.shell:Creating package script '/home/achy/ros2/ros2_arm/install/robotic_arm_bringup/share/robotic_arm_bringup/package.bash'
[0.732s] INFO:colcon.colcon_core.shell:Creating package script '/home/achy/ros2/ros2_arm/install/robotic_arm_bringup/share/robotic_arm_bringup/package.zsh'
[0.732s] Level 1:colcon.colcon_core.environment:create_file_with_runtime_dependencies(/home/achy/ros2/ros2_arm/install/robotic_arm_bringup/share/colcon-core/packages/robotic_arm_bringup)
[0.734s] Level 1:colcon.colcon_core.environment:create_environment_scripts_only(robotic_arm_description)
[0.734s] Level 1:colcon.colcon_core.environment:checking '/home/achy/ros2/ros2_arm/install/robotic_arm_description' for CMake module files
[0.735s] DEBUG:colcon.colcon_core.event_handler.log_command:Invoked command in '/home/achy/ros2/ros2_arm/build/robotic_arm_description' returned '0': CMAKE_PREFIX_PATH=${CMAKE_PREFIX_PATH}:/opt/ros/jazzy DEBUGINFOD_URLS=https://debuginfod.ubuntu.com /usr/bin/cmake --install /home/achy/ros2/ros2_arm/build/robotic_arm_description
[0.736s] Level 1:colcon.colcon_core.environment:checking '/home/achy/ros2/ros2_arm/install/robotic_arm_description' for CMake config files
[0.736s] Level 1:colcon.colcon_core.shell:create_environment_hook('robotic_arm_description', 'cmake_prefix_path')
[0.736s] INFO:colcon.colcon_core.shell:Creating environment hook '/home/achy/ros2/ros2_arm/install/robotic_arm_description/share/robotic_arm_description/hook/cmake_prefix_path.ps1'
[0.736s] INFO:colcon.colcon_core.shell:Creating environment descriptor '/home/achy/ros2/ros2_arm/install/robotic_arm_description/share/robotic_arm_description/hook/cmake_prefix_path.dsv'
[0.737s] INFO:colcon.colcon_core.shell:Creating environment hook '/home/achy/ros2/ros2_arm/install/robotic_arm_description/share/robotic_arm_description/hook/cmake_prefix_path.sh'
[0.738s] Level 1:colcon.colcon_core.environment:checking '/home/achy/ros2/ros2_arm/install/robotic_arm_description/bin'
[0.738s] Level 1:colcon.colcon_core.environment:checking '/home/achy/ros2/ros2_arm/install/robotic_arm_description/lib/pkgconfig/robotic_arm_description.pc'
[0.738s] Level 1:colcon.colcon_core.environment:checking '/home/achy/ros2/ros2_arm/install/robotic_arm_description/lib/python3.12/site-packages'
[0.738s] Level 1:colcon.colcon_core.environment:checking '/home/achy/ros2/ros2_arm/install/robotic_arm_description/bin'
[0.738s] INFO:colcon.colcon_core.shell:Creating package script '/home/achy/ros2/ros2_arm/install/robotic_arm_description/share/robotic_arm_description/package.ps1'
[0.739s] INFO:colcon.colcon_core.shell:Creating package descriptor '/home/achy/ros2/ros2_arm/install/robotic_arm_description/share/robotic_arm_description/package.dsv'
[0.740s] INFO:colcon.colcon_core.shell:Creating package script '/home/achy/ros2/ros2_arm/install/robotic_arm_description/share/robotic_arm_description/package.sh'
[0.740s] INFO:colcon.colcon_core.shell:Creating package script '/home/achy/ros2/ros2_arm/install/robotic_arm_description/share/robotic_arm_description/package.bash'
[0.741s] INFO:colcon.colcon_core.shell:Creating package script '/home/achy/ros2/ros2_arm/install/robotic_arm_description/share/robotic_arm_description/package.zsh'
[0.743s] Level 1:colcon.colcon_core.environment:create_file_with_runtime_dependencies(/home/achy/ros2/ros2_arm/install/robotic_arm_description/share/colcon-core/packages/robotic_arm_description)
[0.743s] Level 1:colcon.colcon_core.environment:create_environment_scripts_only(robotic_arm_description)
[0.744s] Level 1:colcon.colcon_core.environment:checking '/home/achy/ros2/ros2_arm/install/robotic_arm_description' for CMake module files
[0.744s] Level 1:colcon.colcon_core.environment:checking '/home/achy/ros2/ros2_arm/install/robotic_arm_description' for CMake config files
[0.744s] Level 1:colcon.colcon_core.shell:create_environment_hook('robotic_arm_description', 'cmake_prefix_path')
[0.744s] INFO:colcon.colcon_core.shell:Creating environment hook '/home/achy/ros2/ros2_arm/install/robotic_arm_description/share/robotic_arm_description/hook/cmake_prefix_path.ps1'
[0.745s] INFO:colcon.colcon_core.shell:Creating environment descriptor '/home/achy/ros2/ros2_arm/install/robotic_arm_description/share/robotic_arm_description/hook/cmake_prefix_path.dsv'
[0.745s] INFO:colcon.colcon_core.shell:Creating environment hook '/home/achy/ros2/ros2_arm/install/robotic_arm_description/share/robotic_arm_description/hook/cmake_prefix_path.sh'
[0.746s] Level 1:colcon.colcon_core.environment:checking '/home/achy/ros2/ros2_arm/install/robotic_arm_description/bin'
[0.746s] Level 1:colcon.colcon_core.environment:checking '/home/achy/ros2/ros2_arm/install/robotic_arm_description/lib/pkgconfig/robotic_arm_description.pc'
[0.746s] Level 1:colcon.colcon_core.environment:checking '/home/achy/ros2/ros2_arm/install/robotic_arm_description/lib/python3.12/site-packages'
[0.747s] Level 1:colcon.colcon_core.environment:checking '/home/achy/ros2/ros2_arm/install/robotic_arm_description/bin'
[0.747s] INFO:colcon.colcon_core.shell:Creating package script '/home/achy/ros2/ros2_arm/install/robotic_arm_description/share/robotic_arm_description/package.ps1'
[0.748s] INFO:colcon.colcon_core.shell:Creating package descriptor '/home/achy/ros2/ros2_arm/install/robotic_arm_description/share/robotic_arm_description/package.dsv'
[0.748s] INFO:colcon.colcon_core.shell:Creating package script '/home/achy/ros2/ros2_arm/install/robotic_arm_description/share/robotic_arm_description/package.sh'
[0.749s] INFO:colcon.colcon_core.shell:Creating package script '/home/achy/ros2/ros2_arm/install/robotic_arm_description/share/robotic_arm_description/package.bash'
[0.749s] INFO:colcon.colcon_core.shell:Creating package script '/home/achy/ros2/ros2_arm/install/robotic_arm_description/share/robotic_arm_description/package.zsh'
[0.750s] Level 1:colcon.colcon_core.environment:create_file_with_runtime_dependencies(/home/achy/ros2/ros2_arm/install/robotic_arm_description/share/colcon-core/packages/robotic_arm_description)
[0.750s] Level 1:colcon.colcon_core.environment:create_environment_scripts_only(robotic_arm_moveit_config)
[0.750s] Level 1:colcon.colcon_core.environment:checking '/home/achy/ros2/ros2_arm/install/robotic_arm_moveit_config' for CMake module files
[0.752s] Level 1:colcon.colcon_core.environment:checking '/home/achy/ros2/ros2_arm/install/robotic_arm_moveit_config' for CMake config files
[0.752s] DEBUG:colcon.colcon_core.event_handler.log_command:Invoked command in '/home/achy/ros2/ros2_arm/build/robotic_arm_moveit_config' returned '0': CMAKE_PREFIX_PATH=${CMAKE_PREFIX_PATH}:/opt/ros/jazzy DEBUGINFOD_URLS=https://debuginfod.ubuntu.com /usr/bin/cmake --install /home/achy/ros2/ros2_arm/build/robotic_arm_moveit_config
[0.752s] Level 1:colcon.colcon_core.shell:create_environment_hook('robotic_arm_moveit_config', 'cmake_prefix_path')
[0.753s] INFO:colcon.colcon_core.shell:Creating environment hook '/home/achy/ros2/ros2_arm/install/robotic_arm_moveit_config/share/robotic_arm_moveit_config/hook/cmake_prefix_path.ps1'
[0.753s] INFO:colcon.colcon_core.shell:Creating environment descriptor '/home/achy/ros2/ros2_arm/install/robotic_arm_moveit_config/share/robotic_arm_moveit_config/hook/cmake_prefix_path.dsv'
[0.754s] INFO:colcon.colcon_core.shell:Creating environment hook '/home/achy/ros2/ros2_arm/install/robotic_arm_moveit_config/share/robotic_arm_moveit_config/hook/cmake_prefix_path.sh'
[0.754s] Level 1:colcon.colcon_core.environment:checking '/home/achy/ros2/ros2_arm/install/robotic_arm_moveit_config/bin'
[0.754s] Level 1:colcon.colcon_core.environment:checking '/home/achy/ros2/ros2_arm/install/robotic_arm_moveit_config/lib/pkgconfig/robotic_arm_moveit_config.pc'
[0.755s] Level 1:colcon.colcon_core.environment:checking '/home/achy/ros2/ros2_arm/install/robotic_arm_moveit_config/lib/python3.12/site-packages'
[0.755s] Level 1:colcon.colcon_core.environment:checking '/home/achy/ros2/ros2_arm/install/robotic_arm_moveit_config/bin'
[0.756s] INFO:colcon.colcon_core.shell:Creating package script '/home/achy/ros2/ros2_arm/install/robotic_arm_moveit_config/share/robotic_arm_moveit_config/package.ps1'
[0.758s] INFO:colcon.colcon_core.shell:Creating package descriptor '/home/achy/ros2/ros2_arm/install/robotic_arm_moveit_config/share/robotic_arm_moveit_config/package.dsv'
[0.758s] INFO:colcon.colcon_core.shell:Creating package script '/home/achy/ros2/ros2_arm/install/robotic_arm_moveit_config/share/robotic_arm_moveit_config/package.sh'
[0.759s] INFO:colcon.colcon_core.shell:Creating package script '/home/achy/ros2/ros2_arm/install/robotic_arm_moveit_config/share/robotic_arm_moveit_config/package.bash'
[0.759s] INFO:colcon.colcon_core.shell:Creating package script '/home/achy/ros2/ros2_arm/install/robotic_arm_moveit_config/share/robotic_arm_moveit_config/package.zsh'
[0.759s] Level 1:colcon.colcon_core.environment:create_file_with_runtime_dependencies(/home/achy/ros2/ros2_arm/install/robotic_arm_moveit_config/share/colcon-core/packages/robotic_arm_moveit_config)
[0.760s] Level 1:colcon.colcon_core.environment:create_environment_scripts_only(robotic_arm_moveit_config)
[0.760s] Level 1:colcon.colcon_core.environment:checking '/home/achy/ros2/ros2_arm/install/robotic_arm_moveit_config' for CMake module files
[0.760s] Level 1:colcon.colcon_core.environment:checking '/home/achy/ros2/ros2_arm/install/robotic_arm_moveit_config' for CMake config files
[0.761s] Level 1:colcon.colcon_core.shell:create_environment_hook('robotic_arm_moveit_config', 'cmake_prefix_path')
[0.761s] INFO:colcon.colcon_core.shell:Creating environment hook '/home/achy/ros2/ros2_arm/install/robotic_arm_moveit_config/share/robotic_arm_moveit_config/hook/cmake_prefix_path.ps1'
[0.762s] INFO:colcon.colcon_core.shell:Creating environment descriptor '/home/achy/ros2/ros2_arm/install/robotic_arm_moveit_config/share/robotic_arm_moveit_config/hook/cmake_prefix_path.dsv'
[0.762s] INFO:colcon.colcon_core.shell:Creating environment hook '/home/achy/ros2/ros2_arm/install/robotic_arm_moveit_config/share/robotic_arm_moveit_config/hook/cmake_prefix_path.sh'
[0.763s] Level 1:colcon.colcon_core.environment:checking '/home/achy/ros2/ros2_arm/install/robotic_arm_moveit_config/bin'
[0.763s] Level 1:colcon.colcon_core.environment:checking '/home/achy/ros2/ros2_arm/install/robotic_arm_moveit_config/lib/pkgconfig/robotic_arm_moveit_config.pc'
[0.763s] Level 1:colcon.colcon_core.environment:checking '/home/achy/ros2/ros2_arm/install/robotic_arm_moveit_config/lib/python3.12/site-packages'
[0.763s] Level 1:colcon.colcon_core.environment:checking '/home/achy/ros2/ros2_arm/install/robotic_arm_moveit_config/bin'
[0.764s] INFO:colcon.colcon_core.shell:Creating package script '/home/achy/ros2/ros2_arm/install/robotic_arm_moveit_config/share/robotic_arm_moveit_config/package.ps1'
[0.764s] INFO:colcon.colcon_core.shell:Creating package descriptor '/home/achy/ros2/ros2_arm/install/robotic_arm_moveit_config/share/robotic_arm_moveit_config/package.dsv'
[0.765s] INFO:colcon.colcon_core.shell:Creating package script '/home/achy/ros2/ros2_arm/install/robotic_arm_moveit_config/share/robotic_arm_moveit_config/package.sh'
[0.765s] INFO:colcon.colcon_core.shell:Creating package script '/home/achy/ros2/ros2_arm/install/robotic_arm_moveit_config/share/robotic_arm_moveit_config/package.bash'
[0.765s] INFO:colcon.colcon_core.shell:Creating package script '/home/achy/ros2/ros2_arm/install/robotic_arm_moveit_config/share/robotic_arm_moveit_config/package.zsh'
[0.766s] Level 1:colcon.colcon_core.environment:create_file_with_runtime_dependencies(/home/achy/ros2/ros2_arm/install/robotic_arm_moveit_config/share/colcon-core/packages/robotic_arm_moveit_config)
[0.767s] Level 1:colcon.colcon_core.environment:create_environment_scripts_only(robotic_arm_sys_test)
[0.767s] Level 1:colcon.colcon_core.environment:checking '/home/achy/ros2/ros2_arm/install/robotic_arm_sys_test' for CMake module files
[0.768s] DEBUG:colcon.colcon_core.event_handler.log_command:Invoked command in '/home/achy/ros2/ros2_arm/build/robotic_arm_sys_test' returned '0': CMAKE_PREFIX_PATH=${CMAKE_PREFIX_PATH}:/opt/ros/jazzy DEBUGINFOD_URLS=https://debuginfod.ubuntu.com /usr/bin/cmake --install /home/achy/ros2/ros2_arm/build/robotic_arm_sys_test
[0.768s] Level 1:colcon.colcon_core.environment:checking '/home/achy/ros2/ros2_arm/install/robotic_arm_sys_test' for CMake config files
[0.768s] Level 1:colcon.colcon_core.shell:create_environment_hook('robotic_arm_sys_test', 'cmake_prefix_path')
[0.769s] INFO:colcon.colcon_core.shell:Creating environment hook '/home/achy/ros2/ros2_arm/install/robotic_arm_sys_test/share/robotic_arm_sys_test/hook/cmake_prefix_path.ps1'
[0.769s] INFO:colcon.colcon_core.shell:Creating environment descriptor '/home/achy/ros2/ros2_arm/install/robotic_arm_sys_test/share/robotic_arm_sys_test/hook/cmake_prefix_path.dsv'
[0.770s] INFO:colcon.colcon_core.shell:Creating environment hook '/home/achy/ros2/ros2_arm/install/robotic_arm_sys_test/share/robotic_arm_sys_test/hook/cmake_prefix_path.sh'
[0.770s] Level 1:colcon.colcon_core.environment:checking '/home/achy/ros2/ros2_arm/install/robotic_arm_sys_test/lib'
[0.770s] Level 1:colcon.colcon_core.environment:checking '/home/achy/ros2/ros2_arm/install/robotic_arm_sys_test/bin'
[0.771s] Level 1:colcon.colcon_core.environment:checking '/home/achy/ros2/ros2_arm/install/robotic_arm_sys_test/lib/pkgconfig/robotic_arm_sys_test.pc'
[0.771s] Level 1:colcon.colcon_core.environment:checking '/home/achy/ros2/ros2_arm/install/robotic_arm_sys_test/lib/python3.12/site-packages'
[0.771s] Level 1:colcon.colcon_core.environment:checking '/home/achy/ros2/ros2_arm/install/robotic_arm_sys_test/bin'
[0.771s] INFO:colcon.colcon_core.shell:Creating package script '/home/achy/ros2/ros2_arm/install/robotic_arm_sys_test/share/robotic_arm_sys_test/package.ps1'
[0.772s] INFO:colcon.colcon_core.shell:Creating package descriptor '/home/achy/ros2/ros2_arm/install/robotic_arm_sys_test/share/robotic_arm_sys_test/package.dsv'
[0.772s] INFO:colcon.colcon_core.shell:Creating package script '/home/achy/ros2/ros2_arm/install/robotic_arm_sys_test/share/robotic_arm_sys_test/package.sh'
[0.773s] INFO:colcon.colcon_core.shell:Creating package script '/home/achy/ros2/ros2_arm/install/robotic_arm_sys_test/share/robotic_arm_sys_test/package.bash'
[0.773s] INFO:colcon.colcon_core.shell:Creating package script '/home/achy/ros2/ros2_arm/install/robotic_arm_sys_test/share/robotic_arm_sys_test/package.zsh'
[0.774s] Level 1:colcon.colcon_core.environment:create_file_with_runtime_dependencies(/home/achy/ros2/ros2_arm/install/robotic_arm_sys_test/share/colcon-core/packages/robotic_arm_sys_test)
[0.774s] Level 1:colcon.colcon_core.environment:create_environment_scripts_only(robotic_arm_sys_test)
[0.774s] Level 1:colcon.colcon_core.environment:checking '/home/achy/ros2/ros2_arm/install/robotic_arm_sys_test' for CMake module files
[0.775s] Level 1:colcon.colcon_core.environment:checking '/home/achy/ros2/ros2_arm/install/robotic_arm_sys_test' for CMake config files
[0.775s] Level 1:colcon.colcon_core.shell:create_environment_hook('robotic_arm_sys_test', 'cmake_prefix_path')
[0.775s] INFO:colcon.colcon_core.shell:Creating environment hook '/home/achy/ros2/ros2_arm/install/robotic_arm_sys_test/share/robotic_arm_sys_test/hook/cmake_prefix_path.ps1'
[0.776s] INFO:colcon.colcon_core.shell:Creating environment descriptor '/home/achy/ros2/ros2_arm/install/robotic_arm_sys_test/share/robotic_arm_sys_test/hook/cmake_prefix_path.dsv'
[0.776s] INFO:colcon.colcon_core.shell:Creating environment hook '/home/achy/ros2/ros2_arm/install/robotic_arm_sys_test/share/robotic_arm_sys_test/hook/cmake_prefix_path.sh'
[0.777s] Level 1:colcon.colcon_core.environment:checking '/home/achy/ros2/ros2_arm/install/robotic_arm_sys_test/lib'
[0.777s] Level 1:colcon.colcon_core.environment:checking '/home/achy/ros2/ros2_arm/install/robotic_arm_sys_test/bin'
[0.777s] Level 1:colcon.colcon_core.environment:checking '/home/achy/ros2/ros2_arm/install/robotic_arm_sys_test/lib/pkgconfig/robotic_arm_sys_test.pc'
[0.777s] Level 1:colcon.colcon_core.environment:checking '/home/achy/ros2/ros2_arm/install/robotic_arm_sys_test/lib/python3.12/site-packages'
[0.778s] Level 1:colcon.colcon_core.environment:checking '/home/achy/ros2/ros2_arm/install/robotic_arm_sys_test/bin'
[0.778s] INFO:colcon.colcon_core.shell:Creating package script '/home/achy/ros2/ros2_arm/install/robotic_arm_sys_test/share/robotic_arm_sys_test/package.ps1'
[0.779s] INFO:colcon.colcon_core.shell:Creating package descriptor '/home/achy/ros2/ros2_arm/install/robotic_arm_sys_test/share/robotic_arm_sys_test/package.dsv'
[0.779s] INFO:colcon.colcon_core.shell:Creating package script '/home/achy/ros2/ros2_arm/install/robotic_arm_sys_test/share/robotic_arm_sys_test/package.sh'
[0.780s] INFO:colcon.colcon_core.shell:Creating package script '/home/achy/ros2/ros2_arm/install/robotic_arm_sys_test/share/robotic_arm_sys_test/package.bash'
[0.781s] INFO:colcon.colcon_core.shell:Creating package script '/home/achy/ros2/ros2_arm/install/robotic_arm_sys_test/share/robotic_arm_sys_test/package.zsh'
[0.781s] Level 1:colcon.colcon_core.environment:create_file_with_runtime_dependencies(/home/achy/ros2/ros2_arm/install/robotic_arm_sys_test/share/colcon-core/packages/robotic_arm_sys_test)
[1.333s] DEBUG:colcon.colcon_core.event_handler.log_command:Invoked command in '/home/achy/ros2/ros2_arm/build/robotic_arm_gazebo' returned '0': CMAKE_PREFIX_PATH=${CMAKE_PREFIX_PATH}:/opt/ros/jazzy DEBUGINFOD_URLS=https://debuginfod.ubuntu.com /usr/bin/cmake /home/achy/ros2/ros2_arm/src/robotic_arm/robotic_arm_gazebo -DCMAKE_INSTALL_PREFIX=/home/achy/ros2/ros2_arm/install/robotic_arm_gazebo
[1.334s] DEBUG:colcon.colcon_core.event_handler.log_command:Invoking command in '/home/achy/ros2/ros2_arm/build/robotic_arm_gazebo': CMAKE_PREFIX_PATH=${CMAKE_PREFIX_PATH}:/opt/ros/jazzy DEBUGINFOD_URLS=https://debuginfod.ubuntu.com /usr/bin/cmake --build /home/achy/ros2/ros2_arm/build/robotic_arm_gazebo -- -j8 -l8
[1.374s] DEBUG:colcon.colcon_core.event_handler.log_command:Invoked command in '/home/achy/ros2/ros2_arm/build/robotic_arm_gazebo' returned '0': CMAKE_PREFIX_PATH=${CMAKE_PREFIX_PATH}:/opt/ros/jazzy DEBUGINFOD_URLS=https://debuginfod.ubuntu.com /usr/bin/cmake --build /home/achy/ros2/ros2_arm/build/robotic_arm_gazebo -- -j8 -l8
[1.375s] DEBUG:colcon.colcon_core.event_handler.log_command:Invoking command in '/home/achy/ros2/ros2_arm/build/robotic_arm_gazebo': CMAKE_PREFIX_PATH=${CMAKE_PREFIX_PATH}:/opt/ros/jazzy DEBUGINFOD_URLS=https://debuginfod.ubuntu.com /usr/bin/cmake --install /home/achy/ros2/ros2_arm/build/robotic_arm_gazebo
[1.456s] Level 1:colcon.colcon_core.environment:create_environment_scripts_only(robotic_arm_gazebo)
[1.456s] Level 1:colcon.colcon_core.environment:checking '/home/achy/ros2/ros2_arm/install/robotic_arm_gazebo' for CMake module files
[1.457s] DEBUG:colcon.colcon_core.event_handler.log_command:Invoked command in '/home/achy/ros2/ros2_arm/build/robotic_arm_gazebo' returned '0': CMAKE_PREFIX_PATH=${CMAKE_PREFIX_PATH}:/opt/ros/jazzy DEBUGINFOD_URLS=https://debuginfod.ubuntu.com /usr/bin/cmake --install /home/achy/ros2/ros2_arm/build/robotic_arm_gazebo
[1.457s] Level 1:colcon.colcon_core.environment:checking '/home/achy/ros2/ros2_arm/install/robotic_arm_gazebo' for CMake config files
[1.463s] Level 1:colcon.colcon_core.shell:create_environment_hook('robotic_arm_gazebo', 'cmake_prefix_path')
[1.463s] INFO:colcon.colcon_core.shell:Creating environment hook '/home/achy/ros2/ros2_arm/install/robotic_arm_gazebo/share/robotic_arm_gazebo/hook/cmake_prefix_path.ps1'
[1.464s] INFO:colcon.colcon_core.shell:Creating environment descriptor '/home/achy/ros2/ros2_arm/install/robotic_arm_gazebo/share/robotic_arm_gazebo/hook/cmake_prefix_path.dsv'
[1.464s] INFO:colcon.colcon_core.shell:Creating environment hook '/home/achy/ros2/ros2_arm/install/robotic_arm_gazebo/share/robotic_arm_gazebo/hook/cmake_prefix_path.sh'
[1.465s] Level 1:colcon.colcon_core.environment:checking '/home/achy/ros2/ros2_arm/install/robotic_arm_gazebo/bin'
[1.465s] Level 1:colcon.colcon_core.environment:checking '/home/achy/ros2/ros2_arm/install/robotic_arm_gazebo/lib/pkgconfig/robotic_arm_gazebo.pc'
[1.465s] Level 1:colcon.colcon_core.environment:checking '/home/achy/ros2/ros2_arm/install/robotic_arm_gazebo/lib/python3.12/site-packages'
[1.465s] Level 1:colcon.colcon_core.environment:checking '/home/achy/ros2/ros2_arm/install/robotic_arm_gazebo/bin'
[1.466s] INFO:colcon.colcon_core.shell:Creating package script '/home/achy/ros2/ros2_arm/install/robotic_arm_gazebo/share/robotic_arm_gazebo/package.ps1'
[1.466s] INFO:colcon.colcon_core.shell:Creating package descriptor '/home/achy/ros2/ros2_arm/install/robotic_arm_gazebo/share/robotic_arm_gazebo/package.dsv'
[1.467s] INFO:colcon.colcon_core.shell:Creating package script '/home/achy/ros2/ros2_arm/install/robotic_arm_gazebo/share/robotic_arm_gazebo/package.sh'
[1.467s] INFO:colcon.colcon_core.shell:Creating package script '/home/achy/ros2/ros2_arm/install/robotic_arm_gazebo/share/robotic_arm_gazebo/package.bash'
[1.467s] INFO:colcon.colcon_core.shell:Creating package script '/home/achy/ros2/ros2_arm/install/robotic_arm_gazebo/share/robotic_arm_gazebo/package.zsh'
[1.468s] Level 1:colcon.colcon_core.environment:create_file_with_runtime_dependencies(/home/achy/ros2/ros2_arm/install/robotic_arm_gazebo/share/colcon-core/packages/robotic_arm_gazebo)
[1.468s] Level 1:colcon.colcon_core.environment:create_environment_scripts_only(robotic_arm_gazebo)
[1.468s] Level 1:colcon.colcon_core.environment:checking '/home/achy/ros2/ros2_arm/install/robotic_arm_gazebo' for CMake module files
[1.469s] Level 1:colcon.colcon_core.environment:checking '/home/achy/ros2/ros2_arm/install/robotic_arm_gazebo' for CMake config files
[1.475s] Level 1:colcon.colcon_core.shell:create_environment_hook('robotic_arm_gazebo', 'cmake_prefix_path')
[1.475s] INFO:colcon.colcon_core.shell:Creating environment hook '/home/achy/ros2/ros2_arm/install/robotic_arm_gazebo/share/robotic_arm_gazebo/hook/cmake_prefix_path.ps1'
[1.476s] INFO:colcon.colcon_core.shell:Creating environment descriptor '/home/achy/ros2/ros2_arm/install/robotic_arm_gazebo/share/robotic_arm_gazebo/hook/cmake_prefix_path.dsv'
[1.476s] INFO:colcon.colcon_core.shell:Creating environment hook '/home/achy/ros2/ros2_arm/install/robotic_arm_gazebo/share/robotic_arm_gazebo/hook/cmake_prefix_path.sh'
[1.477s] Level 1:colcon.colcon_core.environment:checking '/home/achy/ros2/ros2_arm/install/robotic_arm_gazebo/bin'
[1.477s] Level 1:colcon.colcon_core.environment:checking '/home/achy/ros2/ros2_arm/install/robotic_arm_gazebo/lib/pkgconfig/robotic_arm_gazebo.pc'
[1.477s] Level 1:colcon.colcon_core.environment:checking '/home/achy/ros2/ros2_arm/install/robotic_arm_gazebo/lib/python3.12/site-packages'
[1.478s] Level 1:colcon.colcon_core.environment:checking '/home/achy/ros2/ros2_arm/install/robotic_arm_gazebo/bin'
[1.478s] INFO:colcon.colcon_core.shell:Creating package script '/home/achy/ros2/ros2_arm/install/robotic_arm_gazebo/share/robotic_arm_gazebo/package.ps1'
[1.478s] INFO:colcon.colcon_core.shell:Creating package descriptor '/home/achy/ros2/ros2_arm/install/robotic_arm_gazebo/share/robotic_arm_gazebo/package.dsv'
[1.479s] INFO:colcon.colcon_core.shell:Creating package script '/home/achy/ros2/ros2_arm/install/robotic_arm_gazebo/share/robotic_arm_gazebo/package.sh'
[1.479s] INFO:colcon.colcon_core.shell:Creating package script '/home/achy/ros2/ros2_arm/install/robotic_arm_gazebo/share/robotic_arm_gazebo/package.bash'
[1.480s] INFO:colcon.colcon_core.shell:Creating package script '/home/achy/ros2/ros2_arm/install/robotic_arm_gazebo/share/robotic_arm_gazebo/package.zsh'
[1.480s] Level 1:colcon.colcon_core.environment:create_file_with_runtime_dependencies(/home/achy/ros2/ros2_arm/install/robotic_arm_gazebo/share/colcon-core/packages/robotic_arm_gazebo)
[1.480s] INFO:colcon.colcon_ros.task.ament_cmake.build:Building ROS package in '/home/achy/ros2/ros2_arm/src/robotic_arm/robotic_arm' with build type 'ament_cmake'
[1.481s] INFO:colcon.colcon_cmake.task.cmake.build:Building CMake package in '/home/achy/ros2/ros2_arm/src/robotic_arm/robotic_arm'
[1.481s] INFO:colcon.colcon_core.shell:Skip shell extension 'powershell' for command environment: Not usable outside of PowerShell
[1.481s] DEBUG:colcon.colcon_core.shell:Skip shell extension 'dsv' for command environment
[1.494s] DEBUG:colcon.colcon_core.event_handler.log_command:Invoking command in '/home/achy/ros2/ros2_arm/build/robotic_arm': CMAKE_PREFIX_PATH=/home/achy/ros2/ros2_arm/install/robotic_arm_sys_test:/home/achy/ros2/ros2_arm/install/robotic_arm_moveit_config:/home/achy/ros2/ros2_arm/install/robotic_arm_gazebo:/home/achy/ros2/ros2_arm/install/robotic_arm_description:/home/achy/ros2/ros2_arm/install/robotic_arm_bringup:/home/achy/ros2/ros2_arm/install/robotic_arm:/opt/ros/jazzy/opt/gz_sim_vendor:/opt/ros/jazzy/opt/gz_sensors_vendor:/opt/ros/jazzy/opt/gz_physics_vendor:/opt/ros/jazzy/opt/sdformat_vendor:/opt/ros/jazzy/opt/gz_gui_vendor:/opt/ros/jazzy/opt/gz_transport_vendor:/opt/ros/jazzy/opt/gz_rendering_vendor:/opt/ros/jazzy/opt/gz_plugin_vendor:/opt/ros/jazzy/opt/gz_fuel_tools_vendor:/opt/ros/jazzy/opt/gz_msgs_vendor:/opt/ros/jazzy/opt/gz_common_vendor:/opt/ros/jazzy/opt/gz_math_vendor:/opt/ros/jazzy/opt/gz_utils_vendor:/opt/ros/jazzy/opt/gz_tools_vendor:/opt/ros/jazzy/opt/gz_ogre_next_vendor:/opt/ros/jazzy/opt/gz_dartsim_vendor:/opt/ros/jazzy/opt/gz_cmake_vendor:/opt/ros/jazzy DEBUGINFOD_URLS=https://debuginfod.ubuntu.com /usr/bin/cmake /home/achy/ros2/ros2_arm/src/robotic_arm/robotic_arm -DCMAKE_INSTALL_PREFIX=/home/achy/ros2/ros2_arm/install/robotic_arm
[1.801s] DEBUG:colcon.colcon_core.event_handler.log_command:Invoked command in '/home/achy/ros2/ros2_arm/build/robotic_arm' returned '0': CMAKE_PREFIX_PATH=/home/achy/ros2/ros2_arm/install/robotic_arm_sys_test:/home/achy/ros2/ros2_arm/install/robotic_arm_moveit_config:/home/achy/ros2/ros2_arm/install/robotic_arm_gazebo:/home/achy/ros2/ros2_arm/install/robotic_arm_description:/home/achy/ros2/ros2_arm/install/robotic_arm_bringup:/home/achy/ros2/ros2_arm/install/robotic_arm:/opt/ros/jazzy/opt/gz_sim_vendor:/opt/ros/jazzy/opt/gz_sensors_vendor:/opt/ros/jazzy/opt/gz_physics_vendor:/opt/ros/jazzy/opt/sdformat_vendor:/opt/ros/jazzy/opt/gz_gui_vendor:/opt/ros/jazzy/opt/gz_transport_vendor:/opt/ros/jazzy/opt/gz_rendering_vendor:/opt/ros/jazzy/opt/gz_plugin_vendor:/opt/ros/jazzy/opt/gz_fuel_tools_vendor:/opt/ros/jazzy/opt/gz_msgs_vendor:/opt/ros/jazzy/opt/gz_common_vendor:/opt/ros/jazzy/opt/gz_math_vendor:/opt/ros/jazzy/opt/gz_utils_vendor:/opt/ros/jazzy/opt/gz_tools_vendor:/opt/ros/jazzy/opt/gz_ogre_next_vendor:/opt/ros/jazzy/opt/gz_dartsim_vendor:/opt/ros/jazzy/opt/gz_cmake_vendor:/opt/ros/jazzy DEBUGINFOD_URLS=https://debuginfod.ubuntu.com /usr/bin/cmake /home/achy/ros2/ros2_arm/src/robotic_arm/robotic_arm -DCMAKE_INSTALL_PREFIX=/home/achy/ros2/ros2_arm/install/robotic_arm
[1.802s] DEBUG:colcon.colcon_core.event_handler.log_command:Invoking command in '/home/achy/ros2/ros2_arm/build/robotic_arm': CMAKE_PREFIX_PATH=/home/achy/ros2/ros2_arm/install/robotic_arm_sys_test:/home/achy/ros2/ros2_arm/install/robotic_arm_moveit_config:/home/achy/ros2/ros2_arm/install/robotic_arm_gazebo:/home/achy/ros2/ros2_arm/install/robotic_arm_description:/home/achy/ros2/ros2_arm/install/robotic_arm_bringup:/home/achy/ros2/ros2_arm/install/robotic_arm:/opt/ros/jazzy/opt/gz_sim_vendor:/opt/ros/jazzy/opt/gz_sensors_vendor:/opt/ros/jazzy/opt/gz_physics_vendor:/opt/ros/jazzy/opt/sdformat_vendor:/opt/ros/jazzy/opt/gz_gui_vendor:/opt/ros/jazzy/opt/gz_transport_vendor:/opt/ros/jazzy/opt/gz_rendering_vendor:/opt/ros/jazzy/opt/gz_plugin_vendor:/opt/ros/jazzy/opt/gz_fuel_tools_vendor:/opt/ros/jazzy/opt/gz_msgs_vendor:/opt/ros/jazzy/opt/gz_common_vendor:/opt/ros/jazzy/opt/gz_math_vendor:/opt/ros/jazzy/opt/gz_utils_vendor:/opt/ros/jazzy/opt/gz_tools_vendor:/opt/ros/jazzy/opt/gz_ogre_next_vendor:/opt/ros/jazzy/opt/gz_dartsim_vendor:/opt/ros/jazzy/opt/gz_cmake_vendor:/opt/ros/jazzy DEBUGINFOD_URLS=https://debuginfod.ubuntu.com /usr/bin/cmake --build /home/achy/ros2/ros2_arm/build/robotic_arm -- -j8 -l8
[1.839s] DEBUG:colcon.colcon_core.event_handler.log_command:Invoked command in '/home/achy/ros2/ros2_arm/build/robotic_arm' returned '0': CMAKE_PREFIX_PATH=/home/achy/ros2/ros2_arm/install/robotic_arm_sys_test:/home/achy/ros2/ros2_arm/install/robotic_arm_moveit_config:/home/achy/ros2/ros2_arm/install/robotic_arm_gazebo:/home/achy/ros2/ros2_arm/install/robotic_arm_description:/home/achy/ros2/ros2_arm/install/robotic_arm_bringup:/home/achy/ros2/ros2_arm/install/robotic_arm:/opt/ros/jazzy/opt/gz_sim_vendor:/opt/ros/jazzy/opt/gz_sensors_vendor:/opt/ros/jazzy/opt/gz_physics_vendor:/opt/ros/jazzy/opt/sdformat_vendor:/opt/ros/jazzy/opt/gz_gui_vendor:/opt/ros/jazzy/opt/gz_transport_vendor:/opt/ros/jazzy/opt/gz_rendering_vendor:/opt/ros/jazzy/opt/gz_plugin_vendor:/opt/ros/jazzy/opt/gz_fuel_tools_vendor:/opt/ros/jazzy/opt/gz_msgs_vendor:/opt/ros/jazzy/opt/gz_common_vendor:/opt/ros/jazzy/opt/gz_math_vendor:/opt/ros/jazzy/opt/gz_utils_vendor:/opt/ros/jazzy/opt/gz_tools_vendor:/opt/ros/jazzy/opt/gz_ogre_next_vendor:/opt/ros/jazzy/opt/gz_dartsim_vendor:/opt/ros/jazzy/opt/gz_cmake_vendor:/opt/ros/jazzy DEBUGINFOD_URLS=https://debuginfod.ubuntu.com /usr/bin/cmake --build /home/achy/ros2/ros2_arm/build/robotic_arm -- -j8 -l8
[1.840s] DEBUG:colcon.colcon_core.event_handler.log_command:Invoking command in '/home/achy/ros2/ros2_arm/build/robotic_arm': CMAKE_PREFIX_PATH=/home/achy/ros2/ros2_arm/install/robotic_arm_sys_test:/home/achy/ros2/ros2_arm/install/robotic_arm_moveit_config:/home/achy/ros2/ros2_arm/install/robotic_arm_gazebo:/home/achy/ros2/ros2_arm/install/robotic_arm_description:/home/achy/ros2/ros2_arm/install/robotic_arm_bringup:/home/achy/ros2/ros2_arm/install/robotic_arm:/opt/ros/jazzy/opt/gz_sim_vendor:/opt/ros/jazzy/opt/gz_sensors_vendor:/opt/ros/jazzy/opt/gz_physics_vendor:/opt/ros/jazzy/opt/sdformat_vendor:/opt/ros/jazzy/opt/gz_gui_vendor:/opt/ros/jazzy/opt/gz_transport_vendor:/opt/ros/jazzy/opt/gz_rendering_vendor:/opt/ros/jazzy/opt/gz_plugin_vendor:/opt/ros/jazzy/opt/gz_fuel_tools_vendor:/opt/ros/jazzy/opt/gz_msgs_vendor:/opt/ros/jazzy/opt/gz_common_vendor:/opt/ros/jazzy/opt/gz_math_vendor:/opt/ros/jazzy/opt/gz_utils_vendor:/opt/ros/jazzy/opt/gz_tools_vendor:/opt/ros/jazzy/opt/gz_ogre_next_vendor:/opt/ros/jazzy/opt/gz_dartsim_vendor:/opt/ros/jazzy/opt/gz_cmake_vendor:/opt/ros/jazzy DEBUGINFOD_URLS=https://debuginfod.ubuntu.com /usr/bin/cmake --install /home/achy/ros2/ros2_arm/build/robotic_arm
[1.859s] Level 1:colcon.colcon_core.environment:create_environment_scripts_only(robotic_arm)
[1.860s] Level 1:colcon.colcon_core.environment:checking '/home/achy/ros2/ros2_arm/install/robotic_arm' for CMake module files
[1.860s] DEBUG:colcon.colcon_core.event_handler.log_command:Invoked command in '/home/achy/ros2/ros2_arm/build/robotic_arm' returned '0': CMAKE_PREFIX_PATH=/home/achy/ros2/ros2_arm/install/robotic_arm_sys_test:/home/achy/ros2/ros2_arm/install/robotic_arm_moveit_config:/home/achy/ros2/ros2_arm/install/robotic_arm_gazebo:/home/achy/ros2/ros2_arm/install/robotic_arm_description:/home/achy/ros2/ros2_arm/install/robotic_arm_bringup:/home/achy/ros2/ros2_arm/install/robotic_arm:/opt/ros/jazzy/opt/gz_sim_vendor:/opt/ros/jazzy/opt/gz_sensors_vendor:/opt/ros/jazzy/opt/gz_physics_vendor:/opt/ros/jazzy/opt/sdformat_vendor:/opt/ros/jazzy/opt/gz_gui_vendor:/opt/ros/jazzy/opt/gz_transport_vendor:/opt/ros/jazzy/opt/gz_rendering_vendor:/opt/ros/jazzy/opt/gz_plugin_vendor:/opt/ros/jazzy/opt/gz_fuel_tools_vendor:/opt/ros/jazzy/opt/gz_msgs_vendor:/opt/ros/jazzy/opt/gz_common_vendor:/opt/ros/jazzy/opt/gz_math_vendor:/opt/ros/jazzy/opt/gz_utils_vendor:/opt/ros/jazzy/opt/gz_tools_vendor:/opt/ros/jazzy/opt/gz_ogre_next_vendor:/opt/ros/jazzy/opt/gz_dartsim_vendor:/opt/ros/jazzy/opt/gz_cmake_vendor:/opt/ros/jazzy DEBUGINFOD_URLS=https://debuginfod.ubuntu.com /usr/bin/cmake --install /home/achy/ros2/ros2_arm/build/robotic_arm
[1.861s] Level 1:colcon.colcon_core.environment:checking '/home/achy/ros2/ros2_arm/install/robotic_arm' for CMake config files
[1.861s] Level 1:colcon.colcon_core.shell:create_environment_hook('robotic_arm', 'cmake_prefix_path')
[1.861s] INFO:colcon.colcon_core.shell:Creating environment hook '/home/achy/ros2/ros2_arm/install/robotic_arm/share/robotic_arm/hook/cmake_prefix_path.ps1'
[1.862s] INFO:colcon.colcon_core.shell:Creating environment descriptor '/home/achy/ros2/ros2_arm/install/robotic_arm/share/robotic_arm/hook/cmake_prefix_path.dsv'
[1.862s] INFO:colcon.colcon_core.shell:Creating environment hook '/home/achy/ros2/ros2_arm/install/robotic_arm/share/robotic_arm/hook/cmake_prefix_path.sh'
[1.863s] Level 1:colcon.colcon_core.environment:checking '/home/achy/ros2/ros2_arm/install/robotic_arm/bin'
[1.863s] Level 1:colcon.colcon_core.environment:checking '/home/achy/ros2/ros2_arm/install/robotic_arm/lib/pkgconfig/robotic_arm.pc'
[1.863s] Level 1:colcon.colcon_core.environment:checking '/home/achy/ros2/ros2_arm/install/robotic_arm/lib/python3.12/site-packages'
[1.863s] Level 1:colcon.colcon_core.environment:checking '/home/achy/ros2/ros2_arm/install/robotic_arm/bin'
[1.863s] INFO:colcon.colcon_core.shell:Creating package script '/home/achy/ros2/ros2_arm/install/robotic_arm/share/robotic_arm/package.ps1'
[1.864s] INFO:colcon.colcon_core.shell:Creating package descriptor '/home/achy/ros2/ros2_arm/install/robotic_arm/share/robotic_arm/package.dsv'
[1.864s] INFO:colcon.colcon_core.shell:Creating package script '/home/achy/ros2/ros2_arm/install/robotic_arm/share/robotic_arm/package.sh'
[1.865s] INFO:colcon.colcon_core.shell:Creating package script '/home/achy/ros2/ros2_arm/install/robotic_arm/share/robotic_arm/package.bash'
[1.865s] INFO:colcon.colcon_core.shell:Creating package script '/home/achy/ros2/ros2_arm/install/robotic_arm/share/robotic_arm/package.zsh'
[1.865s] Level 1:colcon.colcon_core.environment:create_file_with_runtime_dependencies(/home/achy/ros2/ros2_arm/install/robotic_arm/share/colcon-core/packages/robotic_arm)
[1.866s] Level 1:colcon.colcon_core.environment:create_environment_scripts_only(robotic_arm)
[1.866s] Level 1:colcon.colcon_core.environment:checking '/home/achy/ros2/ros2_arm/install/robotic_arm' for CMake module files
[1.866s] Level 1:colcon.colcon_core.environment:checking '/home/achy/ros2/ros2_arm/install/robotic_arm' for CMake config files
[1.867s] Level 1:colcon.colcon_core.shell:create_environment_hook('robotic_arm', 'cmake_prefix_path')
[1.867s] INFO:colcon.colcon_core.shell:Creating environment hook '/home/achy/ros2/ros2_arm/install/robotic_arm/share/robotic_arm/hook/cmake_prefix_path.ps1'
[1.867s] INFO:colcon.colcon_core.shell:Creating environment descriptor '/home/achy/ros2/ros2_arm/install/robotic_arm/share/robotic_arm/hook/cmake_prefix_path.dsv'
[1.868s] INFO:colcon.colcon_core.shell:Creating environment hook '/home/achy/ros2/ros2_arm/install/robotic_arm/share/robotic_arm/hook/cmake_prefix_path.sh'
[1.868s] Level 1:colcon.colcon_core.environment:checking '/home/achy/ros2/ros2_arm/install/robotic_arm/bin'
[1.868s] Level 1:colcon.colcon_core.environment:checking '/home/achy/ros2/ros2_arm/install/robotic_arm/lib/pkgconfig/robotic_arm.pc'
[1.868s] Level 1:colcon.colcon_core.environment:checking '/home/achy/ros2/ros2_arm/install/robotic_arm/lib/python3.12/site-packages'
[1.869s] Level 1:colcon.colcon_core.environment:checking '/home/achy/ros2/ros2_arm/install/robotic_arm/bin'
[1.869s] INFO:colcon.colcon_core.shell:Creating package script '/home/achy/ros2/ros2_arm/install/robotic_arm/share/robotic_arm/package.ps1'
[1.870s] INFO:colcon.colcon_core.shell:Creating package descriptor '/home/achy/ros2/ros2_arm/install/robotic_arm/share/robotic_arm/package.dsv'
[1.870s] INFO:colcon.colcon_core.shell:Creating package script '/home/achy/ros2/ros2_arm/install/robotic_arm/share/robotic_arm/package.sh'
[1.871s] INFO:colcon.colcon_core.shell:Creating package script '/home/achy/ros2/ros2_arm/install/robotic_arm/share/robotic_arm/package.bash'
[1.871s] INFO:colcon.colcon_core.shell:Creating package script '/home/achy/ros2/ros2_arm/install/robotic_arm/share/robotic_arm/package.zsh'
[1.871s] Level 1:colcon.colcon_core.environment:create_file_with_runtime_dependencies(/home/achy/ros2/ros2_arm/install/robotic_arm/share/colcon-core/packages/robotic_arm)
[1.872s] DEBUG:colcon.colcon_parallel_executor.executor.parallel:closing loop
[1.872s] DEBUG:colcon.colcon_parallel_executor.executor.parallel:loop closed
[1.872s] DEBUG:colcon.colcon_parallel_executor.executor.parallel:run_until_complete finished with '0'
[1.872s] DEBUG:colcon.colcon_core.event_reactor:joining thread
[1.879s] INFO:colcon.colcon_core.plugin_system:Skipping extension 'colcon_notification.desktop_notification.terminal_notifier': Not used on non-Darwin systems
[1.879s] INFO:colcon.colcon_core.plugin_system:Skipping extension 'colcon_notification.desktop_notification.win32': Not used on non-Windows systems
[1.879s] INFO:colcon.colcon_notification.desktop_notification:Sending desktop notification using 'notify2'
[1.894s] DEBUG:colcon.colcon_core.event_reactor:joined thread
[1.895s] INFO:colcon.colcon_core.shell:Creating prefix script '/home/achy/ros2/ros2_arm/install/local_setup.ps1'
[1.895s] INFO:colcon.colcon_core.shell:Creating prefix util module '/home/achy/ros2/ros2_arm/install/_local_setup_util_ps1.py'
[1.896s] INFO:colcon.colcon_core.shell:Creating prefix chain script '/home/achy/ros2/ros2_arm/install/setup.ps1'
[1.897s] INFO:colcon.colcon_core.shell:Creating prefix script '/home/achy/ros2/ros2_arm/install/local_setup.sh'
[1.898s] INFO:colcon.colcon_core.shell:Creating prefix util module '/home/achy/ros2/ros2_arm/install/_local_setup_util_sh.py'
[1.899s] INFO:colcon.colcon_core.shell:Creating prefix chain script '/home/achy/ros2/ros2_arm/install/setup.sh'
[1.900s] INFO:colcon.colcon_core.shell:Creating prefix script '/home/achy/ros2/ros2_arm/install/local_setup.bash'
[1.900s] INFO:colcon.colcon_core.shell:Creating prefix chain script '/home/achy/ros2/ros2_arm/install/setup.bash'
[1.901s] INFO:colcon.colcon_core.shell:Creating prefix script '/home/achy/ros2/ros2_arm/install/local_setup.zsh'
[1.901s] INFO:colcon.colcon_core.shell:Creating prefix chain script '/home/achy/ros2/ros2_arm/install/setup.zsh'
