[0.065s] Invoking command in '/home/achy/ros2/ros2_arm/build/robotic_arm_bringup': CMAKE_PREFIX_PATH=${CMAKE_PREFIX_PATH}:/opt/ros/jazzy DEBUGINFOD_URLS=https://debuginfod.ubuntu.com /usr/bin/cmake --build /home/achy/ros2/ros2_arm/build/robotic_arm_bringup -- -j8 -l8
[0.202s] Invoked command in '/home/achy/ros2/ros2_arm/build/robotic_arm_bringup' returned '0': CMAKE_PREFIX_PATH=${CMAKE_PREFIX_PATH}:/opt/ros/jazzy DEBUGINFOD_URLS=https://debuginfod.ubuntu.com /usr/bin/cmake --build /home/achy/ros2/ros2_arm/build/robotic_arm_bringup -- -j8 -l8
[0.246s] Invoking command in '/home/achy/ros2/ros2_arm/build/robotic_arm_bringup': CMAKE_PREFIX_PATH=${CMAKE_PREFIX_PATH}:/opt/ros/jazzy DEBUGINFOD_URLS=https://debuginfod.ubuntu.com /usr/bin/cmake --install /home/achy/ros2/ros2_arm/build/robotic_arm_bringup
[0.269s] -- Install configuration: ""
[0.269s] -- Execute custom install script
[0.270s] -- Up-to-date symlink: /home/achy/ros2/ros2_arm/install/robotic_arm_bringup/share/robotic_arm_bringup/scripts/robotic_arm_280_gazebo.sh
[0.274s] -- Up-to-date symlink: /home/achy/ros2/ros2_arm/install/robotic_arm_bringup/share/ament_index/resource_index/package_run_dependencies/robotic_arm_bringup
[0.275s] -- Up-to-date symlink: /home/achy/ros2/ros2_arm/install/robotic_arm_bringup/share/ament_index/resource_index/parent_prefix_path/robotic_arm_bringup
[0.277s] -- Up-to-date symlink: /home/achy/ros2/ros2_arm/install/robotic_arm_bringup/share/robotic_arm_bringup/environment/ament_prefix_path.sh
[0.279s] -- Up-to-date symlink: /home/achy/ros2/ros2_arm/install/robotic_arm_bringup/share/robotic_arm_bringup/environment/ament_prefix_path.dsv
[0.280s] -- Up-to-date symlink: /home/achy/ros2/ros2_arm/install/robotic_arm_bringup/share/robotic_arm_bringup/environment/path.sh
[0.281s] -- Up-to-date symlink: /home/achy/ros2/ros2_arm/install/robotic_arm_bringup/share/robotic_arm_bringup/environment/path.dsv
[0.282s] -- Up-to-date symlink: /home/achy/ros2/ros2_arm/install/robotic_arm_bringup/share/robotic_arm_bringup/local_setup.bash
[0.285s] -- Up-to-date symlink: /home/achy/ros2/ros2_arm/install/robotic_arm_bringup/share/robotic_arm_bringup/local_setup.sh
[0.285s] -- Up-to-date symlink: /home/achy/ros2/ros2_arm/install/robotic_arm_bringup/share/robotic_arm_bringup/local_setup.zsh
[0.285s] -- Up-to-date symlink: /home/achy/ros2/ros2_arm/install/robotic_arm_bringup/share/robotic_arm_bringup/local_setup.dsv
[0.286s] -- Symlinking: /home/achy/ros2/ros2_arm/install/robotic_arm_bringup/share/robotic_arm_bringup/package.dsv
[0.302s] -- Up-to-date symlink: /home/achy/ros2/ros2_arm/install/robotic_arm_bringup/share/ament_index/resource_index/packages/robotic_arm_bringup
[0.304s] -- Up-to-date symlink: /home/achy/ros2/ros2_arm/install/robotic_arm_bringup/share/robotic_arm_bringup/cmake/robotic_arm_bringupConfig.cmake
[0.305s] -- Up-to-date symlink: /home/achy/ros2/ros2_arm/install/robotic_arm_bringup/share/robotic_arm_bringup/cmake/robotic_arm_bringupConfig-version.cmake
[0.305s] -- Up-to-date symlink: /home/achy/ros2/ros2_arm/install/robotic_arm_bringup/share/robotic_arm_bringup/package.xml
[0.310s] Invoked command in '/home/achy/ros2/ros2_arm/build/robotic_arm_bringup' returned '0': CMAKE_PREFIX_PATH=${CMAKE_PREFIX_PATH}:/opt/ros/jazzy DEBUGINFOD_URLS=https://debuginfod.ubuntu.com /usr/bin/cmake --install /home/achy/ros2/ros2_arm/build/robotic_arm_bringup
