[0.095s] DEBUG:colcon:Command line arguments: ['/usr/bin/colcon', 'build', '--symlink-install']
[0.095s] DEBUG:colcon:Parsed command line arguments: Namespace(log_base=None, log_level=None, verb_name='build', build_base='build', install_base='install', merge_install=False, symlink_install=True, test_result_base=None, continue_on_error=False, executor='parallel', parallel_workers=8, event_handlers=None, ignore_user_meta=False, metas=['./colcon.meta'], base_paths=['.'], packages_ignore=None, packages_ignore_regex=None, paths=None, packages_up_to=None, packages_up_to_regex=None, packages_above=None, packages_above_and_dependencies=None, packages_above_depth=None, packages_select_by_dep=None, packages_skip_by_dep=None, packages_skip_up_to=None, packages_select_build_failed=False, packages_skip_build_finished=False, packages_select_test_failures=False, packages_skip_test_passed=False, packages_select=None, packages_skip=None, packages_select_regex=None, packages_skip_regex=None, packages_start=None, packages_end=None, allow_overriding=[], cmake_args=None, cmake_target=None, cmake_target_skip_unavailable=False, cmake_clean_cache=False, cmake_clean_first=False, cmake_force_configure=False, ament_cmake_args=None, catkin_cmake_args=None, catkin_skip_building_tests=False, mixin_files=None, mixin=None, verb_parser=<colcon_mixin.mixin.mixin_argument.MixinArgumentDecorator object at 0x7aee6d2b8a10>, verb_extension=<colcon_core.verb.build.BuildVerb object at 0x7aee6d2b85c0>, main=<bound method BuildVerb.main of <colcon_core.verb.build.BuildVerb object at 0x7aee6d2b85c0>>, mixin_verb=('build',))
[0.129s] Level 1:colcon.colcon_core.package_discovery:discover_packages(colcon_meta) check parameters
[0.129s] Level 1:colcon.colcon_core.package_discovery:discover_packages(recursive) check parameters
[0.130s] Level 1:colcon.colcon_core.package_discovery:discover_packages(ignore) check parameters
[0.130s] Level 1:colcon.colcon_core.package_discovery:discover_packages(path) check parameters
[0.130s] Level 1:colcon.colcon_core.package_discovery:discover_packages(colcon_meta) discover
[0.130s] Level 1:colcon.colcon_core.package_discovery:discover_packages(recursive) discover
[0.130s] INFO:colcon.colcon_core.package_discovery:Crawling recursively for packages in '/home/achy/ros2/ros2_arm'
[0.130s] Level 1:colcon.colcon_core.package_identification:_identify(.) by extensions ['ignore', 'ignore_ament_install']
[0.130s] Level 1:colcon.colcon_core.package_identification:_identify(.) by extension 'ignore'
[0.130s] Level 1:colcon.colcon_core.package_identification:_identify(.) by extension 'ignore_ament_install'
[0.130s] Level 1:colcon.colcon_core.package_identification:_identify(.) by extensions ['colcon_pkg']
[0.130s] Level 1:colcon.colcon_core.package_identification:_identify(.) by extension 'colcon_pkg'
[0.131s] Level 1:colcon.colcon_core.package_identification:_identify(.) by extensions ['colcon_meta']
[0.131s] Level 1:colcon.colcon_core.package_identification:_identify(.) by extension 'colcon_meta'
[0.131s] Level 1:colcon.colcon_core.package_identification:_identify(.) by extensions ['ros']
[0.131s] Level 1:colcon.colcon_core.package_identification:_identify(.) by extension 'ros'
[0.152s] Level 1:colcon.colcon_core.package_identification:_identify(.) by extensions ['cmake', 'python']
[0.152s] Level 1:colcon.colcon_core.package_identification:_identify(.) by extension 'cmake'
[0.152s] Level 1:colcon.colcon_core.package_identification:_identify(.) by extension 'python'
[0.152s] Level 1:colcon.colcon_core.package_identification:_identify(.) by extensions ['python_setup_py']
[0.152s] Level 1:colcon.colcon_core.package_identification:_identify(.) by extension 'python_setup_py'
[0.152s] Level 1:colcon.colcon_core.package_identification:_identify(build) by extensions ['ignore', 'ignore_ament_install']
[0.153s] Level 1:colcon.colcon_core.package_identification:_identify(build) by extension 'ignore'
[0.153s] Level 1:colcon.colcon_core.package_identification:_identify(build) ignored
[0.153s] Level 1:colcon.colcon_core.package_identification:_identify(install) by extensions ['ignore', 'ignore_ament_install']
[0.153s] Level 1:colcon.colcon_core.package_identification:_identify(install) by extension 'ignore'
[0.153s] Level 1:colcon.colcon_core.package_identification:_identify(install) ignored
[0.153s] Level 1:colcon.colcon_core.package_identification:_identify(log) by extensions ['ignore', 'ignore_ament_install']
[0.153s] Level 1:colcon.colcon_core.package_identification:_identify(log) by extension 'ignore'
[0.153s] Level 1:colcon.colcon_core.package_identification:_identify(log) ignored
[0.153s] Level 1:colcon.colcon_core.package_identification:_identify(src) by extensions ['ignore', 'ignore_ament_install']
[0.153s] Level 1:colcon.colcon_core.package_identification:_identify(src) by extension 'ignore'
[0.153s] Level 1:colcon.colcon_core.package_identification:_identify(src) by extension 'ignore_ament_install'
[0.153s] Level 1:colcon.colcon_core.package_identification:_identify(src) by extensions ['colcon_pkg']
[0.153s] Level 1:colcon.colcon_core.package_identification:_identify(src) by extension 'colcon_pkg'
[0.153s] Level 1:colcon.colcon_core.package_identification:_identify(src) by extensions ['colcon_meta']
[0.153s] Level 1:colcon.colcon_core.package_identification:_identify(src) by extension 'colcon_meta'
[0.153s] Level 1:colcon.colcon_core.package_identification:_identify(src) by extensions ['ros']
[0.154s] Level 1:colcon.colcon_core.package_identification:_identify(src) by extension 'ros'
[0.154s] Level 1:colcon.colcon_core.package_identification:_identify(src) by extensions ['cmake', 'python']
[0.154s] Level 1:colcon.colcon_core.package_identification:_identify(src) by extension 'cmake'
[0.154s] Level 1:colcon.colcon_core.package_identification:_identify(src) by extension 'python'
[0.154s] Level 1:colcon.colcon_core.package_identification:_identify(src) by extensions ['python_setup_py']
[0.154s] Level 1:colcon.colcon_core.package_identification:_identify(src) by extension 'python_setup_py'
[0.154s] Level 1:colcon.colcon_core.package_identification:_identify(src/robotic_arm) by extensions ['ignore', 'ignore_ament_install']
[0.154s] Level 1:colcon.colcon_core.package_identification:_identify(src/robotic_arm) by extension 'ignore'
[0.154s] Level 1:colcon.colcon_core.package_identification:_identify(src/robotic_arm) by extension 'ignore_ament_install'
[0.154s] Level 1:colcon.colcon_core.package_identification:_identify(src/robotic_arm) by extensions ['colcon_pkg']
[0.154s] Level 1:colcon.colcon_core.package_identification:_identify(src/robotic_arm) by extension 'colcon_pkg'
[0.154s] Level 1:colcon.colcon_core.package_identification:_identify(src/robotic_arm) by extensions ['colcon_meta']
[0.154s] Level 1:colcon.colcon_core.package_identification:_identify(src/robotic_arm) by extension 'colcon_meta'
[0.154s] Level 1:colcon.colcon_core.package_identification:_identify(src/robotic_arm) by extensions ['ros']
[0.154s] Level 1:colcon.colcon_core.package_identification:_identify(src/robotic_arm) by extension 'ros'
[0.154s] Level 1:colcon.colcon_core.package_identification:_identify(src/robotic_arm) by extensions ['cmake', 'python']
[0.154s] Level 1:colcon.colcon_core.package_identification:_identify(src/robotic_arm) by extension 'cmake'
[0.154s] Level 1:colcon.colcon_core.package_identification:_identify(src/robotic_arm) by extension 'python'
[0.154s] Level 1:colcon.colcon_core.package_identification:_identify(src/robotic_arm) by extensions ['python_setup_py']
[0.154s] Level 1:colcon.colcon_core.package_identification:_identify(src/robotic_arm) by extension 'python_setup_py'
[0.154s] Level 1:colcon.colcon_core.package_identification:_identify(src/robotic_arm/robotic_arm) by extensions ['ignore', 'ignore_ament_install']
[0.155s] Level 1:colcon.colcon_core.package_identification:_identify(src/robotic_arm/robotic_arm) by extension 'ignore'
[0.155s] Level 1:colcon.colcon_core.package_identification:_identify(src/robotic_arm/robotic_arm) by extension 'ignore_ament_install'
[0.155s] Level 1:colcon.colcon_core.package_identification:_identify(src/robotic_arm/robotic_arm) by extensions ['colcon_pkg']
[0.155s] Level 1:colcon.colcon_core.package_identification:_identify(src/robotic_arm/robotic_arm) by extension 'colcon_pkg'
[0.155s] Level 1:colcon.colcon_core.package_identification:_identify(src/robotic_arm/robotic_arm) by extensions ['colcon_meta']
[0.155s] Level 1:colcon.colcon_core.package_identification:_identify(src/robotic_arm/robotic_arm) by extension 'colcon_meta'
[0.155s] Level 1:colcon.colcon_core.package_identification:_identify(src/robotic_arm/robotic_arm) by extensions ['ros']
[0.155s] Level 1:colcon.colcon_core.package_identification:_identify(src/robotic_arm/robotic_arm) by extension 'ros'
[0.157s] DEBUG:colcon.colcon_core.package_identification:Package 'src/robotic_arm/robotic_arm' with type 'ros.ament_cmake' and name 'robotic_arm'
[0.157s] Level 1:colcon.colcon_core.package_identification:_identify(src/robotic_arm/robotic_arm_bringup) by extensions ['ignore', 'ignore_ament_install']
[0.157s] Level 1:colcon.colcon_core.package_identification:_identify(src/robotic_arm/robotic_arm_bringup) by extension 'ignore'
[0.157s] Level 1:colcon.colcon_core.package_identification:_identify(src/robotic_arm/robotic_arm_bringup) by extension 'ignore_ament_install'
[0.157s] Level 1:colcon.colcon_core.package_identification:_identify(src/robotic_arm/robotic_arm_bringup) by extensions ['colcon_pkg']
[0.157s] Level 1:colcon.colcon_core.package_identification:_identify(src/robotic_arm/robotic_arm_bringup) by extension 'colcon_pkg'
[0.157s] Level 1:colcon.colcon_core.package_identification:_identify(src/robotic_arm/robotic_arm_bringup) by extensions ['colcon_meta']
[0.157s] Level 1:colcon.colcon_core.package_identification:_identify(src/robotic_arm/robotic_arm_bringup) by extension 'colcon_meta'
[0.157s] Level 1:colcon.colcon_core.package_identification:_identify(src/robotic_arm/robotic_arm_bringup) by extensions ['ros']
[0.157s] Level 1:colcon.colcon_core.package_identification:_identify(src/robotic_arm/robotic_arm_bringup) by extension 'ros'
[0.158s] DEBUG:colcon.colcon_core.package_identification:Package 'src/robotic_arm/robotic_arm_bringup' with type 'ros.ament_cmake' and name 'robotic_arm_bringup'
[0.158s] Level 1:colcon.colcon_core.package_identification:_identify(src/robotic_arm/robotic_arm_description) by extensions ['ignore', 'ignore_ament_install']
[0.158s] Level 1:colcon.colcon_core.package_identification:_identify(src/robotic_arm/robotic_arm_description) by extension 'ignore'
[0.158s] Level 1:colcon.colcon_core.package_identification:_identify(src/robotic_arm/robotic_arm_description) by extension 'ignore_ament_install'
[0.158s] Level 1:colcon.colcon_core.package_identification:_identify(src/robotic_arm/robotic_arm_description) by extensions ['colcon_pkg']
[0.158s] Level 1:colcon.colcon_core.package_identification:_identify(src/robotic_arm/robotic_arm_description) by extension 'colcon_pkg'
[0.158s] Level 1:colcon.colcon_core.package_identification:_identify(src/robotic_arm/robotic_arm_description) by extensions ['colcon_meta']
[0.158s] Level 1:colcon.colcon_core.package_identification:_identify(src/robotic_arm/robotic_arm_description) by extension 'colcon_meta'
[0.158s] Level 1:colcon.colcon_core.package_identification:_identify(src/robotic_arm/robotic_arm_description) by extensions ['ros']
[0.158s] Level 1:colcon.colcon_core.package_identification:_identify(src/robotic_arm/robotic_arm_description) by extension 'ros'
[0.158s] DEBUG:colcon.colcon_core.package_identification:Package 'src/robotic_arm/robotic_arm_description' with type 'ros.ament_cmake' and name 'robotic_arm_description'
[0.158s] Level 1:colcon.colcon_core.package_identification:_identify(src/robotic_arm/robotic_arm_gazebo) by extensions ['ignore', 'ignore_ament_install']
[0.158s] Level 1:colcon.colcon_core.package_identification:_identify(src/robotic_arm/robotic_arm_gazebo) by extension 'ignore'
[0.158s] Level 1:colcon.colcon_core.package_identification:_identify(src/robotic_arm/robotic_arm_gazebo) by extension 'ignore_ament_install'
[0.159s] Level 1:colcon.colcon_core.package_identification:_identify(src/robotic_arm/robotic_arm_gazebo) by extensions ['colcon_pkg']
[0.159s] Level 1:colcon.colcon_core.package_identification:_identify(src/robotic_arm/robotic_arm_gazebo) by extension 'colcon_pkg'
[0.159s] Level 1:colcon.colcon_core.package_identification:_identify(src/robotic_arm/robotic_arm_gazebo) by extensions ['colcon_meta']
[0.159s] Level 1:colcon.colcon_core.package_identification:_identify(src/robotic_arm/robotic_arm_gazebo) by extension 'colcon_meta'
[0.159s] Level 1:colcon.colcon_core.package_identification:_identify(src/robotic_arm/robotic_arm_gazebo) by extensions ['ros']
[0.159s] Level 1:colcon.colcon_core.package_identification:_identify(src/robotic_arm/robotic_arm_gazebo) by extension 'ros'
[0.160s] DEBUG:colcon.colcon_core.package_identification:Package 'src/robotic_arm/robotic_arm_gazebo' with type 'ros.ament_cmake' and name 'robotic_arm_gazebo'
[0.160s] Level 1:colcon.colcon_core.package_identification:_identify(src/robotic_arm/robotic_arm_moveit_config) by extensions ['ignore', 'ignore_ament_install']
[0.160s] Level 1:colcon.colcon_core.package_identification:_identify(src/robotic_arm/robotic_arm_moveit_config) by extension 'ignore'
[0.160s] Level 1:colcon.colcon_core.package_identification:_identify(src/robotic_arm/robotic_arm_moveit_config) by extension 'ignore_ament_install'
[0.160s] Level 1:colcon.colcon_core.package_identification:_identify(src/robotic_arm/robotic_arm_moveit_config) by extensions ['colcon_pkg']
[0.160s] Level 1:colcon.colcon_core.package_identification:_identify(src/robotic_arm/robotic_arm_moveit_config) by extension 'colcon_pkg'
[0.160s] Level 1:colcon.colcon_core.package_identification:_identify(src/robotic_arm/robotic_arm_moveit_config) by extensions ['colcon_meta']
[0.160s] Level 1:colcon.colcon_core.package_identification:_identify(src/robotic_arm/robotic_arm_moveit_config) by extension 'colcon_meta'
[0.160s] Level 1:colcon.colcon_core.package_identification:_identify(src/robotic_arm/robotic_arm_moveit_config) by extensions ['ros']
[0.160s] Level 1:colcon.colcon_core.package_identification:_identify(src/robotic_arm/robotic_arm_moveit_config) by extension 'ros'
[0.161s] DEBUG:colcon.colcon_core.package_identification:Package 'src/robotic_arm/robotic_arm_moveit_config' with type 'ros.ament_cmake' and name 'robotic_arm_moveit_config'
[0.161s] Level 1:colcon.colcon_core.package_identification:_identify(src/robotic_arm/robotic_arm_sys_test) by extensions ['ignore', 'ignore_ament_install']
[0.161s] Level 1:colcon.colcon_core.package_identification:_identify(src/robotic_arm/robotic_arm_sys_test) by extension 'ignore'
[0.161s] Level 1:colcon.colcon_core.package_identification:_identify(src/robotic_arm/robotic_arm_sys_test) by extension 'ignore_ament_install'
[0.161s] Level 1:colcon.colcon_core.package_identification:_identify(src/robotic_arm/robotic_arm_sys_test) by extensions ['colcon_pkg']
[0.161s] Level 1:colcon.colcon_core.package_identification:_identify(src/robotic_arm/robotic_arm_sys_test) by extension 'colcon_pkg'
[0.161s] Level 1:colcon.colcon_core.package_identification:_identify(src/robotic_arm/robotic_arm_sys_test) by extensions ['colcon_meta']
[0.161s] Level 1:colcon.colcon_core.package_identification:_identify(src/robotic_arm/robotic_arm_sys_test) by extension 'colcon_meta'
[0.161s] Level 1:colcon.colcon_core.package_identification:_identify(src/robotic_arm/robotic_arm_sys_test) by extensions ['ros']
[0.161s] Level 1:colcon.colcon_core.package_identification:_identify(src/robotic_arm/robotic_arm_sys_test) by extension 'ros'
[0.161s] DEBUG:colcon.colcon_core.package_identification:Package 'src/robotic_arm/robotic_arm_sys_test' with type 'ros.ament_cmake' and name 'robotic_arm_sys_test'
[0.162s] Level 1:colcon.colcon_core.package_discovery:discover_packages(recursive) using defaults
[0.162s] Level 1:colcon.colcon_core.package_discovery:discover_packages(ignore) discover
[0.162s] Level 1:colcon.colcon_core.package_discovery:discover_packages(ignore) using defaults
[0.162s] Level 1:colcon.colcon_core.package_discovery:discover_packages(path) discover
[0.162s] Level 1:colcon.colcon_core.package_discovery:discover_packages(path) using defaults
[0.177s] Level 1:colcon.colcon_core.package_discovery:discover_packages(prefix_path) check parameters
[0.177s] Level 1:colcon.colcon_core.package_discovery:discover_packages(prefix_path) discover
[0.180s] DEBUG:colcon.colcon_installed_package_information.package_discovery:Found 457 installed packages in /opt/ros/jazzy
[0.182s] Level 1:colcon.colcon_core.package_discovery:discover_packages(prefix_path) using defaults
[0.226s] Level 5:colcon.colcon_core.verb:set package 'robotic_arm_bringup' build argument 'cmake_args' from command line to 'None'
[0.226s] Level 5:colcon.colcon_core.verb:set package 'robotic_arm_bringup' build argument 'cmake_target' from command line to 'None'
[0.226s] Level 5:colcon.colcon_core.verb:set package 'robotic_arm_bringup' build argument 'cmake_target_skip_unavailable' from command line to 'False'
[0.226s] Level 5:colcon.colcon_core.verb:set package 'robotic_arm_bringup' build argument 'cmake_clean_cache' from command line to 'False'
[0.226s] Level 5:colcon.colcon_core.verb:set package 'robotic_arm_bringup' build argument 'cmake_clean_first' from command line to 'False'
[0.226s] Level 5:colcon.colcon_core.verb:set package 'robotic_arm_bringup' build argument 'cmake_force_configure' from command line to 'False'
[0.226s] Level 5:colcon.colcon_core.verb:set package 'robotic_arm_bringup' build argument 'ament_cmake_args' from command line to 'None'
[0.226s] Level 5:colcon.colcon_core.verb:set package 'robotic_arm_bringup' build argument 'catkin_cmake_args' from command line to 'None'
[0.226s] Level 5:colcon.colcon_core.verb:set package 'robotic_arm_bringup' build argument 'catkin_skip_building_tests' from command line to 'False'
[0.226s] DEBUG:colcon.colcon_core.verb:Building package 'robotic_arm_bringup' with the following arguments: {'ament_cmake_args': None, 'build_base': '/home/achy/ros2/ros2_arm/build/robotic_arm_bringup', 'catkin_cmake_args': None, 'catkin_skip_building_tests': False, 'cmake_args': None, 'cmake_clean_cache': False, 'cmake_clean_first': False, 'cmake_force_configure': False, 'cmake_target': None, 'cmake_target_skip_unavailable': False, 'install_base': '/home/achy/ros2/ros2_arm/install/robotic_arm_bringup', 'merge_install': False, 'path': '/home/achy/ros2/ros2_arm/src/robotic_arm/robotic_arm_bringup', 'symlink_install': True, 'test_result_base': None}
[0.227s] Level 5:colcon.colcon_core.verb:set package 'robotic_arm_description' build argument 'cmake_args' from command line to 'None'
[0.227s] Level 5:colcon.colcon_core.verb:set package 'robotic_arm_description' build argument 'cmake_target' from command line to 'None'
[0.227s] Level 5:colcon.colcon_core.verb:set package 'robotic_arm_description' build argument 'cmake_target_skip_unavailable' from command line to 'False'
[0.227s] Level 5:colcon.colcon_core.verb:set package 'robotic_arm_description' build argument 'cmake_clean_cache' from command line to 'False'
[0.227s] Level 5:colcon.colcon_core.verb:set package 'robotic_arm_description' build argument 'cmake_clean_first' from command line to 'False'
[0.227s] Level 5:colcon.colcon_core.verb:set package 'robotic_arm_description' build argument 'cmake_force_configure' from command line to 'False'
[0.227s] Level 5:colcon.colcon_core.verb:set package 'robotic_arm_description' build argument 'ament_cmake_args' from command line to 'None'
[0.227s] Level 5:colcon.colcon_core.verb:set package 'robotic_arm_description' build argument 'catkin_cmake_args' from command line to 'None'
[0.227s] Level 5:colcon.colcon_core.verb:set package 'robotic_arm_description' build argument 'catkin_skip_building_tests' from command line to 'False'
[0.227s] DEBUG:colcon.colcon_core.verb:Building package 'robotic_arm_description' with the following arguments: {'ament_cmake_args': None, 'build_base': '/home/achy/ros2/ros2_arm/build/robotic_arm_description', 'catkin_cmake_args': None, 'catkin_skip_building_tests': False, 'cmake_args': None, 'cmake_clean_cache': False, 'cmake_clean_first': False, 'cmake_force_configure': False, 'cmake_target': None, 'cmake_target_skip_unavailable': False, 'install_base': '/home/achy/ros2/ros2_arm/install/robotic_arm_description', 'merge_install': False, 'path': '/home/achy/ros2/ros2_arm/src/robotic_arm/robotic_arm_description', 'symlink_install': True, 'test_result_base': None}
[0.227s] Level 5:colcon.colcon_core.verb:set package 'robotic_arm_gazebo' build argument 'cmake_args' from command line to 'None'
[0.227s] Level 5:colcon.colcon_core.verb:set package 'robotic_arm_gazebo' build argument 'cmake_target' from command line to 'None'
[0.227s] Level 5:colcon.colcon_core.verb:set package 'robotic_arm_gazebo' build argument 'cmake_target_skip_unavailable' from command line to 'False'
[0.227s] Level 5:colcon.colcon_core.verb:set package 'robotic_arm_gazebo' build argument 'cmake_clean_cache' from command line to 'False'
[0.227s] Level 5:colcon.colcon_core.verb:set package 'robotic_arm_gazebo' build argument 'cmake_clean_first' from command line to 'False'
[0.227s] Level 5:colcon.colcon_core.verb:set package 'robotic_arm_gazebo' build argument 'cmake_force_configure' from command line to 'False'
[0.227s] Level 5:colcon.colcon_core.verb:set package 'robotic_arm_gazebo' build argument 'ament_cmake_args' from command line to 'None'
[0.227s] Level 5:colcon.colcon_core.verb:set package 'robotic_arm_gazebo' build argument 'catkin_cmake_args' from command line to 'None'
[0.227s] Level 5:colcon.colcon_core.verb:set package 'robotic_arm_gazebo' build argument 'catkin_skip_building_tests' from command line to 'False'
[0.227s] DEBUG:colcon.colcon_core.verb:Building package 'robotic_arm_gazebo' with the following arguments: {'ament_cmake_args': None, 'build_base': '/home/achy/ros2/ros2_arm/build/robotic_arm_gazebo', 'catkin_cmake_args': None, 'catkin_skip_building_tests': False, 'cmake_args': None, 'cmake_clean_cache': False, 'cmake_clean_first': False, 'cmake_force_configure': False, 'cmake_target': None, 'cmake_target_skip_unavailable': False, 'install_base': '/home/achy/ros2/ros2_arm/install/robotic_arm_gazebo', 'merge_install': False, 'path': '/home/achy/ros2/ros2_arm/src/robotic_arm/robotic_arm_gazebo', 'symlink_install': True, 'test_result_base': None}
[0.227s] Level 5:colcon.colcon_core.verb:set package 'robotic_arm_moveit_config' build argument 'cmake_args' from command line to 'None'
[0.227s] Level 5:colcon.colcon_core.verb:set package 'robotic_arm_moveit_config' build argument 'cmake_target' from command line to 'None'
[0.227s] Level 5:colcon.colcon_core.verb:set package 'robotic_arm_moveit_config' build argument 'cmake_target_skip_unavailable' from command line to 'False'
[0.227s] Level 5:colcon.colcon_core.verb:set package 'robotic_arm_moveit_config' build argument 'cmake_clean_cache' from command line to 'False'
[0.228s] Level 5:colcon.colcon_core.verb:set package 'robotic_arm_moveit_config' build argument 'cmake_clean_first' from command line to 'False'
[0.228s] Level 5:colcon.colcon_core.verb:set package 'robotic_arm_moveit_config' build argument 'cmake_force_configure' from command line to 'False'
[0.228s] Level 5:colcon.colcon_core.verb:set package 'robotic_arm_moveit_config' build argument 'ament_cmake_args' from command line to 'None'
[0.228s] Level 5:colcon.colcon_core.verb:set package 'robotic_arm_moveit_config' build argument 'catkin_cmake_args' from command line to 'None'
[0.228s] Level 5:colcon.colcon_core.verb:set package 'robotic_arm_moveit_config' build argument 'catkin_skip_building_tests' from command line to 'False'
[0.228s] DEBUG:colcon.colcon_core.verb:Building package 'robotic_arm_moveit_config' with the following arguments: {'ament_cmake_args': None, 'build_base': '/home/achy/ros2/ros2_arm/build/robotic_arm_moveit_config', 'catkin_cmake_args': None, 'catkin_skip_building_tests': False, 'cmake_args': None, 'cmake_clean_cache': False, 'cmake_clean_first': False, 'cmake_force_configure': False, 'cmake_target': None, 'cmake_target_skip_unavailable': False, 'install_base': '/home/achy/ros2/ros2_arm/install/robotic_arm_moveit_config', 'merge_install': False, 'path': '/home/achy/ros2/ros2_arm/src/robotic_arm/robotic_arm_moveit_config', 'symlink_install': True, 'test_result_base': None}
[0.228s] Level 5:colcon.colcon_core.verb:set package 'robotic_arm_sys_test' build argument 'cmake_args' from command line to 'None'
[0.228s] Level 5:colcon.colcon_core.verb:set package 'robotic_arm_sys_test' build argument 'cmake_target' from command line to 'None'
[0.228s] Level 5:colcon.colcon_core.verb:set package 'robotic_arm_sys_test' build argument 'cmake_target_skip_unavailable' from command line to 'False'
[0.228s] Level 5:colcon.colcon_core.verb:set package 'robotic_arm_sys_test' build argument 'cmake_clean_cache' from command line to 'False'
[0.228s] Level 5:colcon.colcon_core.verb:set package 'robotic_arm_sys_test' build argument 'cmake_clean_first' from command line to 'False'
[0.228s] Level 5:colcon.colcon_core.verb:set package 'robotic_arm_sys_test' build argument 'cmake_force_configure' from command line to 'False'
[0.228s] Level 5:colcon.colcon_core.verb:set package 'robotic_arm_sys_test' build argument 'ament_cmake_args' from command line to 'None'
[0.228s] Level 5:colcon.colcon_core.verb:set package 'robotic_arm_sys_test' build argument 'catkin_cmake_args' from command line to 'None'
[0.228s] Level 5:colcon.colcon_core.verb:set package 'robotic_arm_sys_test' build argument 'catkin_skip_building_tests' from command line to 'False'
[0.228s] DEBUG:colcon.colcon_core.verb:Building package 'robotic_arm_sys_test' with the following arguments: {'ament_cmake_args': None, 'build_base': '/home/achy/ros2/ros2_arm/build/robotic_arm_sys_test', 'catkin_cmake_args': None, 'catkin_skip_building_tests': False, 'cmake_args': None, 'cmake_clean_cache': False, 'cmake_clean_first': False, 'cmake_force_configure': False, 'cmake_target': None, 'cmake_target_skip_unavailable': False, 'install_base': '/home/achy/ros2/ros2_arm/install/robotic_arm_sys_test', 'merge_install': False, 'path': '/home/achy/ros2/ros2_arm/src/robotic_arm/robotic_arm_sys_test', 'symlink_install': True, 'test_result_base': None}
[0.228s] Level 5:colcon.colcon_core.verb:set package 'robotic_arm' build argument 'cmake_args' from command line to 'None'
[0.228s] Level 5:colcon.colcon_core.verb:set package 'robotic_arm' build argument 'cmake_target' from command line to 'None'
[0.228s] Level 5:colcon.colcon_core.verb:set package 'robotic_arm' build argument 'cmake_target_skip_unavailable' from command line to 'False'
[0.228s] Level 5:colcon.colcon_core.verb:set package 'robotic_arm' build argument 'cmake_clean_cache' from command line to 'False'
[0.228s] Level 5:colcon.colcon_core.verb:set package 'robotic_arm' build argument 'cmake_clean_first' from command line to 'False'
[0.228s] Level 5:colcon.colcon_core.verb:set package 'robotic_arm' build argument 'cmake_force_configure' from command line to 'False'
[0.228s] Level 5:colcon.colcon_core.verb:set package 'robotic_arm' build argument 'ament_cmake_args' from command line to 'None'
[0.228s] Level 5:colcon.colcon_core.verb:set package 'robotic_arm' build argument 'catkin_cmake_args' from command line to 'None'
[0.228s] Level 5:colcon.colcon_core.verb:set package 'robotic_arm' build argument 'catkin_skip_building_tests' from command line to 'False'
[0.228s] DEBUG:colcon.colcon_core.verb:Building package 'robotic_arm' with the following arguments: {'ament_cmake_args': None, 'build_base': '/home/achy/ros2/ros2_arm/build/robotic_arm', 'catkin_cmake_args': None, 'catkin_skip_building_tests': False, 'cmake_args': None, 'cmake_clean_cache': False, 'cmake_clean_first': False, 'cmake_force_configure': False, 'cmake_target': None, 'cmake_target_skip_unavailable': False, 'install_base': '/home/achy/ros2/ros2_arm/install/robotic_arm', 'merge_install': False, 'path': '/home/achy/ros2/ros2_arm/src/robotic_arm/robotic_arm', 'symlink_install': True, 'test_result_base': None}
[0.229s] INFO:colcon.colcon_core.executor:Executing jobs using 'parallel' executor
[0.230s] DEBUG:colcon.colcon_parallel_executor.executor.parallel:run_until_complete
[0.230s] INFO:colcon.colcon_ros.task.ament_cmake.build:Building ROS package in '/home/achy/ros2/ros2_arm/src/robotic_arm/robotic_arm_bringup' with build type 'ament_cmake'
[0.230s] INFO:colcon.colcon_cmake.task.cmake.build:Building CMake package in '/home/achy/ros2/ros2_arm/src/robotic_arm/robotic_arm_bringup'
[0.232s] INFO:colcon.colcon_core.plugin_system:Skipping extension 'colcon_core.shell.bat': Not used on non-Windows systems
[0.232s] INFO:colcon.colcon_core.shell:Skip shell extension 'powershell' for command environment: Not usable outside of PowerShell
[0.232s] DEBUG:colcon.colcon_core.shell:Skip shell extension 'dsv' for command environment
[0.236s] INFO:colcon.colcon_ros.task.ament_cmake.build:Building ROS package in '/home/achy/ros2/ros2_arm/src/robotic_arm/robotic_arm_description' with build type 'ament_cmake'
[0.236s] INFO:colcon.colcon_cmake.task.cmake.build:Building CMake package in '/home/achy/ros2/ros2_arm/src/robotic_arm/robotic_arm_description'
[0.237s] INFO:colcon.colcon_core.shell:Skip shell extension 'powershell' for command environment: Not usable outside of PowerShell
[0.237s] DEBUG:colcon.colcon_core.shell:Skip shell extension 'dsv' for command environment
[0.240s] INFO:colcon.colcon_ros.task.ament_cmake.build:Building ROS package in '/home/achy/ros2/ros2_arm/src/robotic_arm/robotic_arm_gazebo' with build type 'ament_cmake'
[0.240s] INFO:colcon.colcon_cmake.task.cmake.build:Building CMake package in '/home/achy/ros2/ros2_arm/src/robotic_arm/robotic_arm_gazebo'
[0.240s] INFO:colcon.colcon_core.shell:Skip shell extension 'powershell' for command environment: Not usable outside of PowerShell
[0.240s] DEBUG:colcon.colcon_core.shell:Skip shell extension 'dsv' for command environment
[0.243s] INFO:colcon.colcon_ros.task.ament_cmake.build:Building ROS package in '/home/achy/ros2/ros2_arm/src/robotic_arm/robotic_arm_moveit_config' with build type 'ament_cmake'
[0.243s] INFO:colcon.colcon_cmake.task.cmake.build:Building CMake package in '/home/achy/ros2/ros2_arm/src/robotic_arm/robotic_arm_moveit_config'
[0.243s] INFO:colcon.colcon_core.shell:Skip shell extension 'powershell' for command environment: Not usable outside of PowerShell
[0.243s] DEBUG:colcon.colcon_core.shell:Skip shell extension 'dsv' for command environment
[0.247s] INFO:colcon.colcon_ros.task.ament_cmake.build:Building ROS package in '/home/achy/ros2/ros2_arm/src/robotic_arm/robotic_arm_sys_test' with build type 'ament_cmake'
[0.248s] INFO:colcon.colcon_cmake.task.cmake.build:Building CMake package in '/home/achy/ros2/ros2_arm/src/robotic_arm/robotic_arm_sys_test'
[0.248s] INFO:colcon.colcon_core.shell:Skip shell extension 'powershell' for command environment: Not usable outside of PowerShell
[0.248s] DEBUG:colcon.colcon_core.shell:Skip shell extension 'dsv' for command environment
[0.256s] DEBUG:colcon.colcon_core.event_handler.log_command:Invoking command in '/home/achy/ros2/ros2_arm/build/robotic_arm_bringup': CMAKE_PREFIX_PATH=${CMAKE_PREFIX_PATH}:/opt/ros/jazzy DEBUGINFOD_URLS=https://debuginfod.ubuntu.com /usr/bin/cmake --build /home/achy/ros2/ros2_arm/build/robotic_arm_bringup -- -j8 -l8
[0.258s] DEBUG:colcon.colcon_core.event_handler.log_command:Invoking command in '/home/achy/ros2/ros2_arm/build/robotic_arm_description': CMAKE_PREFIX_PATH=${CMAKE_PREFIX_PATH}:/opt/ros/jazzy DEBUGINFOD_URLS=https://debuginfod.ubuntu.com /usr/bin/cmake --build /home/achy/ros2/ros2_arm/build/robotic_arm_description -- -j8 -l8
[0.261s] DEBUG:colcon.colcon_core.event_handler.log_command:Invoking command in '/home/achy/ros2/ros2_arm/build/robotic_arm_gazebo': CMAKE_PREFIX_PATH=${CMAKE_PREFIX_PATH}:/opt/ros/jazzy DEBUGINFOD_URLS=https://debuginfod.ubuntu.com /usr/bin/cmake --build /home/achy/ros2/ros2_arm/build/robotic_arm_gazebo -- -j8 -l8
[0.272s] DEBUG:colcon.colcon_core.event_handler.log_command:Invoking command in '/home/achy/ros2/ros2_arm/build/robotic_arm_moveit_config': CMAKE_PREFIX_PATH=${CMAKE_PREFIX_PATH}:/opt/ros/jazzy DEBUGINFOD_URLS=https://debuginfod.ubuntu.com /usr/bin/cmake --build /home/achy/ros2/ros2_arm/build/robotic_arm_moveit_config -- -j8 -l8
[0.276s] DEBUG:colcon.colcon_core.event_handler.log_command:Invoking command in '/home/achy/ros2/ros2_arm/build/robotic_arm_sys_test': CMAKE_PREFIX_PATH=${CMAKE_PREFIX_PATH}:/opt/ros/jazzy DEBUGINFOD_URLS=https://debuginfod.ubuntu.com /usr/bin/cmake --build /home/achy/ros2/ros2_arm/build/robotic_arm_sys_test -- -j8 -l8
[0.308s] DEBUG:colcon.colcon_core.event_handler.log_command:Invoked command in '/home/achy/ros2/ros2_arm/build/robotic_arm_bringup' returned '0': CMAKE_PREFIX_PATH=${CMAKE_PREFIX_PATH}:/opt/ros/jazzy DEBUGINFOD_URLS=https://debuginfod.ubuntu.com /usr/bin/cmake --build /home/achy/ros2/ros2_arm/build/robotic_arm_bringup -- -j8 -l8
[0.321s] DEBUG:colcon.colcon_core.event_handler.log_command:Invoking command in '/home/achy/ros2/ros2_arm/build/robotic_arm_bringup': CMAKE_PREFIX_PATH=${CMAKE_PREFIX_PATH}:/opt/ros/jazzy DEBUGINFOD_URLS=https://debuginfod.ubuntu.com /usr/bin/cmake --install /home/achy/ros2/ros2_arm/build/robotic_arm_bringup
[0.322s] DEBUG:colcon.colcon_core.event_handler.log_command:Invoked command in '/home/achy/ros2/ros2_arm/build/robotic_arm_description' returned '0': CMAKE_PREFIX_PATH=${CMAKE_PREFIX_PATH}:/opt/ros/jazzy DEBUGINFOD_URLS=https://debuginfod.ubuntu.com /usr/bin/cmake --build /home/achy/ros2/ros2_arm/build/robotic_arm_description -- -j8 -l8
[0.324s] DEBUG:colcon.colcon_core.event_handler.log_command:Invoking command in '/home/achy/ros2/ros2_arm/build/robotic_arm_description': CMAKE_PREFIX_PATH=${CMAKE_PREFIX_PATH}:/opt/ros/jazzy DEBUGINFOD_URLS=https://debuginfod.ubuntu.com /usr/bin/cmake --install /home/achy/ros2/ros2_arm/build/robotic_arm_description
[0.325s] DEBUG:colcon.colcon_core.event_handler.log_command:Invoked command in '/home/achy/ros2/ros2_arm/build/robotic_arm_moveit_config' returned '0': CMAKE_PREFIX_PATH=${CMAKE_PREFIX_PATH}:/opt/ros/jazzy DEBUGINFOD_URLS=https://debuginfod.ubuntu.com /usr/bin/cmake --build /home/achy/ros2/ros2_arm/build/robotic_arm_moveit_config -- -j8 -l8
[0.326s] DEBUG:colcon.colcon_core.event_handler.log_command:Invoking command in '/home/achy/ros2/ros2_arm/build/robotic_arm_moveit_config': CMAKE_PREFIX_PATH=${CMAKE_PREFIX_PATH}:/opt/ros/jazzy DEBUGINFOD_URLS=https://debuginfod.ubuntu.com /usr/bin/cmake --install /home/achy/ros2/ros2_arm/build/robotic_arm_moveit_config
[0.327s] DEBUG:colcon.colcon_core.event_handler.log_command:Invoked command in '/home/achy/ros2/ros2_arm/build/robotic_arm_gazebo' returned '0': CMAKE_PREFIX_PATH=${CMAKE_PREFIX_PATH}:/opt/ros/jazzy DEBUGINFOD_URLS=https://debuginfod.ubuntu.com /usr/bin/cmake --build /home/achy/ros2/ros2_arm/build/robotic_arm_gazebo -- -j8 -l8
[0.329s] DEBUG:colcon.colcon_core.event_handler.log_command:Invoking command in '/home/achy/ros2/ros2_arm/build/robotic_arm_gazebo': CMAKE_PREFIX_PATH=${CMAKE_PREFIX_PATH}:/opt/ros/jazzy DEBUGINFOD_URLS=https://debuginfod.ubuntu.com /usr/bin/cmake --install /home/achy/ros2/ros2_arm/build/robotic_arm_gazebo
[0.348s] Level 1:colcon.colcon_core.environment:create_environment_scripts_only(robotic_arm_bringup)
[0.348s] DEBUG:colcon.colcon_core.event_handler.log_command:Invoked command in '/home/achy/ros2/ros2_arm/build/robotic_arm_bringup' returned '0': CMAKE_PREFIX_PATH=${CMAKE_PREFIX_PATH}:/opt/ros/jazzy DEBUGINFOD_URLS=https://debuginfod.ubuntu.com /usr/bin/cmake --install /home/achy/ros2/ros2_arm/build/robotic_arm_bringup
[0.350s] Level 1:colcon.colcon_core.environment:checking '/home/achy/ros2/ros2_arm/install/robotic_arm_bringup' for CMake module files
[0.351s] Level 1:colcon.colcon_core.environment:checking '/home/achy/ros2/ros2_arm/install/robotic_arm_bringup' for CMake config files
[0.351s] Level 1:colcon.colcon_core.shell:create_environment_hook('robotic_arm_bringup', 'cmake_prefix_path')
[0.351s] INFO:colcon.colcon_core.shell:Creating environment hook '/home/achy/ros2/ros2_arm/install/robotic_arm_bringup/share/robotic_arm_bringup/hook/cmake_prefix_path.ps1'
[0.352s] INFO:colcon.colcon_core.shell:Creating environment descriptor '/home/achy/ros2/ros2_arm/install/robotic_arm_bringup/share/robotic_arm_bringup/hook/cmake_prefix_path.dsv'
[0.353s] INFO:colcon.colcon_core.shell:Creating environment hook '/home/achy/ros2/ros2_arm/install/robotic_arm_bringup/share/robotic_arm_bringup/hook/cmake_prefix_path.sh'
[0.355s] Level 1:colcon.colcon_core.environment:checking '/home/achy/ros2/ros2_arm/install/robotic_arm_bringup/bin'
[0.355s] Level 1:colcon.colcon_core.environment:checking '/home/achy/ros2/ros2_arm/install/robotic_arm_bringup/lib/pkgconfig/robotic_arm_bringup.pc'
[0.355s] Level 1:colcon.colcon_core.environment:checking '/home/achy/ros2/ros2_arm/install/robotic_arm_bringup/lib/python3.12/site-packages'
[0.356s] Level 1:colcon.colcon_core.environment:checking '/home/achy/ros2/ros2_arm/install/robotic_arm_bringup/bin'
[0.356s] INFO:colcon.colcon_core.shell:Creating package script '/home/achy/ros2/ros2_arm/install/robotic_arm_bringup/share/robotic_arm_bringup/package.ps1'
[0.377s] INFO:colcon.colcon_core.shell:Creating package descriptor '/home/achy/ros2/ros2_arm/install/robotic_arm_bringup/share/robotic_arm_bringup/package.dsv'
[0.382s] INFO:colcon.colcon_core.shell:Creating package script '/home/achy/ros2/ros2_arm/install/robotic_arm_bringup/share/robotic_arm_bringup/package.sh'
[0.386s] INFO:colcon.colcon_core.shell:Creating package script '/home/achy/ros2/ros2_arm/install/robotic_arm_bringup/share/robotic_arm_bringup/package.bash'
[0.390s] INFO:colcon.colcon_core.shell:Creating package script '/home/achy/ros2/ros2_arm/install/robotic_arm_bringup/share/robotic_arm_bringup/package.zsh'
[0.394s] Level 1:colcon.colcon_core.environment:create_file_with_runtime_dependencies(/home/achy/ros2/ros2_arm/install/robotic_arm_bringup/share/colcon-core/packages/robotic_arm_bringup)
[0.397s] Level 1:colcon.colcon_core.environment:create_environment_scripts_only(robotic_arm_bringup)
[0.397s] Level 1:colcon.colcon_core.environment:checking '/home/achy/ros2/ros2_arm/install/robotic_arm_bringup' for CMake module files
[0.400s] Level 1:colcon.colcon_core.environment:checking '/home/achy/ros2/ros2_arm/install/robotic_arm_bringup' for CMake config files
[0.404s] Level 1:colcon.colcon_core.shell:create_environment_hook('robotic_arm_bringup', 'cmake_prefix_path')
[0.405s] INFO:colcon.colcon_core.shell:Creating environment hook '/home/achy/ros2/ros2_arm/install/robotic_arm_bringup/share/robotic_arm_bringup/hook/cmake_prefix_path.ps1'
[0.406s] INFO:colcon.colcon_core.shell:Creating environment descriptor '/home/achy/ros2/ros2_arm/install/robotic_arm_bringup/share/robotic_arm_bringup/hook/cmake_prefix_path.dsv'
[0.408s] INFO:colcon.colcon_core.shell:Creating environment hook '/home/achy/ros2/ros2_arm/install/robotic_arm_bringup/share/robotic_arm_bringup/hook/cmake_prefix_path.sh'
[0.413s] Level 1:colcon.colcon_core.environment:checking '/home/achy/ros2/ros2_arm/install/robotic_arm_bringup/bin'
[0.413s] Level 1:colcon.colcon_core.environment:checking '/home/achy/ros2/ros2_arm/install/robotic_arm_bringup/lib/pkgconfig/robotic_arm_bringup.pc'
[0.413s] Level 1:colcon.colcon_core.environment:checking '/home/achy/ros2/ros2_arm/install/robotic_arm_bringup/lib/python3.12/site-packages'
[0.415s] Level 1:colcon.colcon_core.environment:checking '/home/achy/ros2/ros2_arm/install/robotic_arm_bringup/bin'
[0.416s] INFO:colcon.colcon_core.shell:Creating package script '/home/achy/ros2/ros2_arm/install/robotic_arm_bringup/share/robotic_arm_bringup/package.ps1'
[0.418s] INFO:colcon.colcon_core.shell:Creating package descriptor '/home/achy/ros2/ros2_arm/install/robotic_arm_bringup/share/robotic_arm_bringup/package.dsv'
[0.421s] INFO:colcon.colcon_core.shell:Creating package script '/home/achy/ros2/ros2_arm/install/robotic_arm_bringup/share/robotic_arm_bringup/package.sh'
[0.423s] INFO:colcon.colcon_core.shell:Creating package script '/home/achy/ros2/ros2_arm/install/robotic_arm_bringup/share/robotic_arm_bringup/package.bash'
[0.426s] INFO:colcon.colcon_core.shell:Creating package script '/home/achy/ros2/ros2_arm/install/robotic_arm_bringup/share/robotic_arm_bringup/package.zsh'
[0.431s] Level 1:colcon.colcon_core.environment:create_file_with_runtime_dependencies(/home/achy/ros2/ros2_arm/install/robotic_arm_bringup/share/colcon-core/packages/robotic_arm_bringup)
[0.438s] Level 1:colcon.colcon_core.environment:create_environment_scripts_only(robotic_arm_description)
[0.439s] Level 1:colcon.colcon_core.environment:checking '/home/achy/ros2/ros2_arm/install/robotic_arm_description' for CMake module files
[0.441s] Level 1:colcon.colcon_core.environment:checking '/home/achy/ros2/ros2_arm/install/robotic_arm_description' for CMake config files
[0.442s] Level 1:colcon.colcon_core.shell:create_environment_hook('robotic_arm_description', 'cmake_prefix_path')
[0.443s] INFO:colcon.colcon_core.shell:Creating environment hook '/home/achy/ros2/ros2_arm/install/robotic_arm_description/share/robotic_arm_description/hook/cmake_prefix_path.ps1'
[0.445s] INFO:colcon.colcon_core.shell:Creating environment descriptor '/home/achy/ros2/ros2_arm/install/robotic_arm_description/share/robotic_arm_description/hook/cmake_prefix_path.dsv'
[0.447s] INFO:colcon.colcon_core.shell:Creating environment hook '/home/achy/ros2/ros2_arm/install/robotic_arm_description/share/robotic_arm_description/hook/cmake_prefix_path.sh'
[0.449s] Level 1:colcon.colcon_core.environment:checking '/home/achy/ros2/ros2_arm/install/robotic_arm_description/bin'
[0.449s] Level 1:colcon.colcon_core.environment:checking '/home/achy/ros2/ros2_arm/install/robotic_arm_description/lib/pkgconfig/robotic_arm_description.pc'
[0.450s] Level 1:colcon.colcon_core.environment:checking '/home/achy/ros2/ros2_arm/install/robotic_arm_description/lib/python3.12/site-packages'
[0.450s] Level 1:colcon.colcon_core.environment:checking '/home/achy/ros2/ros2_arm/install/robotic_arm_description/bin'
[0.450s] INFO:colcon.colcon_core.shell:Creating package script '/home/achy/ros2/ros2_arm/install/robotic_arm_description/share/robotic_arm_description/package.ps1'
[0.452s] INFO:colcon.colcon_core.shell:Creating package descriptor '/home/achy/ros2/ros2_arm/install/robotic_arm_description/share/robotic_arm_description/package.dsv'
[0.453s] INFO:colcon.colcon_core.shell:Creating package script '/home/achy/ros2/ros2_arm/install/robotic_arm_description/share/robotic_arm_description/package.sh'
[0.455s] INFO:colcon.colcon_core.shell:Creating package script '/home/achy/ros2/ros2_arm/install/robotic_arm_description/share/robotic_arm_description/package.bash'
[0.456s] INFO:colcon.colcon_core.shell:Creating package script '/home/achy/ros2/ros2_arm/install/robotic_arm_description/share/robotic_arm_description/package.zsh'
[0.457s] Level 1:colcon.colcon_core.environment:create_file_with_runtime_dependencies(/home/achy/ros2/ros2_arm/install/robotic_arm_description/share/colcon-core/packages/robotic_arm_description)
[0.458s] Level 1:colcon.colcon_core.environment:create_environment_scripts_only(robotic_arm_description)
[0.459s] Level 1:colcon.colcon_core.environment:checking '/home/achy/ros2/ros2_arm/install/robotic_arm_description' for CMake module files
[0.461s] Level 1:colcon.colcon_core.environment:checking '/home/achy/ros2/ros2_arm/install/robotic_arm_description' for CMake config files
[0.466s] Level 1:colcon.colcon_core.shell:create_environment_hook('robotic_arm_description', 'cmake_prefix_path')
[0.466s] INFO:colcon.colcon_core.shell:Creating environment hook '/home/achy/ros2/ros2_arm/install/robotic_arm_description/share/robotic_arm_description/hook/cmake_prefix_path.ps1'
[0.468s] INFO:colcon.colcon_core.shell:Creating environment descriptor '/home/achy/ros2/ros2_arm/install/robotic_arm_description/share/robotic_arm_description/hook/cmake_prefix_path.dsv'
[0.469s] INFO:colcon.colcon_core.shell:Creating environment hook '/home/achy/ros2/ros2_arm/install/robotic_arm_description/share/robotic_arm_description/hook/cmake_prefix_path.sh'
[0.470s] Level 1:colcon.colcon_core.environment:checking '/home/achy/ros2/ros2_arm/install/robotic_arm_description/bin'
[0.470s] Level 1:colcon.colcon_core.environment:checking '/home/achy/ros2/ros2_arm/install/robotic_arm_description/lib/pkgconfig/robotic_arm_description.pc'
[0.471s] Level 1:colcon.colcon_core.environment:checking '/home/achy/ros2/ros2_arm/install/robotic_arm_description/lib/python3.12/site-packages'
[0.471s] Level 1:colcon.colcon_core.environment:checking '/home/achy/ros2/ros2_arm/install/robotic_arm_description/bin'
[0.471s] INFO:colcon.colcon_core.shell:Creating package script '/home/achy/ros2/ros2_arm/install/robotic_arm_description/share/robotic_arm_description/package.ps1'
[0.473s] INFO:colcon.colcon_core.shell:Creating package descriptor '/home/achy/ros2/ros2_arm/install/robotic_arm_description/share/robotic_arm_description/package.dsv'
[0.474s] INFO:colcon.colcon_core.shell:Creating package script '/home/achy/ros2/ros2_arm/install/robotic_arm_description/share/robotic_arm_description/package.sh'
[0.476s] INFO:colcon.colcon_core.shell:Creating package script '/home/achy/ros2/ros2_arm/install/robotic_arm_description/share/robotic_arm_description/package.bash'
[0.477s] INFO:colcon.colcon_core.shell:Creating package script '/home/achy/ros2/ros2_arm/install/robotic_arm_description/share/robotic_arm_description/package.zsh'
[0.479s] Level 1:colcon.colcon_core.environment:create_file_with_runtime_dependencies(/home/achy/ros2/ros2_arm/install/robotic_arm_description/share/colcon-core/packages/robotic_arm_description)
[0.481s] Level 1:colcon.colcon_core.environment:create_environment_scripts_only(robotic_arm_moveit_config)
[0.481s] Level 1:colcon.colcon_core.environment:checking '/home/achy/ros2/ros2_arm/install/robotic_arm_moveit_config' for CMake module files
[0.483s] Level 1:colcon.colcon_core.environment:checking '/home/achy/ros2/ros2_arm/install/robotic_arm_moveit_config' for CMake config files
[0.486s] Level 1:colcon.colcon_core.shell:create_environment_hook('robotic_arm_moveit_config', 'cmake_prefix_path')
[0.487s] INFO:colcon.colcon_core.shell:Creating environment hook '/home/achy/ros2/ros2_arm/install/robotic_arm_moveit_config/share/robotic_arm_moveit_config/hook/cmake_prefix_path.ps1'
[0.488s] INFO:colcon.colcon_core.shell:Creating environment descriptor '/home/achy/ros2/ros2_arm/install/robotic_arm_moveit_config/share/robotic_arm_moveit_config/hook/cmake_prefix_path.dsv'
[0.489s] INFO:colcon.colcon_core.shell:Creating environment hook '/home/achy/ros2/ros2_arm/install/robotic_arm_moveit_config/share/robotic_arm_moveit_config/hook/cmake_prefix_path.sh'
[0.491s] Level 1:colcon.colcon_core.environment:checking '/home/achy/ros2/ros2_arm/install/robotic_arm_moveit_config/bin'
[0.491s] Level 1:colcon.colcon_core.environment:checking '/home/achy/ros2/ros2_arm/install/robotic_arm_moveit_config/lib/pkgconfig/robotic_arm_moveit_config.pc'
[0.491s] Level 1:colcon.colcon_core.environment:checking '/home/achy/ros2/ros2_arm/install/robotic_arm_moveit_config/lib/python3.12/site-packages'
[0.492s] Level 1:colcon.colcon_core.environment:checking '/home/achy/ros2/ros2_arm/install/robotic_arm_moveit_config/bin'
[0.492s] INFO:colcon.colcon_core.shell:Creating package script '/home/achy/ros2/ros2_arm/install/robotic_arm_moveit_config/share/robotic_arm_moveit_config/package.ps1'
[0.494s] INFO:colcon.colcon_core.shell:Creating package descriptor '/home/achy/ros2/ros2_arm/install/robotic_arm_moveit_config/share/robotic_arm_moveit_config/package.dsv'
[0.495s] INFO:colcon.colcon_core.shell:Creating package script '/home/achy/ros2/ros2_arm/install/robotic_arm_moveit_config/share/robotic_arm_moveit_config/package.sh'
[0.496s] INFO:colcon.colcon_core.shell:Creating package script '/home/achy/ros2/ros2_arm/install/robotic_arm_moveit_config/share/robotic_arm_moveit_config/package.bash'
[0.498s] INFO:colcon.colcon_core.shell:Creating package script '/home/achy/ros2/ros2_arm/install/robotic_arm_moveit_config/share/robotic_arm_moveit_config/package.zsh'
[0.499s] Level 1:colcon.colcon_core.environment:create_file_with_runtime_dependencies(/home/achy/ros2/ros2_arm/install/robotic_arm_moveit_config/share/colcon-core/packages/robotic_arm_moveit_config)
[0.500s] Level 1:colcon.colcon_core.environment:create_environment_scripts_only(robotic_arm_moveit_config)
[0.500s] Level 1:colcon.colcon_core.environment:checking '/home/achy/ros2/ros2_arm/install/robotic_arm_moveit_config' for CMake module files
[0.502s] Level 1:colcon.colcon_core.environment:checking '/home/achy/ros2/ros2_arm/install/robotic_arm_moveit_config' for CMake config files
[0.504s] Level 1:colcon.colcon_core.shell:create_environment_hook('robotic_arm_moveit_config', 'cmake_prefix_path')
[0.505s] INFO:colcon.colcon_core.shell:Creating environment hook '/home/achy/ros2/ros2_arm/install/robotic_arm_moveit_config/share/robotic_arm_moveit_config/hook/cmake_prefix_path.ps1'
[0.506s] INFO:colcon.colcon_core.shell:Creating environment descriptor '/home/achy/ros2/ros2_arm/install/robotic_arm_moveit_config/share/robotic_arm_moveit_config/hook/cmake_prefix_path.dsv'
[0.507s] INFO:colcon.colcon_core.shell:Creating environment hook '/home/achy/ros2/ros2_arm/install/robotic_arm_moveit_config/share/robotic_arm_moveit_config/hook/cmake_prefix_path.sh'
[0.509s] Level 1:colcon.colcon_core.environment:checking '/home/achy/ros2/ros2_arm/install/robotic_arm_moveit_config/bin'
[0.509s] Level 1:colcon.colcon_core.environment:checking '/home/achy/ros2/ros2_arm/install/robotic_arm_moveit_config/lib/pkgconfig/robotic_arm_moveit_config.pc'
[0.510s] Level 1:colcon.colcon_core.environment:checking '/home/achy/ros2/ros2_arm/install/robotic_arm_moveit_config/lib/python3.12/site-packages'
[0.510s] Level 1:colcon.colcon_core.environment:checking '/home/achy/ros2/ros2_arm/install/robotic_arm_moveit_config/bin'
[0.510s] INFO:colcon.colcon_core.shell:Creating package script '/home/achy/ros2/ros2_arm/install/robotic_arm_moveit_config/share/robotic_arm_moveit_config/package.ps1'
[0.512s] INFO:colcon.colcon_core.shell:Creating package descriptor '/home/achy/ros2/ros2_arm/install/robotic_arm_moveit_config/share/robotic_arm_moveit_config/package.dsv'
[0.513s] INFO:colcon.colcon_core.shell:Creating package script '/home/achy/ros2/ros2_arm/install/robotic_arm_moveit_config/share/robotic_arm_moveit_config/package.sh'
[0.514s] INFO:colcon.colcon_core.shell:Creating package script '/home/achy/ros2/ros2_arm/install/robotic_arm_moveit_config/share/robotic_arm_moveit_config/package.bash'
[0.516s] INFO:colcon.colcon_core.shell:Creating package script '/home/achy/ros2/ros2_arm/install/robotic_arm_moveit_config/share/robotic_arm_moveit_config/package.zsh'
[0.517s] Level 1:colcon.colcon_core.environment:create_file_with_runtime_dependencies(/home/achy/ros2/ros2_arm/install/robotic_arm_moveit_config/share/colcon-core/packages/robotic_arm_moveit_config)
[0.519s] Level 1:colcon.colcon_core.environment:create_environment_scripts_only(robotic_arm_gazebo)
[0.519s] Level 1:colcon.colcon_core.environment:checking '/home/achy/ros2/ros2_arm/install/robotic_arm_gazebo' for CMake module files
[0.521s] Level 1:colcon.colcon_core.environment:checking '/home/achy/ros2/ros2_arm/install/robotic_arm_gazebo' for CMake config files
[0.555s] DEBUG:colcon.colcon_core.event_handler.log_command:Invoked command in '/home/achy/ros2/ros2_arm/build/robotic_arm_description' returned '0': CMAKE_PREFIX_PATH=${CMAKE_PREFIX_PATH}:/opt/ros/jazzy DEBUGINFOD_URLS=https://debuginfod.ubuntu.com /usr/bin/cmake --install /home/achy/ros2/ros2_arm/build/robotic_arm_description
[0.558s] DEBUG:colcon.colcon_core.event_handler.log_command:Invoked command in '/home/achy/ros2/ros2_arm/build/robotic_arm_moveit_config' returned '0': CMAKE_PREFIX_PATH=${CMAKE_PREFIX_PATH}:/opt/ros/jazzy DEBUGINFOD_URLS=https://debuginfod.ubuntu.com /usr/bin/cmake --install /home/achy/ros2/ros2_arm/build/robotic_arm_moveit_config
[0.559s] DEBUG:colcon.colcon_core.event_handler.log_command:Invoked command in '/home/achy/ros2/ros2_arm/build/robotic_arm_gazebo' returned '0': CMAKE_PREFIX_PATH=${CMAKE_PREFIX_PATH}:/opt/ros/jazzy DEBUGINFOD_URLS=https://debuginfod.ubuntu.com /usr/bin/cmake --install /home/achy/ros2/ros2_arm/build/robotic_arm_gazebo
[0.565s] Level 1:colcon.colcon_core.shell:create_environment_hook('robotic_arm_gazebo', 'cmake_prefix_path')
[0.565s] INFO:colcon.colcon_core.shell:Creating environment hook '/home/achy/ros2/ros2_arm/install/robotic_arm_gazebo/share/robotic_arm_gazebo/hook/cmake_prefix_path.ps1'
[0.566s] INFO:colcon.colcon_core.shell:Creating environment descriptor '/home/achy/ros2/ros2_arm/install/robotic_arm_gazebo/share/robotic_arm_gazebo/hook/cmake_prefix_path.dsv'
[0.567s] INFO:colcon.colcon_core.shell:Creating environment hook '/home/achy/ros2/ros2_arm/install/robotic_arm_gazebo/share/robotic_arm_gazebo/hook/cmake_prefix_path.sh'
[0.568s] Level 1:colcon.colcon_core.environment:checking '/home/achy/ros2/ros2_arm/install/robotic_arm_gazebo/bin'
[0.568s] Level 1:colcon.colcon_core.environment:checking '/home/achy/ros2/ros2_arm/install/robotic_arm_gazebo/lib/pkgconfig/robotic_arm_gazebo.pc'
[0.568s] Level 1:colcon.colcon_core.environment:checking '/home/achy/ros2/ros2_arm/install/robotic_arm_gazebo/lib/python3.12/site-packages'
[0.568s] Level 1:colcon.colcon_core.environment:checking '/home/achy/ros2/ros2_arm/install/robotic_arm_gazebo/bin'
[0.569s] INFO:colcon.colcon_core.shell:Creating package script '/home/achy/ros2/ros2_arm/install/robotic_arm_gazebo/share/robotic_arm_gazebo/package.ps1'
[0.569s] INFO:colcon.colcon_core.shell:Creating package descriptor '/home/achy/ros2/ros2_arm/install/robotic_arm_gazebo/share/robotic_arm_gazebo/package.dsv'
[0.570s] INFO:colcon.colcon_core.shell:Creating package script '/home/achy/ros2/ros2_arm/install/robotic_arm_gazebo/share/robotic_arm_gazebo/package.sh'
[0.570s] INFO:colcon.colcon_core.shell:Creating package script '/home/achy/ros2/ros2_arm/install/robotic_arm_gazebo/share/robotic_arm_gazebo/package.bash'
[0.571s] INFO:colcon.colcon_core.shell:Creating package script '/home/achy/ros2/ros2_arm/install/robotic_arm_gazebo/share/robotic_arm_gazebo/package.zsh'
[0.571s] Level 1:colcon.colcon_core.environment:create_file_with_runtime_dependencies(/home/achy/ros2/ros2_arm/install/robotic_arm_gazebo/share/colcon-core/packages/robotic_arm_gazebo)
[0.572s] Level 1:colcon.colcon_core.environment:create_environment_scripts_only(robotic_arm_gazebo)
[0.572s] Level 1:colcon.colcon_core.environment:checking '/home/achy/ros2/ros2_arm/install/robotic_arm_gazebo' for CMake module files
[0.573s] Level 1:colcon.colcon_core.environment:checking '/home/achy/ros2/ros2_arm/install/robotic_arm_gazebo' for CMake config files
[0.580s] Level 1:colcon.colcon_core.shell:create_environment_hook('robotic_arm_gazebo', 'cmake_prefix_path')
[0.580s] INFO:colcon.colcon_core.shell:Creating environment hook '/home/achy/ros2/ros2_arm/install/robotic_arm_gazebo/share/robotic_arm_gazebo/hook/cmake_prefix_path.ps1'
[0.581s] INFO:colcon.colcon_core.shell:Creating environment descriptor '/home/achy/ros2/ros2_arm/install/robotic_arm_gazebo/share/robotic_arm_gazebo/hook/cmake_prefix_path.dsv'
[0.582s] INFO:colcon.colcon_core.shell:Creating environment hook '/home/achy/ros2/ros2_arm/install/robotic_arm_gazebo/share/robotic_arm_gazebo/hook/cmake_prefix_path.sh'
[0.582s] Level 1:colcon.colcon_core.environment:checking '/home/achy/ros2/ros2_arm/install/robotic_arm_gazebo/bin'
[0.582s] Level 1:colcon.colcon_core.environment:checking '/home/achy/ros2/ros2_arm/install/robotic_arm_gazebo/lib/pkgconfig/robotic_arm_gazebo.pc'
[0.583s] Level 1:colcon.colcon_core.environment:checking '/home/achy/ros2/ros2_arm/install/robotic_arm_gazebo/lib/python3.12/site-packages'
[0.583s] Level 1:colcon.colcon_core.environment:checking '/home/achy/ros2/ros2_arm/install/robotic_arm_gazebo/bin'
[0.583s] INFO:colcon.colcon_core.shell:Creating package script '/home/achy/ros2/ros2_arm/install/robotic_arm_gazebo/share/robotic_arm_gazebo/package.ps1'
[0.584s] INFO:colcon.colcon_core.shell:Creating package descriptor '/home/achy/ros2/ros2_arm/install/robotic_arm_gazebo/share/robotic_arm_gazebo/package.dsv'
[0.585s] INFO:colcon.colcon_core.shell:Creating package script '/home/achy/ros2/ros2_arm/install/robotic_arm_gazebo/share/robotic_arm_gazebo/package.sh'
[0.585s] INFO:colcon.colcon_core.shell:Creating package script '/home/achy/ros2/ros2_arm/install/robotic_arm_gazebo/share/robotic_arm_gazebo/package.bash'
[0.586s] INFO:colcon.colcon_core.shell:Creating package script '/home/achy/ros2/ros2_arm/install/robotic_arm_gazebo/share/robotic_arm_gazebo/package.zsh'
[0.586s] Level 1:colcon.colcon_core.environment:create_file_with_runtime_dependencies(/home/achy/ros2/ros2_arm/install/robotic_arm_gazebo/share/colcon-core/packages/robotic_arm_gazebo)
[4.762s] DEBUG:colcon.colcon_core.event_handler.log_command:Invoked command in '/home/achy/ros2/ros2_arm/build/robotic_arm_sys_test' returned '2': CMAKE_PREFIX_PATH=${CMAKE_PREFIX_PATH}:/opt/ros/jazzy DEBUGINFOD_URLS=https://debuginfod.ubuntu.com /usr/bin/cmake --build /home/achy/ros2/ros2_arm/build/robotic_arm_sys_test -- -j8 -l8
[4.762s] Level 1:colcon.colcon_core.environment:create_environment_scripts_only(robotic_arm_sys_test)
[4.763s] Level 1:colcon.colcon_core.environment:checking '/home/achy/ros2/ros2_arm/install/robotic_arm_sys_test' for CMake module files
[4.763s] Level 1:colcon.colcon_core.environment:checking '/home/achy/ros2/ros2_arm/install/robotic_arm_sys_test' for CMake config files
[4.763s] Level 1:colcon.colcon_core.shell:create_environment_hook('robotic_arm_sys_test', 'cmake_prefix_path')
[4.763s] INFO:colcon.colcon_core.shell:Creating environment hook '/home/achy/ros2/ros2_arm/install/robotic_arm_sys_test/share/robotic_arm_sys_test/hook/cmake_prefix_path.ps1'
[4.764s] INFO:colcon.colcon_core.shell:Creating environment descriptor '/home/achy/ros2/ros2_arm/install/robotic_arm_sys_test/share/robotic_arm_sys_test/hook/cmake_prefix_path.dsv'
[4.765s] INFO:colcon.colcon_core.shell:Creating environment hook '/home/achy/ros2/ros2_arm/install/robotic_arm_sys_test/share/robotic_arm_sys_test/hook/cmake_prefix_path.sh'
[4.765s] Level 1:colcon.colcon_core.environment:checking '/home/achy/ros2/ros2_arm/install/robotic_arm_sys_test/lib'
[4.766s] Level 1:colcon.colcon_core.environment:checking '/home/achy/ros2/ros2_arm/install/robotic_arm_sys_test/bin'
[4.766s] Level 1:colcon.colcon_core.environment:checking '/home/achy/ros2/ros2_arm/install/robotic_arm_sys_test/lib/pkgconfig/robotic_arm_sys_test.pc'
[4.766s] Level 1:colcon.colcon_core.environment:checking '/home/achy/ros2/ros2_arm/install/robotic_arm_sys_test/lib/python3.12/site-packages'
[4.766s] Level 1:colcon.colcon_core.environment:checking '/home/achy/ros2/ros2_arm/install/robotic_arm_sys_test/bin'
[4.766s] INFO:colcon.colcon_core.shell:Creating package script '/home/achy/ros2/ros2_arm/install/robotic_arm_sys_test/share/robotic_arm_sys_test/package.ps1'
[4.767s] INFO:colcon.colcon_core.shell:Creating package descriptor '/home/achy/ros2/ros2_arm/install/robotic_arm_sys_test/share/robotic_arm_sys_test/package.dsv'
[4.768s] INFO:colcon.colcon_core.shell:Creating package script '/home/achy/ros2/ros2_arm/install/robotic_arm_sys_test/share/robotic_arm_sys_test/package.sh'
[4.768s] INFO:colcon.colcon_core.shell:Creating package script '/home/achy/ros2/ros2_arm/install/robotic_arm_sys_test/share/robotic_arm_sys_test/package.bash'
[4.769s] INFO:colcon.colcon_core.shell:Creating package script '/home/achy/ros2/ros2_arm/install/robotic_arm_sys_test/share/robotic_arm_sys_test/package.zsh'
[4.769s] Level 1:colcon.colcon_core.environment:create_file_with_runtime_dependencies(/home/achy/ros2/ros2_arm/install/robotic_arm_sys_test/share/colcon-core/packages/robotic_arm_sys_test)
[4.780s] DEBUG:colcon.colcon_parallel_executor.executor.parallel:closing loop
[4.780s] DEBUG:colcon.colcon_parallel_executor.executor.parallel:loop closed
[4.780s] DEBUG:colcon.colcon_parallel_executor.executor.parallel:run_until_complete finished with '2'
[4.781s] DEBUG:colcon.colcon_core.event_reactor:joining thread
[4.786s] INFO:colcon.colcon_core.plugin_system:Skipping extension 'colcon_notification.desktop_notification.terminal_notifier': Not used on non-Darwin systems
[4.787s] INFO:colcon.colcon_core.plugin_system:Skipping extension 'colcon_notification.desktop_notification.win32': Not used on non-Windows systems
[4.787s] INFO:colcon.colcon_notification.desktop_notification:Sending desktop notification using 'notify2'
[4.806s] DEBUG:colcon.colcon_core.event_reactor:joined thread
[4.806s] INFO:colcon.colcon_core.shell:Creating prefix script '/home/achy/ros2/ros2_arm/install/local_setup.ps1'
[4.808s] INFO:colcon.colcon_core.shell:Creating prefix util module '/home/achy/ros2/ros2_arm/install/_local_setup_util_ps1.py'
[4.809s] INFO:colcon.colcon_core.shell:Creating prefix chain script '/home/achy/ros2/ros2_arm/install/setup.ps1'
[4.809s] INFO:colcon.colcon_core.shell:Creating prefix script '/home/achy/ros2/ros2_arm/install/local_setup.sh'
[4.810s] INFO:colcon.colcon_core.shell:Creating prefix util module '/home/achy/ros2/ros2_arm/install/_local_setup_util_sh.py'
[4.810s] INFO:colcon.colcon_core.shell:Creating prefix chain script '/home/achy/ros2/ros2_arm/install/setup.sh'
[4.811s] INFO:colcon.colcon_core.shell:Creating prefix script '/home/achy/ros2/ros2_arm/install/local_setup.bash'
[4.812s] INFO:colcon.colcon_core.shell:Creating prefix chain script '/home/achy/ros2/ros2_arm/install/setup.bash'
[4.813s] INFO:colcon.colcon_core.shell:Creating prefix script '/home/achy/ros2/ros2_arm/install/local_setup.zsh'
[4.813s] INFO:colcon.colcon_core.shell:Creating prefix chain script '/home/achy/ros2/ros2_arm/install/setup.zsh'
