[0.062s] Invoking command in '/home/achy/ros2/ros2_arm/build/robotic_arm_bringup': CMAKE_PREFIX_PATH=${CMAKE_PREFIX_PATH}:/opt/ros/jazzy DEBUGINFOD_URLS=https://debuginfod.ubuntu.com /usr/bin/cmake --build /home/achy/ros2/ros2_arm/build/robotic_arm_bringup -- -j8 -l8
[0.141s] -- Found ament_cmake: 2.5.4 (/opt/ros/jazzy/share/ament_cmake/cmake)
[0.562s] -- Override CMake install command with custom implementation using symlinks instead of copying resources
[0.576s] -- Found ament_lint_auto: 0.17.2 (/opt/ros/jazzy/share/ament_lint_auto/cmake)
[0.719s] -- Added test 'lint_cmake' to check CMake code style
[0.728s] -- Added test 'xmllint' to check XML markup files
[0.728s] -- Configuring done (0.6s)
[0.754s] -- Generating done (0.0s)
[0.767s] -- Build files have been written to: /home/achy/ros2/ros2_arm/build/robotic_arm_bringup
[0.823s] Invoked command in '/home/achy/ros2/ros2_arm/build/robotic_arm_bringup' returned '0': CMAKE_PREFIX_PATH=${CMAKE_PREFIX_PATH}:/opt/ros/jazzy DEBUGINFOD_URLS=https://debuginfod.ubuntu.com /usr/bin/cmake --build /home/achy/ros2/ros2_arm/build/robotic_arm_bringup -- -j8 -l8
[0.828s] Invoking command in '/home/achy/ros2/ros2_arm/build/robotic_arm_bringup': CMAKE_PREFIX_PATH=${CMAKE_PREFIX_PATH}:/opt/ros/jazzy DEBUGINFOD_URLS=https://debuginfod.ubuntu.com /usr/bin/cmake --install /home/achy/ros2/ros2_arm/build/robotic_arm_bringup
[0.856s] -- Install configuration: ""
[0.857s] -- Execute custom install script
[0.857s] -- Symlinking: /home/achy/ros2/ros2_arm/install/robotic_arm_bringup/share/robotic_arm_bringup/scripts/robotic_arm_280_gazebo.sh
[0.879s] -- Up-to-date symlink: /home/achy/ros2/ros2_arm/install/robotic_arm_bringup/share/ament_index/resource_index/package_run_dependencies/robotic_arm_bringup
[0.880s] -- Up-to-date symlink: /home/achy/ros2/ros2_arm/install/robotic_arm_bringup/share/ament_index/resource_index/parent_prefix_path/robotic_arm_bringup
[0.881s] -- Up-to-date symlink: /home/achy/ros2/ros2_arm/install/robotic_arm_bringup/share/robotic_arm_bringup/environment/ament_prefix_path.sh
[0.882s] -- Up-to-date symlink: /home/achy/ros2/ros2_arm/install/robotic_arm_bringup/share/robotic_arm_bringup/environment/ament_prefix_path.dsv
[0.882s] -- Up-to-date symlink: /home/achy/ros2/ros2_arm/install/robotic_arm_bringup/share/robotic_arm_bringup/environment/path.sh
[0.882s] -- Up-to-date symlink: /home/achy/ros2/ros2_arm/install/robotic_arm_bringup/share/robotic_arm_bringup/environment/path.dsv
[0.884s] -- Up-to-date symlink: /home/achy/ros2/ros2_arm/install/robotic_arm_bringup/share/robotic_arm_bringup/local_setup.bash
[0.885s] -- Up-to-date symlink: /home/achy/ros2/ros2_arm/install/robotic_arm_bringup/share/robotic_arm_bringup/local_setup.sh
[0.885s] -- Up-to-date symlink: /home/achy/ros2/ros2_arm/install/robotic_arm_bringup/share/robotic_arm_bringup/local_setup.zsh
[0.886s] -- Up-to-date symlink: /home/achy/ros2/ros2_arm/install/robotic_arm_bringup/share/robotic_arm_bringup/local_setup.dsv
[0.886s] -- Symlinking: /home/achy/ros2/ros2_arm/install/robotic_arm_bringup/share/robotic_arm_bringup/package.dsv
[0.906s] -- Up-to-date symlink: /home/achy/ros2/ros2_arm/install/robotic_arm_bringup/share/ament_index/resource_index/packages/robotic_arm_bringup
[0.906s] -- Up-to-date symlink: /home/achy/ros2/ros2_arm/install/robotic_arm_bringup/share/robotic_arm_bringup/cmake/robotic_arm_bringupConfig.cmake
[0.906s] -- Up-to-date symlink: /home/achy/ros2/ros2_arm/install/robotic_arm_bringup/share/robotic_arm_bringup/cmake/robotic_arm_bringupConfig-version.cmake
[0.906s] -- Up-to-date symlink: /home/achy/ros2/ros2_arm/install/robotic_arm_bringup/share/robotic_arm_bringup/package.xml
[0.910s] Invoked command in '/home/achy/ros2/ros2_arm/build/robotic_arm_bringup' returned '0': CMAKE_PREFIX_PATH=${CMAKE_PREFIX_PATH}:/opt/ros/jazzy DEBUGINFOD_URLS=https://debuginfod.ubuntu.com /usr/bin/cmake --install /home/achy/ros2/ros2_arm/build/robotic_arm_bringup
